[2022-11-29T15:16:12.588+1300] {taskinstance.py:1165} INFO - Dependencies all met for <TaskInstance: load_kpi_view_dag.load_all_sites_table manual__2022-11-29T02:16:02.556389+00:00 [queued]>
[2022-11-29T15:16:12.599+1300] {taskinstance.py:1165} INFO - Dependencies all met for <TaskInstance: load_kpi_view_dag.load_all_sites_table manual__2022-11-29T02:16:02.556389+00:00 [queued]>
[2022-11-29T15:16:12.600+1300] {taskinstance.py:1362} INFO - 
--------------------------------------------------------------------------------
[2022-11-29T15:16:12.600+1300] {taskinstance.py:1363} INFO - Starting attempt 1 of 1
[2022-11-29T15:16:12.600+1300] {taskinstance.py:1364} INFO - 
--------------------------------------------------------------------------------
[2022-11-29T15:16:12.611+1300] {taskinstance.py:1383} INFO - Executing <Task(PostgresOperator): load_all_sites_table> on 2022-11-29 02:16:02.556389+00:00
[2022-11-29T15:16:12.618+1300] {standard_task_runner.py:55} INFO - Started process 99573 to run task
[2022-11-29T15:16:12.623+1300] {standard_task_runner.py:82} INFO - Running: ['airflow', 'tasks', 'run', 'load_kpi_view_dag', 'load_all_sites_table', 'manual__2022-11-29T02:16:02.556389+00:00', '--job-id', '120', '--raw', '--subdir', 'DAGS_FOLDER/load_kpi_view.py', '--cfg-path', '/var/folders/xc/5xlsywvn2n5d0_ty56lp12y80000gp/T/tmp7t78smyq']
[2022-11-29T15:16:12.625+1300] {standard_task_runner.py:83} INFO - Job 120: Subtask load_all_sites_table
[2022-11-29T15:16:12.794+1300] {task_command.py:376} INFO - Running <TaskInstance: load_kpi_view_dag.load_all_sites_table manual__2022-11-29T02:16:02.556389+00:00 [running]> on host macbook-pro.hq.optimalbi.site
[2022-11-29T15:16:12.862+1300] {taskinstance.py:1590} INFO - Exporting the following env vars:
AIRFLOW_CTX_DAG_OWNER=airflow
AIRFLOW_CTX_DAG_ID=load_kpi_view_dag
AIRFLOW_CTX_TASK_ID=load_all_sites_table
AIRFLOW_CTX_EXECUTION_DATE=2022-11-29T02:16:02.556389+00:00
AIRFLOW_CTX_TRY_NUMBER=1
AIRFLOW_CTX_DAG_RUN_ID=manual__2022-11-29T02:16:02.556389+00:00
[2022-11-29T15:16:12.872+1300] {base.py:71} INFO - Using connection ID 'postgres_db' for task execution.
[2022-11-29T15:16:12.879+1300] {sql.py:315} INFO - Running statement: 
        INSERT INTO logs.all_sites
        SELECT *
        FROM logs.landing_table
        , parameters: None
[2022-11-29T15:16:12.881+1300] {sql.py:324} INFO - Rows affected: 200
[2022-11-29T15:16:12.893+1300] {taskinstance.py:1401} INFO - Marking task as SUCCESS. dag_id=load_kpi_view_dag, task_id=load_all_sites_table, execution_date=20221129T021602, start_date=20221129T021612, end_date=20221129T021612
[2022-11-29T15:16:12.907+1300] {local_task_job.py:164} INFO - Task exited with return code 0
[2022-11-29T15:16:12.971+1300] {local_task_job.py:273} INFO - 1 downstream tasks scheduled from follow-on schedule check
