[2022-12-06T02:13:50.893+1300] {taskinstance.py:1165} INFO - Dependencies all met for <TaskInstance: load_kpi_view_dag.check_for_csv scheduled__2022-12-05T12:00:00+00:00 [queued]>
[2022-12-06T02:13:50.915+1300] {taskinstance.py:1165} INFO - Dependencies all met for <TaskInstance: load_kpi_view_dag.check_for_csv scheduled__2022-12-05T12:00:00+00:00 [queued]>
[2022-12-06T02:13:50.915+1300] {taskinstance.py:1362} INFO - 
--------------------------------------------------------------------------------
[2022-12-06T02:13:50.915+1300] {taskinstance.py:1363} INFO - Starting attempt 1 of 1
[2022-12-06T02:13:50.915+1300] {taskinstance.py:1364} INFO - 
--------------------------------------------------------------------------------
[2022-12-06T02:13:50.927+1300] {taskinstance.py:1383} INFO - Executing <Task(ShortCircuitOperator): check_for_csv> on 2022-12-05 12:00:00+00:00
[2022-12-06T02:13:50.935+1300] {standard_task_runner.py:55} INFO - Started process 8548 to run task
[2022-12-06T02:13:50.939+1300] {standard_task_runner.py:82} INFO - Running: ['airflow', 'tasks', 'run', 'load_kpi_view_dag', 'check_for_csv', 'scheduled__2022-12-05T12:00:00+00:00', '--job-id', '404', '--raw', '--subdir', 'DAGS_FOLDER/load_kpi_view.py', '--cfg-path', '/var/folders/xc/5xlsywvn2n5d0_ty56lp12y80000gp/T/tmpton1ezvt']
[2022-12-06T02:13:50.941+1300] {standard_task_runner.py:83} INFO - Job 404: Subtask check_for_csv
[2022-12-06T02:13:51.375+1300] {task_command.py:376} INFO - Running <TaskInstance: load_kpi_view_dag.check_for_csv scheduled__2022-12-05T12:00:00+00:00 [running]> on host macbook-pro
[2022-12-06T02:13:51.944+1300] {taskinstance.py:1590} INFO - Exporting the following env vars:
AIRFLOW_CTX_DAG_OWNER=airflow
AIRFLOW_CTX_DAG_ID=load_kpi_view_dag
AIRFLOW_CTX_TASK_ID=check_for_csv
AIRFLOW_CTX_EXECUTION_DATE=2022-12-05T12:00:00+00:00
AIRFLOW_CTX_TRY_NUMBER=1
AIRFLOW_CTX_DAG_RUN_ID=scheduled__2022-12-05T12:00:00+00:00
[2022-12-06T02:13:51.947+1300] {python.py:177} INFO - Done. Returned value was: False
[2022-12-06T02:13:51.948+1300] {python.py:263} INFO - Condition result is False
[2022-12-06T02:13:51.949+1300] {python.py:277} INFO - Skipping all downstream tasks...
[2022-12-06T02:13:52.044+1300] {python.py:285} INFO - Done.
[2022-12-06T02:13:52.083+1300] {taskinstance.py:1401} INFO - Marking task as SUCCESS. dag_id=load_kpi_view_dag, task_id=check_for_csv, execution_date=20221205T120000, start_date=20221205T131350, end_date=20221205T131352
[2022-12-06T02:13:52.128+1300] {local_task_job.py:164} INFO - Task exited with return code 0
[2022-12-06T02:13:52.209+1300] {local_task_job.py:273} INFO - 0 downstream tasks scheduled from follow-on schedule check
