[2022-12-05T09:51:18.874+1300] {taskinstance.py:1165} INFO - Dependencies all met for <TaskInstance: load_kpi_view_dag.check_for_csv manual__2022-12-04T20:51:16.771984+00:00 [queued]>
[2022-12-05T09:51:18.884+1300] {taskinstance.py:1165} INFO - Dependencies all met for <TaskInstance: load_kpi_view_dag.check_for_csv manual__2022-12-04T20:51:16.771984+00:00 [queued]>
[2022-12-05T09:51:18.884+1300] {taskinstance.py:1362} INFO - 
--------------------------------------------------------------------------------
[2022-12-05T09:51:18.884+1300] {taskinstance.py:1363} INFO - Starting attempt 1 of 1
[2022-12-05T09:51:18.884+1300] {taskinstance.py:1364} INFO - 
--------------------------------------------------------------------------------
[2022-12-05T09:51:18.894+1300] {taskinstance.py:1383} INFO - Executing <Task(ShortCircuitOperator): check_for_csv> on 2022-12-04 20:51:16.771984+00:00
[2022-12-05T09:51:18.900+1300] {standard_task_runner.py:55} INFO - Started process 4660 to run task
[2022-12-05T09:51:18.905+1300] {standard_task_runner.py:82} INFO - Running: ['airflow', 'tasks', 'run', 'load_kpi_view_dag', 'check_for_csv', 'manual__2022-12-04T20:51:16.771984+00:00', '--job-id', '369', '--raw', '--subdir', 'DAGS_FOLDER/load_kpi_view.py', '--cfg-path', '/var/folders/xc/5xlsywvn2n5d0_ty56lp12y80000gp/T/tmp4pslu4jl']
[2022-12-05T09:51:18.906+1300] {standard_task_runner.py:83} INFO - Job 369: Subtask check_for_csv
[2022-12-05T09:51:19.058+1300] {task_command.py:376} INFO - Running <TaskInstance: load_kpi_view_dag.check_for_csv manual__2022-12-04T20:51:16.771984+00:00 [running]> on host macbook-pro
[2022-12-05T09:51:19.134+1300] {taskinstance.py:1590} INFO - Exporting the following env vars:
AIRFLOW_CTX_DAG_OWNER=airflow
AIRFLOW_CTX_DAG_ID=load_kpi_view_dag
AIRFLOW_CTX_TASK_ID=check_for_csv
AIRFLOW_CTX_EXECUTION_DATE=2022-12-04T20:51:16.771984+00:00
AIRFLOW_CTX_TRY_NUMBER=1
AIRFLOW_CTX_DAG_RUN_ID=manual__2022-12-04T20:51:16.771984+00:00
[2022-12-05T09:51:19.135+1300] {python.py:177} INFO - Done. Returned value was: True
[2022-12-05T09:51:19.135+1300] {python.py:263} INFO - Condition result is True
[2022-12-05T09:51:19.136+1300] {python.py:266} INFO - Proceeding with downstream tasks...
[2022-12-05T09:51:19.157+1300] {taskinstance.py:1401} INFO - Marking task as SUCCESS. dag_id=load_kpi_view_dag, task_id=check_for_csv, execution_date=20221204T205116, start_date=20221204T205118, end_date=20221204T205119
[2022-12-05T09:51:19.191+1300] {local_task_job.py:164} INFO - Task exited with return code 0
[2022-12-05T09:51:19.282+1300] {local_task_job.py:273} INFO - 1 downstream tasks scheduled from follow-on schedule check
