2022-11-08 16:10:45,531 INFO - Starting the scheduler
2022-11-08 16:10:45,533 INFO - Processing each file at most -1 times
2022-11-08 16:10:45,545 INFO - Loaded executor: SequentialExecutor
2022-11-08 16:10:45,552 INFO - Launched DagFileProcessorManager with pid: 3491
2022-11-08 16:10:45,555 INFO - Resetting orphaned tasks for active dag runs
2022-11-08 16:10:45,578 INFO - Marked 1 SchedulerJob instances as failed
2022-11-08 16:15:46,522 INFO - Resetting orphaned tasks for active dag runs
2022-11-08 16:20:47,482 INFO - Resetting orphaned tasks for active dag runs
2022-11-08 16:25:48,673 INFO - Resetting orphaned tasks for active dag runs
2022-11-08 16:25:48,677 INFO - Marked 1 SchedulerJob instances as failed
2022-11-08 16:30:49,501 INFO - Resetting orphaned tasks for active dag runs
2022-11-08 16:35:50,563 INFO - Resetting orphaned tasks for active dag runs
2022-11-08 16:40:51,448 INFO - Resetting orphaned tasks for active dag runs
2022-11-08 16:45:52,011 INFO - Resetting orphaned tasks for active dag runs
2022-11-08 16:50:52,416 INFO - Resetting orphaned tasks for active dag runs
2022-11-08 16:55:53,339 INFO - Resetting orphaned tasks for active dag runs
2022-11-08 17:00:54,419 INFO - Resetting orphaned tasks for active dag runs
2022-11-08 17:05:55,653 INFO - Resetting orphaned tasks for active dag runs
2022-11-08 17:10:57,115 INFO - Resetting orphaned tasks for active dag runs
2022-11-08 17:15:58,545 INFO - Resetting orphaned tasks for active dag runs
2022-11-08 17:20:59,975 INFO - Resetting orphaned tasks for active dag runs
2022-11-08 17:26:00,861 INFO - Resetting orphaned tasks for active dag runs
2022-11-08 17:33:48,215 INFO - Resetting orphaned tasks for active dag runs
2022-11-08 21:42:19,793 INFO - Resetting orphaned tasks for active dag runs
2022-11-08 22:08:44,519 INFO - Resetting orphaned tasks for active dag runs
2022-11-09 03:11:24,955 INFO - Resetting orphaned tasks for active dag runs
2022-11-09 03:11:24,959 INFO - Marked 2 SchedulerJob instances as failed
2022-11-09 08:05:41,244 INFO - Resetting orphaned tasks for active dag runs
2022-11-09 08:30:44,804 INFO - Resetting orphaned tasks for active dag runs
2022-11-09 08:35:46,263 INFO - Resetting orphaned tasks for active dag runs
2022-11-09 08:40:47,058 INFO - Resetting orphaned tasks for active dag runs
2022-11-09 08:45:47,172 INFO - Resetting orphaned tasks for active dag runs
2022-11-09 08:50:48,643 INFO - Resetting orphaned tasks for active dag runs
2022-11-09 09:06:51,980 INFO - Resetting orphaned tasks for active dag runs
2022-11-09 09:31:32,192 INFO - Resetting orphaned tasks for active dag runs
2022-11-09 10:19:12,887 INFO - Resetting orphaned tasks for active dag runs
2022-11-09 10:24:13,881 INFO - Resetting orphaned tasks for active dag runs
2022-11-09 10:29:15,263 INFO - Resetting orphaned tasks for active dag runs
2022-11-09 10:34:16,815 INFO - Resetting orphaned tasks for active dag runs
2022-11-09 10:39:17,629 INFO - Resetting orphaned tasks for active dag runs
2022-11-09 10:44:18,557 INFO - Resetting orphaned tasks for active dag runs
2022-11-09 10:49:19,520 INFO - Resetting orphaned tasks for active dag runs
2022-11-09 10:54:20,452 INFO - Resetting orphaned tasks for active dag runs
2022-11-09 10:59:20,508 INFO - Resetting orphaned tasks for active dag runs
2022-11-09 11:04:21,458 INFO - Resetting orphaned tasks for active dag runs
2022-11-09 11:09:22,938 INFO - Resetting orphaned tasks for active dag runs
2022-11-09 11:14:23,761 INFO - Resetting orphaned tasks for active dag runs
2022-11-09 11:19:25,275 INFO - Resetting orphaned tasks for active dag runs
2022-11-09 11:43:46,189 INFO - Resetting orphaned tasks for active dag runs
2022-11-09 12:05:22,638 INFO - Resetting orphaned tasks for active dag runs
2022-11-09 12:10:23,235 INFO - Resetting orphaned tasks for active dag runs
2022-11-09 12:15:23,745 INFO - Resetting orphaned tasks for active dag runs
2022-11-09 12:20:25,177 INFO - Resetting orphaned tasks for active dag runs
2022-11-09 12:25:27,047 INFO - Resetting orphaned tasks for active dag runs
2022-11-09 12:30:28,531 INFO - Resetting orphaned tasks for active dag runs
2022-11-09 12:35:30,108 INFO - Resetting orphaned tasks for active dag runs
2022-11-09 13:17:20,473 INFO - Resetting orphaned tasks for active dag runs
2022-11-09 14:22:52,914 INFO - Resetting orphaned tasks for active dag runs
2022-11-09 14:27:53,567 INFO - Resetting orphaned tasks for active dag runs
2022-11-09 14:32:54,024 INFO - Resetting orphaned tasks for active dag runs
2022-11-09 14:37:54,220 INFO - Resetting orphaned tasks for active dag runs
2022-11-09 14:42:54,976 INFO - Resetting orphaned tasks for active dag runs
2022-11-09 14:47:55,791 INFO - Resetting orphaned tasks for active dag runs
2022-11-09 14:52:56,219 INFO - Resetting orphaned tasks for active dag runs
2022-11-09 14:57:56,384 INFO - Resetting orphaned tasks for active dag runs
2022-11-09 15:02:57,866 INFO - Resetting orphaned tasks for active dag runs
2022-11-09 15:07:58,917 INFO - Resetting orphaned tasks for active dag runs
2022-11-09 15:12:59,304 INFO - Resetting orphaned tasks for active dag runs
2022-11-09 15:18:00,784 INFO - Resetting orphaned tasks for active dag runs
2022-11-09 15:23:01,093 INFO - Resetting orphaned tasks for active dag runs
2022-11-09 15:28:02,145 INFO - Resetting orphaned tasks for active dag runs
2022-11-09 15:33:03,012 INFO - Resetting orphaned tasks for active dag runs
2022-11-09 15:38:04,462 INFO - Resetting orphaned tasks for active dag runs
2022-11-09 15:43:04,898 INFO - Resetting orphaned tasks for active dag runs
2022-11-09 15:48:05,884 INFO - Resetting orphaned tasks for active dag runs
2022-11-09 15:53:06,775 INFO - Resetting orphaned tasks for active dag runs
2022-11-09 15:58:06,826 INFO - Resetting orphaned tasks for active dag runs
2022-11-09 16:03:07,723 INFO - Resetting orphaned tasks for active dag runs
2022-11-09 16:08:09,106 INFO - Resetting orphaned tasks for active dag runs
2022-11-09 16:13:09,421 INFO - Resetting orphaned tasks for active dag runs
2022-11-09 16:18:10,886 INFO - Resetting orphaned tasks for active dag runs
2022-11-09 16:23:11,772 INFO - Resetting orphaned tasks for active dag runs
2022-11-09 16:28:12,099 INFO - Resetting orphaned tasks for active dag runs
2022-11-09 16:33:13,537 INFO - Resetting orphaned tasks for active dag runs
2022-11-09 16:38:14,574 INFO - Resetting orphaned tasks for active dag runs
2022-11-09 16:43:15,209 INFO - Resetting orphaned tasks for active dag runs
2022-11-09 16:48:16,554 INFO - Resetting orphaned tasks for active dag runs
2022-11-09 16:53:16,954 INFO - Resetting orphaned tasks for active dag runs
2022-11-09 16:58:18,425 INFO - Resetting orphaned tasks for active dag runs
2022-11-09 17:03:19,328 INFO - Resetting orphaned tasks for active dag runs
2022-11-09 17:08:19,616 INFO - Resetting orphaned tasks for active dag runs
2022-11-09 17:13:20,523 INFO - Resetting orphaned tasks for active dag runs
2022-11-09 17:18:21,400 INFO - Resetting orphaned tasks for active dag runs
2022-11-09 17:23:22,587 INFO - Resetting orphaned tasks for active dag runs
2022-11-09 17:28:23,435 INFO - Resetting orphaned tasks for active dag runs
2022-11-09 17:33:23,585 INFO - Resetting orphaned tasks for active dag runs
2022-11-09 17:38:24,425 INFO - Resetting orphaned tasks for active dag runs
2022-11-09 17:43:56,926 INFO - Resetting orphaned tasks for active dag runs
2022-11-09 17:50:29,150 INFO - Resetting orphaned tasks for active dag runs
2022-11-09 17:56:15,850 INFO - Resetting orphaned tasks for active dag runs
2022-11-09 18:16:26,059 INFO - Resetting orphaned tasks for active dag runs
2022-11-09 18:21:32,903 INFO - Resetting orphaned tasks for active dag runs
2022-11-09 18:29:18,053 INFO - Resetting orphaned tasks for active dag runs
2022-11-09 19:08:28,623 INFO - Resetting orphaned tasks for active dag runs
2022-11-09 19:08:28,629 INFO - Marked 2 SchedulerJob instances as failed
2022-11-09 20:33:30,250 INFO - Resetting orphaned tasks for active dag runs
2022-11-09 22:14:20,319 INFO - Resetting orphaned tasks for active dag runs
2022-11-09 22:14:20,323 INFO - Marked 2 SchedulerJob instances as failed
2022-11-09 22:19:21,129 INFO - Resetting orphaned tasks for active dag runs
2022-11-09 22:24:22,048 INFO - Resetting orphaned tasks for active dag runs
2022-11-09 22:29:22,911 INFO - Resetting orphaned tasks for active dag runs
2022-11-09 22:51:22,475 INFO - Resetting orphaned tasks for active dag runs
2022-11-09 23:28:22,042 INFO - Resetting orphaned tasks for active dag runs
2022-11-10 00:58:10,279 INFO - Resetting orphaned tasks for active dag runs
2022-11-10 02:25:53,241 INFO - Resetting orphaned tasks for active dag runs
2022-11-10 03:55:21,660 INFO - Resetting orphaned tasks for active dag runs
2022-11-10 04:31:19,174 INFO - Resetting orphaned tasks for active dag runs
2022-11-10 04:31:19,179 INFO - Marked 2 SchedulerJob instances as failed
2022-11-10 04:36:19,414 INFO - Resetting orphaned tasks for active dag runs
2022-11-10 04:41:19,843 INFO - Resetting orphaned tasks for active dag runs
2022-11-10 04:46:21,153 INFO - Resetting orphaned tasks for active dag runs
2022-11-10 05:23:08,134 INFO - Resetting orphaned tasks for active dag runs
2022-11-10 06:17:11,382 INFO - Resetting orphaned tasks for active dag runs
2022-11-10 07:40:34,272 INFO - Resetting orphaned tasks for active dag runs
2022-11-10 08:58:42,248 INFO - Resetting orphaned tasks for active dag runs
2022-11-10 08:58:42,253 INFO - Marked 2 SchedulerJob instances as failed
2022-11-10 09:46:13,663 INFO - Resetting orphaned tasks for active dag runs
2022-11-10 09:51:14,141 INFO - Resetting orphaned tasks for active dag runs
2022-11-10 09:56:14,561 INFO - Resetting orphaned tasks for active dag runs
2022-11-10 10:01:16,049 INFO - Resetting orphaned tasks for active dag runs
2022-11-10 10:06:18,133 INFO - Resetting orphaned tasks for active dag runs
2022-11-10 10:11:18,475 INFO - Resetting orphaned tasks for active dag runs
2022-11-10 10:16:18,877 INFO - Resetting orphaned tasks for active dag runs
2022-11-10 10:21:20,342 INFO - Resetting orphaned tasks for active dag runs
2022-11-10 10:26:21,350 INFO - Resetting orphaned tasks for active dag runs
2022-11-10 10:31:21,731 INFO - Resetting orphaned tasks for active dag runs
2022-11-10 10:36:22,429 INFO - Resetting orphaned tasks for active dag runs
2022-11-10 10:41:23,027 INFO - Resetting orphaned tasks for active dag runs
2022-11-10 10:46:23,977 INFO - Resetting orphaned tasks for active dag runs
2022-11-10 10:51:24,045 INFO - Resetting orphaned tasks for active dag runs
2022-11-10 10:56:24,088 INFO - Resetting orphaned tasks for active dag runs
2022-11-10 11:01:32,593 INFO - Resetting orphaned tasks for active dag runs
2022-11-10 11:06:33,481 INFO - Resetting orphaned tasks for active dag runs
2022-11-10 11:11:34,179 INFO - Resetting orphaned tasks for active dag runs
2022-11-10 11:16:35,326 INFO - Resetting orphaned tasks for active dag runs
2022-11-10 11:21:35,862 INFO - Resetting orphaned tasks for active dag runs
2022-11-10 11:26:36,734 INFO - Resetting orphaned tasks for active dag runs
2022-11-10 11:31:37,208 INFO - Resetting orphaned tasks for active dag runs
2022-11-10 11:37:21,917 INFO - Resetting orphaned tasks for active dag runs
2022-11-10 11:46:24,923 INFO - Resetting orphaned tasks for active dag runs
2022-11-10 11:52:47,688 INFO - Resetting orphaned tasks for active dag runs
2022-11-10 12:12:08,190 INFO - Resetting orphaned tasks for active dag runs
2022-11-10 12:17:09,620 INFO - Resetting orphaned tasks for active dag runs
2022-11-10 12:22:09,991 INFO - Resetting orphaned tasks for active dag runs
2022-11-10 12:27:11,522 INFO - Resetting orphaned tasks for active dag runs
2022-11-10 12:55:45,137 INFO - Resetting orphaned tasks for active dag runs
2022-11-10 13:03:45,684 INFO - Resetting orphaned tasks for active dag runs
2022-11-10 13:03:45,688 INFO - Marked 2 SchedulerJob instances as failed
2022-11-10 13:14:45,205 INFO - Resetting orphaned tasks for active dag runs
2022-11-10 13:19:45,550 INFO - Resetting orphaned tasks for active dag runs
2022-11-10 13:24:46,234 INFO - Resetting orphaned tasks for active dag runs
2022-11-10 13:29:46,301 INFO - Resetting orphaned tasks for active dag runs
2022-11-10 13:34:46,806 INFO - Resetting orphaned tasks for active dag runs
2022-11-10 13:39:47,409 INFO - Resetting orphaned tasks for active dag runs
2022-11-10 13:44:48,029 INFO - Resetting orphaned tasks for active dag runs
2022-11-10 13:49:49,533 INFO - Resetting orphaned tasks for active dag runs
2022-11-10 13:54:50,838 INFO - Resetting orphaned tasks for active dag runs
2022-11-10 13:59:51,204 INFO - Resetting orphaned tasks for active dag runs
2022-11-10 14:04:51,787 INFO - Resetting orphaned tasks for active dag runs
2022-11-10 14:09:52,795 INFO - Resetting orphaned tasks for active dag runs
2022-11-10 14:14:53,648 INFO - Resetting orphaned tasks for active dag runs
2022-11-10 14:19:54,878 INFO - Resetting orphaned tasks for active dag runs
2022-11-10 14:28:31,908 INFO - Resetting orphaned tasks for active dag runs
2022-11-10 14:43:18,654 INFO - Resetting orphaned tasks for active dag runs
2022-11-10 14:57:32,815 INFO - Resetting orphaned tasks for active dag runs
2022-11-10 15:31:54,253 INFO - Resetting orphaned tasks for active dag runs
2022-11-10 15:39:04,707 INFO - Resetting orphaned tasks for active dag runs
2022-11-10 15:54:48,253 INFO - Resetting orphaned tasks for active dag runs
2022-11-10 15:59:49,814 INFO - Resetting orphaned tasks for active dag runs
2022-11-10 16:04:50,623 INFO - Resetting orphaned tasks for active dag runs
2022-11-10 16:09:51,496 INFO - Resetting orphaned tasks for active dag runs
2022-11-10 16:14:52,404 INFO - Resetting orphaned tasks for active dag runs
2022-11-10 16:19:53,675 INFO - Resetting orphaned tasks for active dag runs
2022-11-10 16:24:55,003 INFO - Resetting orphaned tasks for active dag runs
2022-11-10 16:29:56,535 INFO - Resetting orphaned tasks for active dag runs
2022-11-10 16:34:56,800 INFO - Resetting orphaned tasks for active dag runs
2022-11-10 16:39:58,186 INFO - Resetting orphaned tasks for active dag runs
2022-11-10 16:44:58,356 INFO - Resetting orphaned tasks for active dag runs
2022-11-10 16:49:58,957 INFO - Resetting orphaned tasks for active dag runs
2022-11-10 16:54:59,221 INFO - Resetting orphaned tasks for active dag runs
2022-11-10 16:59:59,490 INFO - Resetting orphaned tasks for active dag runs
2022-11-10 17:05:00,435 INFO - Resetting orphaned tasks for active dag runs
2022-11-10 17:10:01,365 INFO - Resetting orphaned tasks for active dag runs
2022-11-10 17:15:02,473 INFO - Resetting orphaned tasks for active dag runs
2022-11-10 17:54:31,186 INFO - Resetting orphaned tasks for active dag runs
2022-11-10 18:07:32,552 INFO - Resetting orphaned tasks for active dag runs
2022-11-10 19:07:38,073 INFO - Resetting orphaned tasks for active dag runs
2022-11-10 19:36:27,632 INFO - Resetting orphaned tasks for active dag runs
2022-11-10 19:36:27,638 INFO - Marked 1 SchedulerJob instances as failed
2022-11-10 19:47:11,157 INFO - Resetting orphaned tasks for active dag runs
2022-11-10 20:05:39,489 INFO - Resetting orphaned tasks for active dag runs
2022-11-10 20:34:59,657 INFO - Resetting orphaned tasks for active dag runs
2022-11-10 20:34:59,662 INFO - Marked 2 SchedulerJob instances as failed
2022-11-10 21:16:09,704 INFO - Resetting orphaned tasks for active dag runs
2022-11-10 21:16:09,708 INFO - Marked 2 SchedulerJob instances as failed
2022-11-10 22:48:30,128 INFO - Resetting orphaned tasks for active dag runs
2022-11-11 05:04:32,805 INFO - Resetting orphaned tasks for active dag runs
2022-11-11 05:04:32,810 INFO - Marked 2 SchedulerJob instances as failed
2022-11-11 08:53:47,642 INFO - Resetting orphaned tasks for active dag runs
2022-11-11 09:37:18,747 INFO - Resetting orphaned tasks for active dag runs
2022-11-11 09:42:19,429 INFO - Resetting orphaned tasks for active dag runs
2022-11-11 09:47:19,672 INFO - Resetting orphaned tasks for active dag runs
2022-11-11 09:52:20,454 INFO - Resetting orphaned tasks for active dag runs
2022-11-11 09:57:20,732 INFO - Resetting orphaned tasks for active dag runs
2022-11-11 10:02:20,979 INFO - Resetting orphaned tasks for active dag runs
2022-11-11 10:07:22,631 INFO - Resetting orphaned tasks for active dag runs
2022-11-11 10:12:22,951 INFO - Resetting orphaned tasks for active dag runs
2022-11-11 10:17:23,318 INFO - Resetting orphaned tasks for active dag runs
2022-11-11 10:22:24,947 INFO - Resetting orphaned tasks for active dag runs
2022-11-11 10:27:25,901 INFO - Resetting orphaned tasks for active dag runs
2022-11-11 10:32:26,523 INFO - Resetting orphaned tasks for active dag runs
2022-11-11 10:37:27,373 INFO - Resetting orphaned tasks for active dag runs
2022-11-11 10:42:28,144 INFO - Resetting orphaned tasks for active dag runs
2022-11-11 10:47:29,318 INFO - Resetting orphaned tasks for active dag runs
2022-11-11 10:52:29,801 INFO - Resetting orphaned tasks for active dag runs
2022-11-11 10:58:40,245 INFO - Resetting orphaned tasks for active dag runs
2022-11-11 11:03:41,335 INFO - Resetting orphaned tasks for active dag runs
2022-11-11 11:08:42,810 INFO - Resetting orphaned tasks for active dag runs
2022-11-11 11:13:44,256 INFO - Resetting orphaned tasks for active dag runs
2022-11-11 11:18:45,335 INFO - Resetting orphaned tasks for active dag runs
2022-11-11 11:24:14,405 INFO - Resetting orphaned tasks for active dag runs
2022-11-11 11:38:07,819 INFO - Resetting orphaned tasks for active dag runs
2022-11-11 11:43:08,700 INFO - Resetting orphaned tasks for active dag runs
2022-11-11 11:48:09,836 INFO - Resetting orphaned tasks for active dag runs
2022-11-11 11:53:10,652 INFO - Resetting orphaned tasks for active dag runs
2022-11-11 11:58:11,188 INFO - Resetting orphaned tasks for active dag runs
2022-11-11 12:03:12,380 INFO - Resetting orphaned tasks for active dag runs
2022-11-11 12:08:13,152 INFO - Resetting orphaned tasks for active dag runs
2022-11-11 12:13:14,587 INFO - Resetting orphaned tasks for active dag runs
2022-11-11 12:18:15,457 INFO - Resetting orphaned tasks for active dag runs
2022-11-11 12:23:16,060 INFO - Resetting orphaned tasks for active dag runs
2022-11-11 12:28:17,334 INFO - Resetting orphaned tasks for active dag runs
2022-11-11 12:33:18,167 INFO - Resetting orphaned tasks for active dag runs
2022-11-11 12:38:19,054 INFO - Resetting orphaned tasks for active dag runs
2022-11-11 12:43:19,959 INFO - Resetting orphaned tasks for active dag runs
2022-11-11 12:48:20,867 INFO - Resetting orphaned tasks for active dag runs
2022-11-11 12:53:22,368 INFO - Resetting orphaned tasks for active dag runs
2022-11-11 12:58:22,405 INFO - Resetting orphaned tasks for active dag runs
2022-11-11 13:06:53,094 INFO - Resetting orphaned tasks for active dag runs
2022-11-11 13:11:54,162 INFO - Resetting orphaned tasks for active dag runs
2022-11-11 13:16:54,798 INFO - Resetting orphaned tasks for active dag runs
2022-11-11 13:21:55,664 INFO - Resetting orphaned tasks for active dag runs
2022-11-11 13:26:57,067 INFO - Resetting orphaned tasks for active dag runs
2022-11-11 13:31:57,971 INFO - Resetting orphaned tasks for active dag runs
2022-11-11 13:36:59,089 INFO - Resetting orphaned tasks for active dag runs
2022-11-11 13:41:59,146 INFO - Resetting orphaned tasks for active dag runs
2022-11-11 13:47:00,745 INFO - Resetting orphaned tasks for active dag runs
2022-11-11 13:52:02,276 INFO - Resetting orphaned tasks for active dag runs
2022-11-11 13:57:03,332 INFO - Resetting orphaned tasks for active dag runs
2022-11-11 14:02:04,721 INFO - Resetting orphaned tasks for active dag runs
2022-11-11 14:07:05,418 INFO - Resetting orphaned tasks for active dag runs
2022-11-11 14:12:05,431 INFO - Resetting orphaned tasks for active dag runs
2022-11-11 14:17:06,386 INFO - Resetting orphaned tasks for active dag runs
2022-11-11 14:22:07,894 INFO - Resetting orphaned tasks for active dag runs
2022-11-11 14:27:08,135 INFO - Resetting orphaned tasks for active dag runs
2022-11-11 14:32:09,646 INFO - Resetting orphaned tasks for active dag runs
2022-11-11 14:37:10,672 INFO - Resetting orphaned tasks for active dag runs
2022-11-11 14:42:10,776 INFO - Resetting orphaned tasks for active dag runs
2022-11-11 14:47:12,305 INFO - Resetting orphaned tasks for active dag runs
2022-11-11 14:52:13,013 INFO - Resetting orphaned tasks for active dag runs
2022-11-11 14:57:13,376 INFO - Resetting orphaned tasks for active dag runs
2022-11-11 15:02:14,842 INFO - Resetting orphaned tasks for active dag runs
2022-11-11 15:07:15,608 INFO - Resetting orphaned tasks for active dag runs
2022-11-11 15:12:16,299 INFO - Resetting orphaned tasks for active dag runs
2022-11-11 15:17:16,429 INFO - Resetting orphaned tasks for active dag runs
2022-11-11 15:22:17,922 INFO - Resetting orphaned tasks for active dag runs
2022-11-11 15:27:18,840 INFO - Resetting orphaned tasks for active dag runs
2022-11-11 15:58:17,855 INFO - Resetting orphaned tasks for active dag runs
2022-11-11 16:03:18,047 INFO - Resetting orphaned tasks for active dag runs
2022-11-11 16:18:28,068 INFO - Resetting orphaned tasks for active dag runs
2022-11-11 16:29:48,937 INFO - Resetting orphaned tasks for active dag runs
2022-11-11 16:45:24,368 INFO - Resetting orphaned tasks for active dag runs
2022-11-11 17:36:38,033 INFO - Resetting orphaned tasks for active dag runs
2022-11-11 17:47:04,477 INFO - Resetting orphaned tasks for active dag runs
2022-11-11 17:47:04,482 INFO - Marked 2 SchedulerJob instances as failed
2022-11-11 21:34:55,023 INFO - Resetting orphaned tasks for active dag runs
2022-11-11 21:34:55,034 INFO - Marked 2 SchedulerJob instances as failed
2022-11-12 09:03:06,368 INFO - Resetting orphaned tasks for active dag runs
2022-11-12 09:03:06,373 INFO - Marked 2 SchedulerJob instances as failed
2022-11-12 13:22:46,802 INFO - Resetting orphaned tasks for active dag runs
2022-11-12 13:37:49,357 INFO - Resetting orphaned tasks for active dag runs
2022-11-12 13:48:26,281 INFO - Resetting orphaned tasks for active dag runs
2022-11-12 14:08:29,889 INFO - Resetting orphaned tasks for active dag runs
2022-11-12 14:17:38,531 INFO - Resetting orphaned tasks for active dag runs
2022-11-12 14:25:20,041 INFO - Resetting orphaned tasks for active dag runs
2022-11-12 14:33:28,145 INFO - Resetting orphaned tasks for active dag runs
2022-11-12 14:44:15,798 INFO - Resetting orphaned tasks for active dag runs
2022-11-12 14:55:25,482 INFO - Resetting orphaned tasks for active dag runs
2022-11-12 16:13:52,331 INFO - Resetting orphaned tasks for active dag runs
2022-11-12 16:46:59,591 INFO - Resetting orphaned tasks for active dag runs
2022-11-12 17:28:51,019 INFO - Resetting orphaned tasks for active dag runs
2022-11-12 17:28:51,025 INFO - Marked 2 SchedulerJob instances as failed
2022-11-12 20:42:11,594 INFO - Resetting orphaned tasks for active dag runs
2022-11-12 21:48:41,478 INFO - Resetting orphaned tasks for active dag runs
2022-11-12 21:59:16,149 INFO - Resetting orphaned tasks for active dag runs
2022-11-13 03:50:49,726 INFO - Resetting orphaned tasks for active dag runs
2022-11-13 08:41:06,103 INFO - Resetting orphaned tasks for active dag runs
2022-11-13 08:51:19,929 INFO - Resetting orphaned tasks for active dag runs
2022-11-13 09:56:16,631 INFO - Resetting orphaned tasks for active dag runs
2022-11-13 11:15:12,266 INFO - Resetting orphaned tasks for active dag runs
2022-11-13 11:29:53,603 INFO - Resetting orphaned tasks for active dag runs
2022-11-13 11:53:46,066 INFO - Resetting orphaned tasks for active dag runs
2022-11-13 12:10:14,856 INFO - Resetting orphaned tasks for active dag runs
2022-11-13 12:10:14,861 INFO - Marked 2 SchedulerJob instances as failed
2022-11-13 14:17:52,843 INFO - Resetting orphaned tasks for active dag runs
2022-11-13 14:26:25,305 INFO - Resetting orphaned tasks for active dag runs
2022-11-13 15:09:02,451 INFO - Resetting orphaned tasks for active dag runs
2022-11-13 15:50:08,289 INFO - Resetting orphaned tasks for active dag runs
2022-11-13 16:20:17,124 INFO - Resetting orphaned tasks for active dag runs
2022-11-13 16:20:17,128 INFO - Marked 2 SchedulerJob instances as failed
2022-11-13 18:48:36,284 INFO - Resetting orphaned tasks for active dag runs
2022-11-13 18:58:17,360 INFO - Resetting orphaned tasks for active dag runs
2022-11-13 20:16:44,855 INFO - Resetting orphaned tasks for active dag runs
2022-11-13 20:16:44,859 INFO - Marked 2 SchedulerJob instances as failed
2022-11-13 22:15:31,087 INFO - Resetting orphaned tasks for active dag runs
2022-11-13 22:25:30,986 INFO - Resetting orphaned tasks for active dag runs
2022-11-14 01:21:37,808 INFO - Resetting orphaned tasks for active dag runs
2022-11-14 01:21:37,814 INFO - Marked 2 SchedulerJob instances as failed
2022-11-14 08:47:18,712 INFO - Resetting orphaned tasks for active dag runs
2022-11-14 08:47:18,716 INFO - Marked 2 SchedulerJob instances as failed
2022-11-14 08:58:50,121 INFO - Resetting orphaned tasks for active dag runs
2022-11-14 09:19:00,405 INFO - Resetting orphaned tasks for active dag runs
2022-11-14 09:40:21,417 INFO - Resetting orphaned tasks for active dag runs
2022-11-14 09:40:21,420 INFO - Marked 2 SchedulerJob instances as failed
2022-11-14 09:46:25,481 INFO - Resetting orphaned tasks for active dag runs
2022-11-14 09:51:27,648 INFO - Resetting orphaned tasks for active dag runs
2022-11-14 09:56:29,290 INFO - Resetting orphaned tasks for active dag runs
2022-11-14 10:01:40,604 INFO - Resetting orphaned tasks for active dag runs
2022-11-14 10:06:40,584 INFO - Resetting orphaned tasks for active dag runs
2022-11-14 10:11:40,701 INFO - Resetting orphaned tasks for active dag runs
2022-11-14 10:39:44,261 INFO - Resetting orphaned tasks for active dag runs
2022-11-14 10:44:45,261 INFO - Resetting orphaned tasks for active dag runs
2022-11-14 10:49:46,251 INFO - Resetting orphaned tasks for active dag runs
2022-11-14 10:54:47,718 INFO - Resetting orphaned tasks for active dag runs
2022-11-14 10:59:48,228 INFO - Resetting orphaned tasks for active dag runs
2022-11-14 11:04:48,841 INFO - Resetting orphaned tasks for active dag runs
2022-11-14 11:09:49,762 INFO - Resetting orphaned tasks for active dag runs
2022-11-14 11:14:51,302 INFO - Resetting orphaned tasks for active dag runs
2022-11-14 11:19:52,218 INFO - Resetting orphaned tasks for active dag runs
2022-11-14 11:50:59,252 INFO - Resetting orphaned tasks for active dag runs
2022-11-14 11:56:00,021 INFO - Resetting orphaned tasks for active dag runs
2022-11-14 12:01:01,147 INFO - Resetting orphaned tasks for active dag runs
2022-11-14 12:06:01,215 INFO - Resetting orphaned tasks for active dag runs
2022-11-14 12:11:02,618 INFO - Resetting orphaned tasks for active dag runs
2022-11-14 12:16:04,129 INFO - Resetting orphaned tasks for active dag runs
2022-11-14 12:21:04,300 INFO - Resetting orphaned tasks for active dag runs
2022-11-14 12:26:05,294 INFO - Resetting orphaned tasks for active dag runs
2022-11-14 12:31:05,693 INFO - Resetting orphaned tasks for active dag runs
2022-11-14 12:36:07,099 INFO - Resetting orphaned tasks for active dag runs
2022-11-14 12:41:18,932 INFO - Resetting orphaned tasks for active dag runs
2022-11-14 12:41:18,935 INFO - Marked 1 SchedulerJob instances as failed
2022-11-14 13:00:22,500 INFO - Resetting orphaned tasks for active dag runs
2022-11-14 13:05:23,440 INFO - Resetting orphaned tasks for active dag runs
2022-11-14 13:10:25,099 INFO - Resetting orphaned tasks for active dag runs
2022-11-14 13:15:26,122 INFO - Resetting orphaned tasks for active dag runs
2022-11-14 13:20:27,103 INFO - Resetting orphaned tasks for active dag runs
2022-11-14 13:25:28,681 INFO - Resetting orphaned tasks for active dag runs
2022-11-14 13:30:28,807 INFO - Resetting orphaned tasks for active dag runs
2022-11-14 13:35:29,767 INFO - Resetting orphaned tasks for active dag runs
2022-11-14 13:40:30,359 INFO - Resetting orphaned tasks for active dag runs
2022-11-14 13:45:30,791 INFO - Resetting orphaned tasks for active dag runs
2022-11-14 13:50:32,293 INFO - Resetting orphaned tasks for active dag runs
2022-11-14 13:55:33,754 INFO - Resetting orphaned tasks for active dag runs
2022-11-14 14:00:34,639 INFO - Resetting orphaned tasks for active dag runs
2022-11-14 14:05:35,931 INFO - Resetting orphaned tasks for active dag runs
2022-11-14 14:10:36,226 INFO - Resetting orphaned tasks for active dag runs
2022-11-14 14:15:37,671 INFO - Resetting orphaned tasks for active dag runs
2022-11-14 14:20:38,695 INFO - Resetting orphaned tasks for active dag runs
2022-11-14 14:25:40,043 INFO - Resetting orphaned tasks for active dag runs
2022-11-14 14:30:40,918 INFO - Resetting orphaned tasks for active dag runs
2022-11-14 14:35:42,465 INFO - Resetting orphaned tasks for active dag runs
2022-11-14 14:40:42,930 INFO - Resetting orphaned tasks for active dag runs
2022-11-14 14:45:42,995 INFO - Resetting orphaned tasks for active dag runs
2022-11-14 14:50:43,878 INFO - Resetting orphaned tasks for active dag runs
2022-11-14 14:55:45,394 INFO - Resetting orphaned tasks for active dag runs
2022-11-14 15:00:46,582 INFO - Resetting orphaned tasks for active dag runs
2022-11-14 15:05:46,683 INFO - Resetting orphaned tasks for active dag runs
2022-11-14 15:11:04,309 INFO - Resetting orphaned tasks for active dag runs
2022-11-14 15:16:04,466 INFO - Resetting orphaned tasks for active dag runs
2022-11-14 15:21:05,255 INFO - Resetting orphaned tasks for active dag runs
2022-11-14 15:26:06,157 INFO - Resetting orphaned tasks for active dag runs
2022-11-14 15:31:06,563 INFO - Resetting orphaned tasks for active dag runs
2022-11-14 15:36:07,859 INFO - Resetting orphaned tasks for active dag runs
2022-11-14 15:41:08,685 INFO - Resetting orphaned tasks for active dag runs
2022-11-14 15:46:08,886 INFO - Resetting orphaned tasks for active dag runs
2022-11-14 15:51:10,123 INFO - Resetting orphaned tasks for active dag runs
2022-11-14 15:56:10,262 INFO - Resetting orphaned tasks for active dag runs
2022-11-14 16:01:11,155 INFO - Resetting orphaned tasks for active dag runs
2022-11-14 16:06:42,590 INFO - Resetting orphaned tasks for active dag runs
2022-11-14 16:11:51,977 INFO - Resetting orphaned tasks for active dag runs
2022-11-14 16:16:53,431 INFO - Resetting orphaned tasks for active dag runs
2022-11-14 16:21:54,175 INFO - Resetting orphaned tasks for active dag runs
2022-11-14 16:26:54,968 INFO - Resetting orphaned tasks for active dag runs
2022-11-14 16:31:54,991 INFO - Resetting orphaned tasks for active dag runs
2022-11-14 16:36:55,186 INFO - Resetting orphaned tasks for active dag runs
2022-11-14 16:41:55,479 INFO - Resetting orphaned tasks for active dag runs
2022-11-14 16:46:56,065 INFO - Resetting orphaned tasks for active dag runs
2022-11-14 16:55:05,487 INFO - Resetting orphaned tasks for active dag runs
2022-11-14 17:02:01,032 INFO - Resetting orphaned tasks for active dag runs
2022-11-14 17:08:11,120 INFO - Resetting orphaned tasks for active dag runs
2022-11-14 17:13:11,509 INFO - Resetting orphaned tasks for active dag runs
2022-11-14 17:18:12,584 INFO - Resetting orphaned tasks for active dag runs
2022-11-14 17:23:12,882 INFO - Resetting orphaned tasks for active dag runs
2022-11-14 17:28:13,345 INFO - Resetting orphaned tasks for active dag runs
2022-11-14 17:33:13,755 INFO - Resetting orphaned tasks for active dag runs
2022-11-14 17:38:14,695 INFO - Resetting orphaned tasks for active dag runs
2022-11-14 17:43:15,435 INFO - Resetting orphaned tasks for active dag runs
2022-11-14 17:48:45,663 INFO - Resetting orphaned tasks for active dag runs
2022-11-14 17:48:45,667 INFO - Marked 2 SchedulerJob instances as failed
2022-11-14 18:09:32,540 INFO - Resetting orphaned tasks for active dag runs
2022-11-14 18:14:33,756 INFO - Resetting orphaned tasks for active dag runs
2022-11-14 18:19:34,803 INFO - Resetting orphaned tasks for active dag runs
2022-11-14 18:31:46,610 INFO - Resetting orphaned tasks for active dag runs
2022-11-14 18:54:55,449 INFO - Resetting orphaned tasks for active dag runs
2022-11-14 18:54:55,453 INFO - Marked 2 SchedulerJob instances as failed
2022-11-14 19:06:53,152 INFO - Resetting orphaned tasks for active dag runs
2022-11-14 19:11:54,148 INFO - Resetting orphaned tasks for active dag runs
2022-11-14 19:16:54,607 INFO - Resetting orphaned tasks for active dag runs
2022-11-14 19:21:54,709 INFO - Resetting orphaned tasks for active dag runs
2022-11-14 19:26:54,924 INFO - Resetting orphaned tasks for active dag runs
2022-11-14 19:31:56,436 INFO - Resetting orphaned tasks for active dag runs
2022-11-14 19:36:57,264 INFO - Resetting orphaned tasks for active dag runs
2022-11-14 19:41:58,225 INFO - Resetting orphaned tasks for active dag runs
2022-11-14 19:46:59,712 INFO - Resetting orphaned tasks for active dag runs
2022-11-14 19:51:59,846 INFO - Resetting orphaned tasks for active dag runs
2022-11-14 19:57:01,149 INFO - Resetting orphaned tasks for active dag runs
2022-11-14 20:02:02,479 INFO - Resetting orphaned tasks for active dag runs
2022-11-14 20:07:03,314 INFO - Resetting orphaned tasks for active dag runs
2022-11-14 20:12:06,474 INFO - Resetting orphaned tasks for active dag runs
2022-11-14 20:17:06,645 INFO - Resetting orphaned tasks for active dag runs
2022-11-14 20:22:06,745 INFO - Resetting orphaned tasks for active dag runs
2022-11-14 20:27:08,170 INFO - Resetting orphaned tasks for active dag runs
2022-11-14 20:32:08,342 INFO - Resetting orphaned tasks for active dag runs
2022-11-14 20:37:09,963 INFO - Resetting orphaned tasks for active dag runs
2022-11-14 20:42:10,447 INFO - Resetting orphaned tasks for active dag runs
2022-11-14 20:47:11,366 INFO - Resetting orphaned tasks for active dag runs
2022-11-14 20:52:12,172 INFO - Resetting orphaned tasks for active dag runs
2022-11-14 20:57:13,088 INFO - Resetting orphaned tasks for active dag runs
2022-11-14 21:02:14,683 INFO - Resetting orphaned tasks for active dag runs
2022-11-14 21:07:15,555 INFO - Resetting orphaned tasks for active dag runs
2022-11-14 21:12:16,461 INFO - Resetting orphaned tasks for active dag runs
2022-11-14 21:17:17,377 INFO - Resetting orphaned tasks for active dag runs
2022-11-14 21:22:17,844 INFO - Resetting orphaned tasks for active dag runs
2022-11-14 21:27:18,111 INFO - Resetting orphaned tasks for active dag runs
2022-11-14 21:32:19,040 INFO - Resetting orphaned tasks for active dag runs
2022-11-14 21:37:19,708 INFO - Resetting orphaned tasks for active dag runs
2022-11-14 21:42:20,040 INFO - Resetting orphaned tasks for active dag runs
2022-11-14 21:47:21,223 INFO - Resetting orphaned tasks for active dag runs
2022-11-14 21:52:22,564 INFO - Resetting orphaned tasks for active dag runs
2022-11-14 21:57:23,349 INFO - Resetting orphaned tasks for active dag runs
2022-11-14 22:02:24,000 INFO - Resetting orphaned tasks for active dag runs
2022-11-14 22:07:25,002 INFO - Resetting orphaned tasks for active dag runs
2022-11-14 22:12:25,824 INFO - Resetting orphaned tasks for active dag runs
2022-11-14 22:17:27,177 INFO - Resetting orphaned tasks for active dag runs
2022-11-14 22:22:28,088 INFO - Resetting orphaned tasks for active dag runs
2022-11-14 22:27:28,870 INFO - Resetting orphaned tasks for active dag runs
2022-11-14 22:32:30,747 INFO - Resetting orphaned tasks for active dag runs
2022-11-14 22:37:34,673 INFO - Resetting orphaned tasks for active dag runs
2022-11-14 22:42:36,610 INFO - Resetting orphaned tasks for active dag runs
2022-11-14 22:47:38,537 INFO - Resetting orphaned tasks for active dag runs
2022-11-14 22:52:39,503 INFO - Resetting orphaned tasks for active dag runs
2022-11-14 22:57:39,946 INFO - Resetting orphaned tasks for active dag runs
2022-11-14 23:02:38,714 INFO - Exiting gracefully upon receiving signal 15
2022-11-14 23:02:38,978 INFO - Sending Signals.SIGTERM to group 3491. PIDs of all processes in the group: []
2022-11-14 23:02:38,979 INFO - Sending the signal Signals.SIGTERM to group 3491
2022-11-14 23:02:38,980 INFO - Sending the signal Signals.SIGTERM to process 3491 as process group is missing.
2022-11-14 23:02:38,986 INFO - Sending Signals.SIGTERM to group 3491. PIDs of all processes in the group: []
2022-11-14 23:02:38,987 INFO - Sending the signal Signals.SIGTERM to group 3491
2022-11-14 23:02:38,989 INFO - Sending the signal Signals.SIGTERM to process 3491 as process group is missing.
2022-11-14 23:02:38,991 INFO - Exited execute loop
