[[34m2022-11-08 16:10:45,531[0m] {[34mscheduler_job.py:[0m701} INFO[0m - Starting the scheduler[0m
[[34m2022-11-08 16:10:45,533[0m] {[34mscheduler_job.py:[0m706} INFO[0m - Processing each file at most -1 times[0m
[[34m2022-11-08 16:10:45,545[0m] {[34mexecutor_loader.py:[0m107} INFO[0m - Loaded executor: SequentialExecutor[0m
[[34m2022-11-08 16:10:45,552[0m] {[34mmanager.py:[0m163} INFO[0m - Launched DagFileProcessorManager with pid: 3491[0m
[[34m2022-11-08 16:10:45,555[0m] {[34mscheduler_job.py:[0m1381} INFO[0m - Resetting orphaned tasks for active dag runs[0m
[[34m2022-11-08 16:10:45,578[0m] {[34mscheduler_job.py:[0m1404} INFO[0m - Marked 1 SchedulerJob instances as failed[0m
[[34m2022-11-08 16:10:46,181[0m] {[34msettings.py:[0m58} INFO[0m - Configured default timezone Timezone('UTC')[0m
[2022-11-08T16:10:46.190+1300] {manager.py:409} WARNING - Because we cannot use more than 1 thread (parsing_processes = 2) when using sqlite. So we set parallelism to 1.
[[34m2022-11-08 16:15:46,522[0m] {[34mscheduler_job.py:[0m1381} INFO[0m - Resetting orphaned tasks for active dag runs[0m
[[34m2022-11-08 16:20:47,482[0m] {[34mscheduler_job.py:[0m1381} INFO[0m - Resetting orphaned tasks for active dag runs[0m
[[34m2022-11-08 16:25:48,673[0m] {[34mscheduler_job.py:[0m1381} INFO[0m - Resetting orphaned tasks for active dag runs[0m
[[34m2022-11-08 16:25:48,677[0m] {[34mscheduler_job.py:[0m1404} INFO[0m - Marked 1 SchedulerJob instances as failed[0m
[[34m2022-11-08 16:30:49,501[0m] {[34mscheduler_job.py:[0m1381} INFO[0m - Resetting orphaned tasks for active dag runs[0m
[[34m2022-11-08 16:35:50,563[0m] {[34mscheduler_job.py:[0m1381} INFO[0m - Resetting orphaned tasks for active dag runs[0m
[[34m2022-11-08 16:40:51,448[0m] {[34mscheduler_job.py:[0m1381} INFO[0m - Resetting orphaned tasks for active dag runs[0m
[[34m2022-11-08 16:45:52,011[0m] {[34mscheduler_job.py:[0m1381} INFO[0m - Resetting orphaned tasks for active dag runs[0m
[[34m2022-11-08 16:50:52,416[0m] {[34mscheduler_job.py:[0m1381} INFO[0m - Resetting orphaned tasks for active dag runs[0m
[[34m2022-11-08 16:55:53,339[0m] {[34mscheduler_job.py:[0m1381} INFO[0m - Resetting orphaned tasks for active dag runs[0m
[[34m2022-11-08 17:00:54,419[0m] {[34mscheduler_job.py:[0m1381} INFO[0m - Resetting orphaned tasks for active dag runs[0m
[[34m2022-11-08 17:05:55,653[0m] {[34mscheduler_job.py:[0m1381} INFO[0m - Resetting orphaned tasks for active dag runs[0m
[[34m2022-11-08 17:10:57,115[0m] {[34mscheduler_job.py:[0m1381} INFO[0m - Resetting orphaned tasks for active dag runs[0m
[[34m2022-11-08 17:15:58,545[0m] {[34mscheduler_job.py:[0m1381} INFO[0m - Resetting orphaned tasks for active dag runs[0m
[[34m2022-11-08 17:20:59,975[0m] {[34mscheduler_job.py:[0m1381} INFO[0m - Resetting orphaned tasks for active dag runs[0m
[[34m2022-11-08 17:26:00,861[0m] {[34mscheduler_job.py:[0m1381} INFO[0m - Resetting orphaned tasks for active dag runs[0m
[[34m2022-11-08 17:33:48,215[0m] {[34mscheduler_job.py:[0m1381} INFO[0m - Resetting orphaned tasks for active dag runs[0m
[[34m2022-11-08 21:42:19,793[0m] {[34mscheduler_job.py:[0m1381} INFO[0m - Resetting orphaned tasks for active dag runs[0m
[[34m2022-11-08 22:08:44,519[0m] {[34mscheduler_job.py:[0m1381} INFO[0m - Resetting orphaned tasks for active dag runs[0m
[[34m2022-11-09 03:11:24,955[0m] {[34mscheduler_job.py:[0m1381} INFO[0m - Resetting orphaned tasks for active dag runs[0m
[[34m2022-11-09 03:11:24,959[0m] {[34mscheduler_job.py:[0m1404} INFO[0m - Marked 2 SchedulerJob instances as failed[0m
[[34m2022-11-09 08:05:41,244[0m] {[34mscheduler_job.py:[0m1381} INFO[0m - Resetting orphaned tasks for active dag runs[0m
[[34m2022-11-09 08:30:44,804[0m] {[34mscheduler_job.py:[0m1381} INFO[0m - Resetting orphaned tasks for active dag runs[0m
[[34m2022-11-09 08:35:46,263[0m] {[34mscheduler_job.py:[0m1381} INFO[0m - Resetting orphaned tasks for active dag runs[0m
[[34m2022-11-09 08:40:47,058[0m] {[34mscheduler_job.py:[0m1381} INFO[0m - Resetting orphaned tasks for active dag runs[0m
[[34m2022-11-09 08:45:47,172[0m] {[34mscheduler_job.py:[0m1381} INFO[0m - Resetting orphaned tasks for active dag runs[0m
[[34m2022-11-09 08:50:48,643[0m] {[34mscheduler_job.py:[0m1381} INFO[0m - Resetting orphaned tasks for active dag runs[0m
[[34m2022-11-09 09:06:51,980[0m] {[34mscheduler_job.py:[0m1381} INFO[0m - Resetting orphaned tasks for active dag runs[0m
[[34m2022-11-09 09:31:32,192[0m] {[34mscheduler_job.py:[0m1381} INFO[0m - Resetting orphaned tasks for active dag runs[0m
[[34m2022-11-09 10:19:12,887[0m] {[34mscheduler_job.py:[0m1381} INFO[0m - Resetting orphaned tasks for active dag runs[0m
[[34m2022-11-09 10:24:13,881[0m] {[34mscheduler_job.py:[0m1381} INFO[0m - Resetting orphaned tasks for active dag runs[0m
[[34m2022-11-09 10:29:15,263[0m] {[34mscheduler_job.py:[0m1381} INFO[0m - Resetting orphaned tasks for active dag runs[0m
[[34m2022-11-09 10:34:16,815[0m] {[34mscheduler_job.py:[0m1381} INFO[0m - Resetting orphaned tasks for active dag runs[0m
[[34m2022-11-09 10:39:17,629[0m] {[34mscheduler_job.py:[0m1381} INFO[0m - Resetting orphaned tasks for active dag runs[0m
[[34m2022-11-09 10:44:18,557[0m] {[34mscheduler_job.py:[0m1381} INFO[0m - Resetting orphaned tasks for active dag runs[0m
[[34m2022-11-09 10:49:19,520[0m] {[34mscheduler_job.py:[0m1381} INFO[0m - Resetting orphaned tasks for active dag runs[0m
[[34m2022-11-09 10:54:20,452[0m] {[34mscheduler_job.py:[0m1381} INFO[0m - Resetting orphaned tasks for active dag runs[0m
[[34m2022-11-09 10:59:20,508[0m] {[34mscheduler_job.py:[0m1381} INFO[0m - Resetting orphaned tasks for active dag runs[0m
[[34m2022-11-09 11:04:21,458[0m] {[34mscheduler_job.py:[0m1381} INFO[0m - Resetting orphaned tasks for active dag runs[0m
[[34m2022-11-09 11:09:22,938[0m] {[34mscheduler_job.py:[0m1381} INFO[0m - Resetting orphaned tasks for active dag runs[0m
[[34m2022-11-09 11:14:23,761[0m] {[34mscheduler_job.py:[0m1381} INFO[0m - Resetting orphaned tasks for active dag runs[0m
[[34m2022-11-09 11:19:25,275[0m] {[34mscheduler_job.py:[0m1381} INFO[0m - Resetting orphaned tasks for active dag runs[0m
[[34m2022-11-09 11:43:46,189[0m] {[34mscheduler_job.py:[0m1381} INFO[0m - Resetting orphaned tasks for active dag runs[0m
[[34m2022-11-09 12:05:22,638[0m] {[34mscheduler_job.py:[0m1381} INFO[0m - Resetting orphaned tasks for active dag runs[0m
[[34m2022-11-09 12:10:23,235[0m] {[34mscheduler_job.py:[0m1381} INFO[0m - Resetting orphaned tasks for active dag runs[0m
[[34m2022-11-09 12:15:23,745[0m] {[34mscheduler_job.py:[0m1381} INFO[0m - Resetting orphaned tasks for active dag runs[0m
[[34m2022-11-09 12:20:25,177[0m] {[34mscheduler_job.py:[0m1381} INFO[0m - Resetting orphaned tasks for active dag runs[0m
[[34m2022-11-09 12:25:27,047[0m] {[34mscheduler_job.py:[0m1381} INFO[0m - Resetting orphaned tasks for active dag runs[0m
[[34m2022-11-09 12:30:28,531[0m] {[34mscheduler_job.py:[0m1381} INFO[0m - Resetting orphaned tasks for active dag runs[0m
[[34m2022-11-09 12:35:30,108[0m] {[34mscheduler_job.py:[0m1381} INFO[0m - Resetting orphaned tasks for active dag runs[0m
[[34m2022-11-09 13:17:20,473[0m] {[34mscheduler_job.py:[0m1381} INFO[0m - Resetting orphaned tasks for active dag runs[0m
[[34m2022-11-09 14:22:52,914[0m] {[34mscheduler_job.py:[0m1381} INFO[0m - Resetting orphaned tasks for active dag runs[0m
[[34m2022-11-09 14:27:53,567[0m] {[34mscheduler_job.py:[0m1381} INFO[0m - Resetting orphaned tasks for active dag runs[0m
[[34m2022-11-09 14:32:54,024[0m] {[34mscheduler_job.py:[0m1381} INFO[0m - Resetting orphaned tasks for active dag runs[0m
[[34m2022-11-09 14:37:54,220[0m] {[34mscheduler_job.py:[0m1381} INFO[0m - Resetting orphaned tasks for active dag runs[0m
[[34m2022-11-09 14:42:54,976[0m] {[34mscheduler_job.py:[0m1381} INFO[0m - Resetting orphaned tasks for active dag runs[0m
[[34m2022-11-09 14:47:55,791[0m] {[34mscheduler_job.py:[0m1381} INFO[0m - Resetting orphaned tasks for active dag runs[0m
[[34m2022-11-09 14:52:56,219[0m] {[34mscheduler_job.py:[0m1381} INFO[0m - Resetting orphaned tasks for active dag runs[0m
[[34m2022-11-09 14:57:56,384[0m] {[34mscheduler_job.py:[0m1381} INFO[0m - Resetting orphaned tasks for active dag runs[0m
[[34m2022-11-09 15:02:57,866[0m] {[34mscheduler_job.py:[0m1381} INFO[0m - Resetting orphaned tasks for active dag runs[0m
[[34m2022-11-09 15:07:58,917[0m] {[34mscheduler_job.py:[0m1381} INFO[0m - Resetting orphaned tasks for active dag runs[0m
[[34m2022-11-09 15:12:59,304[0m] {[34mscheduler_job.py:[0m1381} INFO[0m - Resetting orphaned tasks for active dag runs[0m
[[34m2022-11-09 15:18:00,784[0m] {[34mscheduler_job.py:[0m1381} INFO[0m - Resetting orphaned tasks for active dag runs[0m
[[34m2022-11-09 15:23:01,093[0m] {[34mscheduler_job.py:[0m1381} INFO[0m - Resetting orphaned tasks for active dag runs[0m
[[34m2022-11-09 15:28:02,145[0m] {[34mscheduler_job.py:[0m1381} INFO[0m - Resetting orphaned tasks for active dag runs[0m
[[34m2022-11-09 15:33:03,012[0m] {[34mscheduler_job.py:[0m1381} INFO[0m - Resetting orphaned tasks for active dag runs[0m
[[34m2022-11-09 15:38:04,462[0m] {[34mscheduler_job.py:[0m1381} INFO[0m - Resetting orphaned tasks for active dag runs[0m
[[34m2022-11-09 15:43:04,898[0m] {[34mscheduler_job.py:[0m1381} INFO[0m - Resetting orphaned tasks for active dag runs[0m
[[34m2022-11-09 15:48:05,884[0m] {[34mscheduler_job.py:[0m1381} INFO[0m - Resetting orphaned tasks for active dag runs[0m
[[34m2022-11-09 15:53:06,775[0m] {[34mscheduler_job.py:[0m1381} INFO[0m - Resetting orphaned tasks for active dag runs[0m
[[34m2022-11-09 15:58:06,826[0m] {[34mscheduler_job.py:[0m1381} INFO[0m - Resetting orphaned tasks for active dag runs[0m
[[34m2022-11-09 16:03:07,723[0m] {[34mscheduler_job.py:[0m1381} INFO[0m - Resetting orphaned tasks for active dag runs[0m
[[34m2022-11-09 16:08:09,106[0m] {[34mscheduler_job.py:[0m1381} INFO[0m - Resetting orphaned tasks for active dag runs[0m
[[34m2022-11-09 16:13:09,421[0m] {[34mscheduler_job.py:[0m1381} INFO[0m - Resetting orphaned tasks for active dag runs[0m
[[34m2022-11-09 16:18:10,886[0m] {[34mscheduler_job.py:[0m1381} INFO[0m - Resetting orphaned tasks for active dag runs[0m
[[34m2022-11-09 16:23:11,772[0m] {[34mscheduler_job.py:[0m1381} INFO[0m - Resetting orphaned tasks for active dag runs[0m
[[34m2022-11-09 16:28:12,099[0m] {[34mscheduler_job.py:[0m1381} INFO[0m - Resetting orphaned tasks for active dag runs[0m
[[34m2022-11-09 16:33:13,537[0m] {[34mscheduler_job.py:[0m1381} INFO[0m - Resetting orphaned tasks for active dag runs[0m
[[34m2022-11-09 16:38:14,574[0m] {[34mscheduler_job.py:[0m1381} INFO[0m - Resetting orphaned tasks for active dag runs[0m
[[34m2022-11-09 16:43:15,209[0m] {[34mscheduler_job.py:[0m1381} INFO[0m - Resetting orphaned tasks for active dag runs[0m
[[34m2022-11-09 16:48:16,554[0m] {[34mscheduler_job.py:[0m1381} INFO[0m - Resetting orphaned tasks for active dag runs[0m
[[34m2022-11-09 16:53:16,954[0m] {[34mscheduler_job.py:[0m1381} INFO[0m - Resetting orphaned tasks for active dag runs[0m
[[34m2022-11-09 16:58:18,425[0m] {[34mscheduler_job.py:[0m1381} INFO[0m - Resetting orphaned tasks for active dag runs[0m
[[34m2022-11-09 17:03:19,328[0m] {[34mscheduler_job.py:[0m1381} INFO[0m - Resetting orphaned tasks for active dag runs[0m
[[34m2022-11-09 17:08:19,616[0m] {[34mscheduler_job.py:[0m1381} INFO[0m - Resetting orphaned tasks for active dag runs[0m
[[34m2022-11-09 17:13:20,523[0m] {[34mscheduler_job.py:[0m1381} INFO[0m - Resetting orphaned tasks for active dag runs[0m
[[34m2022-11-09 17:18:21,400[0m] {[34mscheduler_job.py:[0m1381} INFO[0m - Resetting orphaned tasks for active dag runs[0m
[[34m2022-11-09 17:23:22,587[0m] {[34mscheduler_job.py:[0m1381} INFO[0m - Resetting orphaned tasks for active dag runs[0m
[[34m2022-11-09 17:28:23,435[0m] {[34mscheduler_job.py:[0m1381} INFO[0m - Resetting orphaned tasks for active dag runs[0m
[[34m2022-11-09 17:33:23,585[0m] {[34mscheduler_job.py:[0m1381} INFO[0m - Resetting orphaned tasks for active dag runs[0m
[[34m2022-11-09 17:38:24,425[0m] {[34mscheduler_job.py:[0m1381} INFO[0m - Resetting orphaned tasks for active dag runs[0m
[[34m2022-11-09 17:43:56,926[0m] {[34mscheduler_job.py:[0m1381} INFO[0m - Resetting orphaned tasks for active dag runs[0m
[[34m2022-11-09 17:50:29,150[0m] {[34mscheduler_job.py:[0m1381} INFO[0m - Resetting orphaned tasks for active dag runs[0m
[[34m2022-11-09 17:56:15,850[0m] {[34mscheduler_job.py:[0m1381} INFO[0m - Resetting orphaned tasks for active dag runs[0m
[[34m2022-11-09 18:16:26,059[0m] {[34mscheduler_job.py:[0m1381} INFO[0m - Resetting orphaned tasks for active dag runs[0m
[[34m2022-11-09 18:21:32,903[0m] {[34mscheduler_job.py:[0m1381} INFO[0m - Resetting orphaned tasks for active dag runs[0m
[[34m2022-11-09 18:29:18,053[0m] {[34mscheduler_job.py:[0m1381} INFO[0m - Resetting orphaned tasks for active dag runs[0m
[[34m2022-11-09 19:08:28,623[0m] {[34mscheduler_job.py:[0m1381} INFO[0m - Resetting orphaned tasks for active dag runs[0m
[[34m2022-11-09 19:08:28,629[0m] {[34mscheduler_job.py:[0m1404} INFO[0m - Marked 2 SchedulerJob instances as failed[0m
[[34m2022-11-09 20:33:30,250[0m] {[34mscheduler_job.py:[0m1381} INFO[0m - Resetting orphaned tasks for active dag runs[0m
[[34m2022-11-09 22:14:20,319[0m] {[34mscheduler_job.py:[0m1381} INFO[0m - Resetting orphaned tasks for active dag runs[0m
[[34m2022-11-09 22:14:20,323[0m] {[34mscheduler_job.py:[0m1404} INFO[0m - Marked 2 SchedulerJob instances as failed[0m
[[34m2022-11-09 22:19:21,129[0m] {[34mscheduler_job.py:[0m1381} INFO[0m - Resetting orphaned tasks for active dag runs[0m
[[34m2022-11-09 22:24:22,048[0m] {[34mscheduler_job.py:[0m1381} INFO[0m - Resetting orphaned tasks for active dag runs[0m
[[34m2022-11-09 22:29:22,911[0m] {[34mscheduler_job.py:[0m1381} INFO[0m - Resetting orphaned tasks for active dag runs[0m
[[34m2022-11-09 22:51:22,475[0m] {[34mscheduler_job.py:[0m1381} INFO[0m - Resetting orphaned tasks for active dag runs[0m
[[34m2022-11-09 23:28:22,042[0m] {[34mscheduler_job.py:[0m1381} INFO[0m - Resetting orphaned tasks for active dag runs[0m
[[34m2022-11-10 00:58:10,279[0m] {[34mscheduler_job.py:[0m1381} INFO[0m - Resetting orphaned tasks for active dag runs[0m
[[34m2022-11-10 02:25:53,241[0m] {[34mscheduler_job.py:[0m1381} INFO[0m - Resetting orphaned tasks for active dag runs[0m
[[34m2022-11-10 03:55:21,660[0m] {[34mscheduler_job.py:[0m1381} INFO[0m - Resetting orphaned tasks for active dag runs[0m
[[34m2022-11-10 04:31:19,174[0m] {[34mscheduler_job.py:[0m1381} INFO[0m - Resetting orphaned tasks for active dag runs[0m
[[34m2022-11-10 04:31:19,179[0m] {[34mscheduler_job.py:[0m1404} INFO[0m - Marked 2 SchedulerJob instances as failed[0m
[[34m2022-11-10 04:36:19,414[0m] {[34mscheduler_job.py:[0m1381} INFO[0m - Resetting orphaned tasks for active dag runs[0m
[[34m2022-11-10 04:41:19,843[0m] {[34mscheduler_job.py:[0m1381} INFO[0m - Resetting orphaned tasks for active dag runs[0m
[[34m2022-11-10 04:46:21,153[0m] {[34mscheduler_job.py:[0m1381} INFO[0m - Resetting orphaned tasks for active dag runs[0m
[[34m2022-11-10 05:23:08,134[0m] {[34mscheduler_job.py:[0m1381} INFO[0m - Resetting orphaned tasks for active dag runs[0m
[[34m2022-11-10 06:17:11,382[0m] {[34mscheduler_job.py:[0m1381} INFO[0m - Resetting orphaned tasks for active dag runs[0m
[[34m2022-11-10 07:40:34,272[0m] {[34mscheduler_job.py:[0m1381} INFO[0m - Resetting orphaned tasks for active dag runs[0m
[[34m2022-11-10 08:58:42,248[0m] {[34mscheduler_job.py:[0m1381} INFO[0m - Resetting orphaned tasks for active dag runs[0m
[[34m2022-11-10 08:58:42,253[0m] {[34mscheduler_job.py:[0m1404} INFO[0m - Marked 2 SchedulerJob instances as failed[0m
[[34m2022-11-10 09:46:13,663[0m] {[34mscheduler_job.py:[0m1381} INFO[0m - Resetting orphaned tasks for active dag runs[0m
[[34m2022-11-10 09:51:14,141[0m] {[34mscheduler_job.py:[0m1381} INFO[0m - Resetting orphaned tasks for active dag runs[0m
[[34m2022-11-10 09:56:14,561[0m] {[34mscheduler_job.py:[0m1381} INFO[0m - Resetting orphaned tasks for active dag runs[0m
[[34m2022-11-10 10:01:16,049[0m] {[34mscheduler_job.py:[0m1381} INFO[0m - Resetting orphaned tasks for active dag runs[0m
[[34m2022-11-10 10:06:18,133[0m] {[34mscheduler_job.py:[0m1381} INFO[0m - Resetting orphaned tasks for active dag runs[0m
[[34m2022-11-10 10:11:18,475[0m] {[34mscheduler_job.py:[0m1381} INFO[0m - Resetting orphaned tasks for active dag runs[0m
[[34m2022-11-10 10:16:18,877[0m] {[34mscheduler_job.py:[0m1381} INFO[0m - Resetting orphaned tasks for active dag runs[0m
[[34m2022-11-10 10:21:20,342[0m] {[34mscheduler_job.py:[0m1381} INFO[0m - Resetting orphaned tasks for active dag runs[0m
[[34m2022-11-10 10:26:21,350[0m] {[34mscheduler_job.py:[0m1381} INFO[0m - Resetting orphaned tasks for active dag runs[0m
[[34m2022-11-10 10:31:21,731[0m] {[34mscheduler_job.py:[0m1381} INFO[0m - Resetting orphaned tasks for active dag runs[0m
[[34m2022-11-10 10:36:22,429[0m] {[34mscheduler_job.py:[0m1381} INFO[0m - Resetting orphaned tasks for active dag runs[0m
[[34m2022-11-10 10:41:23,027[0m] {[34mscheduler_job.py:[0m1381} INFO[0m - Resetting orphaned tasks for active dag runs[0m
[[34m2022-11-10 10:46:23,977[0m] {[34mscheduler_job.py:[0m1381} INFO[0m - Resetting orphaned tasks for active dag runs[0m
[[34m2022-11-10 10:51:24,045[0m] {[34mscheduler_job.py:[0m1381} INFO[0m - Resetting orphaned tasks for active dag runs[0m
[[34m2022-11-10 10:56:24,088[0m] {[34mscheduler_job.py:[0m1381} INFO[0m - Resetting orphaned tasks for active dag runs[0m
[[34m2022-11-10 11:01:32,593[0m] {[34mscheduler_job.py:[0m1381} INFO[0m - Resetting orphaned tasks for active dag runs[0m
[[34m2022-11-10 11:06:33,481[0m] {[34mscheduler_job.py:[0m1381} INFO[0m - Resetting orphaned tasks for active dag runs[0m
[[34m2022-11-10 11:11:34,179[0m] {[34mscheduler_job.py:[0m1381} INFO[0m - Resetting orphaned tasks for active dag runs[0m
[[34m2022-11-10 11:16:35,326[0m] {[34mscheduler_job.py:[0m1381} INFO[0m - Resetting orphaned tasks for active dag runs[0m
[[34m2022-11-10 11:21:35,862[0m] {[34mscheduler_job.py:[0m1381} INFO[0m - Resetting orphaned tasks for active dag runs[0m
[[34m2022-11-10 11:26:36,734[0m] {[34mscheduler_job.py:[0m1381} INFO[0m - Resetting orphaned tasks for active dag runs[0m
[[34m2022-11-10 11:31:37,208[0m] {[34mscheduler_job.py:[0m1381} INFO[0m - Resetting orphaned tasks for active dag runs[0m
[[34m2022-11-10 11:37:21,917[0m] {[34mscheduler_job.py:[0m1381} INFO[0m - Resetting orphaned tasks for active dag runs[0m
[[34m2022-11-10 11:46:24,923[0m] {[34mscheduler_job.py:[0m1381} INFO[0m - Resetting orphaned tasks for active dag runs[0m
[[34m2022-11-10 11:52:47,688[0m] {[34mscheduler_job.py:[0m1381} INFO[0m - Resetting orphaned tasks for active dag runs[0m
[[34m2022-11-10 12:12:08,190[0m] {[34mscheduler_job.py:[0m1381} INFO[0m - Resetting orphaned tasks for active dag runs[0m
[[34m2022-11-10 12:17:09,620[0m] {[34mscheduler_job.py:[0m1381} INFO[0m - Resetting orphaned tasks for active dag runs[0m
[[34m2022-11-10 12:22:09,991[0m] {[34mscheduler_job.py:[0m1381} INFO[0m - Resetting orphaned tasks for active dag runs[0m
[[34m2022-11-10 12:27:11,522[0m] {[34mscheduler_job.py:[0m1381} INFO[0m - Resetting orphaned tasks for active dag runs[0m
[[34m2022-11-10 12:55:45,137[0m] {[34mscheduler_job.py:[0m1381} INFO[0m - Resetting orphaned tasks for active dag runs[0m
[[34m2022-11-10 13:03:45,684[0m] {[34mscheduler_job.py:[0m1381} INFO[0m - Resetting orphaned tasks for active dag runs[0m
[[34m2022-11-10 13:03:45,688[0m] {[34mscheduler_job.py:[0m1404} INFO[0m - Marked 2 SchedulerJob instances as failed[0m
[[34m2022-11-10 13:14:45,205[0m] {[34mscheduler_job.py:[0m1381} INFO[0m - Resetting orphaned tasks for active dag runs[0m
[[34m2022-11-10 13:19:45,550[0m] {[34mscheduler_job.py:[0m1381} INFO[0m - Resetting orphaned tasks for active dag runs[0m
[[34m2022-11-10 13:24:46,234[0m] {[34mscheduler_job.py:[0m1381} INFO[0m - Resetting orphaned tasks for active dag runs[0m
[[34m2022-11-10 13:29:46,301[0m] {[34mscheduler_job.py:[0m1381} INFO[0m - Resetting orphaned tasks for active dag runs[0m
[[34m2022-11-10 13:34:46,806[0m] {[34mscheduler_job.py:[0m1381} INFO[0m - Resetting orphaned tasks for active dag runs[0m
[[34m2022-11-10 13:39:47,409[0m] {[34mscheduler_job.py:[0m1381} INFO[0m - Resetting orphaned tasks for active dag runs[0m
[[34m2022-11-10 13:44:48,029[0m] {[34mscheduler_job.py:[0m1381} INFO[0m - Resetting orphaned tasks for active dag runs[0m
[[34m2022-11-10 13:49:49,533[0m] {[34mscheduler_job.py:[0m1381} INFO[0m - Resetting orphaned tasks for active dag runs[0m
[[34m2022-11-10 13:54:50,838[0m] {[34mscheduler_job.py:[0m1381} INFO[0m - Resetting orphaned tasks for active dag runs[0m
[[34m2022-11-10 13:59:51,204[0m] {[34mscheduler_job.py:[0m1381} INFO[0m - Resetting orphaned tasks for active dag runs[0m
[[34m2022-11-10 14:04:51,787[0m] {[34mscheduler_job.py:[0m1381} INFO[0m - Resetting orphaned tasks for active dag runs[0m
[[34m2022-11-10 14:09:52,795[0m] {[34mscheduler_job.py:[0m1381} INFO[0m - Resetting orphaned tasks for active dag runs[0m
[[34m2022-11-10 14:14:53,648[0m] {[34mscheduler_job.py:[0m1381} INFO[0m - Resetting orphaned tasks for active dag runs[0m
[[34m2022-11-10 14:19:54,878[0m] {[34mscheduler_job.py:[0m1381} INFO[0m - Resetting orphaned tasks for active dag runs[0m
[[34m2022-11-10 14:28:31,908[0m] {[34mscheduler_job.py:[0m1381} INFO[0m - Resetting orphaned tasks for active dag runs[0m
[[34m2022-11-10 14:43:18,654[0m] {[34mscheduler_job.py:[0m1381} INFO[0m - Resetting orphaned tasks for active dag runs[0m
[[34m2022-11-10 14:57:32,815[0m] {[34mscheduler_job.py:[0m1381} INFO[0m - Resetting orphaned tasks for active dag runs[0m
[[34m2022-11-10 15:31:54,253[0m] {[34mscheduler_job.py:[0m1381} INFO[0m - Resetting orphaned tasks for active dag runs[0m
[[34m2022-11-10 15:39:04,707[0m] {[34mscheduler_job.py:[0m1381} INFO[0m - Resetting orphaned tasks for active dag runs[0m
[[34m2022-11-10 15:54:48,253[0m] {[34mscheduler_job.py:[0m1381} INFO[0m - Resetting orphaned tasks for active dag runs[0m
[[34m2022-11-10 15:59:49,814[0m] {[34mscheduler_job.py:[0m1381} INFO[0m - Resetting orphaned tasks for active dag runs[0m
[[34m2022-11-10 16:04:50,623[0m] {[34mscheduler_job.py:[0m1381} INFO[0m - Resetting orphaned tasks for active dag runs[0m
[[34m2022-11-10 16:09:51,496[0m] {[34mscheduler_job.py:[0m1381} INFO[0m - Resetting orphaned tasks for active dag runs[0m
[[34m2022-11-10 16:14:52,404[0m] {[34mscheduler_job.py:[0m1381} INFO[0m - Resetting orphaned tasks for active dag runs[0m
[[34m2022-11-10 16:19:53,675[0m] {[34mscheduler_job.py:[0m1381} INFO[0m - Resetting orphaned tasks for active dag runs[0m
[[34m2022-11-10 16:24:55,003[0m] {[34mscheduler_job.py:[0m1381} INFO[0m - Resetting orphaned tasks for active dag runs[0m
[[34m2022-11-10 16:29:56,535[0m] {[34mscheduler_job.py:[0m1381} INFO[0m - Resetting orphaned tasks for active dag runs[0m
[[34m2022-11-10 16:34:56,800[0m] {[34mscheduler_job.py:[0m1381} INFO[0m - Resetting orphaned tasks for active dag runs[0m
[[34m2022-11-10 16:39:58,186[0m] {[34mscheduler_job.py:[0m1381} INFO[0m - Resetting orphaned tasks for active dag runs[0m
[[34m2022-11-10 16:44:58,356[0m] {[34mscheduler_job.py:[0m1381} INFO[0m - Resetting orphaned tasks for active dag runs[0m
[[34m2022-11-10 16:49:58,957[0m] {[34mscheduler_job.py:[0m1381} INFO[0m - Resetting orphaned tasks for active dag runs[0m
[[34m2022-11-10 16:54:59,221[0m] {[34mscheduler_job.py:[0m1381} INFO[0m - Resetting orphaned tasks for active dag runs[0m
[[34m2022-11-10 16:59:59,490[0m] {[34mscheduler_job.py:[0m1381} INFO[0m - Resetting orphaned tasks for active dag runs[0m
[[34m2022-11-10 17:05:00,435[0m] {[34mscheduler_job.py:[0m1381} INFO[0m - Resetting orphaned tasks for active dag runs[0m
[[34m2022-11-10 17:10:01,365[0m] {[34mscheduler_job.py:[0m1381} INFO[0m - Resetting orphaned tasks for active dag runs[0m
[[34m2022-11-10 17:15:02,473[0m] {[34mscheduler_job.py:[0m1381} INFO[0m - Resetting orphaned tasks for active dag runs[0m
[[34m2022-11-10 17:54:31,186[0m] {[34mscheduler_job.py:[0m1381} INFO[0m - Resetting orphaned tasks for active dag runs[0m
[[34m2022-11-10 18:07:32,552[0m] {[34mscheduler_job.py:[0m1381} INFO[0m - Resetting orphaned tasks for active dag runs[0m
[[34m2022-11-10 19:07:38,073[0m] {[34mscheduler_job.py:[0m1381} INFO[0m - Resetting orphaned tasks for active dag runs[0m
[[34m2022-11-10 19:36:27,632[0m] {[34mscheduler_job.py:[0m1381} INFO[0m - Resetting orphaned tasks for active dag runs[0m
[[34m2022-11-10 19:36:27,638[0m] {[34mscheduler_job.py:[0m1404} INFO[0m - Marked 1 SchedulerJob instances as failed[0m
[[34m2022-11-10 19:47:11,157[0m] {[34mscheduler_job.py:[0m1381} INFO[0m - Resetting orphaned tasks for active dag runs[0m
[[34m2022-11-10 20:05:39,489[0m] {[34mscheduler_job.py:[0m1381} INFO[0m - Resetting orphaned tasks for active dag runs[0m
[[34m2022-11-10 20:34:59,657[0m] {[34mscheduler_job.py:[0m1381} INFO[0m - Resetting orphaned tasks for active dag runs[0m
[[34m2022-11-10 20:34:59,662[0m] {[34mscheduler_job.py:[0m1404} INFO[0m - Marked 2 SchedulerJob instances as failed[0m
[[34m2022-11-10 21:16:09,704[0m] {[34mscheduler_job.py:[0m1381} INFO[0m - Resetting orphaned tasks for active dag runs[0m
[[34m2022-11-10 21:16:09,708[0m] {[34mscheduler_job.py:[0m1404} INFO[0m - Marked 2 SchedulerJob instances as failed[0m
[[34m2022-11-10 22:48:30,128[0m] {[34mscheduler_job.py:[0m1381} INFO[0m - Resetting orphaned tasks for active dag runs[0m
[[34m2022-11-11 05:04:32,805[0m] {[34mscheduler_job.py:[0m1381} INFO[0m - Resetting orphaned tasks for active dag runs[0m
[[34m2022-11-11 05:04:32,810[0m] {[34mscheduler_job.py:[0m1404} INFO[0m - Marked 2 SchedulerJob instances as failed[0m
[[34m2022-11-11 08:53:47,642[0m] {[34mscheduler_job.py:[0m1381} INFO[0m - Resetting orphaned tasks for active dag runs[0m
[[34m2022-11-11 09:37:18,747[0m] {[34mscheduler_job.py:[0m1381} INFO[0m - Resetting orphaned tasks for active dag runs[0m
[[34m2022-11-11 09:42:19,429[0m] {[34mscheduler_job.py:[0m1381} INFO[0m - Resetting orphaned tasks for active dag runs[0m
[[34m2022-11-11 09:47:19,672[0m] {[34mscheduler_job.py:[0m1381} INFO[0m - Resetting orphaned tasks for active dag runs[0m
[[34m2022-11-11 09:52:20,454[0m] {[34mscheduler_job.py:[0m1381} INFO[0m - Resetting orphaned tasks for active dag runs[0m
[[34m2022-11-11 09:57:20,732[0m] {[34mscheduler_job.py:[0m1381} INFO[0m - Resetting orphaned tasks for active dag runs[0m
[[34m2022-11-11 10:02:20,979[0m] {[34mscheduler_job.py:[0m1381} INFO[0m - Resetting orphaned tasks for active dag runs[0m
[[34m2022-11-11 10:07:22,631[0m] {[34mscheduler_job.py:[0m1381} INFO[0m - Resetting orphaned tasks for active dag runs[0m
[[34m2022-11-11 10:12:22,951[0m] {[34mscheduler_job.py:[0m1381} INFO[0m - Resetting orphaned tasks for active dag runs[0m
[[34m2022-11-11 10:17:23,318[0m] {[34mscheduler_job.py:[0m1381} INFO[0m - Resetting orphaned tasks for active dag runs[0m
[[34m2022-11-11 10:22:24,947[0m] {[34mscheduler_job.py:[0m1381} INFO[0m - Resetting orphaned tasks for active dag runs[0m
[[34m2022-11-11 10:27:25,901[0m] {[34mscheduler_job.py:[0m1381} INFO[0m - Resetting orphaned tasks for active dag runs[0m
[[34m2022-11-11 10:32:26,523[0m] {[34mscheduler_job.py:[0m1381} INFO[0m - Resetting orphaned tasks for active dag runs[0m
[[34m2022-11-11 10:37:27,373[0m] {[34mscheduler_job.py:[0m1381} INFO[0m - Resetting orphaned tasks for active dag runs[0m
[[34m2022-11-11 10:42:28,144[0m] {[34mscheduler_job.py:[0m1381} INFO[0m - Resetting orphaned tasks for active dag runs[0m
[[34m2022-11-11 10:47:29,318[0m] {[34mscheduler_job.py:[0m1381} INFO[0m - Resetting orphaned tasks for active dag runs[0m
[[34m2022-11-11 10:52:29,801[0m] {[34mscheduler_job.py:[0m1381} INFO[0m - Resetting orphaned tasks for active dag runs[0m
[[34m2022-11-11 10:58:40,245[0m] {[34mscheduler_job.py:[0m1381} INFO[0m - Resetting orphaned tasks for active dag runs[0m
[[34m2022-11-11 11:03:41,335[0m] {[34mscheduler_job.py:[0m1381} INFO[0m - Resetting orphaned tasks for active dag runs[0m
[[34m2022-11-11 11:08:42,810[0m] {[34mscheduler_job.py:[0m1381} INFO[0m - Resetting orphaned tasks for active dag runs[0m
[[34m2022-11-11 11:13:44,256[0m] {[34mscheduler_job.py:[0m1381} INFO[0m - Resetting orphaned tasks for active dag runs[0m
[[34m2022-11-11 11:18:45,335[0m] {[34mscheduler_job.py:[0m1381} INFO[0m - Resetting orphaned tasks for active dag runs[0m
[[34m2022-11-11 11:24:14,405[0m] {[34mscheduler_job.py:[0m1381} INFO[0m - Resetting orphaned tasks for active dag runs[0m
[[34m2022-11-11 11:38:07,819[0m] {[34mscheduler_job.py:[0m1381} INFO[0m - Resetting orphaned tasks for active dag runs[0m
[[34m2022-11-11 11:43:08,700[0m] {[34mscheduler_job.py:[0m1381} INFO[0m - Resetting orphaned tasks for active dag runs[0m
[[34m2022-11-11 11:48:09,836[0m] {[34mscheduler_job.py:[0m1381} INFO[0m - Resetting orphaned tasks for active dag runs[0m
[[34m2022-11-11 11:53:10,652[0m] {[34mscheduler_job.py:[0m1381} INFO[0m - Resetting orphaned tasks for active dag runs[0m
[[34m2022-11-11 11:58:11,188[0m] {[34mscheduler_job.py:[0m1381} INFO[0m - Resetting orphaned tasks for active dag runs[0m
[[34m2022-11-11 12:03:12,380[0m] {[34mscheduler_job.py:[0m1381} INFO[0m - Resetting orphaned tasks for active dag runs[0m
[[34m2022-11-11 12:08:13,152[0m] {[34mscheduler_job.py:[0m1381} INFO[0m - Resetting orphaned tasks for active dag runs[0m
[[34m2022-11-11 12:13:14,587[0m] {[34mscheduler_job.py:[0m1381} INFO[0m - Resetting orphaned tasks for active dag runs[0m
[[34m2022-11-11 12:18:15,457[0m] {[34mscheduler_job.py:[0m1381} INFO[0m - Resetting orphaned tasks for active dag runs[0m
[[34m2022-11-11 12:23:16,060[0m] {[34mscheduler_job.py:[0m1381} INFO[0m - Resetting orphaned tasks for active dag runs[0m
[[34m2022-11-11 12:28:17,334[0m] {[34mscheduler_job.py:[0m1381} INFO[0m - Resetting orphaned tasks for active dag runs[0m
[[34m2022-11-11 12:33:18,167[0m] {[34mscheduler_job.py:[0m1381} INFO[0m - Resetting orphaned tasks for active dag runs[0m
[[34m2022-11-11 12:38:19,054[0m] {[34mscheduler_job.py:[0m1381} INFO[0m - Resetting orphaned tasks for active dag runs[0m
[[34m2022-11-11 12:43:19,959[0m] {[34mscheduler_job.py:[0m1381} INFO[0m - Resetting orphaned tasks for active dag runs[0m
[[34m2022-11-11 12:48:20,867[0m] {[34mscheduler_job.py:[0m1381} INFO[0m - Resetting orphaned tasks for active dag runs[0m
[[34m2022-11-11 12:53:22,368[0m] {[34mscheduler_job.py:[0m1381} INFO[0m - Resetting orphaned tasks for active dag runs[0m
[[34m2022-11-11 12:58:22,405[0m] {[34mscheduler_job.py:[0m1381} INFO[0m - Resetting orphaned tasks for active dag runs[0m
[[34m2022-11-11 13:06:53,094[0m] {[34mscheduler_job.py:[0m1381} INFO[0m - Resetting orphaned tasks for active dag runs[0m
[[34m2022-11-11 13:11:54,162[0m] {[34mscheduler_job.py:[0m1381} INFO[0m - Resetting orphaned tasks for active dag runs[0m
[[34m2022-11-11 13:16:54,798[0m] {[34mscheduler_job.py:[0m1381} INFO[0m - Resetting orphaned tasks for active dag runs[0m
[[34m2022-11-11 13:21:55,664[0m] {[34mscheduler_job.py:[0m1381} INFO[0m - Resetting orphaned tasks for active dag runs[0m
[[34m2022-11-11 13:26:57,067[0m] {[34mscheduler_job.py:[0m1381} INFO[0m - Resetting orphaned tasks for active dag runs[0m
[[34m2022-11-11 13:31:57,971[0m] {[34mscheduler_job.py:[0m1381} INFO[0m - Resetting orphaned tasks for active dag runs[0m
[[34m2022-11-11 13:36:59,089[0m] {[34mscheduler_job.py:[0m1381} INFO[0m - Resetting orphaned tasks for active dag runs[0m
[[34m2022-11-11 13:41:59,146[0m] {[34mscheduler_job.py:[0m1381} INFO[0m - Resetting orphaned tasks for active dag runs[0m
[[34m2022-11-11 13:47:00,745[0m] {[34mscheduler_job.py:[0m1381} INFO[0m - Resetting orphaned tasks for active dag runs[0m
[[34m2022-11-11 13:52:02,276[0m] {[34mscheduler_job.py:[0m1381} INFO[0m - Resetting orphaned tasks for active dag runs[0m
[[34m2022-11-11 13:57:03,332[0m] {[34mscheduler_job.py:[0m1381} INFO[0m - Resetting orphaned tasks for active dag runs[0m
[[34m2022-11-11 14:02:04,721[0m] {[34mscheduler_job.py:[0m1381} INFO[0m - Resetting orphaned tasks for active dag runs[0m
[[34m2022-11-11 14:07:05,418[0m] {[34mscheduler_job.py:[0m1381} INFO[0m - Resetting orphaned tasks for active dag runs[0m
[[34m2022-11-11 14:12:05,431[0m] {[34mscheduler_job.py:[0m1381} INFO[0m - Resetting orphaned tasks for active dag runs[0m
[[34m2022-11-11 14:17:06,386[0m] {[34mscheduler_job.py:[0m1381} INFO[0m - Resetting orphaned tasks for active dag runs[0m
[[34m2022-11-11 14:22:07,894[0m] {[34mscheduler_job.py:[0m1381} INFO[0m - Resetting orphaned tasks for active dag runs[0m
[[34m2022-11-11 14:27:08,135[0m] {[34mscheduler_job.py:[0m1381} INFO[0m - Resetting orphaned tasks for active dag runs[0m
[[34m2022-11-11 14:32:09,646[0m] {[34mscheduler_job.py:[0m1381} INFO[0m - Resetting orphaned tasks for active dag runs[0m
[[34m2022-11-11 14:37:10,672[0m] {[34mscheduler_job.py:[0m1381} INFO[0m - Resetting orphaned tasks for active dag runs[0m
[[34m2022-11-11 14:42:10,776[0m] {[34mscheduler_job.py:[0m1381} INFO[0m - Resetting orphaned tasks for active dag runs[0m
[[34m2022-11-11 14:47:12,305[0m] {[34mscheduler_job.py:[0m1381} INFO[0m - Resetting orphaned tasks for active dag runs[0m
[[34m2022-11-11 14:52:13,013[0m] {[34mscheduler_job.py:[0m1381} INFO[0m - Resetting orphaned tasks for active dag runs[0m
[[34m2022-11-11 14:57:13,376[0m] {[34mscheduler_job.py:[0m1381} INFO[0m - Resetting orphaned tasks for active dag runs[0m
[[34m2022-11-11 15:02:14,842[0m] {[34mscheduler_job.py:[0m1381} INFO[0m - Resetting orphaned tasks for active dag runs[0m
[[34m2022-11-11 15:07:15,608[0m] {[34mscheduler_job.py:[0m1381} INFO[0m - Resetting orphaned tasks for active dag runs[0m
[[34m2022-11-11 15:12:16,299[0m] {[34mscheduler_job.py:[0m1381} INFO[0m - Resetting orphaned tasks for active dag runs[0m
[[34m2022-11-11 15:17:16,429[0m] {[34mscheduler_job.py:[0m1381} INFO[0m - Resetting orphaned tasks for active dag runs[0m
[[34m2022-11-11 15:22:17,922[0m] {[34mscheduler_job.py:[0m1381} INFO[0m - Resetting orphaned tasks for active dag runs[0m
[[34m2022-11-11 15:27:18,840[0m] {[34mscheduler_job.py:[0m1381} INFO[0m - Resetting orphaned tasks for active dag runs[0m
[[34m2022-11-11 15:58:17,855[0m] {[34mscheduler_job.py:[0m1381} INFO[0m - Resetting orphaned tasks for active dag runs[0m
[[34m2022-11-11 16:03:18,047[0m] {[34mscheduler_job.py:[0m1381} INFO[0m - Resetting orphaned tasks for active dag runs[0m
[[34m2022-11-11 16:18:28,068[0m] {[34mscheduler_job.py:[0m1381} INFO[0m - Resetting orphaned tasks for active dag runs[0m
[[34m2022-11-11 16:29:48,937[0m] {[34mscheduler_job.py:[0m1381} INFO[0m - Resetting orphaned tasks for active dag runs[0m
[[34m2022-11-11 16:45:24,368[0m] {[34mscheduler_job.py:[0m1381} INFO[0m - Resetting orphaned tasks for active dag runs[0m
[[34m2022-11-11 17:36:38,033[0m] {[34mscheduler_job.py:[0m1381} INFO[0m - Resetting orphaned tasks for active dag runs[0m
[[34m2022-11-11 17:47:04,477[0m] {[34mscheduler_job.py:[0m1381} INFO[0m - Resetting orphaned tasks for active dag runs[0m
[[34m2022-11-11 17:47:04,482[0m] {[34mscheduler_job.py:[0m1404} INFO[0m - Marked 2 SchedulerJob instances as failed[0m
[[34m2022-11-11 21:34:55,023[0m] {[34mscheduler_job.py:[0m1381} INFO[0m - Resetting orphaned tasks for active dag runs[0m
[[34m2022-11-11 21:34:55,034[0m] {[34mscheduler_job.py:[0m1404} INFO[0m - Marked 2 SchedulerJob instances as failed[0m
[[34m2022-11-12 09:03:06,368[0m] {[34mscheduler_job.py:[0m1381} INFO[0m - Resetting orphaned tasks for active dag runs[0m
[[34m2022-11-12 09:03:06,373[0m] {[34mscheduler_job.py:[0m1404} INFO[0m - Marked 2 SchedulerJob instances as failed[0m
[[34m2022-11-12 13:22:46,802[0m] {[34mscheduler_job.py:[0m1381} INFO[0m - Resetting orphaned tasks for active dag runs[0m
[[34m2022-11-12 13:37:49,357[0m] {[34mscheduler_job.py:[0m1381} INFO[0m - Resetting orphaned tasks for active dag runs[0m
[[34m2022-11-12 13:48:26,281[0m] {[34mscheduler_job.py:[0m1381} INFO[0m - Resetting orphaned tasks for active dag runs[0m
[[34m2022-11-12 14:08:29,889[0m] {[34mscheduler_job.py:[0m1381} INFO[0m - Resetting orphaned tasks for active dag runs[0m
[[34m2022-11-12 14:17:38,531[0m] {[34mscheduler_job.py:[0m1381} INFO[0m - Resetting orphaned tasks for active dag runs[0m
[[34m2022-11-12 14:25:20,041[0m] {[34mscheduler_job.py:[0m1381} INFO[0m - Resetting orphaned tasks for active dag runs[0m
[[34m2022-11-12 14:33:28,145[0m] {[34mscheduler_job.py:[0m1381} INFO[0m - Resetting orphaned tasks for active dag runs[0m
[[34m2022-11-12 14:44:15,798[0m] {[34mscheduler_job.py:[0m1381} INFO[0m - Resetting orphaned tasks for active dag runs[0m
[[34m2022-11-12 14:55:25,482[0m] {[34mscheduler_job.py:[0m1381} INFO[0m - Resetting orphaned tasks for active dag runs[0m
[[34m2022-11-12 16:13:52,331[0m] {[34mscheduler_job.py:[0m1381} INFO[0m - Resetting orphaned tasks for active dag runs[0m
[[34m2022-11-12 16:46:59,591[0m] {[34mscheduler_job.py:[0m1381} INFO[0m - Resetting orphaned tasks for active dag runs[0m
[[34m2022-11-12 17:28:51,019[0m] {[34mscheduler_job.py:[0m1381} INFO[0m - Resetting orphaned tasks for active dag runs[0m
[[34m2022-11-12 17:28:51,025[0m] {[34mscheduler_job.py:[0m1404} INFO[0m - Marked 2 SchedulerJob instances as failed[0m
[[34m2022-11-12 20:42:11,594[0m] {[34mscheduler_job.py:[0m1381} INFO[0m - Resetting orphaned tasks for active dag runs[0m
[[34m2022-11-12 21:48:41,478[0m] {[34mscheduler_job.py:[0m1381} INFO[0m - Resetting orphaned tasks for active dag runs[0m
[[34m2022-11-12 21:59:16,149[0m] {[34mscheduler_job.py:[0m1381} INFO[0m - Resetting orphaned tasks for active dag runs[0m
[[34m2022-11-13 03:50:49,726[0m] {[34mscheduler_job.py:[0m1381} INFO[0m - Resetting orphaned tasks for active dag runs[0m
[[34m2022-11-13 08:41:06,103[0m] {[34mscheduler_job.py:[0m1381} INFO[0m - Resetting orphaned tasks for active dag runs[0m
[[34m2022-11-13 08:51:19,929[0m] {[34mscheduler_job.py:[0m1381} INFO[0m - Resetting orphaned tasks for active dag runs[0m
[[34m2022-11-13 09:56:16,631[0m] {[34mscheduler_job.py:[0m1381} INFO[0m - Resetting orphaned tasks for active dag runs[0m
[[34m2022-11-13 11:15:12,266[0m] {[34mscheduler_job.py:[0m1381} INFO[0m - Resetting orphaned tasks for active dag runs[0m
[[34m2022-11-13 11:29:53,603[0m] {[34mscheduler_job.py:[0m1381} INFO[0m - Resetting orphaned tasks for active dag runs[0m
[[34m2022-11-13 11:53:46,066[0m] {[34mscheduler_job.py:[0m1381} INFO[0m - Resetting orphaned tasks for active dag runs[0m
[[34m2022-11-13 12:10:14,856[0m] {[34mscheduler_job.py:[0m1381} INFO[0m - Resetting orphaned tasks for active dag runs[0m
[[34m2022-11-13 12:10:14,861[0m] {[34mscheduler_job.py:[0m1404} INFO[0m - Marked 2 SchedulerJob instances as failed[0m
[[34m2022-11-13 14:17:52,843[0m] {[34mscheduler_job.py:[0m1381} INFO[0m - Resetting orphaned tasks for active dag runs[0m
[[34m2022-11-13 14:26:25,305[0m] {[34mscheduler_job.py:[0m1381} INFO[0m - Resetting orphaned tasks for active dag runs[0m
[[34m2022-11-13 15:09:02,451[0m] {[34mscheduler_job.py:[0m1381} INFO[0m - Resetting orphaned tasks for active dag runs[0m
[[34m2022-11-13 15:50:08,289[0m] {[34mscheduler_job.py:[0m1381} INFO[0m - Resetting orphaned tasks for active dag runs[0m
[[34m2022-11-13 16:20:17,124[0m] {[34mscheduler_job.py:[0m1381} INFO[0m - Resetting orphaned tasks for active dag runs[0m
[[34m2022-11-13 16:20:17,128[0m] {[34mscheduler_job.py:[0m1404} INFO[0m - Marked 2 SchedulerJob instances as failed[0m
[[34m2022-11-13 18:48:36,284[0m] {[34mscheduler_job.py:[0m1381} INFO[0m - Resetting orphaned tasks for active dag runs[0m
[[34m2022-11-13 18:58:17,360[0m] {[34mscheduler_job.py:[0m1381} INFO[0m - Resetting orphaned tasks for active dag runs[0m
[[34m2022-11-13 20:16:44,855[0m] {[34mscheduler_job.py:[0m1381} INFO[0m - Resetting orphaned tasks for active dag runs[0m
[[34m2022-11-13 20:16:44,859[0m] {[34mscheduler_job.py:[0m1404} INFO[0m - Marked 2 SchedulerJob instances as failed[0m
[[34m2022-11-13 22:15:31,087[0m] {[34mscheduler_job.py:[0m1381} INFO[0m - Resetting orphaned tasks for active dag runs[0m
[[34m2022-11-13 22:25:30,986[0m] {[34mscheduler_job.py:[0m1381} INFO[0m - Resetting orphaned tasks for active dag runs[0m
[[34m2022-11-14 01:21:37,808[0m] {[34mscheduler_job.py:[0m1381} INFO[0m - Resetting orphaned tasks for active dag runs[0m
[[34m2022-11-14 01:21:37,814[0m] {[34mscheduler_job.py:[0m1404} INFO[0m - Marked 2 SchedulerJob instances as failed[0m
[[34m2022-11-14 08:47:18,712[0m] {[34mscheduler_job.py:[0m1381} INFO[0m - Resetting orphaned tasks for active dag runs[0m
[[34m2022-11-14 08:47:18,716[0m] {[34mscheduler_job.py:[0m1404} INFO[0m - Marked 2 SchedulerJob instances as failed[0m
[[34m2022-11-14 08:58:50,121[0m] {[34mscheduler_job.py:[0m1381} INFO[0m - Resetting orphaned tasks for active dag runs[0m
[[34m2022-11-14 09:19:00,405[0m] {[34mscheduler_job.py:[0m1381} INFO[0m - Resetting orphaned tasks for active dag runs[0m
[[34m2022-11-14 09:40:21,417[0m] {[34mscheduler_job.py:[0m1381} INFO[0m - Resetting orphaned tasks for active dag runs[0m
[[34m2022-11-14 09:40:21,420[0m] {[34mscheduler_job.py:[0m1404} INFO[0m - Marked 2 SchedulerJob instances as failed[0m
[[34m2022-11-14 09:46:25,481[0m] {[34mscheduler_job.py:[0m1381} INFO[0m - Resetting orphaned tasks for active dag runs[0m
[[34m2022-11-14 09:51:27,648[0m] {[34mscheduler_job.py:[0m1381} INFO[0m - Resetting orphaned tasks for active dag runs[0m
[[34m2022-11-14 09:56:29,290[0m] {[34mscheduler_job.py:[0m1381} INFO[0m - Resetting orphaned tasks for active dag runs[0m
[[34m2022-11-14 10:01:40,604[0m] {[34mscheduler_job.py:[0m1381} INFO[0m - Resetting orphaned tasks for active dag runs[0m
[[34m2022-11-14 10:06:40,584[0m] {[34mscheduler_job.py:[0m1381} INFO[0m - Resetting orphaned tasks for active dag runs[0m
[[34m2022-11-14 10:11:40,701[0m] {[34mscheduler_job.py:[0m1381} INFO[0m - Resetting orphaned tasks for active dag runs[0m
[[34m2022-11-14 10:39:44,261[0m] {[34mscheduler_job.py:[0m1381} INFO[0m - Resetting orphaned tasks for active dag runs[0m
[[34m2022-11-14 10:44:45,261[0m] {[34mscheduler_job.py:[0m1381} INFO[0m - Resetting orphaned tasks for active dag runs[0m
[[34m2022-11-14 10:49:46,251[0m] {[34mscheduler_job.py:[0m1381} INFO[0m - Resetting orphaned tasks for active dag runs[0m
[[34m2022-11-14 10:54:47,718[0m] {[34mscheduler_job.py:[0m1381} INFO[0m - Resetting orphaned tasks for active dag runs[0m
[[34m2022-11-14 10:59:48,228[0m] {[34mscheduler_job.py:[0m1381} INFO[0m - Resetting orphaned tasks for active dag runs[0m
[[34m2022-11-14 11:04:48,841[0m] {[34mscheduler_job.py:[0m1381} INFO[0m - Resetting orphaned tasks for active dag runs[0m
[[34m2022-11-14 11:09:49,762[0m] {[34mscheduler_job.py:[0m1381} INFO[0m - Resetting orphaned tasks for active dag runs[0m
[[34m2022-11-14 11:14:51,302[0m] {[34mscheduler_job.py:[0m1381} INFO[0m - Resetting orphaned tasks for active dag runs[0m
[[34m2022-11-14 11:19:52,218[0m] {[34mscheduler_job.py:[0m1381} INFO[0m - Resetting orphaned tasks for active dag runs[0m
[[34m2022-11-14 11:50:59,252[0m] {[34mscheduler_job.py:[0m1381} INFO[0m - Resetting orphaned tasks for active dag runs[0m
[[34m2022-11-14 11:56:00,021[0m] {[34mscheduler_job.py:[0m1381} INFO[0m - Resetting orphaned tasks for active dag runs[0m
[[34m2022-11-14 12:01:01,147[0m] {[34mscheduler_job.py:[0m1381} INFO[0m - Resetting orphaned tasks for active dag runs[0m
[[34m2022-11-14 12:06:01,215[0m] {[34mscheduler_job.py:[0m1381} INFO[0m - Resetting orphaned tasks for active dag runs[0m
[[34m2022-11-14 12:11:02,618[0m] {[34mscheduler_job.py:[0m1381} INFO[0m - Resetting orphaned tasks for active dag runs[0m
[[34m2022-11-14 12:16:04,129[0m] {[34mscheduler_job.py:[0m1381} INFO[0m - Resetting orphaned tasks for active dag runs[0m
[[34m2022-11-14 12:21:04,300[0m] {[34mscheduler_job.py:[0m1381} INFO[0m - Resetting orphaned tasks for active dag runs[0m
[[34m2022-11-14 12:26:05,294[0m] {[34mscheduler_job.py:[0m1381} INFO[0m - Resetting orphaned tasks for active dag runs[0m
[[34m2022-11-14 12:31:05,693[0m] {[34mscheduler_job.py:[0m1381} INFO[0m - Resetting orphaned tasks for active dag runs[0m
[[34m2022-11-14 12:36:07,099[0m] {[34mscheduler_job.py:[0m1381} INFO[0m - Resetting orphaned tasks for active dag runs[0m
[[34m2022-11-14 12:41:18,932[0m] {[34mscheduler_job.py:[0m1381} INFO[0m - Resetting orphaned tasks for active dag runs[0m
[[34m2022-11-14 12:41:18,935[0m] {[34mscheduler_job.py:[0m1404} INFO[0m - Marked 1 SchedulerJob instances as failed[0m
[[34m2022-11-14 13:00:22,500[0m] {[34mscheduler_job.py:[0m1381} INFO[0m - Resetting orphaned tasks for active dag runs[0m
[[34m2022-11-14 13:05:23,440[0m] {[34mscheduler_job.py:[0m1381} INFO[0m - Resetting orphaned tasks for active dag runs[0m
[[34m2022-11-14 13:10:25,099[0m] {[34mscheduler_job.py:[0m1381} INFO[0m - Resetting orphaned tasks for active dag runs[0m
[[34m2022-11-14 13:15:26,122[0m] {[34mscheduler_job.py:[0m1381} INFO[0m - Resetting orphaned tasks for active dag runs[0m
[[34m2022-11-14 13:20:27,103[0m] {[34mscheduler_job.py:[0m1381} INFO[0m - Resetting orphaned tasks for active dag runs[0m
[[34m2022-11-14 13:25:28,681[0m] {[34mscheduler_job.py:[0m1381} INFO[0m - Resetting orphaned tasks for active dag runs[0m
[[34m2022-11-14 13:30:28,807[0m] {[34mscheduler_job.py:[0m1381} INFO[0m - Resetting orphaned tasks for active dag runs[0m
[[34m2022-11-14 13:35:29,767[0m] {[34mscheduler_job.py:[0m1381} INFO[0m - Resetting orphaned tasks for active dag runs[0m
[[34m2022-11-14 13:40:30,359[0m] {[34mscheduler_job.py:[0m1381} INFO[0m - Resetting orphaned tasks for active dag runs[0m
[[34m2022-11-14 13:45:30,791[0m] {[34mscheduler_job.py:[0m1381} INFO[0m - Resetting orphaned tasks for active dag runs[0m
[[34m2022-11-14 13:50:32,293[0m] {[34mscheduler_job.py:[0m1381} INFO[0m - Resetting orphaned tasks for active dag runs[0m
[[34m2022-11-14 13:55:33,754[0m] {[34mscheduler_job.py:[0m1381} INFO[0m - Resetting orphaned tasks for active dag runs[0m
[[34m2022-11-14 14:00:34,639[0m] {[34mscheduler_job.py:[0m1381} INFO[0m - Resetting orphaned tasks for active dag runs[0m
[[34m2022-11-14 14:05:35,931[0m] {[34mscheduler_job.py:[0m1381} INFO[0m - Resetting orphaned tasks for active dag runs[0m
[[34m2022-11-14 14:10:36,226[0m] {[34mscheduler_job.py:[0m1381} INFO[0m - Resetting orphaned tasks for active dag runs[0m
[[34m2022-11-14 14:15:37,671[0m] {[34mscheduler_job.py:[0m1381} INFO[0m - Resetting orphaned tasks for active dag runs[0m
[[34m2022-11-14 14:20:38,695[0m] {[34mscheduler_job.py:[0m1381} INFO[0m - Resetting orphaned tasks for active dag runs[0m
[[34m2022-11-14 14:25:40,043[0m] {[34mscheduler_job.py:[0m1381} INFO[0m - Resetting orphaned tasks for active dag runs[0m
[[34m2022-11-14 14:30:40,918[0m] {[34mscheduler_job.py:[0m1381} INFO[0m - Resetting orphaned tasks for active dag runs[0m
[[34m2022-11-14 14:35:42,465[0m] {[34mscheduler_job.py:[0m1381} INFO[0m - Resetting orphaned tasks for active dag runs[0m
[[34m2022-11-14 14:40:42,930[0m] {[34mscheduler_job.py:[0m1381} INFO[0m - Resetting orphaned tasks for active dag runs[0m
[[34m2022-11-14 14:45:42,995[0m] {[34mscheduler_job.py:[0m1381} INFO[0m - Resetting orphaned tasks for active dag runs[0m
[[34m2022-11-14 14:50:43,878[0m] {[34mscheduler_job.py:[0m1381} INFO[0m - Resetting orphaned tasks for active dag runs[0m
[[34m2022-11-14 14:55:45,394[0m] {[34mscheduler_job.py:[0m1381} INFO[0m - Resetting orphaned tasks for active dag runs[0m
[[34m2022-11-14 15:00:46,582[0m] {[34mscheduler_job.py:[0m1381} INFO[0m - Resetting orphaned tasks for active dag runs[0m
[[34m2022-11-14 15:05:46,683[0m] {[34mscheduler_job.py:[0m1381} INFO[0m - Resetting orphaned tasks for active dag runs[0m
[[34m2022-11-14 15:11:04,309[0m] {[34mscheduler_job.py:[0m1381} INFO[0m - Resetting orphaned tasks for active dag runs[0m
[[34m2022-11-14 15:16:04,466[0m] {[34mscheduler_job.py:[0m1381} INFO[0m - Resetting orphaned tasks for active dag runs[0m
[[34m2022-11-14 15:21:05,255[0m] {[34mscheduler_job.py:[0m1381} INFO[0m - Resetting orphaned tasks for active dag runs[0m
[[34m2022-11-14 15:26:06,157[0m] {[34mscheduler_job.py:[0m1381} INFO[0m - Resetting orphaned tasks for active dag runs[0m
[[34m2022-11-14 15:31:06,563[0m] {[34mscheduler_job.py:[0m1381} INFO[0m - Resetting orphaned tasks for active dag runs[0m
[[34m2022-11-14 15:36:07,859[0m] {[34mscheduler_job.py:[0m1381} INFO[0m - Resetting orphaned tasks for active dag runs[0m
[[34m2022-11-14 15:41:08,685[0m] {[34mscheduler_job.py:[0m1381} INFO[0m - Resetting orphaned tasks for active dag runs[0m
[[34m2022-11-14 15:46:08,886[0m] {[34mscheduler_job.py:[0m1381} INFO[0m - Resetting orphaned tasks for active dag runs[0m
[[34m2022-11-14 15:51:10,123[0m] {[34mscheduler_job.py:[0m1381} INFO[0m - Resetting orphaned tasks for active dag runs[0m
[[34m2022-11-14 15:56:10,262[0m] {[34mscheduler_job.py:[0m1381} INFO[0m - Resetting orphaned tasks for active dag runs[0m
[[34m2022-11-14 16:01:11,155[0m] {[34mscheduler_job.py:[0m1381} INFO[0m - Resetting orphaned tasks for active dag runs[0m
[[34m2022-11-14 16:06:42,590[0m] {[34mscheduler_job.py:[0m1381} INFO[0m - Resetting orphaned tasks for active dag runs[0m
[[34m2022-11-14 16:11:51,977[0m] {[34mscheduler_job.py:[0m1381} INFO[0m - Resetting orphaned tasks for active dag runs[0m
[[34m2022-11-14 16:16:53,431[0m] {[34mscheduler_job.py:[0m1381} INFO[0m - Resetting orphaned tasks for active dag runs[0m
[[34m2022-11-14 16:21:54,175[0m] {[34mscheduler_job.py:[0m1381} INFO[0m - Resetting orphaned tasks for active dag runs[0m
[[34m2022-11-14 16:26:54,968[0m] {[34mscheduler_job.py:[0m1381} INFO[0m - Resetting orphaned tasks for active dag runs[0m
[[34m2022-11-14 16:31:54,991[0m] {[34mscheduler_job.py:[0m1381} INFO[0m - Resetting orphaned tasks for active dag runs[0m
[[34m2022-11-14 16:36:55,186[0m] {[34mscheduler_job.py:[0m1381} INFO[0m - Resetting orphaned tasks for active dag runs[0m
[[34m2022-11-14 16:41:55,479[0m] {[34mscheduler_job.py:[0m1381} INFO[0m - Resetting orphaned tasks for active dag runs[0m
[[34m2022-11-14 16:46:56,065[0m] {[34mscheduler_job.py:[0m1381} INFO[0m - Resetting orphaned tasks for active dag runs[0m
[[34m2022-11-14 16:55:05,487[0m] {[34mscheduler_job.py:[0m1381} INFO[0m - Resetting orphaned tasks for active dag runs[0m
[[34m2022-11-14 17:02:01,032[0m] {[34mscheduler_job.py:[0m1381} INFO[0m - Resetting orphaned tasks for active dag runs[0m
[[34m2022-11-14 17:08:11,120[0m] {[34mscheduler_job.py:[0m1381} INFO[0m - Resetting orphaned tasks for active dag runs[0m
[[34m2022-11-14 17:13:11,509[0m] {[34mscheduler_job.py:[0m1381} INFO[0m - Resetting orphaned tasks for active dag runs[0m
[[34m2022-11-14 17:18:12,584[0m] {[34mscheduler_job.py:[0m1381} INFO[0m - Resetting orphaned tasks for active dag runs[0m
[[34m2022-11-14 17:23:12,882[0m] {[34mscheduler_job.py:[0m1381} INFO[0m - Resetting orphaned tasks for active dag runs[0m
[[34m2022-11-14 17:28:13,345[0m] {[34mscheduler_job.py:[0m1381} INFO[0m - Resetting orphaned tasks for active dag runs[0m
[[34m2022-11-14 17:33:13,755[0m] {[34mscheduler_job.py:[0m1381} INFO[0m - Resetting orphaned tasks for active dag runs[0m
[[34m2022-11-14 17:38:14,695[0m] {[34mscheduler_job.py:[0m1381} INFO[0m - Resetting orphaned tasks for active dag runs[0m
[[34m2022-11-14 17:43:15,435[0m] {[34mscheduler_job.py:[0m1381} INFO[0m - Resetting orphaned tasks for active dag runs[0m
[[34m2022-11-14 17:48:45,663[0m] {[34mscheduler_job.py:[0m1381} INFO[0m - Resetting orphaned tasks for active dag runs[0m
[[34m2022-11-14 17:48:45,667[0m] {[34mscheduler_job.py:[0m1404} INFO[0m - Marked 2 SchedulerJob instances as failed[0m
[[34m2022-11-14 18:09:32,540[0m] {[34mscheduler_job.py:[0m1381} INFO[0m - Resetting orphaned tasks for active dag runs[0m
[[34m2022-11-14 18:14:33,756[0m] {[34mscheduler_job.py:[0m1381} INFO[0m - Resetting orphaned tasks for active dag runs[0m
[[34m2022-11-14 18:19:34,803[0m] {[34mscheduler_job.py:[0m1381} INFO[0m - Resetting orphaned tasks for active dag runs[0m
[[34m2022-11-14 18:31:46,610[0m] {[34mscheduler_job.py:[0m1381} INFO[0m - Resetting orphaned tasks for active dag runs[0m
[[34m2022-11-14 18:54:55,449[0m] {[34mscheduler_job.py:[0m1381} INFO[0m - Resetting orphaned tasks for active dag runs[0m
[[34m2022-11-14 18:54:55,453[0m] {[34mscheduler_job.py:[0m1404} INFO[0m - Marked 2 SchedulerJob instances as failed[0m
[[34m2022-11-14 19:06:53,152[0m] {[34mscheduler_job.py:[0m1381} INFO[0m - Resetting orphaned tasks for active dag runs[0m
[[34m2022-11-14 19:11:54,148[0m] {[34mscheduler_job.py:[0m1381} INFO[0m - Resetting orphaned tasks for active dag runs[0m
[[34m2022-11-14 19:16:54,607[0m] {[34mscheduler_job.py:[0m1381} INFO[0m - Resetting orphaned tasks for active dag runs[0m
[[34m2022-11-14 19:21:54,709[0m] {[34mscheduler_job.py:[0m1381} INFO[0m - Resetting orphaned tasks for active dag runs[0m
[[34m2022-11-14 19:26:54,924[0m] {[34mscheduler_job.py:[0m1381} INFO[0m - Resetting orphaned tasks for active dag runs[0m
[[34m2022-11-14 19:31:56,436[0m] {[34mscheduler_job.py:[0m1381} INFO[0m - Resetting orphaned tasks for active dag runs[0m
[[34m2022-11-14 19:36:57,264[0m] {[34mscheduler_job.py:[0m1381} INFO[0m - Resetting orphaned tasks for active dag runs[0m
[[34m2022-11-14 19:41:58,225[0m] {[34mscheduler_job.py:[0m1381} INFO[0m - Resetting orphaned tasks for active dag runs[0m
[[34m2022-11-14 19:46:59,712[0m] {[34mscheduler_job.py:[0m1381} INFO[0m - Resetting orphaned tasks for active dag runs[0m
[[34m2022-11-14 19:51:59,846[0m] {[34mscheduler_job.py:[0m1381} INFO[0m - Resetting orphaned tasks for active dag runs[0m
[[34m2022-11-14 19:57:01,149[0m] {[34mscheduler_job.py:[0m1381} INFO[0m - Resetting orphaned tasks for active dag runs[0m
[[34m2022-11-14 20:02:02,479[0m] {[34mscheduler_job.py:[0m1381} INFO[0m - Resetting orphaned tasks for active dag runs[0m
[[34m2022-11-14 20:07:03,314[0m] {[34mscheduler_job.py:[0m1381} INFO[0m - Resetting orphaned tasks for active dag runs[0m
[[34m2022-11-14 20:12:06,474[0m] {[34mscheduler_job.py:[0m1381} INFO[0m - Resetting orphaned tasks for active dag runs[0m
[[34m2022-11-14 20:17:06,645[0m] {[34mscheduler_job.py:[0m1381} INFO[0m - Resetting orphaned tasks for active dag runs[0m
[[34m2022-11-14 20:22:06,745[0m] {[34mscheduler_job.py:[0m1381} INFO[0m - Resetting orphaned tasks for active dag runs[0m
[[34m2022-11-14 20:27:08,170[0m] {[34mscheduler_job.py:[0m1381} INFO[0m - Resetting orphaned tasks for active dag runs[0m
[[34m2022-11-14 20:32:08,342[0m] {[34mscheduler_job.py:[0m1381} INFO[0m - Resetting orphaned tasks for active dag runs[0m
[[34m2022-11-14 20:37:09,963[0m] {[34mscheduler_job.py:[0m1381} INFO[0m - Resetting orphaned tasks for active dag runs[0m
[[34m2022-11-14 20:42:10,447[0m] {[34mscheduler_job.py:[0m1381} INFO[0m - Resetting orphaned tasks for active dag runs[0m
[[34m2022-11-14 20:47:11,366[0m] {[34mscheduler_job.py:[0m1381} INFO[0m - Resetting orphaned tasks for active dag runs[0m
[[34m2022-11-14 20:52:12,172[0m] {[34mscheduler_job.py:[0m1381} INFO[0m - Resetting orphaned tasks for active dag runs[0m
[[34m2022-11-14 20:57:13,088[0m] {[34mscheduler_job.py:[0m1381} INFO[0m - Resetting orphaned tasks for active dag runs[0m
[[34m2022-11-14 21:02:14,683[0m] {[34mscheduler_job.py:[0m1381} INFO[0m - Resetting orphaned tasks for active dag runs[0m
[[34m2022-11-14 21:07:15,555[0m] {[34mscheduler_job.py:[0m1381} INFO[0m - Resetting orphaned tasks for active dag runs[0m
[[34m2022-11-14 21:12:16,461[0m] {[34mscheduler_job.py:[0m1381} INFO[0m - Resetting orphaned tasks for active dag runs[0m
[[34m2022-11-14 21:17:17,377[0m] {[34mscheduler_job.py:[0m1381} INFO[0m - Resetting orphaned tasks for active dag runs[0m
[[34m2022-11-14 21:22:17,844[0m] {[34mscheduler_job.py:[0m1381} INFO[0m - Resetting orphaned tasks for active dag runs[0m
[[34m2022-11-14 21:27:18,111[0m] {[34mscheduler_job.py:[0m1381} INFO[0m - Resetting orphaned tasks for active dag runs[0m
[[34m2022-11-14 21:32:19,040[0m] {[34mscheduler_job.py:[0m1381} INFO[0m - Resetting orphaned tasks for active dag runs[0m
[[34m2022-11-14 21:37:19,708[0m] {[34mscheduler_job.py:[0m1381} INFO[0m - Resetting orphaned tasks for active dag runs[0m
[[34m2022-11-14 21:42:20,040[0m] {[34mscheduler_job.py:[0m1381} INFO[0m - Resetting orphaned tasks for active dag runs[0m
[[34m2022-11-14 21:47:21,223[0m] {[34mscheduler_job.py:[0m1381} INFO[0m - Resetting orphaned tasks for active dag runs[0m
[[34m2022-11-14 21:52:22,564[0m] {[34mscheduler_job.py:[0m1381} INFO[0m - Resetting orphaned tasks for active dag runs[0m
[[34m2022-11-14 21:57:23,349[0m] {[34mscheduler_job.py:[0m1381} INFO[0m - Resetting orphaned tasks for active dag runs[0m
[[34m2022-11-14 22:02:24,000[0m] {[34mscheduler_job.py:[0m1381} INFO[0m - Resetting orphaned tasks for active dag runs[0m
[[34m2022-11-14 22:07:25,002[0m] {[34mscheduler_job.py:[0m1381} INFO[0m - Resetting orphaned tasks for active dag runs[0m
[[34m2022-11-14 22:12:25,824[0m] {[34mscheduler_job.py:[0m1381} INFO[0m - Resetting orphaned tasks for active dag runs[0m
[[34m2022-11-14 22:17:27,177[0m] {[34mscheduler_job.py:[0m1381} INFO[0m - Resetting orphaned tasks for active dag runs[0m
[[34m2022-11-14 22:22:28,088[0m] {[34mscheduler_job.py:[0m1381} INFO[0m - Resetting orphaned tasks for active dag runs[0m
[[34m2022-11-14 22:27:28,870[0m] {[34mscheduler_job.py:[0m1381} INFO[0m - Resetting orphaned tasks for active dag runs[0m
[[34m2022-11-14 22:32:30,747[0m] {[34mscheduler_job.py:[0m1381} INFO[0m - Resetting orphaned tasks for active dag runs[0m
[[34m2022-11-14 22:37:34,673[0m] {[34mscheduler_job.py:[0m1381} INFO[0m - Resetting orphaned tasks for active dag runs[0m
[[34m2022-11-14 22:42:36,610[0m] {[34mscheduler_job.py:[0m1381} INFO[0m - Resetting orphaned tasks for active dag runs[0m
[[34m2022-11-14 22:47:38,537[0m] {[34mscheduler_job.py:[0m1381} INFO[0m - Resetting orphaned tasks for active dag runs[0m
[[34m2022-11-14 22:52:39,503[0m] {[34mscheduler_job.py:[0m1381} INFO[0m - Resetting orphaned tasks for active dag runs[0m
[[34m2022-11-14 22:57:39,946[0m] {[34mscheduler_job.py:[0m1381} INFO[0m - Resetting orphaned tasks for active dag runs[0m
[[34m2022-11-14 23:02:38,714[0m] {[34mscheduler_job.py:[0m173} INFO[0m - Exiting gracefully upon receiving signal 15[0m
[[34m2022-11-14 23:02:38,978[0m] {[34mprocess_utils.py:[0m129} INFO[0m - Sending Signals.SIGTERM to group 3491. PIDs of all processes in the group: [][0m
[[34m2022-11-14 23:02:38,979[0m] {[34mprocess_utils.py:[0m84} INFO[0m - Sending the signal Signals.SIGTERM to group 3491[0m
[[34m2022-11-14 23:02:38,980[0m] {[34mprocess_utils.py:[0m98} INFO[0m - Sending the signal Signals.SIGTERM to process 3491 as process group is missing.[0m
[[34m2022-11-14 23:02:38,986[0m] {[34mprocess_utils.py:[0m129} INFO[0m - Sending Signals.SIGTERM to group 3491. PIDs of all processes in the group: [][0m
[[34m2022-11-14 23:02:38,987[0m] {[34mprocess_utils.py:[0m84} INFO[0m - Sending the signal Signals.SIGTERM to group 3491[0m
[[34m2022-11-14 23:02:38,989[0m] {[34mprocess_utils.py:[0m98} INFO[0m - Sending the signal Signals.SIGTERM to process 3491 as process group is missing.[0m
[[34m2022-11-14 23:02:38,991[0m] {[34mscheduler_job.py:[0m775} INFO[0m - Exited execute loop[0m
