[2022-11-30T13:00:05.980+1300] {taskinstance.py:1165} INFO - Dependencies all met for <TaskInstance: load_kpi_view_dag.load_landing_table scheduled__2022-11-29T00:00:00+00:00 [queued]>
[2022-11-30T13:00:05.996+1300] {taskinstance.py:1165} INFO - Dependencies all met for <TaskInstance: load_kpi_view_dag.load_landing_table scheduled__2022-11-29T00:00:00+00:00 [queued]>
[2022-11-30T13:00:05.996+1300] {taskinstance.py:1362} INFO - 
--------------------------------------------------------------------------------
[2022-11-30T13:00:05.996+1300] {taskinstance.py:1363} INFO - Starting attempt 1 of 1
[2022-11-30T13:00:05.996+1300] {taskinstance.py:1364} INFO - 
--------------------------------------------------------------------------------
[2022-11-30T13:00:06.008+1300] {taskinstance.py:1383} INFO - Executing <Task(PostgresOperator): load_landing_table> on 2022-11-29 00:00:00+00:00
[2022-11-30T13:00:06.015+1300] {standard_task_runner.py:55} INFO - Started process 80781 to run task
[2022-11-30T13:00:06.020+1300] {standard_task_runner.py:82} INFO - Running: ['airflow', 'tasks', 'run', 'load_kpi_view_dag', 'load_landing_table', 'scheduled__2022-11-29T00:00:00+00:00', '--job-id', '136', '--raw', '--subdir', 'DAGS_FOLDER/load_kpi_view.py', '--cfg-path', '/var/folders/xc/5xlsywvn2n5d0_ty56lp12y80000gp/T/tmp_yr8wzje']
[2022-11-30T13:00:06.022+1300] {standard_task_runner.py:83} INFO - Job 136: Subtask load_landing_table
[2022-11-30T13:00:06.231+1300] {task_command.py:376} INFO - Running <TaskInstance: load_kpi_view_dag.load_landing_table scheduled__2022-11-29T00:00:00+00:00 [running]> on host macbook-pro
[2022-11-30T13:00:06.332+1300] {taskinstance.py:1590} INFO - Exporting the following env vars:
AIRFLOW_CTX_DAG_OWNER=airflow
AIRFLOW_CTX_DAG_ID=load_kpi_view_dag
AIRFLOW_CTX_TASK_ID=load_landing_table
AIRFLOW_CTX_EXECUTION_DATE=2022-11-29T00:00:00+00:00
AIRFLOW_CTX_TRY_NUMBER=1
AIRFLOW_CTX_DAG_RUN_ID=scheduled__2022-11-29T00:00:00+00:00
[2022-11-30T13:00:06.344+1300] {base.py:71} INFO - Using connection ID 'postgres_db' for task execution.
[2022-11-30T13:00:06.352+1300] {sql.py:315} INFO - Running statement: do $$
<<first_block>>

DECLARE x varchar(500);
BEGIN
  --FOREACH x IN ARRAY array[['/Users/hirenpatel/airflow/csv_batch_files/task_1_logs_batch_2.csv'], ['/Users/hirenpatel/airflow/csv_batch_files/task_1_logs_batch_3.csv'], ['/Users/hirenpatel/airflow/csv_batch_files/task_1_logs_batch_1.csv']]
  FOREACH x IN ARRAY array[[]]
  LOOP
    RAISE NOTICE 'row = %', x;
        execute format(
                    'COPY logs.landing_table("site", "start_timestamp", "end_timestamp")
                    FROM '''||x||'''
                    DELIMITER '',''
                    CSV HEADER'
        );
  END LOOP;
END  first_block $$;, parameters: None
[2022-11-30T13:00:06.373+1300] {taskinstance.py:1851} ERROR - Task failed with exception
Traceback (most recent call last):
  File "/Library/Frameworks/Python.framework/Versions/3.8/lib/python3.8/site-packages/airflow/providers/postgres/operators/postgres.py", line 94, in execute
    self.hook.run(self.sql, self.autocommit, parameters=self.parameters)
  File "/Library/Frameworks/Python.framework/Versions/3.8/lib/python3.8/site-packages/airflow/providers/common/sql/hooks/sql.py", line 295, in run
    self._run_command(cur, sql_statement, parameters)
  File "/Library/Frameworks/Python.framework/Versions/3.8/lib/python3.8/site-packages/airflow/providers/common/sql/hooks/sql.py", line 320, in _run_command
    cur.execute(sql_statement)
psycopg2.errors.IndeterminateDatatype: cannot determine type of empty array
LINE 1: array[[]]
              ^
HINT:  Explicitly cast to the desired type, for example ARRAY[]::integer[].
QUERY:  array[[]]
CONTEXT:  PL/pgSQL function inline_code_block line 7 at FOREACH over array

[2022-11-30T13:00:06.385+1300] {taskinstance.py:1401} INFO - Marking task as FAILED. dag_id=load_kpi_view_dag, task_id=load_landing_table, execution_date=20221129T000000, start_date=20221130T000005, end_date=20221130T000006
[2022-11-30T13:00:06.396+1300] {standard_task_runner.py:100} ERROR - Failed to execute job 136 for task load_landing_table (cannot determine type of empty array
LINE 1: array[[]]
              ^
HINT:  Explicitly cast to the desired type, for example ARRAY[]::integer[].
QUERY:  array[[]]
CONTEXT:  PL/pgSQL function inline_code_block line 7 at FOREACH over array
; 80781)
[2022-11-30T13:00:06.433+1300] {local_task_job.py:164} INFO - Task exited with return code 1
[2022-11-30T13:00:06.512+1300] {local_task_job.py:273} INFO - 0 downstream tasks scheduled from follow-on schedule check
