[2022-11-30T17:15:52.758+1300] {taskinstance.py:1165} INFO - Dependencies all met for <TaskInstance: load_kpi_view_dag.check_for_csv scheduled__2022-11-30T03:00:00+00:00 [queued]>
[2022-11-30T17:15:52.768+1300] {taskinstance.py:1165} INFO - Dependencies all met for <TaskInstance: load_kpi_view_dag.check_for_csv scheduled__2022-11-30T03:00:00+00:00 [queued]>
[2022-11-30T17:15:52.769+1300] {taskinstance.py:1362} INFO - 
--------------------------------------------------------------------------------
[2022-11-30T17:15:52.769+1300] {taskinstance.py:1363} INFO - Starting attempt 1 of 1
[2022-11-30T17:15:52.769+1300] {taskinstance.py:1364} INFO - 
--------------------------------------------------------------------------------
[2022-11-30T17:15:52.778+1300] {taskinstance.py:1383} INFO - Executing <Task(ShortCircuitOperator): check_for_csv> on 2022-11-30 03:00:00+00:00
[2022-11-30T17:15:52.784+1300] {standard_task_runner.py:55} INFO - Started process 53961 to run task
[2022-11-30T17:15:52.788+1300] {standard_task_runner.py:82} INFO - Running: ['airflow', 'tasks', 'run', 'load_kpi_view_dag', 'check_for_csv', 'scheduled__2022-11-30T03:00:00+00:00', '--job-id', '143', '--raw', '--subdir', 'DAGS_FOLDER/load_kpi_view.py', '--cfg-path', '/var/folders/xc/5xlsywvn2n5d0_ty56lp12y80000gp/T/tmpr8lkhxnb']
[2022-11-30T17:15:52.791+1300] {standard_task_runner.py:83} INFO - Job 143: Subtask check_for_csv
[2022-11-30T17:15:52.953+1300] {task_command.py:376} INFO - Running <TaskInstance: load_kpi_view_dag.check_for_csv scheduled__2022-11-30T03:00:00+00:00 [running]> on host macbook-pro
[2022-11-30T17:15:53.024+1300] {taskinstance.py:1590} INFO - Exporting the following env vars:
AIRFLOW_CTX_DAG_OWNER=airflow
AIRFLOW_CTX_DAG_ID=load_kpi_view_dag
AIRFLOW_CTX_TASK_ID=check_for_csv
AIRFLOW_CTX_EXECUTION_DATE=2022-11-30T03:00:00+00:00
AIRFLOW_CTX_TRY_NUMBER=1
AIRFLOW_CTX_DAG_RUN_ID=scheduled__2022-11-30T03:00:00+00:00
[2022-11-30T17:15:53.025+1300] {python.py:177} INFO - Done. Returned value was: True
[2022-11-30T17:15:53.025+1300] {python.py:263} INFO - Condition result is True
[2022-11-30T17:15:53.025+1300] {python.py:266} INFO - Proceeding with downstream tasks...
[2022-11-30T17:15:53.050+1300] {taskinstance.py:1401} INFO - Marking task as SUCCESS. dag_id=load_kpi_view_dag, task_id=check_for_csv, execution_date=20221130T030000, start_date=20221130T041552, end_date=20221130T041553
[2022-11-30T17:15:53.074+1300] {local_task_job.py:164} INFO - Task exited with return code 0
[2022-11-30T17:15:53.158+1300] {local_task_job.py:273} INFO - 1 downstream tasks scheduled from follow-on schedule check
