[2022-12-01T00:04:04.329+1300] {taskinstance.py:1165} INFO - Dependencies all met for <TaskInstance: load_kpi_view_dag.check_for_csv scheduled__2022-11-30T10:00:00+00:00 [queued]>
[2022-12-01T00:04:04.341+1300] {taskinstance.py:1165} INFO - Dependencies all met for <TaskInstance: load_kpi_view_dag.check_for_csv scheduled__2022-11-30T10:00:00+00:00 [queued]>
[2022-12-01T00:04:04.341+1300] {taskinstance.py:1362} INFO - 
--------------------------------------------------------------------------------
[2022-12-01T00:04:04.341+1300] {taskinstance.py:1363} INFO - Starting attempt 1 of 1
[2022-12-01T00:04:04.341+1300] {taskinstance.py:1364} INFO - 
--------------------------------------------------------------------------------
[2022-12-01T00:04:04.358+1300] {taskinstance.py:1383} INFO - Executing <Task(ShortCircuitOperator): check_for_csv> on 2022-11-30 10:00:00+00:00
[2022-12-01T00:04:04.370+1300] {standard_task_runner.py:55} INFO - Started process 13091 to run task
[2022-12-01T00:04:04.374+1300] {standard_task_runner.py:82} INFO - Running: ['airflow', 'tasks', 'run', 'load_kpi_view_dag', 'check_for_csv', 'scheduled__2022-11-30T10:00:00+00:00', '--job-id', '161', '--raw', '--subdir', 'DAGS_FOLDER/load_kpi_view.py', '--cfg-path', '/var/folders/xc/5xlsywvn2n5d0_ty56lp12y80000gp/T/tmpwux6u5a6']
[2022-12-01T00:04:04.376+1300] {standard_task_runner.py:83} INFO - Job 161: Subtask check_for_csv
[2022-12-01T00:04:04.581+1300] {task_command.py:376} INFO - Running <TaskInstance: load_kpi_view_dag.check_for_csv scheduled__2022-11-30T10:00:00+00:00 [running]> on host macbook-pro
[2022-12-01T00:04:04.906+1300] {taskinstance.py:1590} INFO - Exporting the following env vars:
AIRFLOW_CTX_DAG_OWNER=airflow
AIRFLOW_CTX_DAG_ID=load_kpi_view_dag
AIRFLOW_CTX_TASK_ID=check_for_csv
AIRFLOW_CTX_EXECUTION_DATE=2022-11-30T10:00:00+00:00
AIRFLOW_CTX_TRY_NUMBER=1
AIRFLOW_CTX_DAG_RUN_ID=scheduled__2022-11-30T10:00:00+00:00
[2022-12-01T00:04:04.907+1300] {python.py:177} INFO - Done. Returned value was: False
[2022-12-01T00:04:04.908+1300] {python.py:263} INFO - Condition result is False
[2022-12-01T00:04:04.909+1300] {python.py:277} INFO - Skipping all downstream tasks...
[2022-12-01T00:04:05.003+1300] {python.py:285} INFO - Done.
[2022-12-01T00:04:05.038+1300] {taskinstance.py:1401} INFO - Marking task as SUCCESS. dag_id=load_kpi_view_dag, task_id=check_for_csv, execution_date=20221130T100000, start_date=20221130T110404, end_date=20221130T110405
[2022-12-01T00:04:05.133+1300] {local_task_job.py:164} INFO - Task exited with return code 0
[2022-12-01T00:04:05.470+1300] {local_task_job.py:273} INFO - 0 downstream tasks scheduled from follow-on schedule check
