[2022-11-24T13:53:27.446+1300] {taskinstance.py:1165} INFO - Dependencies all met for <TaskInstance: load_kpi_view_dag.move_csvs manual__2022-11-24T00:53:19.998259+00:00 [queued]>
[2022-11-24T13:53:27.456+1300] {taskinstance.py:1165} INFO - Dependencies all met for <TaskInstance: load_kpi_view_dag.move_csvs manual__2022-11-24T00:53:19.998259+00:00 [queued]>
[2022-11-24T13:53:27.457+1300] {taskinstance.py:1362} INFO - 
--------------------------------------------------------------------------------
[2022-11-24T13:53:27.457+1300] {taskinstance.py:1363} INFO - Starting attempt 1 of 1
[2022-11-24T13:53:27.457+1300] {taskinstance.py:1364} INFO - 
--------------------------------------------------------------------------------
[2022-11-24T13:53:27.467+1300] {taskinstance.py:1383} INFO - Executing <Task(BashOperator): move_csvs> on 2022-11-24 00:53:19.998259+00:00
[2022-11-24T13:53:27.474+1300] {standard_task_runner.py:55} INFO - Started process 68229 to run task
[2022-11-24T13:53:27.478+1300] {standard_task_runner.py:82} INFO - Running: ['airflow', 'tasks', 'run', 'load_kpi_view_dag', 'move_csvs', 'manual__2022-11-24T00:53:19.998259+00:00', '--job-id', '49', '--raw', '--subdir', 'DAGS_FOLDER/load_kpi_view.py', '--cfg-path', '/var/folders/xc/5xlsywvn2n5d0_ty56lp12y80000gp/T/tmpacbbvchz']
[2022-11-24T13:53:27.481+1300] {standard_task_runner.py:83} INFO - Job 49: Subtask move_csvs
[2022-11-24T13:53:27.654+1300] {task_command.py:376} INFO - Running <TaskInstance: load_kpi_view_dag.move_csvs manual__2022-11-24T00:53:19.998259+00:00 [running]> on host macbook-pro.hq.optimalbi.site
[2022-11-24T13:53:27.738+1300] {taskinstance.py:1590} INFO - Exporting the following env vars:
AIRFLOW_CTX_DAG_OWNER=airflow
AIRFLOW_CTX_DAG_ID=load_kpi_view_dag
AIRFLOW_CTX_TASK_ID=move_csvs
AIRFLOW_CTX_EXECUTION_DATE=2022-11-24T00:53:19.998259+00:00
AIRFLOW_CTX_TRY_NUMBER=1
AIRFLOW_CTX_DAG_RUN_ID=manual__2022-11-24T00:53:19.998259+00:00
[2022-11-24T13:53:27.743+1300] {subprocess.py:63} INFO - Tmp dir root location: 
 /var/folders/xc/5xlsywvn2n5d0_ty56lp12y80000gp/T
[2022-11-24T13:53:27.744+1300] {subprocess.py:75} INFO - Running command: ['/bin/bash', '-c', 'mv /Users/hirenpatel/airflow/csv_batch_files/*.csv /Users/hirenpatel/airflow/csv_processed/']
[2022-11-24T13:53:27.754+1300] {subprocess.py:86} INFO - Output:
[2022-11-24T13:53:27.777+1300] {subprocess.py:97} INFO - Command exited with return code 0
[2022-11-24T13:53:27.826+1300] {taskinstance.py:1401} INFO - Marking task as SUCCESS. dag_id=load_kpi_view_dag, task_id=move_csvs, execution_date=20221124T005319, start_date=20221124T005327, end_date=20221124T005327
[2022-11-24T13:53:27.851+1300] {local_task_job.py:164} INFO - Task exited with return code 0
[2022-11-24T13:53:27.931+1300] {local_task_job.py:273} INFO - 1 downstream tasks scheduled from follow-on schedule check
