[2022-11-05T13:10:01.263+1300] {processor.py:154} INFO - Started process (PID=93617) to work on /Users/hirenpatel/Documents/airflow_tutoral/py_env/lib/python3.8/site-packages/airflow/example_dags/plugins/workday.py
[2022-11-05T13:10:01.268+1300] {processor.py:756} INFO - Processing file /Users/hirenpatel/Documents/airflow_tutoral/py_env/lib/python3.8/site-packages/airflow/example_dags/plugins/workday.py for tasks to queue
[2022-11-05T13:10:01.268+1300] {logging_mixin.py:120} INFO - [2022-11-05T13:10:01.268+1300] {dagbag.py:537} INFO - Filling up the DagBag from /Users/hirenpatel/Documents/airflow_tutoral/py_env/lib/python3.8/site-packages/airflow/example_dags/plugins/workday.py
[2022-11-05T13:10:01.279+1300] {processor.py:768} WARNING - No viable dags retrieved from /Users/hirenpatel/Documents/airflow_tutoral/py_env/lib/python3.8/site-packages/airflow/example_dags/plugins/workday.py
[2022-11-05T13:10:01.389+1300] {processor.py:176} INFO - Processing /Users/hirenpatel/Documents/airflow_tutoral/py_env/lib/python3.8/site-packages/airflow/example_dags/plugins/workday.py took 0.127 seconds
[2022-11-05T13:13:15.462+1300] {processor.py:154} INFO - Started process (PID=93805) to work on /Users/hirenpatel/Documents/airflow_tutoral/py_env/lib/python3.8/site-packages/airflow/example_dags/plugins/workday.py
[2022-11-05T13:13:15.466+1300] {processor.py:756} INFO - Processing file /Users/hirenpatel/Documents/airflow_tutoral/py_env/lib/python3.8/site-packages/airflow/example_dags/plugins/workday.py for tasks to queue
[2022-11-05T13:13:15.466+1300] {logging_mixin.py:120} INFO - [2022-11-05T13:13:15.466+1300] {dagbag.py:537} INFO - Filling up the DagBag from /Users/hirenpatel/Documents/airflow_tutoral/py_env/lib/python3.8/site-packages/airflow/example_dags/plugins/workday.py
[2022-11-05T13:13:15.476+1300] {processor.py:768} WARNING - No viable dags retrieved from /Users/hirenpatel/Documents/airflow_tutoral/py_env/lib/python3.8/site-packages/airflow/example_dags/plugins/workday.py
[2022-11-05T13:13:15.557+1300] {processor.py:176} INFO - Processing /Users/hirenpatel/Documents/airflow_tutoral/py_env/lib/python3.8/site-packages/airflow/example_dags/plugins/workday.py took 0.095 seconds
[2022-11-05T13:15:07.334+1300] {processor.py:154} INFO - Started process (PID=93942) to work on /Users/hirenpatel/Documents/airflow_tutoral/py_env/lib/python3.8/site-packages/airflow/example_dags/plugins/workday.py
[2022-11-05T13:15:07.337+1300] {processor.py:756} INFO - Processing file /Users/hirenpatel/Documents/airflow_tutoral/py_env/lib/python3.8/site-packages/airflow/example_dags/plugins/workday.py for tasks to queue
[2022-11-05T13:15:07.338+1300] {logging_mixin.py:120} INFO - [2022-11-05T13:15:07.338+1300] {dagbag.py:537} INFO - Filling up the DagBag from /Users/hirenpatel/Documents/airflow_tutoral/py_env/lib/python3.8/site-packages/airflow/example_dags/plugins/workday.py
[2022-11-05T13:15:07.348+1300] {processor.py:768} WARNING - No viable dags retrieved from /Users/hirenpatel/Documents/airflow_tutoral/py_env/lib/python3.8/site-packages/airflow/example_dags/plugins/workday.py
[2022-11-05T13:15:07.431+1300] {processor.py:176} INFO - Processing /Users/hirenpatel/Documents/airflow_tutoral/py_env/lib/python3.8/site-packages/airflow/example_dags/plugins/workday.py took 0.098 seconds
[2022-11-05T13:17:06.934+1300] {processor.py:154} INFO - Started process (PID=94104) to work on /Users/hirenpatel/Documents/airflow_tutoral/py_env/lib/python3.8/site-packages/airflow/example_dags/plugins/workday.py
[2022-11-05T13:17:06.938+1300] {processor.py:756} INFO - Processing file /Users/hirenpatel/Documents/airflow_tutoral/py_env/lib/python3.8/site-packages/airflow/example_dags/plugins/workday.py for tasks to queue
[2022-11-05T13:17:06.938+1300] {logging_mixin.py:120} INFO - [2022-11-05T13:17:06.938+1300] {dagbag.py:537} INFO - Filling up the DagBag from /Users/hirenpatel/Documents/airflow_tutoral/py_env/lib/python3.8/site-packages/airflow/example_dags/plugins/workday.py
[2022-11-05T13:17:06.949+1300] {processor.py:768} WARNING - No viable dags retrieved from /Users/hirenpatel/Documents/airflow_tutoral/py_env/lib/python3.8/site-packages/airflow/example_dags/plugins/workday.py
[2022-11-05T13:17:07.032+1300] {processor.py:176} INFO - Processing /Users/hirenpatel/Documents/airflow_tutoral/py_env/lib/python3.8/site-packages/airflow/example_dags/plugins/workday.py took 0.098 seconds
[2022-11-05T13:20:06.424+1300] {processor.py:154} INFO - Started process (PID=94276) to work on /Users/hirenpatel/Documents/airflow_tutoral/py_env/lib/python3.8/site-packages/airflow/example_dags/plugins/workday.py
[2022-11-05T13:20:06.428+1300] {processor.py:756} INFO - Processing file /Users/hirenpatel/Documents/airflow_tutoral/py_env/lib/python3.8/site-packages/airflow/example_dags/plugins/workday.py for tasks to queue
[2022-11-05T13:20:06.428+1300] {logging_mixin.py:120} INFO - [2022-11-05T13:20:06.428+1300] {dagbag.py:537} INFO - Filling up the DagBag from /Users/hirenpatel/Documents/airflow_tutoral/py_env/lib/python3.8/site-packages/airflow/example_dags/plugins/workday.py
[2022-11-05T13:20:06.439+1300] {processor.py:768} WARNING - No viable dags retrieved from /Users/hirenpatel/Documents/airflow_tutoral/py_env/lib/python3.8/site-packages/airflow/example_dags/plugins/workday.py
[2022-11-05T13:20:06.541+1300] {processor.py:176} INFO - Processing /Users/hirenpatel/Documents/airflow_tutoral/py_env/lib/python3.8/site-packages/airflow/example_dags/plugins/workday.py took 0.117 seconds
[2022-11-05T13:22:23.173+1300] {processor.py:154} INFO - Started process (PID=94412) to work on /Users/hirenpatel/Documents/airflow_tutoral/py_env/lib/python3.8/site-packages/airflow/example_dags/plugins/workday.py
[2022-11-05T13:22:23.178+1300] {processor.py:756} INFO - Processing file /Users/hirenpatel/Documents/airflow_tutoral/py_env/lib/python3.8/site-packages/airflow/example_dags/plugins/workday.py for tasks to queue
[2022-11-05T13:22:23.178+1300] {logging_mixin.py:120} INFO - [2022-11-05T13:22:23.178+1300] {dagbag.py:537} INFO - Filling up the DagBag from /Users/hirenpatel/Documents/airflow_tutoral/py_env/lib/python3.8/site-packages/airflow/example_dags/plugins/workday.py
[2022-11-05T13:22:23.189+1300] {processor.py:768} WARNING - No viable dags retrieved from /Users/hirenpatel/Documents/airflow_tutoral/py_env/lib/python3.8/site-packages/airflow/example_dags/plugins/workday.py
[2022-11-05T13:22:23.274+1300] {processor.py:176} INFO - Processing /Users/hirenpatel/Documents/airflow_tutoral/py_env/lib/python3.8/site-packages/airflow/example_dags/plugins/workday.py took 0.101 seconds
[2022-11-05T13:23:56.386+1300] {processor.py:154} INFO - Started process (PID=94529) to work on /Users/hirenpatel/Documents/airflow_tutoral/py_env/lib/python3.8/site-packages/airflow/example_dags/plugins/workday.py
[2022-11-05T13:23:56.389+1300] {processor.py:756} INFO - Processing file /Users/hirenpatel/Documents/airflow_tutoral/py_env/lib/python3.8/site-packages/airflow/example_dags/plugins/workday.py for tasks to queue
[2022-11-05T13:23:56.390+1300] {logging_mixin.py:120} INFO - [2022-11-05T13:23:56.390+1300] {dagbag.py:537} INFO - Filling up the DagBag from /Users/hirenpatel/Documents/airflow_tutoral/py_env/lib/python3.8/site-packages/airflow/example_dags/plugins/workday.py
[2022-11-05T13:23:56.400+1300] {processor.py:768} WARNING - No viable dags retrieved from /Users/hirenpatel/Documents/airflow_tutoral/py_env/lib/python3.8/site-packages/airflow/example_dags/plugins/workday.py
[2022-11-05T13:23:56.485+1300] {processor.py:176} INFO - Processing /Users/hirenpatel/Documents/airflow_tutoral/py_env/lib/python3.8/site-packages/airflow/example_dags/plugins/workday.py took 0.099 seconds
[2022-11-05T13:33:35.800+1300] {processor.py:154} INFO - Started process (PID=94639) to work on /Users/hirenpatel/Documents/airflow_tutoral/py_env/lib/python3.8/site-packages/airflow/example_dags/plugins/workday.py
[2022-11-05T13:33:35.805+1300] {processor.py:756} INFO - Processing file /Users/hirenpatel/Documents/airflow_tutoral/py_env/lib/python3.8/site-packages/airflow/example_dags/plugins/workday.py for tasks to queue
[2022-11-05T13:33:35.805+1300] {logging_mixin.py:120} INFO - [2022-11-05T13:33:35.805+1300] {dagbag.py:537} INFO - Filling up the DagBag from /Users/hirenpatel/Documents/airflow_tutoral/py_env/lib/python3.8/site-packages/airflow/example_dags/plugins/workday.py
[2022-11-05T13:33:35.818+1300] {processor.py:768} WARNING - No viable dags retrieved from /Users/hirenpatel/Documents/airflow_tutoral/py_env/lib/python3.8/site-packages/airflow/example_dags/plugins/workday.py
[2022-11-05T13:33:35.944+1300] {processor.py:176} INFO - Processing /Users/hirenpatel/Documents/airflow_tutoral/py_env/lib/python3.8/site-packages/airflow/example_dags/plugins/workday.py took 0.144 seconds
[2022-11-05T13:34:58.588+1300] {processor.py:154} INFO - Started process (PID=94760) to work on /Users/hirenpatel/Documents/airflow_tutoral/py_env/lib/python3.8/site-packages/airflow/example_dags/plugins/workday.py
[2022-11-05T13:34:58.592+1300] {processor.py:756} INFO - Processing file /Users/hirenpatel/Documents/airflow_tutoral/py_env/lib/python3.8/site-packages/airflow/example_dags/plugins/workday.py for tasks to queue
[2022-11-05T13:34:58.592+1300] {logging_mixin.py:120} INFO - [2022-11-05T13:34:58.592+1300] {dagbag.py:537} INFO - Filling up the DagBag from /Users/hirenpatel/Documents/airflow_tutoral/py_env/lib/python3.8/site-packages/airflow/example_dags/plugins/workday.py
[2022-11-05T13:34:58.603+1300] {processor.py:768} WARNING - No viable dags retrieved from /Users/hirenpatel/Documents/airflow_tutoral/py_env/lib/python3.8/site-packages/airflow/example_dags/plugins/workday.py
[2022-11-05T13:34:58.686+1300] {processor.py:176} INFO - Processing /Users/hirenpatel/Documents/airflow_tutoral/py_env/lib/python3.8/site-packages/airflow/example_dags/plugins/workday.py took 0.098 seconds
[2022-11-05T13:45:31.165+1300] {processor.py:154} INFO - Started process (PID=94891) to work on /Users/hirenpatel/Documents/airflow_tutoral/py_env/lib/python3.8/site-packages/airflow/example_dags/plugins/workday.py
[2022-11-05T13:45:31.169+1300] {processor.py:756} INFO - Processing file /Users/hirenpatel/Documents/airflow_tutoral/py_env/lib/python3.8/site-packages/airflow/example_dags/plugins/workday.py for tasks to queue
[2022-11-05T13:45:31.170+1300] {logging_mixin.py:120} INFO - [2022-11-05T13:45:31.170+1300] {dagbag.py:537} INFO - Filling up the DagBag from /Users/hirenpatel/Documents/airflow_tutoral/py_env/lib/python3.8/site-packages/airflow/example_dags/plugins/workday.py
[2022-11-05T13:45:31.181+1300] {processor.py:768} WARNING - No viable dags retrieved from /Users/hirenpatel/Documents/airflow_tutoral/py_env/lib/python3.8/site-packages/airflow/example_dags/plugins/workday.py
[2022-11-05T13:45:31.342+1300] {processor.py:176} INFO - Processing /Users/hirenpatel/Documents/airflow_tutoral/py_env/lib/python3.8/site-packages/airflow/example_dags/plugins/workday.py took 0.177 seconds
[2022-11-05T13:56:14.652+1300] {processor.py:154} INFO - Started process (PID=95059) to work on /Users/hirenpatel/Documents/airflow_tutoral/py_env/lib/python3.8/site-packages/airflow/example_dags/plugins/workday.py
[2022-11-05T13:56:14.656+1300] {processor.py:756} INFO - Processing file /Users/hirenpatel/Documents/airflow_tutoral/py_env/lib/python3.8/site-packages/airflow/example_dags/plugins/workday.py for tasks to queue
[2022-11-05T13:56:14.656+1300] {logging_mixin.py:120} INFO - [2022-11-05T13:56:14.656+1300] {dagbag.py:537} INFO - Filling up the DagBag from /Users/hirenpatel/Documents/airflow_tutoral/py_env/lib/python3.8/site-packages/airflow/example_dags/plugins/workday.py
[2022-11-05T13:56:14.666+1300] {processor.py:768} WARNING - No viable dags retrieved from /Users/hirenpatel/Documents/airflow_tutoral/py_env/lib/python3.8/site-packages/airflow/example_dags/plugins/workday.py
[2022-11-05T13:56:14.750+1300] {processor.py:176} INFO - Processing /Users/hirenpatel/Documents/airflow_tutoral/py_env/lib/python3.8/site-packages/airflow/example_dags/plugins/workday.py took 0.099 seconds
[2022-11-05T14:06:53.888+1300] {processor.py:154} INFO - Started process (PID=95201) to work on /Users/hirenpatel/Documents/airflow_tutoral/py_env/lib/python3.8/site-packages/airflow/example_dags/plugins/workday.py
[2022-11-05T14:06:53.892+1300] {processor.py:756} INFO - Processing file /Users/hirenpatel/Documents/airflow_tutoral/py_env/lib/python3.8/site-packages/airflow/example_dags/plugins/workday.py for tasks to queue
[2022-11-05T14:06:53.893+1300] {logging_mixin.py:120} INFO - [2022-11-05T14:06:53.892+1300] {dagbag.py:537} INFO - Filling up the DagBag from /Users/hirenpatel/Documents/airflow_tutoral/py_env/lib/python3.8/site-packages/airflow/example_dags/plugins/workday.py
[2022-11-05T14:06:53.905+1300] {processor.py:768} WARNING - No viable dags retrieved from /Users/hirenpatel/Documents/airflow_tutoral/py_env/lib/python3.8/site-packages/airflow/example_dags/plugins/workday.py
[2022-11-05T14:06:54.019+1300] {processor.py:176} INFO - Processing /Users/hirenpatel/Documents/airflow_tutoral/py_env/lib/python3.8/site-packages/airflow/example_dags/plugins/workday.py took 0.131 seconds
[2022-11-05T14:13:39.043+1300] {processor.py:154} INFO - Started process (PID=95385) to work on /Users/hirenpatel/Documents/airflow_tutoral/py_env/lib/python3.8/site-packages/airflow/example_dags/plugins/workday.py
[2022-11-05T14:13:39.048+1300] {processor.py:756} INFO - Processing file /Users/hirenpatel/Documents/airflow_tutoral/py_env/lib/python3.8/site-packages/airflow/example_dags/plugins/workday.py for tasks to queue
[2022-11-05T14:13:39.048+1300] {logging_mixin.py:120} INFO - [2022-11-05T14:13:39.048+1300] {dagbag.py:537} INFO - Filling up the DagBag from /Users/hirenpatel/Documents/airflow_tutoral/py_env/lib/python3.8/site-packages/airflow/example_dags/plugins/workday.py
[2022-11-05T14:13:39.059+1300] {processor.py:768} WARNING - No viable dags retrieved from /Users/hirenpatel/Documents/airflow_tutoral/py_env/lib/python3.8/site-packages/airflow/example_dags/plugins/workday.py
[2022-11-05T14:13:39.144+1300] {processor.py:176} INFO - Processing /Users/hirenpatel/Documents/airflow_tutoral/py_env/lib/python3.8/site-packages/airflow/example_dags/plugins/workday.py took 0.101 seconds
[2022-11-05T14:15:47.121+1300] {processor.py:154} INFO - Started process (PID=95533) to work on /Users/hirenpatel/Documents/airflow_tutoral/py_env/lib/python3.8/site-packages/airflow/example_dags/plugins/workday.py
[2022-11-05T14:15:47.126+1300] {processor.py:756} INFO - Processing file /Users/hirenpatel/Documents/airflow_tutoral/py_env/lib/python3.8/site-packages/airflow/example_dags/plugins/workday.py for tasks to queue
[2022-11-05T14:15:47.126+1300] {logging_mixin.py:120} INFO - [2022-11-05T14:15:47.126+1300] {dagbag.py:537} INFO - Filling up the DagBag from /Users/hirenpatel/Documents/airflow_tutoral/py_env/lib/python3.8/site-packages/airflow/example_dags/plugins/workday.py
[2022-11-05T14:15:47.137+1300] {processor.py:768} WARNING - No viable dags retrieved from /Users/hirenpatel/Documents/airflow_tutoral/py_env/lib/python3.8/site-packages/airflow/example_dags/plugins/workday.py
[2022-11-05T14:15:47.222+1300] {processor.py:176} INFO - Processing /Users/hirenpatel/Documents/airflow_tutoral/py_env/lib/python3.8/site-packages/airflow/example_dags/plugins/workday.py took 0.101 seconds
[2022-11-05T14:25:08.243+1300] {processor.py:154} INFO - Started process (PID=95685) to work on /Users/hirenpatel/Documents/airflow_tutoral/py_env/lib/python3.8/site-packages/airflow/example_dags/plugins/workday.py
[2022-11-05T14:25:08.247+1300] {processor.py:756} INFO - Processing file /Users/hirenpatel/Documents/airflow_tutoral/py_env/lib/python3.8/site-packages/airflow/example_dags/plugins/workday.py for tasks to queue
[2022-11-05T14:25:08.247+1300] {logging_mixin.py:120} INFO - [2022-11-05T14:25:08.247+1300] {dagbag.py:537} INFO - Filling up the DagBag from /Users/hirenpatel/Documents/airflow_tutoral/py_env/lib/python3.8/site-packages/airflow/example_dags/plugins/workday.py
[2022-11-05T14:25:08.259+1300] {processor.py:768} WARNING - No viable dags retrieved from /Users/hirenpatel/Documents/airflow_tutoral/py_env/lib/python3.8/site-packages/airflow/example_dags/plugins/workday.py
[2022-11-05T14:25:37.274+1300] {processor.py:176} INFO - Processing /Users/hirenpatel/Documents/airflow_tutoral/py_env/lib/python3.8/site-packages/airflow/example_dags/plugins/workday.py took 0.426 seconds
[2022-11-05T14:33:09.498+1300] {processor.py:154} INFO - Started process (PID=95906) to work on /Users/hirenpatel/Documents/airflow_tutoral/py_env/lib/python3.8/site-packages/airflow/example_dags/plugins/workday.py
[2022-11-05T14:33:09.501+1300] {processor.py:756} INFO - Processing file /Users/hirenpatel/Documents/airflow_tutoral/py_env/lib/python3.8/site-packages/airflow/example_dags/plugins/workday.py for tasks to queue
[2022-11-05T14:33:09.502+1300] {logging_mixin.py:120} INFO - [2022-11-05T14:33:09.502+1300] {dagbag.py:537} INFO - Filling up the DagBag from /Users/hirenpatel/Documents/airflow_tutoral/py_env/lib/python3.8/site-packages/airflow/example_dags/plugins/workday.py
[2022-11-05T14:33:09.512+1300] {processor.py:768} WARNING - No viable dags retrieved from /Users/hirenpatel/Documents/airflow_tutoral/py_env/lib/python3.8/site-packages/airflow/example_dags/plugins/workday.py
[2022-11-05T14:33:09.614+1300] {processor.py:176} INFO - Processing /Users/hirenpatel/Documents/airflow_tutoral/py_env/lib/python3.8/site-packages/airflow/example_dags/plugins/workday.py took 0.117 seconds
[2022-11-05T14:33:58.520+1300] {processor.py:154} INFO - Started process (PID=96012) to work on /Users/hirenpatel/Documents/airflow_tutoral/py_env/lib/python3.8/site-packages/airflow/example_dags/plugins/workday.py
[2022-11-05T14:33:58.525+1300] {processor.py:756} INFO - Processing file /Users/hirenpatel/Documents/airflow_tutoral/py_env/lib/python3.8/site-packages/airflow/example_dags/plugins/workday.py for tasks to queue
[2022-11-05T14:33:58.525+1300] {logging_mixin.py:120} INFO - [2022-11-05T14:33:58.525+1300] {dagbag.py:537} INFO - Filling up the DagBag from /Users/hirenpatel/Documents/airflow_tutoral/py_env/lib/python3.8/site-packages/airflow/example_dags/plugins/workday.py
[2022-11-05T14:33:58.535+1300] {processor.py:768} WARNING - No viable dags retrieved from /Users/hirenpatel/Documents/airflow_tutoral/py_env/lib/python3.8/site-packages/airflow/example_dags/plugins/workday.py
[2022-11-05T14:33:58.621+1300] {processor.py:176} INFO - Processing /Users/hirenpatel/Documents/airflow_tutoral/py_env/lib/python3.8/site-packages/airflow/example_dags/plugins/workday.py took 0.102 seconds
[2022-11-05T14:41:52.941+1300] {processor.py:154} INFO - Started process (PID=96173) to work on /Users/hirenpatel/Documents/airflow_tutoral/py_env/lib/python3.8/site-packages/airflow/example_dags/plugins/workday.py
[2022-11-05T14:41:52.945+1300] {processor.py:756} INFO - Processing file /Users/hirenpatel/Documents/airflow_tutoral/py_env/lib/python3.8/site-packages/airflow/example_dags/plugins/workday.py for tasks to queue
[2022-11-05T14:41:52.945+1300] {logging_mixin.py:120} INFO - [2022-11-05T14:41:52.945+1300] {dagbag.py:537} INFO - Filling up the DagBag from /Users/hirenpatel/Documents/airflow_tutoral/py_env/lib/python3.8/site-packages/airflow/example_dags/plugins/workday.py
[2022-11-05T14:41:52.956+1300] {processor.py:768} WARNING - No viable dags retrieved from /Users/hirenpatel/Documents/airflow_tutoral/py_env/lib/python3.8/site-packages/airflow/example_dags/plugins/workday.py
[2022-11-05T14:41:53.049+1300] {processor.py:176} INFO - Processing /Users/hirenpatel/Documents/airflow_tutoral/py_env/lib/python3.8/site-packages/airflow/example_dags/plugins/workday.py took 0.108 seconds
[2022-11-05T14:43:24.595+1300] {processor.py:154} INFO - Started process (PID=96303) to work on /Users/hirenpatel/Documents/airflow_tutoral/py_env/lib/python3.8/site-packages/airflow/example_dags/plugins/workday.py
[2022-11-05T14:43:24.599+1300] {processor.py:756} INFO - Processing file /Users/hirenpatel/Documents/airflow_tutoral/py_env/lib/python3.8/site-packages/airflow/example_dags/plugins/workday.py for tasks to queue
[2022-11-05T14:43:24.599+1300] {logging_mixin.py:120} INFO - [2022-11-05T14:43:24.599+1300] {dagbag.py:537} INFO - Filling up the DagBag from /Users/hirenpatel/Documents/airflow_tutoral/py_env/lib/python3.8/site-packages/airflow/example_dags/plugins/workday.py
[2022-11-05T14:43:24.610+1300] {processor.py:768} WARNING - No viable dags retrieved from /Users/hirenpatel/Documents/airflow_tutoral/py_env/lib/python3.8/site-packages/airflow/example_dags/plugins/workday.py
[2022-11-05T14:43:24.701+1300] {processor.py:176} INFO - Processing /Users/hirenpatel/Documents/airflow_tutoral/py_env/lib/python3.8/site-packages/airflow/example_dags/plugins/workday.py took 0.106 seconds
[2022-11-05T14:48:10.189+1300] {processor.py:154} INFO - Started process (PID=96454) to work on /Users/hirenpatel/Documents/airflow_tutoral/py_env/lib/python3.8/site-packages/airflow/example_dags/plugins/workday.py
[2022-11-05T14:48:10.193+1300] {processor.py:756} INFO - Processing file /Users/hirenpatel/Documents/airflow_tutoral/py_env/lib/python3.8/site-packages/airflow/example_dags/plugins/workday.py for tasks to queue
[2022-11-05T14:48:10.193+1300] {logging_mixin.py:120} INFO - [2022-11-05T14:48:10.193+1300] {dagbag.py:537} INFO - Filling up the DagBag from /Users/hirenpatel/Documents/airflow_tutoral/py_env/lib/python3.8/site-packages/airflow/example_dags/plugins/workday.py
[2022-11-05T14:48:10.203+1300] {processor.py:768} WARNING - No viable dags retrieved from /Users/hirenpatel/Documents/airflow_tutoral/py_env/lib/python3.8/site-packages/airflow/example_dags/plugins/workday.py
[2022-11-05T14:48:10.287+1300] {processor.py:176} INFO - Processing /Users/hirenpatel/Documents/airflow_tutoral/py_env/lib/python3.8/site-packages/airflow/example_dags/plugins/workday.py took 0.099 seconds
[2022-11-05T14:54:36.005+1300] {processor.py:154} INFO - Started process (PID=96602) to work on /Users/hirenpatel/Documents/airflow_tutoral/py_env/lib/python3.8/site-packages/airflow/example_dags/plugins/workday.py
[2022-11-05T14:54:36.009+1300] {processor.py:756} INFO - Processing file /Users/hirenpatel/Documents/airflow_tutoral/py_env/lib/python3.8/site-packages/airflow/example_dags/plugins/workday.py for tasks to queue
[2022-11-05T14:54:36.009+1300] {logging_mixin.py:120} INFO - [2022-11-05T14:54:36.009+1300] {dagbag.py:537} INFO - Filling up the DagBag from /Users/hirenpatel/Documents/airflow_tutoral/py_env/lib/python3.8/site-packages/airflow/example_dags/plugins/workday.py
[2022-11-05T14:54:36.019+1300] {processor.py:768} WARNING - No viable dags retrieved from /Users/hirenpatel/Documents/airflow_tutoral/py_env/lib/python3.8/site-packages/airflow/example_dags/plugins/workday.py
[2022-11-05T14:54:36.106+1300] {processor.py:176} INFO - Processing /Users/hirenpatel/Documents/airflow_tutoral/py_env/lib/python3.8/site-packages/airflow/example_dags/plugins/workday.py took 0.102 seconds
[2022-11-05T15:05:35.883+1300] {processor.py:154} INFO - Started process (PID=96794) to work on /Users/hirenpatel/Documents/airflow_tutoral/py_env/lib/python3.8/site-packages/airflow/example_dags/plugins/workday.py
[2022-11-05T15:05:35.887+1300] {processor.py:756} INFO - Processing file /Users/hirenpatel/Documents/airflow_tutoral/py_env/lib/python3.8/site-packages/airflow/example_dags/plugins/workday.py for tasks to queue
[2022-11-05T15:05:35.887+1300] {logging_mixin.py:120} INFO - [2022-11-05T15:05:35.887+1300] {dagbag.py:537} INFO - Filling up the DagBag from /Users/hirenpatel/Documents/airflow_tutoral/py_env/lib/python3.8/site-packages/airflow/example_dags/plugins/workday.py
[2022-11-05T15:05:35.897+1300] {processor.py:768} WARNING - No viable dags retrieved from /Users/hirenpatel/Documents/airflow_tutoral/py_env/lib/python3.8/site-packages/airflow/example_dags/plugins/workday.py
[2022-11-05T15:05:35.983+1300] {processor.py:176} INFO - Processing /Users/hirenpatel/Documents/airflow_tutoral/py_env/lib/python3.8/site-packages/airflow/example_dags/plugins/workday.py took 0.100 seconds
[2022-11-05T15:15:05.139+1300] {processor.py:154} INFO - Started process (PID=96975) to work on /Users/hirenpatel/Documents/airflow_tutoral/py_env/lib/python3.8/site-packages/airflow/example_dags/plugins/workday.py
[2022-11-05T15:15:05.144+1300] {processor.py:756} INFO - Processing file /Users/hirenpatel/Documents/airflow_tutoral/py_env/lib/python3.8/site-packages/airflow/example_dags/plugins/workday.py for tasks to queue
[2022-11-05T15:15:05.145+1300] {logging_mixin.py:120} INFO - [2022-11-05T15:15:05.145+1300] {dagbag.py:537} INFO - Filling up the DagBag from /Users/hirenpatel/Documents/airflow_tutoral/py_env/lib/python3.8/site-packages/airflow/example_dags/plugins/workday.py
[2022-11-05T15:15:05.155+1300] {processor.py:768} WARNING - No viable dags retrieved from /Users/hirenpatel/Documents/airflow_tutoral/py_env/lib/python3.8/site-packages/airflow/example_dags/plugins/workday.py
[2022-11-05T15:15:05.247+1300] {processor.py:176} INFO - Processing /Users/hirenpatel/Documents/airflow_tutoral/py_env/lib/python3.8/site-packages/airflow/example_dags/plugins/workday.py took 0.109 seconds
[2022-11-05T15:19:38.290+1300] {processor.py:154} INFO - Started process (PID=97171) to work on /Users/hirenpatel/Documents/airflow_tutoral/py_env/lib/python3.8/site-packages/airflow/example_dags/plugins/workday.py
[2022-11-05T15:19:38.295+1300] {processor.py:756} INFO - Processing file /Users/hirenpatel/Documents/airflow_tutoral/py_env/lib/python3.8/site-packages/airflow/example_dags/plugins/workday.py for tasks to queue
[2022-11-05T15:19:38.295+1300] {logging_mixin.py:120} INFO - [2022-11-05T15:19:38.295+1300] {dagbag.py:537} INFO - Filling up the DagBag from /Users/hirenpatel/Documents/airflow_tutoral/py_env/lib/python3.8/site-packages/airflow/example_dags/plugins/workday.py
[2022-11-05T15:19:38.307+1300] {processor.py:768} WARNING - No viable dags retrieved from /Users/hirenpatel/Documents/airflow_tutoral/py_env/lib/python3.8/site-packages/airflow/example_dags/plugins/workday.py
[2022-11-05T15:19:38.398+1300] {processor.py:176} INFO - Processing /Users/hirenpatel/Documents/airflow_tutoral/py_env/lib/python3.8/site-packages/airflow/example_dags/plugins/workday.py took 0.107 seconds
[2022-11-05T15:33:26.254+1300] {processor.py:154} INFO - Started process (PID=97340) to work on /Users/hirenpatel/Documents/airflow_tutoral/py_env/lib/python3.8/site-packages/airflow/example_dags/plugins/workday.py
[2022-11-05T15:33:26.259+1300] {processor.py:756} INFO - Processing file /Users/hirenpatel/Documents/airflow_tutoral/py_env/lib/python3.8/site-packages/airflow/example_dags/plugins/workday.py for tasks to queue
[2022-11-05T15:33:26.259+1300] {logging_mixin.py:120} INFO - [2022-11-05T15:33:26.259+1300] {dagbag.py:537} INFO - Filling up the DagBag from /Users/hirenpatel/Documents/airflow_tutoral/py_env/lib/python3.8/site-packages/airflow/example_dags/plugins/workday.py
[2022-11-05T15:33:26.269+1300] {processor.py:768} WARNING - No viable dags retrieved from /Users/hirenpatel/Documents/airflow_tutoral/py_env/lib/python3.8/site-packages/airflow/example_dags/plugins/workday.py
[2022-11-05T15:33:26.360+1300] {processor.py:176} INFO - Processing /Users/hirenpatel/Documents/airflow_tutoral/py_env/lib/python3.8/site-packages/airflow/example_dags/plugins/workday.py took 0.107 seconds
[2022-11-05T15:46:05.568+1300] {processor.py:154} INFO - Started process (PID=97504) to work on /Users/hirenpatel/Documents/airflow_tutoral/py_env/lib/python3.8/site-packages/airflow/example_dags/plugins/workday.py
[2022-11-05T15:46:05.573+1300] {processor.py:756} INFO - Processing file /Users/hirenpatel/Documents/airflow_tutoral/py_env/lib/python3.8/site-packages/airflow/example_dags/plugins/workday.py for tasks to queue
[2022-11-05T15:46:05.573+1300] {logging_mixin.py:120} INFO - [2022-11-05T15:46:05.573+1300] {dagbag.py:537} INFO - Filling up the DagBag from /Users/hirenpatel/Documents/airflow_tutoral/py_env/lib/python3.8/site-packages/airflow/example_dags/plugins/workday.py
[2022-11-05T15:46:05.583+1300] {processor.py:768} WARNING - No viable dags retrieved from /Users/hirenpatel/Documents/airflow_tutoral/py_env/lib/python3.8/site-packages/airflow/example_dags/plugins/workday.py
[2022-11-05T15:46:05.670+1300] {processor.py:176} INFO - Processing /Users/hirenpatel/Documents/airflow_tutoral/py_env/lib/python3.8/site-packages/airflow/example_dags/plugins/workday.py took 0.103 seconds
[2022-11-05T15:53:02.145+1300] {processor.py:154} INFO - Started process (PID=97694) to work on /Users/hirenpatel/Documents/airflow_tutoral/py_env/lib/python3.8/site-packages/airflow/example_dags/plugins/workday.py
[2022-11-05T15:53:02.151+1300] {processor.py:756} INFO - Processing file /Users/hirenpatel/Documents/airflow_tutoral/py_env/lib/python3.8/site-packages/airflow/example_dags/plugins/workday.py for tasks to queue
[2022-11-05T15:53:02.151+1300] {logging_mixin.py:120} INFO - [2022-11-05T15:53:02.151+1300] {dagbag.py:537} INFO - Filling up the DagBag from /Users/hirenpatel/Documents/airflow_tutoral/py_env/lib/python3.8/site-packages/airflow/example_dags/plugins/workday.py
[2022-11-05T15:53:02.163+1300] {processor.py:768} WARNING - No viable dags retrieved from /Users/hirenpatel/Documents/airflow_tutoral/py_env/lib/python3.8/site-packages/airflow/example_dags/plugins/workday.py
[2022-11-05T15:53:02.259+1300] {processor.py:176} INFO - Processing /Users/hirenpatel/Documents/airflow_tutoral/py_env/lib/python3.8/site-packages/airflow/example_dags/plugins/workday.py took 0.114 seconds
[2022-11-05T15:56:17.056+1300] {processor.py:154} INFO - Started process (PID=97832) to work on /Users/hirenpatel/Documents/airflow_tutoral/py_env/lib/python3.8/site-packages/airflow/example_dags/plugins/workday.py
[2022-11-05T15:56:17.061+1300] {processor.py:756} INFO - Processing file /Users/hirenpatel/Documents/airflow_tutoral/py_env/lib/python3.8/site-packages/airflow/example_dags/plugins/workday.py for tasks to queue
[2022-11-05T15:56:17.061+1300] {logging_mixin.py:120} INFO - [2022-11-05T15:56:17.061+1300] {dagbag.py:537} INFO - Filling up the DagBag from /Users/hirenpatel/Documents/airflow_tutoral/py_env/lib/python3.8/site-packages/airflow/example_dags/plugins/workday.py
[2022-11-05T15:56:17.072+1300] {processor.py:768} WARNING - No viable dags retrieved from /Users/hirenpatel/Documents/airflow_tutoral/py_env/lib/python3.8/site-packages/airflow/example_dags/plugins/workday.py
[2022-11-05T15:56:17.164+1300] {processor.py:176} INFO - Processing /Users/hirenpatel/Documents/airflow_tutoral/py_env/lib/python3.8/site-packages/airflow/example_dags/plugins/workday.py took 0.108 seconds
[2022-11-05T15:58:02.318+1300] {processor.py:154} INFO - Started process (PID=97949) to work on /Users/hirenpatel/Documents/airflow_tutoral/py_env/lib/python3.8/site-packages/airflow/example_dags/plugins/workday.py
[2022-11-05T15:58:02.322+1300] {processor.py:756} INFO - Processing file /Users/hirenpatel/Documents/airflow_tutoral/py_env/lib/python3.8/site-packages/airflow/example_dags/plugins/workday.py for tasks to queue
[2022-11-05T15:58:02.322+1300] {logging_mixin.py:120} INFO - [2022-11-05T15:58:02.322+1300] {dagbag.py:537} INFO - Filling up the DagBag from /Users/hirenpatel/Documents/airflow_tutoral/py_env/lib/python3.8/site-packages/airflow/example_dags/plugins/workday.py
[2022-11-05T15:58:02.333+1300] {processor.py:768} WARNING - No viable dags retrieved from /Users/hirenpatel/Documents/airflow_tutoral/py_env/lib/python3.8/site-packages/airflow/example_dags/plugins/workday.py
[2022-11-05T15:58:02.417+1300] {processor.py:176} INFO - Processing /Users/hirenpatel/Documents/airflow_tutoral/py_env/lib/python3.8/site-packages/airflow/example_dags/plugins/workday.py took 0.099 seconds
[2022-11-05T16:07:57.131+1300] {processor.py:154} INFO - Started process (PID=98100) to work on /Users/hirenpatel/Documents/airflow_tutoral/py_env/lib/python3.8/site-packages/airflow/example_dags/plugins/workday.py
[2022-11-05T16:07:57.134+1300] {processor.py:756} INFO - Processing file /Users/hirenpatel/Documents/airflow_tutoral/py_env/lib/python3.8/site-packages/airflow/example_dags/plugins/workday.py for tasks to queue
[2022-11-05T16:07:57.135+1300] {logging_mixin.py:120} INFO - [2022-11-05T16:07:57.135+1300] {dagbag.py:537} INFO - Filling up the DagBag from /Users/hirenpatel/Documents/airflow_tutoral/py_env/lib/python3.8/site-packages/airflow/example_dags/plugins/workday.py
[2022-11-05T16:07:57.145+1300] {processor.py:768} WARNING - No viable dags retrieved from /Users/hirenpatel/Documents/airflow_tutoral/py_env/lib/python3.8/site-packages/airflow/example_dags/plugins/workday.py
[2022-11-05T16:07:57.246+1300] {processor.py:176} INFO - Processing /Users/hirenpatel/Documents/airflow_tutoral/py_env/lib/python3.8/site-packages/airflow/example_dags/plugins/workday.py took 0.115 seconds
[2022-11-05T16:09:30.970+1300] {processor.py:154} INFO - Started process (PID=98204) to work on /Users/hirenpatel/Documents/airflow_tutoral/py_env/lib/python3.8/site-packages/airflow/example_dags/plugins/workday.py
[2022-11-05T16:09:30.975+1300] {processor.py:756} INFO - Processing file /Users/hirenpatel/Documents/airflow_tutoral/py_env/lib/python3.8/site-packages/airflow/example_dags/plugins/workday.py for tasks to queue
[2022-11-05T16:09:30.975+1300] {logging_mixin.py:120} INFO - [2022-11-05T16:09:30.975+1300] {dagbag.py:537} INFO - Filling up the DagBag from /Users/hirenpatel/Documents/airflow_tutoral/py_env/lib/python3.8/site-packages/airflow/example_dags/plugins/workday.py
[2022-11-05T16:09:30.986+1300] {processor.py:768} WARNING - No viable dags retrieved from /Users/hirenpatel/Documents/airflow_tutoral/py_env/lib/python3.8/site-packages/airflow/example_dags/plugins/workday.py
[2022-11-05T16:09:31.074+1300] {processor.py:176} INFO - Processing /Users/hirenpatel/Documents/airflow_tutoral/py_env/lib/python3.8/site-packages/airflow/example_dags/plugins/workday.py took 0.104 seconds
[2022-11-05T16:23:12.206+1300] {processor.py:154} INFO - Started process (PID=98373) to work on /Users/hirenpatel/Documents/airflow_tutoral/py_env/lib/python3.8/site-packages/airflow/example_dags/plugins/workday.py
[2022-11-05T16:23:12.211+1300] {processor.py:756} INFO - Processing file /Users/hirenpatel/Documents/airflow_tutoral/py_env/lib/python3.8/site-packages/airflow/example_dags/plugins/workday.py for tasks to queue
[2022-11-05T16:23:12.211+1300] {logging_mixin.py:120} INFO - [2022-11-05T16:23:12.211+1300] {dagbag.py:537} INFO - Filling up the DagBag from /Users/hirenpatel/Documents/airflow_tutoral/py_env/lib/python3.8/site-packages/airflow/example_dags/plugins/workday.py
[2022-11-05T16:23:12.222+1300] {processor.py:768} WARNING - No viable dags retrieved from /Users/hirenpatel/Documents/airflow_tutoral/py_env/lib/python3.8/site-packages/airflow/example_dags/plugins/workday.py
[2022-11-05T16:23:12.309+1300] {processor.py:176} INFO - Processing /Users/hirenpatel/Documents/airflow_tutoral/py_env/lib/python3.8/site-packages/airflow/example_dags/plugins/workday.py took 0.103 seconds
[2022-11-05T17:30:42.444+1300] {processor.py:154} INFO - Started process (PID=98648) to work on /Users/hirenpatel/Documents/airflow_tutoral/py_env/lib/python3.8/site-packages/airflow/example_dags/plugins/workday.py
[2022-11-05T17:30:42.450+1300] {processor.py:756} INFO - Processing file /Users/hirenpatel/Documents/airflow_tutoral/py_env/lib/python3.8/site-packages/airflow/example_dags/plugins/workday.py for tasks to queue
[2022-11-05T17:30:42.450+1300] {logging_mixin.py:120} INFO - [2022-11-05T17:30:42.450+1300] {dagbag.py:537} INFO - Filling up the DagBag from /Users/hirenpatel/Documents/airflow_tutoral/py_env/lib/python3.8/site-packages/airflow/example_dags/plugins/workday.py
[2022-11-05T17:30:42.468+1300] {processor.py:768} WARNING - No viable dags retrieved from /Users/hirenpatel/Documents/airflow_tutoral/py_env/lib/python3.8/site-packages/airflow/example_dags/plugins/workday.py
[2022-11-05T17:30:42.626+1300] {processor.py:176} INFO - Processing /Users/hirenpatel/Documents/airflow_tutoral/py_env/lib/python3.8/site-packages/airflow/example_dags/plugins/workday.py took 0.183 seconds
[2022-11-05T17:44:22.901+1300] {processor.py:154} INFO - Started process (PID=98837) to work on /Users/hirenpatel/Documents/airflow_tutoral/py_env/lib/python3.8/site-packages/airflow/example_dags/plugins/workday.py
[2022-11-05T17:44:22.905+1300] {processor.py:756} INFO - Processing file /Users/hirenpatel/Documents/airflow_tutoral/py_env/lib/python3.8/site-packages/airflow/example_dags/plugins/workday.py for tasks to queue
[2022-11-05T17:44:22.905+1300] {logging_mixin.py:120} INFO - [2022-11-05T17:44:22.905+1300] {dagbag.py:537} INFO - Filling up the DagBag from /Users/hirenpatel/Documents/airflow_tutoral/py_env/lib/python3.8/site-packages/airflow/example_dags/plugins/workday.py
[2022-11-05T17:44:22.916+1300] {processor.py:768} WARNING - No viable dags retrieved from /Users/hirenpatel/Documents/airflow_tutoral/py_env/lib/python3.8/site-packages/airflow/example_dags/plugins/workday.py
[2022-11-05T17:44:23.005+1300] {processor.py:176} INFO - Processing /Users/hirenpatel/Documents/airflow_tutoral/py_env/lib/python3.8/site-packages/airflow/example_dags/plugins/workday.py took 0.105 seconds
[2022-11-05T17:57:09.281+1300] {processor.py:154} INFO - Started process (PID=99040) to work on /Users/hirenpatel/Documents/airflow_tutoral/py_env/lib/python3.8/site-packages/airflow/example_dags/plugins/workday.py
[2022-11-05T17:57:09.285+1300] {processor.py:756} INFO - Processing file /Users/hirenpatel/Documents/airflow_tutoral/py_env/lib/python3.8/site-packages/airflow/example_dags/plugins/workday.py for tasks to queue
[2022-11-05T17:57:09.285+1300] {logging_mixin.py:120} INFO - [2022-11-05T17:57:09.285+1300] {dagbag.py:537} INFO - Filling up the DagBag from /Users/hirenpatel/Documents/airflow_tutoral/py_env/lib/python3.8/site-packages/airflow/example_dags/plugins/workday.py
[2022-11-05T17:57:09.295+1300] {processor.py:768} WARNING - No viable dags retrieved from /Users/hirenpatel/Documents/airflow_tutoral/py_env/lib/python3.8/site-packages/airflow/example_dags/plugins/workday.py
[2022-11-05T17:57:09.375+1300] {processor.py:176} INFO - Processing /Users/hirenpatel/Documents/airflow_tutoral/py_env/lib/python3.8/site-packages/airflow/example_dags/plugins/workday.py took 0.094 seconds
[2022-11-05T17:58:48.320+1300] {processor.py:154} INFO - Started process (PID=99145) to work on /Users/hirenpatel/Documents/airflow_tutoral/py_env/lib/python3.8/site-packages/airflow/example_dags/plugins/workday.py
[2022-11-05T17:58:48.326+1300] {processor.py:756} INFO - Processing file /Users/hirenpatel/Documents/airflow_tutoral/py_env/lib/python3.8/site-packages/airflow/example_dags/plugins/workday.py for tasks to queue
[2022-11-05T17:58:48.327+1300] {logging_mixin.py:120} INFO - [2022-11-05T17:58:48.327+1300] {dagbag.py:537} INFO - Filling up the DagBag from /Users/hirenpatel/Documents/airflow_tutoral/py_env/lib/python3.8/site-packages/airflow/example_dags/plugins/workday.py
[2022-11-05T17:58:48.337+1300] {processor.py:768} WARNING - No viable dags retrieved from /Users/hirenpatel/Documents/airflow_tutoral/py_env/lib/python3.8/site-packages/airflow/example_dags/plugins/workday.py
[2022-11-05T17:58:48.427+1300] {processor.py:176} INFO - Processing /Users/hirenpatel/Documents/airflow_tutoral/py_env/lib/python3.8/site-packages/airflow/example_dags/plugins/workday.py took 0.107 seconds
[2022-11-05T18:02:02.001+1300] {processor.py:154} INFO - Started process (PID=99292) to work on /Users/hirenpatel/Documents/airflow_tutoral/py_env/lib/python3.8/site-packages/airflow/example_dags/plugins/workday.py
[2022-11-05T18:02:02.005+1300] {processor.py:756} INFO - Processing file /Users/hirenpatel/Documents/airflow_tutoral/py_env/lib/python3.8/site-packages/airflow/example_dags/plugins/workday.py for tasks to queue
[2022-11-05T18:02:02.005+1300] {logging_mixin.py:120} INFO - [2022-11-05T18:02:02.005+1300] {dagbag.py:537} INFO - Filling up the DagBag from /Users/hirenpatel/Documents/airflow_tutoral/py_env/lib/python3.8/site-packages/airflow/example_dags/plugins/workday.py
[2022-11-05T18:02:02.015+1300] {processor.py:768} WARNING - No viable dags retrieved from /Users/hirenpatel/Documents/airflow_tutoral/py_env/lib/python3.8/site-packages/airflow/example_dags/plugins/workday.py
[2022-11-05T18:02:02.101+1300] {processor.py:176} INFO - Processing /Users/hirenpatel/Documents/airflow_tutoral/py_env/lib/python3.8/site-packages/airflow/example_dags/plugins/workday.py took 0.100 seconds
[2022-11-05T18:11:57.179+1300] {processor.py:154} INFO - Started process (PID=99474) to work on /Users/hirenpatel/Documents/airflow_tutoral/py_env/lib/python3.8/site-packages/airflow/example_dags/plugins/workday.py
[2022-11-05T18:11:57.183+1300] {processor.py:756} INFO - Processing file /Users/hirenpatel/Documents/airflow_tutoral/py_env/lib/python3.8/site-packages/airflow/example_dags/plugins/workday.py for tasks to queue
[2022-11-05T18:11:57.183+1300] {logging_mixin.py:120} INFO - [2022-11-05T18:11:57.183+1300] {dagbag.py:537} INFO - Filling up the DagBag from /Users/hirenpatel/Documents/airflow_tutoral/py_env/lib/python3.8/site-packages/airflow/example_dags/plugins/workday.py
[2022-11-05T18:11:57.194+1300] {processor.py:768} WARNING - No viable dags retrieved from /Users/hirenpatel/Documents/airflow_tutoral/py_env/lib/python3.8/site-packages/airflow/example_dags/plugins/workday.py
[2022-11-05T18:11:57.304+1300] {processor.py:176} INFO - Processing /Users/hirenpatel/Documents/airflow_tutoral/py_env/lib/python3.8/site-packages/airflow/example_dags/plugins/workday.py took 0.126 seconds
[2022-11-05T18:13:11.977+1300] {processor.py:154} INFO - Started process (PID=519) to work on /Users/hirenpatel/Documents/airflow_tutoral/py_env/lib/python3.8/site-packages/airflow/example_dags/plugins/workday.py
[2022-11-05T18:13:11.982+1300] {processor.py:756} INFO - Processing file /Users/hirenpatel/Documents/airflow_tutoral/py_env/lib/python3.8/site-packages/airflow/example_dags/plugins/workday.py for tasks to queue
[2022-11-05T18:13:11.982+1300] {logging_mixin.py:120} INFO - [2022-11-05T18:13:11.982+1300] {dagbag.py:537} INFO - Filling up the DagBag from /Users/hirenpatel/Documents/airflow_tutoral/py_env/lib/python3.8/site-packages/airflow/example_dags/plugins/workday.py
[2022-11-05T18:13:11.992+1300] {processor.py:768} WARNING - No viable dags retrieved from /Users/hirenpatel/Documents/airflow_tutoral/py_env/lib/python3.8/site-packages/airflow/example_dags/plugins/workday.py
[2022-11-05T18:13:12.080+1300] {processor.py:176} INFO - Processing /Users/hirenpatel/Documents/airflow_tutoral/py_env/lib/python3.8/site-packages/airflow/example_dags/plugins/workday.py took 0.103 seconds
[2022-11-05T18:14:28.106+1300] {processor.py:154} INFO - Started process (PID=663) to work on /Users/hirenpatel/Documents/airflow_tutoral/py_env/lib/python3.8/site-packages/airflow/example_dags/plugins/workday.py
[2022-11-05T18:14:28.110+1300] {processor.py:756} INFO - Processing file /Users/hirenpatel/Documents/airflow_tutoral/py_env/lib/python3.8/site-packages/airflow/example_dags/plugins/workday.py for tasks to queue
[2022-11-05T18:14:28.110+1300] {logging_mixin.py:120} INFO - [2022-11-05T18:14:28.110+1300] {dagbag.py:537} INFO - Filling up the DagBag from /Users/hirenpatel/Documents/airflow_tutoral/py_env/lib/python3.8/site-packages/airflow/example_dags/plugins/workday.py
[2022-11-05T18:14:28.121+1300] {processor.py:768} WARNING - No viable dags retrieved from /Users/hirenpatel/Documents/airflow_tutoral/py_env/lib/python3.8/site-packages/airflow/example_dags/plugins/workday.py
[2022-11-05T18:14:28.207+1300] {processor.py:176} INFO - Processing /Users/hirenpatel/Documents/airflow_tutoral/py_env/lib/python3.8/site-packages/airflow/example_dags/plugins/workday.py took 0.101 seconds
[2022-11-05T18:16:39.389+1300] {processor.py:154} INFO - Started process (PID=790) to work on /Users/hirenpatel/Documents/airflow_tutoral/py_env/lib/python3.8/site-packages/airflow/example_dags/plugins/workday.py
[2022-11-05T18:16:39.394+1300] {processor.py:756} INFO - Processing file /Users/hirenpatel/Documents/airflow_tutoral/py_env/lib/python3.8/site-packages/airflow/example_dags/plugins/workday.py for tasks to queue
[2022-11-05T18:16:39.394+1300] {logging_mixin.py:120} INFO - [2022-11-05T18:16:39.394+1300] {dagbag.py:537} INFO - Filling up the DagBag from /Users/hirenpatel/Documents/airflow_tutoral/py_env/lib/python3.8/site-packages/airflow/example_dags/plugins/workday.py
[2022-11-05T18:16:39.404+1300] {processor.py:768} WARNING - No viable dags retrieved from /Users/hirenpatel/Documents/airflow_tutoral/py_env/lib/python3.8/site-packages/airflow/example_dags/plugins/workday.py
[2022-11-05T18:16:39.491+1300] {processor.py:176} INFO - Processing /Users/hirenpatel/Documents/airflow_tutoral/py_env/lib/python3.8/site-packages/airflow/example_dags/plugins/workday.py took 0.102 seconds
[2022-11-05T18:18:19.991+1300] {processor.py:154} INFO - Started process (PID=950) to work on /Users/hirenpatel/Documents/airflow_tutoral/py_env/lib/python3.8/site-packages/airflow/example_dags/plugins/workday.py
[2022-11-05T18:18:19.996+1300] {processor.py:756} INFO - Processing file /Users/hirenpatel/Documents/airflow_tutoral/py_env/lib/python3.8/site-packages/airflow/example_dags/plugins/workday.py for tasks to queue
[2022-11-05T18:18:19.996+1300] {logging_mixin.py:120} INFO - [2022-11-05T18:18:19.996+1300] {dagbag.py:537} INFO - Filling up the DagBag from /Users/hirenpatel/Documents/airflow_tutoral/py_env/lib/python3.8/site-packages/airflow/example_dags/plugins/workday.py
[2022-11-05T18:18:20.006+1300] {processor.py:768} WARNING - No viable dags retrieved from /Users/hirenpatel/Documents/airflow_tutoral/py_env/lib/python3.8/site-packages/airflow/example_dags/plugins/workday.py
[2022-11-05T18:18:20.095+1300] {processor.py:176} INFO - Processing /Users/hirenpatel/Documents/airflow_tutoral/py_env/lib/python3.8/site-packages/airflow/example_dags/plugins/workday.py took 0.104 seconds
[2022-11-05T18:19:22.726+1300] {processor.py:154} INFO - Started process (PID=1044) to work on /Users/hirenpatel/Documents/airflow_tutoral/py_env/lib/python3.8/site-packages/airflow/example_dags/plugins/workday.py
[2022-11-05T18:19:22.730+1300] {processor.py:756} INFO - Processing file /Users/hirenpatel/Documents/airflow_tutoral/py_env/lib/python3.8/site-packages/airflow/example_dags/plugins/workday.py for tasks to queue
[2022-11-05T18:19:22.730+1300] {logging_mixin.py:120} INFO - [2022-11-05T18:19:22.730+1300] {dagbag.py:537} INFO - Filling up the DagBag from /Users/hirenpatel/Documents/airflow_tutoral/py_env/lib/python3.8/site-packages/airflow/example_dags/plugins/workday.py
[2022-11-05T18:19:22.741+1300] {processor.py:768} WARNING - No viable dags retrieved from /Users/hirenpatel/Documents/airflow_tutoral/py_env/lib/python3.8/site-packages/airflow/example_dags/plugins/workday.py
[2022-11-05T18:19:40.778+1300] {processor.py:176} INFO - Processing /Users/hirenpatel/Documents/airflow_tutoral/py_env/lib/python3.8/site-packages/airflow/example_dags/plugins/workday.py took 0.476 seconds
[2022-11-05T18:33:56.130+1300] {processor.py:154} INFO - Started process (PID=1204) to work on /Users/hirenpatel/Documents/airflow_tutoral/py_env/lib/python3.8/site-packages/airflow/example_dags/plugins/workday.py
[2022-11-05T18:33:56.134+1300] {processor.py:756} INFO - Processing file /Users/hirenpatel/Documents/airflow_tutoral/py_env/lib/python3.8/site-packages/airflow/example_dags/plugins/workday.py for tasks to queue
[2022-11-05T18:33:56.134+1300] {logging_mixin.py:120} INFO - [2022-11-05T18:33:56.134+1300] {dagbag.py:537} INFO - Filling up the DagBag from /Users/hirenpatel/Documents/airflow_tutoral/py_env/lib/python3.8/site-packages/airflow/example_dags/plugins/workday.py
[2022-11-05T18:33:56.145+1300] {processor.py:768} WARNING - No viable dags retrieved from /Users/hirenpatel/Documents/airflow_tutoral/py_env/lib/python3.8/site-packages/airflow/example_dags/plugins/workday.py
[2022-11-05T18:33:56.231+1300] {processor.py:176} INFO - Processing /Users/hirenpatel/Documents/airflow_tutoral/py_env/lib/python3.8/site-packages/airflow/example_dags/plugins/workday.py took 0.101 seconds
[2022-11-05T18:46:45.098+1300] {processor.py:154} INFO - Started process (PID=1364) to work on /Users/hirenpatel/Documents/airflow_tutoral/py_env/lib/python3.8/site-packages/airflow/example_dags/plugins/workday.py
[2022-11-05T18:46:45.103+1300] {processor.py:756} INFO - Processing file /Users/hirenpatel/Documents/airflow_tutoral/py_env/lib/python3.8/site-packages/airflow/example_dags/plugins/workday.py for tasks to queue
[2022-11-05T18:46:45.103+1300] {logging_mixin.py:120} INFO - [2022-11-05T18:46:45.103+1300] {dagbag.py:537} INFO - Filling up the DagBag from /Users/hirenpatel/Documents/airflow_tutoral/py_env/lib/python3.8/site-packages/airflow/example_dags/plugins/workday.py
[2022-11-05T18:46:45.116+1300] {processor.py:768} WARNING - No viable dags retrieved from /Users/hirenpatel/Documents/airflow_tutoral/py_env/lib/python3.8/site-packages/airflow/example_dags/plugins/workday.py
[2022-11-05T18:46:45.230+1300] {processor.py:176} INFO - Processing /Users/hirenpatel/Documents/airflow_tutoral/py_env/lib/python3.8/site-packages/airflow/example_dags/plugins/workday.py took 0.133 seconds
[2022-11-05T18:51:48.334+1300] {processor.py:154} INFO - Started process (PID=1564) to work on /Users/hirenpatel/Documents/airflow_tutoral/py_env/lib/python3.8/site-packages/airflow/example_dags/plugins/workday.py
[2022-11-05T18:51:48.338+1300] {processor.py:756} INFO - Processing file /Users/hirenpatel/Documents/airflow_tutoral/py_env/lib/python3.8/site-packages/airflow/example_dags/plugins/workday.py for tasks to queue
[2022-11-05T18:51:48.338+1300] {logging_mixin.py:120} INFO - [2022-11-05T18:51:48.338+1300] {dagbag.py:537} INFO - Filling up the DagBag from /Users/hirenpatel/Documents/airflow_tutoral/py_env/lib/python3.8/site-packages/airflow/example_dags/plugins/workday.py
[2022-11-05T18:51:48.348+1300] {processor.py:768} WARNING - No viable dags retrieved from /Users/hirenpatel/Documents/airflow_tutoral/py_env/lib/python3.8/site-packages/airflow/example_dags/plugins/workday.py
[2022-11-05T18:51:48.434+1300] {processor.py:176} INFO - Processing /Users/hirenpatel/Documents/airflow_tutoral/py_env/lib/python3.8/site-packages/airflow/example_dags/plugins/workday.py took 0.101 seconds
[2022-11-05T18:54:05.173+1300] {processor.py:154} INFO - Started process (PID=1669) to work on /Users/hirenpatel/Documents/airflow_tutoral/py_env/lib/python3.8/site-packages/airflow/example_dags/plugins/workday.py
[2022-11-05T18:54:05.177+1300] {processor.py:756} INFO - Processing file /Users/hirenpatel/Documents/airflow_tutoral/py_env/lib/python3.8/site-packages/airflow/example_dags/plugins/workday.py for tasks to queue
[2022-11-05T18:54:05.177+1300] {logging_mixin.py:120} INFO - [2022-11-05T18:54:05.177+1300] {dagbag.py:537} INFO - Filling up the DagBag from /Users/hirenpatel/Documents/airflow_tutoral/py_env/lib/python3.8/site-packages/airflow/example_dags/plugins/workday.py
[2022-11-05T18:54:05.188+1300] {processor.py:768} WARNING - No viable dags retrieved from /Users/hirenpatel/Documents/airflow_tutoral/py_env/lib/python3.8/site-packages/airflow/example_dags/plugins/workday.py
[2022-11-05T18:54:05.274+1300] {processor.py:176} INFO - Processing /Users/hirenpatel/Documents/airflow_tutoral/py_env/lib/python3.8/site-packages/airflow/example_dags/plugins/workday.py took 0.101 seconds
[2022-11-05T18:55:37.175+1300] {processor.py:154} INFO - Started process (PID=1820) to work on /Users/hirenpatel/Documents/airflow_tutoral/py_env/lib/python3.8/site-packages/airflow/example_dags/plugins/workday.py
[2022-11-05T18:55:37.180+1300] {processor.py:756} INFO - Processing file /Users/hirenpatel/Documents/airflow_tutoral/py_env/lib/python3.8/site-packages/airflow/example_dags/plugins/workday.py for tasks to queue
[2022-11-05T18:55:37.180+1300] {logging_mixin.py:120} INFO - [2022-11-05T18:55:37.180+1300] {dagbag.py:537} INFO - Filling up the DagBag from /Users/hirenpatel/Documents/airflow_tutoral/py_env/lib/python3.8/site-packages/airflow/example_dags/plugins/workday.py
[2022-11-05T18:55:37.191+1300] {processor.py:768} WARNING - No viable dags retrieved from /Users/hirenpatel/Documents/airflow_tutoral/py_env/lib/python3.8/site-packages/airflow/example_dags/plugins/workday.py
[2022-11-05T18:55:37.274+1300] {processor.py:176} INFO - Processing /Users/hirenpatel/Documents/airflow_tutoral/py_env/lib/python3.8/site-packages/airflow/example_dags/plugins/workday.py took 0.099 seconds
[2022-11-05T18:56:55.247+1300] {processor.py:154} INFO - Started process (PID=1961) to work on /Users/hirenpatel/Documents/airflow_tutoral/py_env/lib/python3.8/site-packages/airflow/example_dags/plugins/workday.py
[2022-11-05T18:56:55.251+1300] {processor.py:756} INFO - Processing file /Users/hirenpatel/Documents/airflow_tutoral/py_env/lib/python3.8/site-packages/airflow/example_dags/plugins/workday.py for tasks to queue
[2022-11-05T18:56:55.252+1300] {logging_mixin.py:120} INFO - [2022-11-05T18:56:55.252+1300] {dagbag.py:537} INFO - Filling up the DagBag from /Users/hirenpatel/Documents/airflow_tutoral/py_env/lib/python3.8/site-packages/airflow/example_dags/plugins/workday.py
[2022-11-05T18:56:55.262+1300] {processor.py:768} WARNING - No viable dags retrieved from /Users/hirenpatel/Documents/airflow_tutoral/py_env/lib/python3.8/site-packages/airflow/example_dags/plugins/workday.py
[2022-11-05T18:56:55.351+1300] {processor.py:176} INFO - Processing /Users/hirenpatel/Documents/airflow_tutoral/py_env/lib/python3.8/site-packages/airflow/example_dags/plugins/workday.py took 0.104 seconds
[2022-11-05T18:58:21.384+1300] {processor.py:154} INFO - Started process (PID=2078) to work on /Users/hirenpatel/Documents/airflow_tutoral/py_env/lib/python3.8/site-packages/airflow/example_dags/plugins/workday.py
[2022-11-05T18:58:21.388+1300] {processor.py:756} INFO - Processing file /Users/hirenpatel/Documents/airflow_tutoral/py_env/lib/python3.8/site-packages/airflow/example_dags/plugins/workday.py for tasks to queue
[2022-11-05T18:58:21.388+1300] {logging_mixin.py:120} INFO - [2022-11-05T18:58:21.388+1300] {dagbag.py:537} INFO - Filling up the DagBag from /Users/hirenpatel/Documents/airflow_tutoral/py_env/lib/python3.8/site-packages/airflow/example_dags/plugins/workday.py
[2022-11-05T18:58:21.398+1300] {processor.py:768} WARNING - No viable dags retrieved from /Users/hirenpatel/Documents/airflow_tutoral/py_env/lib/python3.8/site-packages/airflow/example_dags/plugins/workday.py
[2022-11-05T18:58:21.482+1300] {processor.py:176} INFO - Processing /Users/hirenpatel/Documents/airflow_tutoral/py_env/lib/python3.8/site-packages/airflow/example_dags/plugins/workday.py took 0.098 seconds
[2022-11-05T19:03:15.712+1300] {processor.py:154} INFO - Started process (PID=2230) to work on /Users/hirenpatel/Documents/airflow_tutoral/py_env/lib/python3.8/site-packages/airflow/example_dags/plugins/workday.py
[2022-11-05T19:03:15.716+1300] {processor.py:756} INFO - Processing file /Users/hirenpatel/Documents/airflow_tutoral/py_env/lib/python3.8/site-packages/airflow/example_dags/plugins/workday.py for tasks to queue
[2022-11-05T19:03:15.716+1300] {logging_mixin.py:120} INFO - [2022-11-05T19:03:15.716+1300] {dagbag.py:537} INFO - Filling up the DagBag from /Users/hirenpatel/Documents/airflow_tutoral/py_env/lib/python3.8/site-packages/airflow/example_dags/plugins/workday.py
[2022-11-05T19:03:15.729+1300] {processor.py:768} WARNING - No viable dags retrieved from /Users/hirenpatel/Documents/airflow_tutoral/py_env/lib/python3.8/site-packages/airflow/example_dags/plugins/workday.py
[2022-11-05T19:03:15.825+1300] {processor.py:176} INFO - Processing /Users/hirenpatel/Documents/airflow_tutoral/py_env/lib/python3.8/site-packages/airflow/example_dags/plugins/workday.py took 0.114 seconds
[2022-11-05T19:05:37.221+1300] {processor.py:154} INFO - Started process (PID=2393) to work on /Users/hirenpatel/Documents/airflow_tutoral/py_env/lib/python3.8/site-packages/airflow/example_dags/plugins/workday.py
[2022-11-05T19:05:37.225+1300] {processor.py:756} INFO - Processing file /Users/hirenpatel/Documents/airflow_tutoral/py_env/lib/python3.8/site-packages/airflow/example_dags/plugins/workday.py for tasks to queue
[2022-11-05T19:05:37.226+1300] {logging_mixin.py:120} INFO - [2022-11-05T19:05:37.226+1300] {dagbag.py:537} INFO - Filling up the DagBag from /Users/hirenpatel/Documents/airflow_tutoral/py_env/lib/python3.8/site-packages/airflow/example_dags/plugins/workday.py
[2022-11-05T19:05:37.235+1300] {processor.py:768} WARNING - No viable dags retrieved from /Users/hirenpatel/Documents/airflow_tutoral/py_env/lib/python3.8/site-packages/airflow/example_dags/plugins/workday.py
[2022-11-05T19:05:37.315+1300] {processor.py:176} INFO - Processing /Users/hirenpatel/Documents/airflow_tutoral/py_env/lib/python3.8/site-packages/airflow/example_dags/plugins/workday.py took 0.094 seconds
[2022-11-05T19:12:04.807+1300] {processor.py:154} INFO - Started process (PID=2517) to work on /Users/hirenpatel/Documents/airflow_tutoral/py_env/lib/python3.8/site-packages/airflow/example_dags/plugins/workday.py
[2022-11-05T19:12:04.812+1300] {processor.py:756} INFO - Processing file /Users/hirenpatel/Documents/airflow_tutoral/py_env/lib/python3.8/site-packages/airflow/example_dags/plugins/workday.py for tasks to queue
[2022-11-05T19:12:04.812+1300] {logging_mixin.py:120} INFO - [2022-11-05T19:12:04.812+1300] {dagbag.py:537} INFO - Filling up the DagBag from /Users/hirenpatel/Documents/airflow_tutoral/py_env/lib/python3.8/site-packages/airflow/example_dags/plugins/workday.py
[2022-11-05T19:12:04.826+1300] {processor.py:768} WARNING - No viable dags retrieved from /Users/hirenpatel/Documents/airflow_tutoral/py_env/lib/python3.8/site-packages/airflow/example_dags/plugins/workday.py
[2022-11-05T19:12:04.932+1300] {processor.py:176} INFO - Processing /Users/hirenpatel/Documents/airflow_tutoral/py_env/lib/python3.8/site-packages/airflow/example_dags/plugins/workday.py took 0.125 seconds
[2022-11-05T19:16:46.876+1300] {processor.py:154} INFO - Started process (PID=2680) to work on /Users/hirenpatel/Documents/airflow_tutoral/py_env/lib/python3.8/site-packages/airflow/example_dags/plugins/workday.py
[2022-11-05T19:16:46.881+1300] {processor.py:756} INFO - Processing file /Users/hirenpatel/Documents/airflow_tutoral/py_env/lib/python3.8/site-packages/airflow/example_dags/plugins/workday.py for tasks to queue
[2022-11-05T19:16:46.881+1300] {logging_mixin.py:120} INFO - [2022-11-05T19:16:46.881+1300] {dagbag.py:537} INFO - Filling up the DagBag from /Users/hirenpatel/Documents/airflow_tutoral/py_env/lib/python3.8/site-packages/airflow/example_dags/plugins/workday.py
[2022-11-05T19:16:46.895+1300] {processor.py:768} WARNING - No viable dags retrieved from /Users/hirenpatel/Documents/airflow_tutoral/py_env/lib/python3.8/site-packages/airflow/example_dags/plugins/workday.py
[2022-11-05T19:16:47.012+1300] {processor.py:176} INFO - Processing /Users/hirenpatel/Documents/airflow_tutoral/py_env/lib/python3.8/site-packages/airflow/example_dags/plugins/workday.py took 0.136 seconds
[2022-11-05T19:23:03.469+1300] {processor.py:154} INFO - Started process (PID=2909) to work on /Users/hirenpatel/Documents/airflow_tutoral/py_env/lib/python3.8/site-packages/airflow/example_dags/plugins/workday.py
[2022-11-05T19:23:03.473+1300] {processor.py:756} INFO - Processing file /Users/hirenpatel/Documents/airflow_tutoral/py_env/lib/python3.8/site-packages/airflow/example_dags/plugins/workday.py for tasks to queue
[2022-11-05T19:23:03.473+1300] {logging_mixin.py:120} INFO - [2022-11-05T19:23:03.473+1300] {dagbag.py:537} INFO - Filling up the DagBag from /Users/hirenpatel/Documents/airflow_tutoral/py_env/lib/python3.8/site-packages/airflow/example_dags/plugins/workday.py
[2022-11-05T19:23:03.484+1300] {processor.py:768} WARNING - No viable dags retrieved from /Users/hirenpatel/Documents/airflow_tutoral/py_env/lib/python3.8/site-packages/airflow/example_dags/plugins/workday.py
[2022-11-05T19:23:03.571+1300] {processor.py:176} INFO - Processing /Users/hirenpatel/Documents/airflow_tutoral/py_env/lib/python3.8/site-packages/airflow/example_dags/plugins/workday.py took 0.102 seconds
[2022-11-05T19:28:18.712+1300] {processor.py:154} INFO - Started process (PID=3070) to work on /Users/hirenpatel/Documents/airflow_tutoral/py_env/lib/python3.8/site-packages/airflow/example_dags/plugins/workday.py
[2022-11-05T19:28:18.715+1300] {processor.py:756} INFO - Processing file /Users/hirenpatel/Documents/airflow_tutoral/py_env/lib/python3.8/site-packages/airflow/example_dags/plugins/workday.py for tasks to queue
[2022-11-05T19:28:18.715+1300] {logging_mixin.py:120} INFO - [2022-11-05T19:28:18.715+1300] {dagbag.py:537} INFO - Filling up the DagBag from /Users/hirenpatel/Documents/airflow_tutoral/py_env/lib/python3.8/site-packages/airflow/example_dags/plugins/workday.py
[2022-11-05T19:28:18.726+1300] {processor.py:768} WARNING - No viable dags retrieved from /Users/hirenpatel/Documents/airflow_tutoral/py_env/lib/python3.8/site-packages/airflow/example_dags/plugins/workday.py
[2022-11-05T19:28:18.813+1300] {processor.py:176} INFO - Processing /Users/hirenpatel/Documents/airflow_tutoral/py_env/lib/python3.8/site-packages/airflow/example_dags/plugins/workday.py took 0.102 seconds
[2022-11-05T19:48:24.198+1300] {processor.py:154} INFO - Started process (PID=3243) to work on /Users/hirenpatel/Documents/airflow_tutoral/py_env/lib/python3.8/site-packages/airflow/example_dags/plugins/workday.py
[2022-11-05T19:48:24.210+1300] {processor.py:756} INFO - Processing file /Users/hirenpatel/Documents/airflow_tutoral/py_env/lib/python3.8/site-packages/airflow/example_dags/plugins/workday.py for tasks to queue
[2022-11-05T19:48:24.210+1300] {logging_mixin.py:120} INFO - [2022-11-05T19:48:24.210+1300] {dagbag.py:537} INFO - Filling up the DagBag from /Users/hirenpatel/Documents/airflow_tutoral/py_env/lib/python3.8/site-packages/airflow/example_dags/plugins/workday.py
[2022-11-05T19:48:24.269+1300] {processor.py:768} WARNING - No viable dags retrieved from /Users/hirenpatel/Documents/airflow_tutoral/py_env/lib/python3.8/site-packages/airflow/example_dags/plugins/workday.py
[2022-11-05T19:48:24.436+1300] {processor.py:176} INFO - Processing /Users/hirenpatel/Documents/airflow_tutoral/py_env/lib/python3.8/site-packages/airflow/example_dags/plugins/workday.py took 0.239 seconds
[2022-11-05T19:55:54.654+1300] {processor.py:154} INFO - Started process (PID=3440) to work on /Users/hirenpatel/Documents/airflow_tutoral/py_env/lib/python3.8/site-packages/airflow/example_dags/plugins/workday.py
[2022-11-05T19:55:54.658+1300] {processor.py:756} INFO - Processing file /Users/hirenpatel/Documents/airflow_tutoral/py_env/lib/python3.8/site-packages/airflow/example_dags/plugins/workday.py for tasks to queue
[2022-11-05T19:55:54.658+1300] {logging_mixin.py:120} INFO - [2022-11-05T19:55:54.658+1300] {dagbag.py:537} INFO - Filling up the DagBag from /Users/hirenpatel/Documents/airflow_tutoral/py_env/lib/python3.8/site-packages/airflow/example_dags/plugins/workday.py
[2022-11-05T19:55:54.671+1300] {processor.py:768} WARNING - No viable dags retrieved from /Users/hirenpatel/Documents/airflow_tutoral/py_env/lib/python3.8/site-packages/airflow/example_dags/plugins/workday.py
[2022-11-05T19:55:54.779+1300] {processor.py:176} INFO - Processing /Users/hirenpatel/Documents/airflow_tutoral/py_env/lib/python3.8/site-packages/airflow/example_dags/plugins/workday.py took 0.125 seconds
[2022-11-05T19:56:55.310+1300] {processor.py:154} INFO - Started process (PID=3560) to work on /Users/hirenpatel/Documents/airflow_tutoral/py_env/lib/python3.8/site-packages/airflow/example_dags/plugins/workday.py
[2022-11-05T19:56:55.315+1300] {processor.py:756} INFO - Processing file /Users/hirenpatel/Documents/airflow_tutoral/py_env/lib/python3.8/site-packages/airflow/example_dags/plugins/workday.py for tasks to queue
[2022-11-05T19:56:55.315+1300] {logging_mixin.py:120} INFO - [2022-11-05T19:56:55.315+1300] {dagbag.py:537} INFO - Filling up the DagBag from /Users/hirenpatel/Documents/airflow_tutoral/py_env/lib/python3.8/site-packages/airflow/example_dags/plugins/workday.py
[2022-11-05T19:56:55.327+1300] {processor.py:768} WARNING - No viable dags retrieved from /Users/hirenpatel/Documents/airflow_tutoral/py_env/lib/python3.8/site-packages/airflow/example_dags/plugins/workday.py
[2022-11-05T19:56:55.415+1300] {processor.py:176} INFO - Processing /Users/hirenpatel/Documents/airflow_tutoral/py_env/lib/python3.8/site-packages/airflow/example_dags/plugins/workday.py took 0.105 seconds
[2022-11-05T19:59:06.980+1300] {processor.py:154} INFO - Started process (PID=3659) to work on /Users/hirenpatel/Documents/airflow_tutoral/py_env/lib/python3.8/site-packages/airflow/example_dags/plugins/workday.py
[2022-11-05T19:59:06.984+1300] {processor.py:756} INFO - Processing file /Users/hirenpatel/Documents/airflow_tutoral/py_env/lib/python3.8/site-packages/airflow/example_dags/plugins/workday.py for tasks to queue
[2022-11-05T19:59:06.984+1300] {logging_mixin.py:120} INFO - [2022-11-05T19:59:06.984+1300] {dagbag.py:537} INFO - Filling up the DagBag from /Users/hirenpatel/Documents/airflow_tutoral/py_env/lib/python3.8/site-packages/airflow/example_dags/plugins/workday.py
[2022-11-05T19:59:06.999+1300] {processor.py:768} WARNING - No viable dags retrieved from /Users/hirenpatel/Documents/airflow_tutoral/py_env/lib/python3.8/site-packages/airflow/example_dags/plugins/workday.py
[2022-11-05T19:59:07.086+1300] {processor.py:176} INFO - Processing /Users/hirenpatel/Documents/airflow_tutoral/py_env/lib/python3.8/site-packages/airflow/example_dags/plugins/workday.py took 0.107 seconds
[2022-11-05T20:07:01.029+1300] {processor.py:154} INFO - Started process (PID=3801) to work on /Users/hirenpatel/Documents/airflow_tutoral/py_env/lib/python3.8/site-packages/airflow/example_dags/plugins/workday.py
[2022-11-05T20:07:01.034+1300] {processor.py:756} INFO - Processing file /Users/hirenpatel/Documents/airflow_tutoral/py_env/lib/python3.8/site-packages/airflow/example_dags/plugins/workday.py for tasks to queue
[2022-11-05T20:07:01.034+1300] {logging_mixin.py:120} INFO - [2022-11-05T20:07:01.034+1300] {dagbag.py:537} INFO - Filling up the DagBag from /Users/hirenpatel/Documents/airflow_tutoral/py_env/lib/python3.8/site-packages/airflow/example_dags/plugins/workday.py
[2022-11-05T20:07:01.044+1300] {processor.py:768} WARNING - No viable dags retrieved from /Users/hirenpatel/Documents/airflow_tutoral/py_env/lib/python3.8/site-packages/airflow/example_dags/plugins/workday.py
[2022-11-05T20:07:01.187+1300] {processor.py:176} INFO - Processing /Users/hirenpatel/Documents/airflow_tutoral/py_env/lib/python3.8/site-packages/airflow/example_dags/plugins/workday.py took 0.158 seconds
[2022-11-05T20:18:31.488+1300] {processor.py:154} INFO - Started process (PID=3963) to work on /Users/hirenpatel/Documents/airflow_tutoral/py_env/lib/python3.8/site-packages/airflow/example_dags/plugins/workday.py
[2022-11-05T20:18:31.492+1300] {processor.py:756} INFO - Processing file /Users/hirenpatel/Documents/airflow_tutoral/py_env/lib/python3.8/site-packages/airflow/example_dags/plugins/workday.py for tasks to queue
[2022-11-05T20:18:31.492+1300] {logging_mixin.py:120} INFO - [2022-11-05T20:18:31.492+1300] {dagbag.py:537} INFO - Filling up the DagBag from /Users/hirenpatel/Documents/airflow_tutoral/py_env/lib/python3.8/site-packages/airflow/example_dags/plugins/workday.py
[2022-11-05T20:18:31.503+1300] {processor.py:768} WARNING - No viable dags retrieved from /Users/hirenpatel/Documents/airflow_tutoral/py_env/lib/python3.8/site-packages/airflow/example_dags/plugins/workday.py
[2022-11-05T20:18:31.589+1300] {processor.py:176} INFO - Processing /Users/hirenpatel/Documents/airflow_tutoral/py_env/lib/python3.8/site-packages/airflow/example_dags/plugins/workday.py took 0.101 seconds
[2022-11-05T20:22:05.500+1300] {processor.py:154} INFO - Started process (PID=4092) to work on /Users/hirenpatel/Documents/airflow_tutoral/py_env/lib/python3.8/site-packages/airflow/example_dags/plugins/workday.py
[2022-11-05T20:22:05.504+1300] {processor.py:756} INFO - Processing file /Users/hirenpatel/Documents/airflow_tutoral/py_env/lib/python3.8/site-packages/airflow/example_dags/plugins/workday.py for tasks to queue
[2022-11-05T20:22:05.504+1300] {logging_mixin.py:120} INFO - [2022-11-05T20:22:05.504+1300] {dagbag.py:537} INFO - Filling up the DagBag from /Users/hirenpatel/Documents/airflow_tutoral/py_env/lib/python3.8/site-packages/airflow/example_dags/plugins/workday.py
[2022-11-05T20:22:05.514+1300] {processor.py:768} WARNING - No viable dags retrieved from /Users/hirenpatel/Documents/airflow_tutoral/py_env/lib/python3.8/site-packages/airflow/example_dags/plugins/workday.py
[2022-11-05T20:22:05.601+1300] {processor.py:176} INFO - Processing /Users/hirenpatel/Documents/airflow_tutoral/py_env/lib/python3.8/site-packages/airflow/example_dags/plugins/workday.py took 0.101 seconds
[2022-11-05T20:49:13.382+1300] {processor.py:154} INFO - Started process (PID=4310) to work on /Users/hirenpatel/Documents/airflow_tutoral/py_env/lib/python3.8/site-packages/airflow/example_dags/plugins/workday.py
[2022-11-05T20:49:13.386+1300] {processor.py:756} INFO - Processing file /Users/hirenpatel/Documents/airflow_tutoral/py_env/lib/python3.8/site-packages/airflow/example_dags/plugins/workday.py for tasks to queue
[2022-11-05T20:49:13.386+1300] {logging_mixin.py:120} INFO - [2022-11-05T20:49:13.386+1300] {dagbag.py:537} INFO - Filling up the DagBag from /Users/hirenpatel/Documents/airflow_tutoral/py_env/lib/python3.8/site-packages/airflow/example_dags/plugins/workday.py
[2022-11-05T20:49:13.401+1300] {processor.py:768} WARNING - No viable dags retrieved from /Users/hirenpatel/Documents/airflow_tutoral/py_env/lib/python3.8/site-packages/airflow/example_dags/plugins/workday.py
[2022-11-05T20:49:13.491+1300] {processor.py:176} INFO - Processing /Users/hirenpatel/Documents/airflow_tutoral/py_env/lib/python3.8/site-packages/airflow/example_dags/plugins/workday.py took 0.110 seconds
[2022-11-05T21:05:59.082+1300] {processor.py:154} INFO - Started process (PID=4510) to work on /Users/hirenpatel/Documents/airflow_tutoral/py_env/lib/python3.8/site-packages/airflow/example_dags/plugins/workday.py
[2022-11-05T21:05:59.086+1300] {processor.py:756} INFO - Processing file /Users/hirenpatel/Documents/airflow_tutoral/py_env/lib/python3.8/site-packages/airflow/example_dags/plugins/workday.py for tasks to queue
[2022-11-05T21:05:59.086+1300] {logging_mixin.py:120} INFO - [2022-11-05T21:05:59.086+1300] {dagbag.py:537} INFO - Filling up the DagBag from /Users/hirenpatel/Documents/airflow_tutoral/py_env/lib/python3.8/site-packages/airflow/example_dags/plugins/workday.py
[2022-11-05T21:05:59.097+1300] {processor.py:768} WARNING - No viable dags retrieved from /Users/hirenpatel/Documents/airflow_tutoral/py_env/lib/python3.8/site-packages/airflow/example_dags/plugins/workday.py
[2022-11-05T21:05:59.180+1300] {processor.py:176} INFO - Processing /Users/hirenpatel/Documents/airflow_tutoral/py_env/lib/python3.8/site-packages/airflow/example_dags/plugins/workday.py took 0.098 seconds
[2022-11-05T21:48:47.900+1300] {processor.py:154} INFO - Started process (PID=4723) to work on /Users/hirenpatel/Documents/airflow_tutoral/py_env/lib/python3.8/site-packages/airflow/example_dags/plugins/workday.py
[2022-11-05T21:48:47.904+1300] {processor.py:756} INFO - Processing file /Users/hirenpatel/Documents/airflow_tutoral/py_env/lib/python3.8/site-packages/airflow/example_dags/plugins/workday.py for tasks to queue
[2022-11-05T21:48:47.905+1300] {logging_mixin.py:120} INFO - [2022-11-05T21:48:47.905+1300] {dagbag.py:537} INFO - Filling up the DagBag from /Users/hirenpatel/Documents/airflow_tutoral/py_env/lib/python3.8/site-packages/airflow/example_dags/plugins/workday.py
[2022-11-05T21:48:47.915+1300] {processor.py:768} WARNING - No viable dags retrieved from /Users/hirenpatel/Documents/airflow_tutoral/py_env/lib/python3.8/site-packages/airflow/example_dags/plugins/workday.py
[2022-11-05T21:48:48.001+1300] {processor.py:176} INFO - Processing /Users/hirenpatel/Documents/airflow_tutoral/py_env/lib/python3.8/site-packages/airflow/example_dags/plugins/workday.py took 0.101 seconds
[2022-11-05T22:46:27.138+1300] {processor.py:154} INFO - Started process (PID=4951) to work on /Users/hirenpatel/Documents/airflow_tutoral/py_env/lib/python3.8/site-packages/airflow/example_dags/plugins/workday.py
[2022-11-05T22:46:27.142+1300] {processor.py:756} INFO - Processing file /Users/hirenpatel/Documents/airflow_tutoral/py_env/lib/python3.8/site-packages/airflow/example_dags/plugins/workday.py for tasks to queue
[2022-11-05T22:46:27.142+1300] {logging_mixin.py:120} INFO - [2022-11-05T22:46:27.142+1300] {dagbag.py:537} INFO - Filling up the DagBag from /Users/hirenpatel/Documents/airflow_tutoral/py_env/lib/python3.8/site-packages/airflow/example_dags/plugins/workday.py
[2022-11-05T22:46:27.153+1300] {processor.py:768} WARNING - No viable dags retrieved from /Users/hirenpatel/Documents/airflow_tutoral/py_env/lib/python3.8/site-packages/airflow/example_dags/plugins/workday.py
[2022-11-05T22:46:27.235+1300] {processor.py:176} INFO - Processing /Users/hirenpatel/Documents/airflow_tutoral/py_env/lib/python3.8/site-packages/airflow/example_dags/plugins/workday.py took 0.098 seconds
[2022-11-05T23:09:48.086+1300] {processor.py:154} INFO - Started process (PID=5134) to work on /Users/hirenpatel/Documents/airflow_tutoral/py_env/lib/python3.8/site-packages/airflow/example_dags/plugins/workday.py
[2022-11-05T23:09:48.090+1300] {processor.py:756} INFO - Processing file /Users/hirenpatel/Documents/airflow_tutoral/py_env/lib/python3.8/site-packages/airflow/example_dags/plugins/workday.py for tasks to queue
[2022-11-05T23:09:48.090+1300] {logging_mixin.py:120} INFO - [2022-11-05T23:09:48.090+1300] {dagbag.py:537} INFO - Filling up the DagBag from /Users/hirenpatel/Documents/airflow_tutoral/py_env/lib/python3.8/site-packages/airflow/example_dags/plugins/workday.py
[2022-11-05T23:09:48.102+1300] {processor.py:768} WARNING - No viable dags retrieved from /Users/hirenpatel/Documents/airflow_tutoral/py_env/lib/python3.8/site-packages/airflow/example_dags/plugins/workday.py
[2022-11-05T23:09:48.200+1300] {processor.py:176} INFO - Processing /Users/hirenpatel/Documents/airflow_tutoral/py_env/lib/python3.8/site-packages/airflow/example_dags/plugins/workday.py took 0.115 seconds
[2022-11-05T23:19:00.975+1300] {processor.py:154} INFO - Started process (PID=5276) to work on /Users/hirenpatel/Documents/airflow_tutoral/py_env/lib/python3.8/site-packages/airflow/example_dags/plugins/workday.py
[2022-11-05T23:19:00.980+1300] {processor.py:756} INFO - Processing file /Users/hirenpatel/Documents/airflow_tutoral/py_env/lib/python3.8/site-packages/airflow/example_dags/plugins/workday.py for tasks to queue
[2022-11-05T23:19:00.980+1300] {logging_mixin.py:120} INFO - [2022-11-05T23:19:00.980+1300] {dagbag.py:537} INFO - Filling up the DagBag from /Users/hirenpatel/Documents/airflow_tutoral/py_env/lib/python3.8/site-packages/airflow/example_dags/plugins/workday.py
[2022-11-05T23:19:00.995+1300] {processor.py:768} WARNING - No viable dags retrieved from /Users/hirenpatel/Documents/airflow_tutoral/py_env/lib/python3.8/site-packages/airflow/example_dags/plugins/workday.py
[2022-11-05T23:19:01.119+1300] {processor.py:176} INFO - Processing /Users/hirenpatel/Documents/airflow_tutoral/py_env/lib/python3.8/site-packages/airflow/example_dags/plugins/workday.py took 0.144 seconds
[2022-11-05T23:35:21.576+1300] {processor.py:154} INFO - Started process (PID=5435) to work on /Users/hirenpatel/Documents/airflow_tutoral/py_env/lib/python3.8/site-packages/airflow/example_dags/plugins/workday.py
[2022-11-05T23:35:21.587+1300] {processor.py:756} INFO - Processing file /Users/hirenpatel/Documents/airflow_tutoral/py_env/lib/python3.8/site-packages/airflow/example_dags/plugins/workday.py for tasks to queue
[2022-11-05T23:35:21.587+1300] {logging_mixin.py:120} INFO - [2022-11-05T23:35:21.587+1300] {dagbag.py:537} INFO - Filling up the DagBag from /Users/hirenpatel/Documents/airflow_tutoral/py_env/lib/python3.8/site-packages/airflow/example_dags/plugins/workday.py
[2022-11-05T23:35:21.603+1300] {processor.py:768} WARNING - No viable dags retrieved from /Users/hirenpatel/Documents/airflow_tutoral/py_env/lib/python3.8/site-packages/airflow/example_dags/plugins/workday.py
[2022-11-05T23:35:21.747+1300] {processor.py:176} INFO - Processing /Users/hirenpatel/Documents/airflow_tutoral/py_env/lib/python3.8/site-packages/airflow/example_dags/plugins/workday.py took 0.172 seconds
[2022-11-05T23:45:04.434+1300] {processor.py:154} INFO - Started process (PID=5593) to work on /Users/hirenpatel/Documents/airflow_tutoral/py_env/lib/python3.8/site-packages/airflow/example_dags/plugins/workday.py
[2022-11-05T23:45:04.439+1300] {processor.py:756} INFO - Processing file /Users/hirenpatel/Documents/airflow_tutoral/py_env/lib/python3.8/site-packages/airflow/example_dags/plugins/workday.py for tasks to queue
[2022-11-05T23:45:04.439+1300] {logging_mixin.py:120} INFO - [2022-11-05T23:45:04.439+1300] {dagbag.py:537} INFO - Filling up the DagBag from /Users/hirenpatel/Documents/airflow_tutoral/py_env/lib/python3.8/site-packages/airflow/example_dags/plugins/workday.py
[2022-11-05T23:45:04.450+1300] {processor.py:768} WARNING - No viable dags retrieved from /Users/hirenpatel/Documents/airflow_tutoral/py_env/lib/python3.8/site-packages/airflow/example_dags/plugins/workday.py
[2022-11-05T23:45:04.545+1300] {processor.py:176} INFO - Processing /Users/hirenpatel/Documents/airflow_tutoral/py_env/lib/python3.8/site-packages/airflow/example_dags/plugins/workday.py took 0.112 seconds
[2022-11-06T00:59:08.699+1300] {processor.py:154} INFO - Started process (PID=5896) to work on /Users/hirenpatel/Documents/airflow_tutoral/py_env/lib/python3.8/site-packages/airflow/example_dags/plugins/workday.py
[2022-11-06T00:59:08.706+1300] {processor.py:756} INFO - Processing file /Users/hirenpatel/Documents/airflow_tutoral/py_env/lib/python3.8/site-packages/airflow/example_dags/plugins/workday.py for tasks to queue
[2022-11-06T00:59:08.706+1300] {logging_mixin.py:120} INFO - [2022-11-06T00:59:08.706+1300] {dagbag.py:537} INFO - Filling up the DagBag from /Users/hirenpatel/Documents/airflow_tutoral/py_env/lib/python3.8/site-packages/airflow/example_dags/plugins/workday.py
[2022-11-06T00:59:08.724+1300] {processor.py:768} WARNING - No viable dags retrieved from /Users/hirenpatel/Documents/airflow_tutoral/py_env/lib/python3.8/site-packages/airflow/example_dags/plugins/workday.py
[2022-11-06T00:59:08.856+1300] {processor.py:176} INFO - Processing /Users/hirenpatel/Documents/airflow_tutoral/py_env/lib/python3.8/site-packages/airflow/example_dags/plugins/workday.py took 0.158 seconds
[2022-11-06T01:35:14.199+1300] {processor.py:154} INFO - Started process (PID=6077) to work on /Users/hirenpatel/Documents/airflow_tutoral/py_env/lib/python3.8/site-packages/airflow/example_dags/plugins/workday.py
[2022-11-06T01:35:14.203+1300] {processor.py:756} INFO - Processing file /Users/hirenpatel/Documents/airflow_tutoral/py_env/lib/python3.8/site-packages/airflow/example_dags/plugins/workday.py for tasks to queue
[2022-11-06T01:35:14.203+1300] {logging_mixin.py:120} INFO - [2022-11-06T01:35:14.203+1300] {dagbag.py:537} INFO - Filling up the DagBag from /Users/hirenpatel/Documents/airflow_tutoral/py_env/lib/python3.8/site-packages/airflow/example_dags/plugins/workday.py
[2022-11-06T01:35:14.214+1300] {processor.py:768} WARNING - No viable dags retrieved from /Users/hirenpatel/Documents/airflow_tutoral/py_env/lib/python3.8/site-packages/airflow/example_dags/plugins/workday.py
[2022-11-06T01:35:14.299+1300] {processor.py:176} INFO - Processing /Users/hirenpatel/Documents/airflow_tutoral/py_env/lib/python3.8/site-packages/airflow/example_dags/plugins/workday.py took 0.100 seconds
[2022-11-06T03:40:18.182+1300] {processor.py:154} INFO - Started process (PID=6360) to work on /Users/hirenpatel/Documents/airflow_tutoral/py_env/lib/python3.8/site-packages/airflow/example_dags/plugins/workday.py
[2022-11-06T03:40:18.186+1300] {processor.py:756} INFO - Processing file /Users/hirenpatel/Documents/airflow_tutoral/py_env/lib/python3.8/site-packages/airflow/example_dags/plugins/workday.py for tasks to queue
[2022-11-06T03:40:18.187+1300] {logging_mixin.py:120} INFO - [2022-11-06T03:40:18.187+1300] {dagbag.py:537} INFO - Filling up the DagBag from /Users/hirenpatel/Documents/airflow_tutoral/py_env/lib/python3.8/site-packages/airflow/example_dags/plugins/workday.py
[2022-11-06T03:40:18.202+1300] {processor.py:768} WARNING - No viable dags retrieved from /Users/hirenpatel/Documents/airflow_tutoral/py_env/lib/python3.8/site-packages/airflow/example_dags/plugins/workday.py
[2022-11-06T03:40:18.342+1300] {processor.py:176} INFO - Processing /Users/hirenpatel/Documents/airflow_tutoral/py_env/lib/python3.8/site-packages/airflow/example_dags/plugins/workday.py took 0.161 seconds
[2022-11-06T05:07:12.516+1300] {processor.py:154} INFO - Started process (PID=6666) to work on /Users/hirenpatel/Documents/airflow_tutoral/py_env/lib/python3.8/site-packages/airflow/example_dags/plugins/workday.py
[2022-11-06T05:07:12.521+1300] {processor.py:756} INFO - Processing file /Users/hirenpatel/Documents/airflow_tutoral/py_env/lib/python3.8/site-packages/airflow/example_dags/plugins/workday.py for tasks to queue
[2022-11-06T05:07:12.521+1300] {logging_mixin.py:120} INFO - [2022-11-06T05:07:12.521+1300] {dagbag.py:537} INFO - Filling up the DagBag from /Users/hirenpatel/Documents/airflow_tutoral/py_env/lib/python3.8/site-packages/airflow/example_dags/plugins/workday.py
[2022-11-06T05:07:12.532+1300] {processor.py:768} WARNING - No viable dags retrieved from /Users/hirenpatel/Documents/airflow_tutoral/py_env/lib/python3.8/site-packages/airflow/example_dags/plugins/workday.py
[2022-11-06T05:07:12.621+1300] {processor.py:176} INFO - Processing /Users/hirenpatel/Documents/airflow_tutoral/py_env/lib/python3.8/site-packages/airflow/example_dags/plugins/workday.py took 0.105 seconds
[2022-11-06T06:41:51.687+1300] {processor.py:154} INFO - Started process (PID=6929) to work on /Users/hirenpatel/Documents/airflow_tutoral/py_env/lib/python3.8/site-packages/airflow/example_dags/plugins/workday.py
[2022-11-06T06:41:51.697+1300] {processor.py:756} INFO - Processing file /Users/hirenpatel/Documents/airflow_tutoral/py_env/lib/python3.8/site-packages/airflow/example_dags/plugins/workday.py for tasks to queue
[2022-11-06T06:41:51.697+1300] {logging_mixin.py:120} INFO - [2022-11-06T06:41:51.697+1300] {dagbag.py:537} INFO - Filling up the DagBag from /Users/hirenpatel/Documents/airflow_tutoral/py_env/lib/python3.8/site-packages/airflow/example_dags/plugins/workday.py
[2022-11-06T06:41:51.721+1300] {processor.py:768} WARNING - No viable dags retrieved from /Users/hirenpatel/Documents/airflow_tutoral/py_env/lib/python3.8/site-packages/airflow/example_dags/plugins/workday.py
[2022-11-06T06:41:51.889+1300] {processor.py:176} INFO - Processing /Users/hirenpatel/Documents/airflow_tutoral/py_env/lib/python3.8/site-packages/airflow/example_dags/plugins/workday.py took 0.203 seconds
[2022-11-06T08:18:13.054+1300] {processor.py:154} INFO - Started process (PID=7192) to work on /Users/hirenpatel/Documents/airflow_tutoral/py_env/lib/python3.8/site-packages/airflow/example_dags/plugins/workday.py
[2022-11-06T08:18:13.059+1300] {processor.py:756} INFO - Processing file /Users/hirenpatel/Documents/airflow_tutoral/py_env/lib/python3.8/site-packages/airflow/example_dags/plugins/workday.py for tasks to queue
[2022-11-06T08:18:13.060+1300] {logging_mixin.py:120} INFO - [2022-11-06T08:18:13.060+1300] {dagbag.py:537} INFO - Filling up the DagBag from /Users/hirenpatel/Documents/airflow_tutoral/py_env/lib/python3.8/site-packages/airflow/example_dags/plugins/workday.py
[2022-11-06T08:18:13.073+1300] {processor.py:768} WARNING - No viable dags retrieved from /Users/hirenpatel/Documents/airflow_tutoral/py_env/lib/python3.8/site-packages/airflow/example_dags/plugins/workday.py
[2022-11-06T08:18:13.185+1300] {processor.py:176} INFO - Processing /Users/hirenpatel/Documents/airflow_tutoral/py_env/lib/python3.8/site-packages/airflow/example_dags/plugins/workday.py took 0.131 seconds
[2022-11-06T09:05:38.932+1300] {processor.py:154} INFO - Started process (PID=7405) to work on /Users/hirenpatel/Documents/airflow_tutoral/py_env/lib/python3.8/site-packages/airflow/example_dags/plugins/workday.py
[2022-11-06T09:05:38.945+1300] {processor.py:756} INFO - Processing file /Users/hirenpatel/Documents/airflow_tutoral/py_env/lib/python3.8/site-packages/airflow/example_dags/plugins/workday.py for tasks to queue
[2022-11-06T09:05:38.946+1300] {logging_mixin.py:120} INFO - [2022-11-06T09:05:38.946+1300] {dagbag.py:537} INFO - Filling up the DagBag from /Users/hirenpatel/Documents/airflow_tutoral/py_env/lib/python3.8/site-packages/airflow/example_dags/plugins/workday.py
[2022-11-06T09:05:38.968+1300] {processor.py:768} WARNING - No viable dags retrieved from /Users/hirenpatel/Documents/airflow_tutoral/py_env/lib/python3.8/site-packages/airflow/example_dags/plugins/workday.py
[2022-11-06T09:05:39.110+1300] {processor.py:176} INFO - Processing /Users/hirenpatel/Documents/airflow_tutoral/py_env/lib/python3.8/site-packages/airflow/example_dags/plugins/workday.py took 0.180 seconds
[2022-11-06T09:44:52.899+1300] {processor.py:154} INFO - Started process (PID=7632) to work on /Users/hirenpatel/Documents/airflow_tutoral/py_env/lib/python3.8/site-packages/airflow/example_dags/plugins/workday.py
[2022-11-06T09:44:52.904+1300] {processor.py:756} INFO - Processing file /Users/hirenpatel/Documents/airflow_tutoral/py_env/lib/python3.8/site-packages/airflow/example_dags/plugins/workday.py for tasks to queue
[2022-11-06T09:44:52.904+1300] {logging_mixin.py:120} INFO - [2022-11-06T09:44:52.904+1300] {dagbag.py:537} INFO - Filling up the DagBag from /Users/hirenpatel/Documents/airflow_tutoral/py_env/lib/python3.8/site-packages/airflow/example_dags/plugins/workday.py
[2022-11-06T09:44:52.915+1300] {processor.py:768} WARNING - No viable dags retrieved from /Users/hirenpatel/Documents/airflow_tutoral/py_env/lib/python3.8/site-packages/airflow/example_dags/plugins/workday.py
[2022-11-06T09:44:53.000+1300] {processor.py:176} INFO - Processing /Users/hirenpatel/Documents/airflow_tutoral/py_env/lib/python3.8/site-packages/airflow/example_dags/plugins/workday.py took 0.101 seconds
[2022-11-06T10:05:54.509+1300] {processor.py:154} INFO - Started process (PID=7802) to work on /Users/hirenpatel/Documents/airflow_tutoral/py_env/lib/python3.8/site-packages/airflow/example_dags/plugins/workday.py
[2022-11-06T10:05:54.516+1300] {processor.py:756} INFO - Processing file /Users/hirenpatel/Documents/airflow_tutoral/py_env/lib/python3.8/site-packages/airflow/example_dags/plugins/workday.py for tasks to queue
[2022-11-06T10:05:54.516+1300] {logging_mixin.py:120} INFO - [2022-11-06T10:05:54.516+1300] {dagbag.py:537} INFO - Filling up the DagBag from /Users/hirenpatel/Documents/airflow_tutoral/py_env/lib/python3.8/site-packages/airflow/example_dags/plugins/workday.py
[2022-11-06T10:05:54.538+1300] {processor.py:768} WARNING - No viable dags retrieved from /Users/hirenpatel/Documents/airflow_tutoral/py_env/lib/python3.8/site-packages/airflow/example_dags/plugins/workday.py
[2022-11-06T10:05:54.698+1300] {processor.py:176} INFO - Processing /Users/hirenpatel/Documents/airflow_tutoral/py_env/lib/python3.8/site-packages/airflow/example_dags/plugins/workday.py took 0.191 seconds
[2022-11-06T10:17:43.083+1300] {processor.py:154} INFO - Started process (PID=8016) to work on /Users/hirenpatel/Documents/airflow_tutoral/py_env/lib/python3.8/site-packages/airflow/example_dags/plugins/workday.py
[2022-11-06T10:17:43.087+1300] {processor.py:756} INFO - Processing file /Users/hirenpatel/Documents/airflow_tutoral/py_env/lib/python3.8/site-packages/airflow/example_dags/plugins/workday.py for tasks to queue
[2022-11-06T10:17:43.087+1300] {logging_mixin.py:120} INFO - [2022-11-06T10:17:43.087+1300] {dagbag.py:537} INFO - Filling up the DagBag from /Users/hirenpatel/Documents/airflow_tutoral/py_env/lib/python3.8/site-packages/airflow/example_dags/plugins/workday.py
[2022-11-06T10:17:43.098+1300] {processor.py:768} WARNING - No viable dags retrieved from /Users/hirenpatel/Documents/airflow_tutoral/py_env/lib/python3.8/site-packages/airflow/example_dags/plugins/workday.py
[2022-11-06T10:17:43.187+1300] {processor.py:176} INFO - Processing /Users/hirenpatel/Documents/airflow_tutoral/py_env/lib/python3.8/site-packages/airflow/example_dags/plugins/workday.py took 0.104 seconds
[2022-11-06T10:42:49.826+1300] {processor.py:154} INFO - Started process (PID=8217) to work on /Users/hirenpatel/Documents/airflow_tutoral/py_env/lib/python3.8/site-packages/airflow/example_dags/plugins/workday.py
[2022-11-06T10:42:49.830+1300] {processor.py:756} INFO - Processing file /Users/hirenpatel/Documents/airflow_tutoral/py_env/lib/python3.8/site-packages/airflow/example_dags/plugins/workday.py for tasks to queue
[2022-11-06T10:42:49.831+1300] {logging_mixin.py:120} INFO - [2022-11-06T10:42:49.831+1300] {dagbag.py:537} INFO - Filling up the DagBag from /Users/hirenpatel/Documents/airflow_tutoral/py_env/lib/python3.8/site-packages/airflow/example_dags/plugins/workday.py
[2022-11-06T10:42:49.841+1300] {processor.py:768} WARNING - No viable dags retrieved from /Users/hirenpatel/Documents/airflow_tutoral/py_env/lib/python3.8/site-packages/airflow/example_dags/plugins/workday.py
[2022-11-06T10:42:49.927+1300] {processor.py:176} INFO - Processing /Users/hirenpatel/Documents/airflow_tutoral/py_env/lib/python3.8/site-packages/airflow/example_dags/plugins/workday.py took 0.102 seconds
[2022-11-06T11:07:06.558+1300] {processor.py:154} INFO - Started process (PID=8369) to work on /Users/hirenpatel/Documents/airflow_tutoral/py_env/lib/python3.8/site-packages/airflow/example_dags/plugins/workday.py
[2022-11-06T11:07:06.563+1300] {processor.py:756} INFO - Processing file /Users/hirenpatel/Documents/airflow_tutoral/py_env/lib/python3.8/site-packages/airflow/example_dags/plugins/workday.py for tasks to queue
[2022-11-06T11:07:06.563+1300] {logging_mixin.py:120} INFO - [2022-11-06T11:07:06.563+1300] {dagbag.py:537} INFO - Filling up the DagBag from /Users/hirenpatel/Documents/airflow_tutoral/py_env/lib/python3.8/site-packages/airflow/example_dags/plugins/workday.py
[2022-11-06T11:07:06.577+1300] {processor.py:768} WARNING - No viable dags retrieved from /Users/hirenpatel/Documents/airflow_tutoral/py_env/lib/python3.8/site-packages/airflow/example_dags/plugins/workday.py
[2022-11-06T11:07:06.693+1300] {processor.py:176} INFO - Processing /Users/hirenpatel/Documents/airflow_tutoral/py_env/lib/python3.8/site-packages/airflow/example_dags/plugins/workday.py took 0.135 seconds
[2022-11-06T11:29:43.664+1300] {processor.py:154} INFO - Started process (PID=8568) to work on /Users/hirenpatel/Documents/airflow_tutoral/py_env/lib/python3.8/site-packages/airflow/example_dags/plugins/workday.py
[2022-11-06T11:29:43.668+1300] {processor.py:756} INFO - Processing file /Users/hirenpatel/Documents/airflow_tutoral/py_env/lib/python3.8/site-packages/airflow/example_dags/plugins/workday.py for tasks to queue
[2022-11-06T11:29:43.668+1300] {logging_mixin.py:120} INFO - [2022-11-06T11:29:43.668+1300] {dagbag.py:537} INFO - Filling up the DagBag from /Users/hirenpatel/Documents/airflow_tutoral/py_env/lib/python3.8/site-packages/airflow/example_dags/plugins/workday.py
[2022-11-06T11:29:43.678+1300] {processor.py:768} WARNING - No viable dags retrieved from /Users/hirenpatel/Documents/airflow_tutoral/py_env/lib/python3.8/site-packages/airflow/example_dags/plugins/workday.py
[2022-11-06T11:29:43.759+1300] {processor.py:176} INFO - Processing /Users/hirenpatel/Documents/airflow_tutoral/py_env/lib/python3.8/site-packages/airflow/example_dags/plugins/workday.py took 0.095 seconds
[2022-11-06T12:03:12.469+1300] {processor.py:154} INFO - Started process (PID=8750) to work on /Users/hirenpatel/Documents/airflow_tutoral/py_env/lib/python3.8/site-packages/airflow/example_dags/plugins/workday.py
[2022-11-06T12:03:12.472+1300] {processor.py:756} INFO - Processing file /Users/hirenpatel/Documents/airflow_tutoral/py_env/lib/python3.8/site-packages/airflow/example_dags/plugins/workday.py for tasks to queue
[2022-11-06T12:03:12.473+1300] {logging_mixin.py:120} INFO - [2022-11-06T12:03:12.473+1300] {dagbag.py:537} INFO - Filling up the DagBag from /Users/hirenpatel/Documents/airflow_tutoral/py_env/lib/python3.8/site-packages/airflow/example_dags/plugins/workday.py
[2022-11-06T12:03:12.483+1300] {processor.py:768} WARNING - No viable dags retrieved from /Users/hirenpatel/Documents/airflow_tutoral/py_env/lib/python3.8/site-packages/airflow/example_dags/plugins/workday.py
[2022-11-06T12:03:12.571+1300] {processor.py:176} INFO - Processing /Users/hirenpatel/Documents/airflow_tutoral/py_env/lib/python3.8/site-packages/airflow/example_dags/plugins/workday.py took 0.103 seconds
