[2022-11-25T10:13:23.090+1300] {taskinstance.py:1165} INFO - Dependencies all met for <TaskInstance: load_kpi_view_dag.truncate_loading_table manual__2022-11-24T21:13:21.016144+00:00 [queued]>
[2022-11-25T10:13:23.106+1300] {taskinstance.py:1165} INFO - Dependencies all met for <TaskInstance: load_kpi_view_dag.truncate_loading_table manual__2022-11-24T21:13:21.016144+00:00 [queued]>
[2022-11-25T10:13:23.107+1300] {taskinstance.py:1362} INFO - 
--------------------------------------------------------------------------------
[2022-11-25T10:13:23.107+1300] {taskinstance.py:1363} INFO - Starting attempt 1 of 1
[2022-11-25T10:13:23.107+1300] {taskinstance.py:1364} INFO - 
--------------------------------------------------------------------------------
[2022-11-25T10:13:23.117+1300] {taskinstance.py:1383} INFO - Executing <Task(PostgresOperator): truncate_loading_table> on 2022-11-24 21:13:21.016144+00:00
[2022-11-25T10:13:23.126+1300] {standard_task_runner.py:55} INFO - Started process 34309 to run task
[2022-11-25T10:13:23.131+1300] {standard_task_runner.py:82} INFO - Running: ['airflow', 'tasks', 'run', 'load_kpi_view_dag', 'truncate_loading_table', 'manual__2022-11-24T21:13:21.016144+00:00', '--job-id', '82', '--raw', '--subdir', 'DAGS_FOLDER/load_kpi_view.py', '--cfg-path', '/var/folders/xc/5xlsywvn2n5d0_ty56lp12y80000gp/T/tmpye480hq1']
[2022-11-25T10:13:23.133+1300] {standard_task_runner.py:83} INFO - Job 82: Subtask truncate_loading_table
[2022-11-25T10:13:23.329+1300] {task_command.py:376} INFO - Running <TaskInstance: load_kpi_view_dag.truncate_loading_table manual__2022-11-24T21:13:21.016144+00:00 [running]> on host macbook-pro.hq.optimalbi.site
[2022-11-25T10:13:23.401+1300] {taskinstance.py:1590} INFO - Exporting the following env vars:
AIRFLOW_CTX_DAG_OWNER=airflow
AIRFLOW_CTX_DAG_ID=load_kpi_view_dag
AIRFLOW_CTX_TASK_ID=truncate_loading_table
AIRFLOW_CTX_EXECUTION_DATE=2022-11-24T21:13:21.016144+00:00
AIRFLOW_CTX_TRY_NUMBER=1
AIRFLOW_CTX_DAG_RUN_ID=manual__2022-11-24T21:13:21.016144+00:00
[2022-11-25T10:13:23.413+1300] {base.py:71} INFO - Using connection ID 'postgres_db' for task execution.
[2022-11-25T10:13:23.421+1300] {sql.py:315} INFO - Running statement: 

CREATE TABLE IF NOT EXISTS logs.landing_table (
    site character(50),
    start_timestamp timestamp without time zone,
    end_timestamp timestamp without time zone,
    id integer NOT NULL
);
ALTER TABLE logs.landing_table OWNER TO admin;

--
-- TOC entry 220 (class 1259 OID 32904)
-- Name: landing_table_id_seq; Type: SEQUENCE; Schema: logs; Owner: admin
--

CREATE SEQUENCE IF NOT EXISTS logs.landing_table_id_seq
    AS integer
    START WITH 1
    INCREMENT BY 1
    NO MINVALUE
    NO MAXVALUE
    CACHE 1;

-- Empty out the table before copying from csv.
TRUNCATE LOGS.landing_table;
    



, parameters: None
[2022-11-25T10:13:23.425+1300] {postgres.py:96} INFO - NOTICE:  relation "landing_table" already exists, skipping

[2022-11-25T10:13:23.426+1300] {postgres.py:96} INFO - NOTICE:  relation "landing_table_id_seq" already exists, skipping

[2022-11-25T10:13:23.450+1300] {taskinstance.py:1401} INFO - Marking task as SUCCESS. dag_id=load_kpi_view_dag, task_id=truncate_loading_table, execution_date=20221124T211321, start_date=20221124T211323, end_date=20221124T211323
[2022-11-25T10:13:23.496+1300] {local_task_job.py:164} INFO - Task exited with return code 0
[2022-11-25T10:13:23.583+1300] {local_task_job.py:273} INFO - 1 downstream tasks scheduled from follow-on schedule check
