[2022-12-05T09:51:26.110+1300] {taskinstance.py:1165} INFO - Dependencies all met for <TaskInstance: load_kpi_view_dag.move_csvs manual__2022-12-04T20:51:16.771984+00:00 [queued]>
[2022-12-05T09:51:26.121+1300] {taskinstance.py:1165} INFO - Dependencies all met for <TaskInstance: load_kpi_view_dag.move_csvs manual__2022-12-04T20:51:16.771984+00:00 [queued]>
[2022-12-05T09:51:26.121+1300] {taskinstance.py:1362} INFO - 
--------------------------------------------------------------------------------
[2022-12-05T09:51:26.121+1300] {taskinstance.py:1363} INFO - Starting attempt 1 of 1
[2022-12-05T09:51:26.121+1300] {taskinstance.py:1364} INFO - 
--------------------------------------------------------------------------------
[2022-12-05T09:51:26.130+1300] {taskinstance.py:1383} INFO - Executing <Task(BashOperator): move_csvs> on 2022-12-04 20:51:16.771984+00:00
[2022-12-05T09:51:26.135+1300] {standard_task_runner.py:55} INFO - Started process 4777 to run task
[2022-12-05T09:51:26.139+1300] {standard_task_runner.py:82} INFO - Running: ['airflow', 'tasks', 'run', 'load_kpi_view_dag', 'move_csvs', 'manual__2022-12-04T20:51:16.771984+00:00', '--job-id', '373', '--raw', '--subdir', 'DAGS_FOLDER/load_kpi_view.py', '--cfg-path', '/var/folders/xc/5xlsywvn2n5d0_ty56lp12y80000gp/T/tmp5qca9tpq']
[2022-12-05T09:51:26.142+1300] {standard_task_runner.py:83} INFO - Job 373: Subtask move_csvs
[2022-12-05T09:51:26.295+1300] {task_command.py:376} INFO - Running <TaskInstance: load_kpi_view_dag.move_csvs manual__2022-12-04T20:51:16.771984+00:00 [running]> on host macbook-pro
[2022-12-05T09:51:26.357+1300] {taskinstance.py:1590} INFO - Exporting the following env vars:
AIRFLOW_CTX_DAG_OWNER=airflow
AIRFLOW_CTX_DAG_ID=load_kpi_view_dag
AIRFLOW_CTX_TASK_ID=move_csvs
AIRFLOW_CTX_EXECUTION_DATE=2022-12-04T20:51:16.771984+00:00
AIRFLOW_CTX_TRY_NUMBER=1
AIRFLOW_CTX_DAG_RUN_ID=manual__2022-12-04T20:51:16.771984+00:00
[2022-12-05T09:51:26.359+1300] {subprocess.py:63} INFO - Tmp dir root location: 
 /var/folders/xc/5xlsywvn2n5d0_ty56lp12y80000gp/T
[2022-12-05T09:51:26.360+1300] {subprocess.py:75} INFO - Running command: ['/bin/bash', '-c', 'mv /Users/hirenpatel/airflow/csv_batch_files/*.csv /Users/hirenpatel/airflow/csv_processed/']
[2022-12-05T09:51:26.369+1300] {subprocess.py:86} INFO - Output:
[2022-12-05T09:51:26.388+1300] {subprocess.py:97} INFO - Command exited with return code 0
[2022-12-05T09:51:26.435+1300] {taskinstance.py:1401} INFO - Marking task as SUCCESS. dag_id=load_kpi_view_dag, task_id=move_csvs, execution_date=20221204T205116, start_date=20221204T205126, end_date=20221204T205126
[2022-12-05T09:51:26.468+1300] {local_task_job.py:164} INFO - Task exited with return code 0
[2022-12-05T09:51:26.550+1300] {local_task_job.py:273} INFO - 1 downstream tasks scheduled from follow-on schedule check
