[2022-12-05T13:00:02.227+1300] {taskinstance.py:1165} INFO - Dependencies all met for <TaskInstance: load_kpi_view_dag.check_for_csv scheduled__2022-12-04T23:00:00+00:00 [queued]>
[2022-12-05T13:00:02.250+1300] {taskinstance.py:1165} INFO - Dependencies all met for <TaskInstance: load_kpi_view_dag.check_for_csv scheduled__2022-12-04T23:00:00+00:00 [queued]>
[2022-12-05T13:00:02.250+1300] {taskinstance.py:1362} INFO - 
--------------------------------------------------------------------------------
[2022-12-05T13:00:02.250+1300] {taskinstance.py:1363} INFO - Starting attempt 1 of 1
[2022-12-05T13:00:02.251+1300] {taskinstance.py:1364} INFO - 
--------------------------------------------------------------------------------
[2022-12-05T13:00:02.261+1300] {taskinstance.py:1383} INFO - Executing <Task(ShortCircuitOperator): check_for_csv> on 2022-12-04 23:00:00+00:00
[2022-12-05T13:00:02.268+1300] {standard_task_runner.py:55} INFO - Started process 59120 to run task
[2022-12-05T13:00:02.272+1300] {standard_task_runner.py:82} INFO - Running: ['airflow', 'tasks', 'run', 'load_kpi_view_dag', 'check_for_csv', 'scheduled__2022-12-04T23:00:00+00:00', '--job-id', '391', '--raw', '--subdir', 'DAGS_FOLDER/load_kpi_view.py', '--cfg-path', '/var/folders/xc/5xlsywvn2n5d0_ty56lp12y80000gp/T/tmp3jtr2irm']
[2022-12-05T13:00:02.273+1300] {standard_task_runner.py:83} INFO - Job 391: Subtask check_for_csv
[2022-12-05T13:00:02.456+1300] {task_command.py:376} INFO - Running <TaskInstance: load_kpi_view_dag.check_for_csv scheduled__2022-12-04T23:00:00+00:00 [running]> on host macbook-pro
[2022-12-05T13:00:02.529+1300] {taskinstance.py:1590} INFO - Exporting the following env vars:
AIRFLOW_CTX_DAG_OWNER=airflow
AIRFLOW_CTX_DAG_ID=load_kpi_view_dag
AIRFLOW_CTX_TASK_ID=check_for_csv
AIRFLOW_CTX_EXECUTION_DATE=2022-12-04T23:00:00+00:00
AIRFLOW_CTX_TRY_NUMBER=1
AIRFLOW_CTX_DAG_RUN_ID=scheduled__2022-12-04T23:00:00+00:00
[2022-12-05T13:00:02.530+1300] {python.py:177} INFO - Done. Returned value was: False
[2022-12-05T13:00:02.530+1300] {python.py:263} INFO - Condition result is False
[2022-12-05T13:00:02.530+1300] {python.py:277} INFO - Skipping all downstream tasks...
[2022-12-05T13:00:02.553+1300] {python.py:285} INFO - Done.
[2022-12-05T13:00:02.564+1300] {taskinstance.py:1401} INFO - Marking task as SUCCESS. dag_id=load_kpi_view_dag, task_id=check_for_csv, execution_date=20221204T230000, start_date=20221205T000002, end_date=20221205T000002
[2022-12-05T13:00:02.604+1300] {local_task_job.py:164} INFO - Task exited with return code 0
[2022-12-05T13:00:02.678+1300] {local_task_job.py:273} INFO - 0 downstream tasks scheduled from follow-on schedule check
