[2022-12-01T10:11:52.709+1300] {taskinstance.py:1165} INFO - Dependencies all met for <TaskInstance: load_kpi_view_dag.move_csvs manual__2022-11-30T21:11:43.104126+00:00 [queued]>
[2022-12-01T10:11:52.722+1300] {taskinstance.py:1165} INFO - Dependencies all met for <TaskInstance: load_kpi_view_dag.move_csvs manual__2022-11-30T21:11:43.104126+00:00 [queued]>
[2022-12-01T10:11:52.722+1300] {taskinstance.py:1362} INFO - 
--------------------------------------------------------------------------------
[2022-12-01T10:11:52.722+1300] {taskinstance.py:1363} INFO - Starting attempt 1 of 1
[2022-12-01T10:11:52.722+1300] {taskinstance.py:1364} INFO - 
--------------------------------------------------------------------------------
[2022-12-01T10:11:52.733+1300] {taskinstance.py:1383} INFO - Executing <Task(BashOperator): move_csvs> on 2022-11-30 21:11:43.104126+00:00
[2022-12-01T10:11:52.740+1300] {standard_task_runner.py:55} INFO - Started process 85909 to run task
[2022-12-01T10:11:52.744+1300] {standard_task_runner.py:82} INFO - Running: ['airflow', 'tasks', 'run', 'load_kpi_view_dag', 'move_csvs', 'manual__2022-11-30T21:11:43.104126+00:00', '--job-id', '201', '--raw', '--subdir', 'DAGS_FOLDER/load_kpi_view.py', '--cfg-path', '/var/folders/xc/5xlsywvn2n5d0_ty56lp12y80000gp/T/tmp_m2xln0l']
[2022-12-01T10:11:52.746+1300] {standard_task_runner.py:83} INFO - Job 201: Subtask move_csvs
[2022-12-01T10:11:52.946+1300] {task_command.py:376} INFO - Running <TaskInstance: load_kpi_view_dag.move_csvs manual__2022-11-30T21:11:43.104126+00:00 [running]> on host macbook-pro.hq.optimalbi.site
[2022-12-01T10:11:53.026+1300] {taskinstance.py:1590} INFO - Exporting the following env vars:
AIRFLOW_CTX_DAG_OWNER=airflow
AIRFLOW_CTX_DAG_ID=load_kpi_view_dag
AIRFLOW_CTX_TASK_ID=move_csvs
AIRFLOW_CTX_EXECUTION_DATE=2022-11-30T21:11:43.104126+00:00
AIRFLOW_CTX_TRY_NUMBER=1
AIRFLOW_CTX_DAG_RUN_ID=manual__2022-11-30T21:11:43.104126+00:00
[2022-12-01T10:11:53.027+1300] {subprocess.py:63} INFO - Tmp dir root location: 
 /var/folders/xc/5xlsywvn2n5d0_ty56lp12y80000gp/T
[2022-12-01T10:11:53.028+1300] {subprocess.py:75} INFO - Running command: ['/bin/bash', '-c', 'mv /Users/hirenpatel/airflow/csv_batch_files/*.csv /Users/hirenpatel/airflow/csv_processed/']
[2022-12-01T10:11:53.038+1300] {subprocess.py:86} INFO - Output:
[2022-12-01T10:11:53.052+1300] {subprocess.py:97} INFO - Command exited with return code 0
[2022-12-01T10:11:53.097+1300] {taskinstance.py:1401} INFO - Marking task as SUCCESS. dag_id=load_kpi_view_dag, task_id=move_csvs, execution_date=20221130T211143, start_date=20221130T211152, end_date=20221130T211153
[2022-12-01T10:11:53.120+1300] {local_task_job.py:164} INFO - Task exited with return code 0
[2022-12-01T10:11:53.200+1300] {local_task_job.py:273} INFO - 1 downstream tasks scheduled from follow-on schedule check
