[2022-12-01T10:11:54.738+1300] {taskinstance.py:1165} INFO - Dependencies all met for <TaskInstance: load_kpi_view_dag.load_all_sites_table manual__2022-11-30T21:11:43.104126+00:00 [queued]>
[2022-12-01T10:11:54.749+1300] {taskinstance.py:1165} INFO - Dependencies all met for <TaskInstance: load_kpi_view_dag.load_all_sites_table manual__2022-11-30T21:11:43.104126+00:00 [queued]>
[2022-12-01T10:11:54.749+1300] {taskinstance.py:1362} INFO - 
--------------------------------------------------------------------------------
[2022-12-01T10:11:54.749+1300] {taskinstance.py:1363} INFO - Starting attempt 1 of 1
[2022-12-01T10:11:54.749+1300] {taskinstance.py:1364} INFO - 
--------------------------------------------------------------------------------
[2022-12-01T10:11:54.759+1300] {taskinstance.py:1383} INFO - Executing <Task(PostgresOperator): load_all_sites_table> on 2022-11-30 21:11:43.104126+00:00
[2022-12-01T10:11:54.766+1300] {standard_task_runner.py:55} INFO - Started process 85941 to run task
[2022-12-01T10:11:54.771+1300] {standard_task_runner.py:82} INFO - Running: ['airflow', 'tasks', 'run', 'load_kpi_view_dag', 'load_all_sites_table', 'manual__2022-11-30T21:11:43.104126+00:00', '--job-id', '202', '--raw', '--subdir', 'DAGS_FOLDER/load_kpi_view.py', '--cfg-path', '/var/folders/xc/5xlsywvn2n5d0_ty56lp12y80000gp/T/tmppzsn2cu_']
[2022-12-01T10:11:54.772+1300] {standard_task_runner.py:83} INFO - Job 202: Subtask load_all_sites_table
[2022-12-01T10:11:54.927+1300] {task_command.py:376} INFO - Running <TaskInstance: load_kpi_view_dag.load_all_sites_table manual__2022-11-30T21:11:43.104126+00:00 [running]> on host macbook-pro.hq.optimalbi.site
[2022-12-01T10:11:54.989+1300] {taskinstance.py:1590} INFO - Exporting the following env vars:
AIRFLOW_CTX_DAG_OWNER=airflow
AIRFLOW_CTX_DAG_ID=load_kpi_view_dag
AIRFLOW_CTX_TASK_ID=load_all_sites_table
AIRFLOW_CTX_EXECUTION_DATE=2022-11-30T21:11:43.104126+00:00
AIRFLOW_CTX_TRY_NUMBER=1
AIRFLOW_CTX_DAG_RUN_ID=manual__2022-11-30T21:11:43.104126+00:00
[2022-12-01T10:11:55.000+1300] {base.py:71} INFO - Using connection ID 'postgres_db' for task execution.
[2022-12-01T10:11:55.006+1300] {sql.py:315} INFO - Running statement: 
        INSERT INTO logs.all_sites
        SELECT *
        FROM logs.landing_table
        , parameters: None
[2022-12-01T10:11:55.008+1300] {sql.py:324} INFO - Rows affected: 200
[2022-12-01T10:11:55.020+1300] {taskinstance.py:1401} INFO - Marking task as SUCCESS. dag_id=load_kpi_view_dag, task_id=load_all_sites_table, execution_date=20221130T211143, start_date=20221130T211154, end_date=20221130T211155
[2022-12-01T10:11:55.057+1300] {local_task_job.py:164} INFO - Task exited with return code 0
[2022-12-01T10:11:55.129+1300] {local_task_job.py:273} INFO - 1 downstream tasks scheduled from follow-on schedule check
