[2022-11-25T13:04:02.362+1300] {taskinstance.py:1165} INFO - Dependencies all met for <TaskInstance: load_kpi_view_dag.get_all_kpis scheduled__2022-11-24T00:00:00+00:00 [queued]>
[2022-11-25T13:04:02.383+1300] {taskinstance.py:1165} INFO - Dependencies all met for <TaskInstance: load_kpi_view_dag.get_all_kpis scheduled__2022-11-24T00:00:00+00:00 [queued]>
[2022-11-25T13:04:02.384+1300] {taskinstance.py:1362} INFO - 
--------------------------------------------------------------------------------
[2022-11-25T13:04:02.385+1300] {taskinstance.py:1363} INFO - Starting attempt 1 of 1
[2022-11-25T13:04:02.385+1300] {taskinstance.py:1364} INFO - 
--------------------------------------------------------------------------------
[2022-11-25T13:04:02.403+1300] {taskinstance.py:1383} INFO - Executing <Task(PythonOperator): get_all_kpis> on 2022-11-24 00:00:00+00:00
[2022-11-25T13:04:02.411+1300] {standard_task_runner.py:55} INFO - Started process 86815 to run task
[2022-11-25T13:04:02.418+1300] {standard_task_runner.py:82} INFO - Running: ['airflow', 'tasks', 'run', 'load_kpi_view_dag', 'get_all_kpis', 'scheduled__2022-11-24T00:00:00+00:00', '--job-id', '93', '--raw', '--subdir', 'DAGS_FOLDER/load_kpi_view.py', '--cfg-path', '/var/folders/xc/5xlsywvn2n5d0_ty56lp12y80000gp/T/tmpdzsfq362']
[2022-11-25T13:04:02.421+1300] {standard_task_runner.py:83} INFO - Job 93: Subtask get_all_kpis
[2022-11-25T13:04:02.696+1300] {task_command.py:376} INFO - Running <TaskInstance: load_kpi_view_dag.get_all_kpis scheduled__2022-11-24T00:00:00+00:00 [running]> on host macbook-pro.hq.optimalbi.site
[2022-11-25T13:04:02.835+1300] {taskinstance.py:1590} INFO - Exporting the following env vars:
AIRFLOW_CTX_DAG_OWNER=airflow
AIRFLOW_CTX_DAG_ID=load_kpi_view_dag
AIRFLOW_CTX_TASK_ID=get_all_kpis
AIRFLOW_CTX_EXECUTION_DATE=2022-11-24T00:00:00+00:00
AIRFLOW_CTX_TRY_NUMBER=1
AIRFLOW_CTX_DAG_RUN_ID=scheduled__2022-11-24T00:00:00+00:00
[2022-11-25T13:04:02.858+1300] {base.py:71} INFO - Using connection ID 'postgres_db' for task execution.
[2022-11-25T13:04:02.885+1300] {logging_mixin.py:120} INFO - result []
[2022-11-25T13:04:02.885+1300] {python.py:177} INFO - Done. Returned value was: []
[2022-11-25T13:04:02.932+1300] {taskinstance.py:1401} INFO - Marking task as SUCCESS. dag_id=load_kpi_view_dag, task_id=get_all_kpis, execution_date=20221124T000000, start_date=20221125T000402, end_date=20221125T000402
[2022-11-25T13:04:02.991+1300] {local_task_job.py:164} INFO - Task exited with return code 0
[2022-11-25T13:04:03.092+1300] {local_task_job.py:273} INFO - 0 downstream tasks scheduled from follow-on schedule check
