[2022-11-29T16:24:24.600+1300] {taskinstance.py:1165} INFO - Dependencies all met for <TaskInstance: load_kpi_view_dag.load_all_sites_table manual__2022-11-29T03:24:14.805587+00:00 [queued]>
[2022-11-29T16:24:24.611+1300] {taskinstance.py:1165} INFO - Dependencies all met for <TaskInstance: load_kpi_view_dag.load_all_sites_table manual__2022-11-29T03:24:14.805587+00:00 [queued]>
[2022-11-29T16:24:24.611+1300] {taskinstance.py:1362} INFO - 
--------------------------------------------------------------------------------
[2022-11-29T16:24:24.611+1300] {taskinstance.py:1363} INFO - Starting attempt 1 of 1
[2022-11-29T16:24:24.612+1300] {taskinstance.py:1364} INFO - 
--------------------------------------------------------------------------------
[2022-11-29T16:24:24.621+1300] {taskinstance.py:1383} INFO - Executing <Task(PostgresOperator): load_all_sites_table> on 2022-11-29 03:24:14.805587+00:00
[2022-11-29T16:24:24.629+1300] {standard_task_runner.py:55} INFO - Started process 16420 to run task
[2022-11-29T16:24:24.633+1300] {standard_task_runner.py:82} INFO - Running: ['airflow', 'tasks', 'run', 'load_kpi_view_dag', 'load_all_sites_table', 'manual__2022-11-29T03:24:14.805587+00:00', '--job-id', '132', '--raw', '--subdir', 'DAGS_FOLDER/load_kpi_view.py', '--cfg-path', '/var/folders/xc/5xlsywvn2n5d0_ty56lp12y80000gp/T/tmp6dgi4ql6']
[2022-11-29T16:24:24.634+1300] {standard_task_runner.py:83} INFO - Job 132: Subtask load_all_sites_table
[2022-11-29T16:24:24.824+1300] {task_command.py:376} INFO - Running <TaskInstance: load_kpi_view_dag.load_all_sites_table manual__2022-11-29T03:24:14.805587+00:00 [running]> on host macbook-pro.hq.optimalbi.site
[2022-11-29T16:24:24.920+1300] {taskinstance.py:1590} INFO - Exporting the following env vars:
AIRFLOW_CTX_DAG_OWNER=airflow
AIRFLOW_CTX_DAG_ID=load_kpi_view_dag
AIRFLOW_CTX_TASK_ID=load_all_sites_table
AIRFLOW_CTX_EXECUTION_DATE=2022-11-29T03:24:14.805587+00:00
AIRFLOW_CTX_TRY_NUMBER=1
AIRFLOW_CTX_DAG_RUN_ID=manual__2022-11-29T03:24:14.805587+00:00
[2022-11-29T16:24:24.935+1300] {base.py:71} INFO - Using connection ID 'postgres_db' for task execution.
[2022-11-29T16:24:24.942+1300] {sql.py:315} INFO - Running statement: 
        INSERT INTO logs.all_sites
        SELECT *
        FROM logs.landing_table
        , parameters: None
[2022-11-29T16:24:24.945+1300] {sql.py:324} INFO - Rows affected: 102
[2022-11-29T16:24:24.961+1300] {taskinstance.py:1401} INFO - Marking task as SUCCESS. dag_id=load_kpi_view_dag, task_id=load_all_sites_table, execution_date=20221129T032414, start_date=20221129T032424, end_date=20221129T032424
[2022-11-29T16:24:25.008+1300] {local_task_job.py:164} INFO - Task exited with return code 0
[2022-11-29T16:24:25.084+1300] {local_task_job.py:273} INFO - 1 downstream tasks scheduled from follow-on schedule check
