[2022-11-30T18:00:12.091+1300] {taskinstance.py:1165} INFO - Dependencies all met for <TaskInstance: load_kpi_view_dag.check_for_csv scheduled__2022-11-30T04:00:00+00:00 [queued]>
[2022-11-30T18:00:12.105+1300] {taskinstance.py:1165} INFO - Dependencies all met for <TaskInstance: load_kpi_view_dag.check_for_csv scheduled__2022-11-30T04:00:00+00:00 [queued]>
[2022-11-30T18:00:12.105+1300] {taskinstance.py:1362} INFO - 
--------------------------------------------------------------------------------
[2022-11-30T18:00:12.105+1300] {taskinstance.py:1363} INFO - Starting attempt 1 of 1
[2022-11-30T18:00:12.106+1300] {taskinstance.py:1364} INFO - 
--------------------------------------------------------------------------------
[2022-11-30T18:00:12.122+1300] {taskinstance.py:1383} INFO - Executing <Task(ShortCircuitOperator): check_for_csv> on 2022-11-30 04:00:00+00:00
[2022-11-30T18:00:12.138+1300] {standard_task_runner.py:55} INFO - Started process 62414 to run task
[2022-11-30T18:00:12.146+1300] {standard_task_runner.py:82} INFO - Running: ['airflow', 'tasks', 'run', 'load_kpi_view_dag', 'check_for_csv', 'scheduled__2022-11-30T04:00:00+00:00', '--job-id', '149', '--raw', '--subdir', 'DAGS_FOLDER/load_kpi_view.py', '--cfg-path', '/var/folders/xc/5xlsywvn2n5d0_ty56lp12y80000gp/T/tmpajiqmuxa']
[2022-11-30T18:00:12.149+1300] {standard_task_runner.py:83} INFO - Job 149: Subtask check_for_csv
[2022-11-30T18:00:12.344+1300] {task_command.py:376} INFO - Running <TaskInstance: load_kpi_view_dag.check_for_csv scheduled__2022-11-30T04:00:00+00:00 [running]> on host macbook-pro
[2022-11-30T18:00:12.537+1300] {taskinstance.py:1590} INFO - Exporting the following env vars:
AIRFLOW_CTX_DAG_OWNER=airflow
AIRFLOW_CTX_DAG_ID=load_kpi_view_dag
AIRFLOW_CTX_TASK_ID=check_for_csv
AIRFLOW_CTX_EXECUTION_DATE=2022-11-30T04:00:00+00:00
AIRFLOW_CTX_TRY_NUMBER=1
AIRFLOW_CTX_DAG_RUN_ID=scheduled__2022-11-30T04:00:00+00:00
[2022-11-30T18:00:12.538+1300] {python.py:177} INFO - Done. Returned value was: False
[2022-11-30T18:00:12.539+1300] {python.py:263} INFO - Condition result is False
[2022-11-30T18:00:12.540+1300] {python.py:277} INFO - Skipping all downstream tasks...
[2022-11-30T18:00:12.619+1300] {python.py:285} INFO - Done.
[2022-11-30T18:00:12.643+1300] {taskinstance.py:1401} INFO - Marking task as SUCCESS. dag_id=load_kpi_view_dag, task_id=check_for_csv, execution_date=20221130T040000, start_date=20221130T050012, end_date=20221130T050012
[2022-11-30T18:00:12.697+1300] {local_task_job.py:164} INFO - Task exited with return code 0
[2022-11-30T18:00:12.848+1300] {local_task_job.py:273} INFO - 0 downstream tasks scheduled from follow-on schedule check
