[2022-11-23T16:48:59.587+1300] {taskinstance.py:1165} INFO - Dependencies all met for <TaskInstance: load_kpi_view_dag.load_landing_table manual__2022-11-23T03:48:57.531114+00:00 [queued]>
[2022-11-23T16:48:59.598+1300] {taskinstance.py:1165} INFO - Dependencies all met for <TaskInstance: load_kpi_view_dag.load_landing_table manual__2022-11-23T03:48:57.531114+00:00 [queued]>
[2022-11-23T16:48:59.598+1300] {taskinstance.py:1362} INFO - 
--------------------------------------------------------------------------------
[2022-11-23T16:48:59.598+1300] {taskinstance.py:1363} INFO - Starting attempt 1 of 1
[2022-11-23T16:48:59.598+1300] {taskinstance.py:1364} INFO - 
--------------------------------------------------------------------------------
[2022-11-23T16:48:59.611+1300] {taskinstance.py:1383} INFO - Executing <Task(PythonOperator): load_landing_table> on 2022-11-23 03:48:57.531114+00:00
[2022-11-23T16:48:59.619+1300] {standard_task_runner.py:55} INFO - Started process 75897 to run task
[2022-11-23T16:48:59.623+1300] {standard_task_runner.py:82} INFO - Running: ['airflow', 'tasks', 'run', 'load_kpi_view_dag', 'load_landing_table', 'manual__2022-11-23T03:48:57.531114+00:00', '--job-id', '42', '--raw', '--subdir', 'DAGS_FOLDER/load_kpi_view.py', '--cfg-path', '/var/folders/xc/5xlsywvn2n5d0_ty56lp12y80000gp/T/tmp96vbhr79']
[2022-11-23T16:48:59.625+1300] {standard_task_runner.py:83} INFO - Job 42: Subtask load_landing_table
[2022-11-23T16:48:59.810+1300] {task_command.py:376} INFO - Running <TaskInstance: load_kpi_view_dag.load_landing_table manual__2022-11-23T03:48:57.531114+00:00 [running]> on host macbook-pro
[2022-11-23T16:48:59.905+1300] {taskinstance.py:1590} INFO - Exporting the following env vars:
AIRFLOW_CTX_DAG_OWNER=airflow
AIRFLOW_CTX_DAG_ID=load_kpi_view_dag
AIRFLOW_CTX_TASK_ID=load_landing_table
AIRFLOW_CTX_EXECUTION_DATE=2022-11-23T03:48:57.531114+00:00
AIRFLOW_CTX_TRY_NUMBER=1
AIRFLOW_CTX_DAG_RUN_ID=manual__2022-11-23T03:48:57.531114+00:00
[2022-11-23T16:48:59.907+1300] {logging_mixin.py:120} INFO - ['/Users/hirenpatel/airflow/csv_batch_files/task_1_logs_batch_2.csv', '/Users/hirenpatel/airflow/csv_batch_files/task_1_logs_batch_3.csv', '/Users/hirenpatel/airflow/csv_batch_files/task_1_logs_batch_1.csv']
[2022-11-23T16:48:59.909+1300] {python.py:177} INFO - Done. Returned value was: None
[2022-11-23T16:48:59.922+1300] {taskinstance.py:1401} INFO - Marking task as SUCCESS. dag_id=load_kpi_view_dag, task_id=load_landing_table, execution_date=20221123T034857, start_date=20221123T034859, end_date=20221123T034859
[2022-11-23T16:48:59.963+1300] {local_task_job.py:164} INFO - Task exited with return code 0
[2022-11-23T16:49:00.048+1300] {local_task_job.py:273} INFO - 1 downstream tasks scheduled from follow-on schedule check
