[2022-12-05T09:52:44.806+1300] {taskinstance.py:1165} INFO - Dependencies all met for <TaskInstance: load_kpi_view_dag.truncate_loading_table manual__2022-12-04T20:52:39.424463+00:00 [queued]>
[2022-12-05T09:52:44.821+1300] {taskinstance.py:1165} INFO - Dependencies all met for <TaskInstance: load_kpi_view_dag.truncate_loading_table manual__2022-12-04T20:52:39.424463+00:00 [queued]>
[2022-12-05T09:52:44.821+1300] {taskinstance.py:1362} INFO - 
--------------------------------------------------------------------------------
[2022-12-05T09:52:44.821+1300] {taskinstance.py:1363} INFO - Starting attempt 1 of 1
[2022-12-05T09:52:44.821+1300] {taskinstance.py:1364} INFO - 
--------------------------------------------------------------------------------
[2022-12-05T09:52:44.861+1300] {taskinstance.py:1383} INFO - Executing <Task(PostgresOperator): truncate_loading_table> on 2022-12-04 20:52:39.424463+00:00
[2022-12-05T09:52:44.865+1300] {standard_task_runner.py:55} INFO - Started process 5211 to run task
[2022-12-05T09:52:44.869+1300] {standard_task_runner.py:82} INFO - Running: ['airflow', 'tasks', 'run', 'load_kpi_view_dag', 'truncate_loading_table', 'manual__2022-12-04T20:52:39.424463+00:00', '--job-id', '378', '--raw', '--subdir', 'DAGS_FOLDER/load_kpi_view.py', '--cfg-path', '/var/folders/xc/5xlsywvn2n5d0_ty56lp12y80000gp/T/tmpyqrcvmaq']
[2022-12-05T09:52:44.871+1300] {standard_task_runner.py:83} INFO - Job 378: Subtask truncate_loading_table
[2022-12-05T09:52:44.969+1300] {task_command.py:376} INFO - Running <TaskInstance: load_kpi_view_dag.truncate_loading_table manual__2022-12-04T20:52:39.424463+00:00 [running]> on host macbook-pro
[2022-12-05T09:52:45.042+1300] {taskinstance.py:1590} INFO - Exporting the following env vars:
AIRFLOW_CTX_DAG_OWNER=airflow
AIRFLOW_CTX_DAG_ID=load_kpi_view_dag
AIRFLOW_CTX_TASK_ID=truncate_loading_table
AIRFLOW_CTX_EXECUTION_DATE=2022-12-04T20:52:39.424463+00:00
AIRFLOW_CTX_TRY_NUMBER=1
AIRFLOW_CTX_DAG_RUN_ID=manual__2022-12-04T20:52:39.424463+00:00
[2022-12-05T09:52:45.058+1300] {base.py:71} INFO - Using connection ID 'postgres_db' for task execution.
[2022-12-05T09:52:45.066+1300] {sql.py:315} INFO - Running statement: 

CREATE TABLE IF NOT EXISTS logs.landing_table (
    site character(50),
    start_timestamp timestamp without time zone,
    end_timestamp timestamp without time zone,
    id integer NOT NULL
);
ALTER TABLE logs.landing_table OWNER TO admin;

--
-- TOC entry 220 (class 1259 OID 32904)
-- Name: landing_table_id_seq; Type: SEQUENCE; Schema: logs; Owner: admin
--

CREATE SEQUENCE IF NOT EXISTS logs.landing_table_id_seq
    AS integer
    START WITH 1
    INCREMENT BY 1
    NO MINVALUE
    NO MAXVALUE
    CACHE 1;

-- Empty out the table before copying from csv.
TRUNCATE LOGS.landing_table;
    



, parameters: None
[2022-12-05T09:52:45.071+1300] {postgres.py:96} INFO - NOTICE:  relation "landing_table" already exists, skipping

[2022-12-05T09:52:45.071+1300] {postgres.py:96} INFO - NOTICE:  relation "landing_table_id_seq" already exists, skipping

[2022-12-05T09:52:45.087+1300] {taskinstance.py:1401} INFO - Marking task as SUCCESS. dag_id=load_kpi_view_dag, task_id=truncate_loading_table, execution_date=20221204T205239, start_date=20221204T205244, end_date=20221204T205245
[2022-12-05T09:52:45.112+1300] {local_task_job.py:164} INFO - Task exited with return code 0
[2022-12-05T09:52:45.165+1300] {local_task_job.py:273} INFO - 1 downstream tasks scheduled from follow-on schedule check
