[2022-11-28T12:46:46.856+1300] {taskinstance.py:1165} INFO - Dependencies all met for <TaskInstance: load_kpi_view_dag.load_landing_table manual__2022-11-27T23:46:39.773129+00:00 [queued]>
[2022-11-28T12:46:46.868+1300] {taskinstance.py:1165} INFO - Dependencies all met for <TaskInstance: load_kpi_view_dag.load_landing_table manual__2022-11-27T23:46:39.773129+00:00 [queued]>
[2022-11-28T12:46:46.868+1300] {taskinstance.py:1362} INFO - 
--------------------------------------------------------------------------------
[2022-11-28T12:46:46.868+1300] {taskinstance.py:1363} INFO - Starting attempt 1 of 1
[2022-11-28T12:46:46.868+1300] {taskinstance.py:1364} INFO - 
--------------------------------------------------------------------------------
[2022-11-28T12:46:46.877+1300] {taskinstance.py:1383} INFO - Executing <Task(PostgresOperator): load_landing_table> on 2022-11-27 23:46:39.773129+00:00
[2022-11-28T12:46:46.885+1300] {standard_task_runner.py:55} INFO - Started process 61678 to run task
[2022-11-28T12:46:46.889+1300] {standard_task_runner.py:82} INFO - Running: ['airflow', 'tasks', 'run', 'load_kpi_view_dag', 'load_landing_table', 'manual__2022-11-27T23:46:39.773129+00:00', '--job-id', '106', '--raw', '--subdir', 'DAGS_FOLDER/load_kpi_view.py', '--cfg-path', '/var/folders/xc/5xlsywvn2n5d0_ty56lp12y80000gp/T/tmpkpipt9lo']
[2022-11-28T12:46:46.891+1300] {standard_task_runner.py:83} INFO - Job 106: Subtask load_landing_table
[2022-11-28T12:46:47.068+1300] {task_command.py:376} INFO - Running <TaskInstance: load_kpi_view_dag.load_landing_table manual__2022-11-27T23:46:39.773129+00:00 [running]> on host macbook-pro
[2022-11-28T12:46:47.135+1300] {taskinstance.py:1590} INFO - Exporting the following env vars:
AIRFLOW_CTX_DAG_OWNER=airflow
AIRFLOW_CTX_DAG_ID=load_kpi_view_dag
AIRFLOW_CTX_TASK_ID=load_landing_table
AIRFLOW_CTX_EXECUTION_DATE=2022-11-27T23:46:39.773129+00:00
AIRFLOW_CTX_TRY_NUMBER=1
AIRFLOW_CTX_DAG_RUN_ID=manual__2022-11-27T23:46:39.773129+00:00
[2022-11-28T12:46:47.161+1300] {base.py:71} INFO - Using connection ID 'postgres_db' for task execution.
[2022-11-28T12:46:47.170+1300] {sql.py:315} INFO - Running statement: do $$
<<first_block>>

DECLARE x varchar(500);
BEGIN
  --FOREACH x IN ARRAY array[['/Users/hirenpatel/airflow/csv_batch_files/task_1_logs_batch_2.csv'], ['/Users/hirenpatel/airflow/csv_batch_files/task_1_logs_batch_3.csv'], ['/Users/hirenpatel/airflow/csv_batch_files/task_1_logs_batch_1.csv']]
  FOREACH x IN ARRAY array[['/Users/hirenpatel/airflow/csv_batch_files/task_1_logs_batch_1.csv']]
  LOOP
    RAISE NOTICE 'row = %', x;
        execute format(
                    'COPY logs.landing_table("site", "start_timestamp", "end_timestamp")
                    FROM '''||x||'''
                    DELIMITER '',''
                    CSV HEADER'
        );
  END LOOP;
END  first_block $$;, parameters: None
[2022-11-28T12:46:47.182+1300] {postgres.py:96} INFO - NOTICE:  row = /Users/hirenpatel/airflow/csv_batch_files/task_1_logs_batch_1.csv

[2022-11-28T12:46:47.196+1300] {taskinstance.py:1401} INFO - Marking task as SUCCESS. dag_id=load_kpi_view_dag, task_id=load_landing_table, execution_date=20221127T234639, start_date=20221127T234646, end_date=20221127T234647
[2022-11-28T12:46:47.254+1300] {local_task_job.py:164} INFO - Task exited with return code 0
[2022-11-28T12:46:47.324+1300] {local_task_job.py:273} INFO - 1 downstream tasks scheduled from follow-on schedule check
