[2022-11-05T13:09:58.944+1300] {processor.py:154} INFO - Started process (PID=93599) to work on /Users/hirenpatel/Documents/airflow_tutoral/py_env/lib/python3.8/site-packages/airflow/example_dags/subdags/subdag.py
[2022-11-05T13:09:58.948+1300] {processor.py:756} INFO - Processing file /Users/hirenpatel/Documents/airflow_tutoral/py_env/lib/python3.8/site-packages/airflow/example_dags/subdags/subdag.py for tasks to queue
[2022-11-05T13:09:58.949+1300] {logging_mixin.py:120} INFO - [2022-11-05T13:09:58.949+1300] {dagbag.py:537} INFO - Filling up the DagBag from /Users/hirenpatel/Documents/airflow_tutoral/py_env/lib/python3.8/site-packages/airflow/example_dags/subdags/subdag.py
[2022-11-05T13:09:58.963+1300] {processor.py:768} WARNING - No viable dags retrieved from /Users/hirenpatel/Documents/airflow_tutoral/py_env/lib/python3.8/site-packages/airflow/example_dags/subdags/subdag.py
[2022-11-05T13:09:59.073+1300] {processor.py:176} INFO - Processing /Users/hirenpatel/Documents/airflow_tutoral/py_env/lib/python3.8/site-packages/airflow/example_dags/subdags/subdag.py took 0.130 seconds
[2022-11-05T13:13:14.007+1300] {processor.py:154} INFO - Started process (PID=93802) to work on /Users/hirenpatel/Documents/airflow_tutoral/py_env/lib/python3.8/site-packages/airflow/example_dags/subdags/subdag.py
[2022-11-05T13:13:14.011+1300] {processor.py:756} INFO - Processing file /Users/hirenpatel/Documents/airflow_tutoral/py_env/lib/python3.8/site-packages/airflow/example_dags/subdags/subdag.py for tasks to queue
[2022-11-05T13:13:14.011+1300] {logging_mixin.py:120} INFO - [2022-11-05T13:13:14.011+1300] {dagbag.py:537} INFO - Filling up the DagBag from /Users/hirenpatel/Documents/airflow_tutoral/py_env/lib/python3.8/site-packages/airflow/example_dags/subdags/subdag.py
[2022-11-05T13:13:14.022+1300] {processor.py:768} WARNING - No viable dags retrieved from /Users/hirenpatel/Documents/airflow_tutoral/py_env/lib/python3.8/site-packages/airflow/example_dags/subdags/subdag.py
[2022-11-05T13:13:14.106+1300] {processor.py:176} INFO - Processing /Users/hirenpatel/Documents/airflow_tutoral/py_env/lib/python3.8/site-packages/airflow/example_dags/subdags/subdag.py took 0.100 seconds
[2022-11-05T13:15:05.483+1300] {processor.py:154} INFO - Started process (PID=93936) to work on /Users/hirenpatel/Documents/airflow_tutoral/py_env/lib/python3.8/site-packages/airflow/example_dags/subdags/subdag.py
[2022-11-05T13:15:05.487+1300] {processor.py:756} INFO - Processing file /Users/hirenpatel/Documents/airflow_tutoral/py_env/lib/python3.8/site-packages/airflow/example_dags/subdags/subdag.py for tasks to queue
[2022-11-05T13:15:05.488+1300] {logging_mixin.py:120} INFO - [2022-11-05T13:15:05.487+1300] {dagbag.py:537} INFO - Filling up the DagBag from /Users/hirenpatel/Documents/airflow_tutoral/py_env/lib/python3.8/site-packages/airflow/example_dags/subdags/subdag.py
[2022-11-05T13:15:05.499+1300] {processor.py:768} WARNING - No viable dags retrieved from /Users/hirenpatel/Documents/airflow_tutoral/py_env/lib/python3.8/site-packages/airflow/example_dags/subdags/subdag.py
[2022-11-05T13:15:05.586+1300] {processor.py:176} INFO - Processing /Users/hirenpatel/Documents/airflow_tutoral/py_env/lib/python3.8/site-packages/airflow/example_dags/subdags/subdag.py took 0.103 seconds
[2022-11-05T13:17:05.242+1300] {processor.py:154} INFO - Started process (PID=94100) to work on /Users/hirenpatel/Documents/airflow_tutoral/py_env/lib/python3.8/site-packages/airflow/example_dags/subdags/subdag.py
[2022-11-05T13:17:05.245+1300] {processor.py:756} INFO - Processing file /Users/hirenpatel/Documents/airflow_tutoral/py_env/lib/python3.8/site-packages/airflow/example_dags/subdags/subdag.py for tasks to queue
[2022-11-05T13:17:05.246+1300] {logging_mixin.py:120} INFO - [2022-11-05T13:17:05.246+1300] {dagbag.py:537} INFO - Filling up the DagBag from /Users/hirenpatel/Documents/airflow_tutoral/py_env/lib/python3.8/site-packages/airflow/example_dags/subdags/subdag.py
[2022-11-05T13:17:05.258+1300] {processor.py:768} WARNING - No viable dags retrieved from /Users/hirenpatel/Documents/airflow_tutoral/py_env/lib/python3.8/site-packages/airflow/example_dags/subdags/subdag.py
[2022-11-05T13:17:05.355+1300] {processor.py:176} INFO - Processing /Users/hirenpatel/Documents/airflow_tutoral/py_env/lib/python3.8/site-packages/airflow/example_dags/subdags/subdag.py took 0.113 seconds
[2022-11-05T13:20:04.510+1300] {processor.py:154} INFO - Started process (PID=94268) to work on /Users/hirenpatel/Documents/airflow_tutoral/py_env/lib/python3.8/site-packages/airflow/example_dags/subdags/subdag.py
[2022-11-05T13:20:04.514+1300] {processor.py:756} INFO - Processing file /Users/hirenpatel/Documents/airflow_tutoral/py_env/lib/python3.8/site-packages/airflow/example_dags/subdags/subdag.py for tasks to queue
[2022-11-05T13:20:04.514+1300] {logging_mixin.py:120} INFO - [2022-11-05T13:20:04.514+1300] {dagbag.py:537} INFO - Filling up the DagBag from /Users/hirenpatel/Documents/airflow_tutoral/py_env/lib/python3.8/site-packages/airflow/example_dags/subdags/subdag.py
[2022-11-05T13:20:04.526+1300] {processor.py:768} WARNING - No viable dags retrieved from /Users/hirenpatel/Documents/airflow_tutoral/py_env/lib/python3.8/site-packages/airflow/example_dags/subdags/subdag.py
[2022-11-05T13:20:04.617+1300] {processor.py:176} INFO - Processing /Users/hirenpatel/Documents/airflow_tutoral/py_env/lib/python3.8/site-packages/airflow/example_dags/subdags/subdag.py took 0.108 seconds
[2022-11-05T13:22:21.290+1300] {processor.py:154} INFO - Started process (PID=94408) to work on /Users/hirenpatel/Documents/airflow_tutoral/py_env/lib/python3.8/site-packages/airflow/example_dags/subdags/subdag.py
[2022-11-05T13:22:21.294+1300] {processor.py:756} INFO - Processing file /Users/hirenpatel/Documents/airflow_tutoral/py_env/lib/python3.8/site-packages/airflow/example_dags/subdags/subdag.py for tasks to queue
[2022-11-05T13:22:21.294+1300] {logging_mixin.py:120} INFO - [2022-11-05T13:22:21.294+1300] {dagbag.py:537} INFO - Filling up the DagBag from /Users/hirenpatel/Documents/airflow_tutoral/py_env/lib/python3.8/site-packages/airflow/example_dags/subdags/subdag.py
[2022-11-05T13:22:21.306+1300] {processor.py:768} WARNING - No viable dags retrieved from /Users/hirenpatel/Documents/airflow_tutoral/py_env/lib/python3.8/site-packages/airflow/example_dags/subdags/subdag.py
[2022-11-05T13:22:21.391+1300] {processor.py:176} INFO - Processing /Users/hirenpatel/Documents/airflow_tutoral/py_env/lib/python3.8/site-packages/airflow/example_dags/subdags/subdag.py took 0.101 seconds
[2022-11-05T13:23:54.467+1300] {processor.py:154} INFO - Started process (PID=94526) to work on /Users/hirenpatel/Documents/airflow_tutoral/py_env/lib/python3.8/site-packages/airflow/example_dags/subdags/subdag.py
[2022-11-05T13:23:54.471+1300] {processor.py:756} INFO - Processing file /Users/hirenpatel/Documents/airflow_tutoral/py_env/lib/python3.8/site-packages/airflow/example_dags/subdags/subdag.py for tasks to queue
[2022-11-05T13:23:54.472+1300] {logging_mixin.py:120} INFO - [2022-11-05T13:23:54.471+1300] {dagbag.py:537} INFO - Filling up the DagBag from /Users/hirenpatel/Documents/airflow_tutoral/py_env/lib/python3.8/site-packages/airflow/example_dags/subdags/subdag.py
[2022-11-05T13:23:54.483+1300] {processor.py:768} WARNING - No viable dags retrieved from /Users/hirenpatel/Documents/airflow_tutoral/py_env/lib/python3.8/site-packages/airflow/example_dags/subdags/subdag.py
[2022-11-05T13:23:54.571+1300] {processor.py:176} INFO - Processing /Users/hirenpatel/Documents/airflow_tutoral/py_env/lib/python3.8/site-packages/airflow/example_dags/subdags/subdag.py took 0.104 seconds
[2022-11-05T13:25:27.357+1300] {processor.py:154} INFO - Started process (PID=94632) to work on /Users/hirenpatel/Documents/airflow_tutoral/py_env/lib/python3.8/site-packages/airflow/example_dags/subdags/subdag.py
[2022-11-05T13:25:27.360+1300] {processor.py:756} INFO - Processing file /Users/hirenpatel/Documents/airflow_tutoral/py_env/lib/python3.8/site-packages/airflow/example_dags/subdags/subdag.py for tasks to queue
[2022-11-05T13:25:27.361+1300] {logging_mixin.py:120} INFO - [2022-11-05T13:25:27.361+1300] {dagbag.py:537} INFO - Filling up the DagBag from /Users/hirenpatel/Documents/airflow_tutoral/py_env/lib/python3.8/site-packages/airflow/example_dags/subdags/subdag.py
[2022-11-05T13:25:27.373+1300] {processor.py:768} WARNING - No viable dags retrieved from /Users/hirenpatel/Documents/airflow_tutoral/py_env/lib/python3.8/site-packages/airflow/example_dags/subdags/subdag.py
[2022-11-05T13:25:27.486+1300] {processor.py:176} INFO - Processing /Users/hirenpatel/Documents/airflow_tutoral/py_env/lib/python3.8/site-packages/airflow/example_dags/subdags/subdag.py took 0.130 seconds
[2022-11-05T13:34:56.736+1300] {processor.py:154} INFO - Started process (PID=94757) to work on /Users/hirenpatel/Documents/airflow_tutoral/py_env/lib/python3.8/site-packages/airflow/example_dags/subdags/subdag.py
[2022-11-05T13:34:56.740+1300] {processor.py:756} INFO - Processing file /Users/hirenpatel/Documents/airflow_tutoral/py_env/lib/python3.8/site-packages/airflow/example_dags/subdags/subdag.py for tasks to queue
[2022-11-05T13:34:56.740+1300] {logging_mixin.py:120} INFO - [2022-11-05T13:34:56.740+1300] {dagbag.py:537} INFO - Filling up the DagBag from /Users/hirenpatel/Documents/airflow_tutoral/py_env/lib/python3.8/site-packages/airflow/example_dags/subdags/subdag.py
[2022-11-05T13:34:56.752+1300] {processor.py:768} WARNING - No viable dags retrieved from /Users/hirenpatel/Documents/airflow_tutoral/py_env/lib/python3.8/site-packages/airflow/example_dags/subdags/subdag.py
[2022-11-05T13:34:56.843+1300] {processor.py:176} INFO - Processing /Users/hirenpatel/Documents/airflow_tutoral/py_env/lib/python3.8/site-packages/airflow/example_dags/subdags/subdag.py took 0.107 seconds
[2022-11-05T13:45:29.530+1300] {processor.py:154} INFO - Started process (PID=94885) to work on /Users/hirenpatel/Documents/airflow_tutoral/py_env/lib/python3.8/site-packages/airflow/example_dags/subdags/subdag.py
[2022-11-05T13:45:29.534+1300] {processor.py:756} INFO - Processing file /Users/hirenpatel/Documents/airflow_tutoral/py_env/lib/python3.8/site-packages/airflow/example_dags/subdags/subdag.py for tasks to queue
[2022-11-05T13:45:29.535+1300] {logging_mixin.py:120} INFO - [2022-11-05T13:45:29.535+1300] {dagbag.py:537} INFO - Filling up the DagBag from /Users/hirenpatel/Documents/airflow_tutoral/py_env/lib/python3.8/site-packages/airflow/example_dags/subdags/subdag.py
[2022-11-05T13:45:29.548+1300] {processor.py:768} WARNING - No viable dags retrieved from /Users/hirenpatel/Documents/airflow_tutoral/py_env/lib/python3.8/site-packages/airflow/example_dags/subdags/subdag.py
[2022-11-05T13:45:29.679+1300] {processor.py:176} INFO - Processing /Users/hirenpatel/Documents/airflow_tutoral/py_env/lib/python3.8/site-packages/airflow/example_dags/subdags/subdag.py took 0.149 seconds
[2022-11-05T13:56:12.842+1300] {processor.py:154} INFO - Started process (PID=95053) to work on /Users/hirenpatel/Documents/airflow_tutoral/py_env/lib/python3.8/site-packages/airflow/example_dags/subdags/subdag.py
[2022-11-05T13:56:12.846+1300] {processor.py:756} INFO - Processing file /Users/hirenpatel/Documents/airflow_tutoral/py_env/lib/python3.8/site-packages/airflow/example_dags/subdags/subdag.py for tasks to queue
[2022-11-05T13:56:12.846+1300] {logging_mixin.py:120} INFO - [2022-11-05T13:56:12.846+1300] {dagbag.py:537} INFO - Filling up the DagBag from /Users/hirenpatel/Documents/airflow_tutoral/py_env/lib/python3.8/site-packages/airflow/example_dags/subdags/subdag.py
[2022-11-05T13:56:12.857+1300] {processor.py:768} WARNING - No viable dags retrieved from /Users/hirenpatel/Documents/airflow_tutoral/py_env/lib/python3.8/site-packages/airflow/example_dags/subdags/subdag.py
[2022-11-05T13:56:12.947+1300] {processor.py:176} INFO - Processing /Users/hirenpatel/Documents/airflow_tutoral/py_env/lib/python3.8/site-packages/airflow/example_dags/subdags/subdag.py took 0.106 seconds
[2022-11-05T14:05:37.724+1300] {processor.py:154} INFO - Started process (PID=95197) to work on /Users/hirenpatel/Documents/airflow_tutoral/py_env/lib/python3.8/site-packages/airflow/example_dags/subdags/subdag.py
[2022-11-05T14:05:37.729+1300] {processor.py:756} INFO - Processing file /Users/hirenpatel/Documents/airflow_tutoral/py_env/lib/python3.8/site-packages/airflow/example_dags/subdags/subdag.py for tasks to queue
[2022-11-05T14:05:37.729+1300] {logging_mixin.py:120} INFO - [2022-11-05T14:05:37.729+1300] {dagbag.py:537} INFO - Filling up the DagBag from /Users/hirenpatel/Documents/airflow_tutoral/py_env/lib/python3.8/site-packages/airflow/example_dags/subdags/subdag.py
[2022-11-05T14:05:37.742+1300] {processor.py:768} WARNING - No viable dags retrieved from /Users/hirenpatel/Documents/airflow_tutoral/py_env/lib/python3.8/site-packages/airflow/example_dags/subdags/subdag.py
[2022-11-05T14:05:37.833+1300] {processor.py:176} INFO - Processing /Users/hirenpatel/Documents/airflow_tutoral/py_env/lib/python3.8/site-packages/airflow/example_dags/subdags/subdag.py took 0.110 seconds
[2022-11-05T14:13:37.389+1300] {processor.py:154} INFO - Started process (PID=95381) to work on /Users/hirenpatel/Documents/airflow_tutoral/py_env/lib/python3.8/site-packages/airflow/example_dags/subdags/subdag.py
[2022-11-05T14:13:37.393+1300] {processor.py:756} INFO - Processing file /Users/hirenpatel/Documents/airflow_tutoral/py_env/lib/python3.8/site-packages/airflow/example_dags/subdags/subdag.py for tasks to queue
[2022-11-05T14:13:37.393+1300] {logging_mixin.py:120} INFO - [2022-11-05T14:13:37.393+1300] {dagbag.py:537} INFO - Filling up the DagBag from /Users/hirenpatel/Documents/airflow_tutoral/py_env/lib/python3.8/site-packages/airflow/example_dags/subdags/subdag.py
[2022-11-05T14:13:37.405+1300] {processor.py:768} WARNING - No viable dags retrieved from /Users/hirenpatel/Documents/airflow_tutoral/py_env/lib/python3.8/site-packages/airflow/example_dags/subdags/subdag.py
[2022-11-05T14:13:37.499+1300] {processor.py:176} INFO - Processing /Users/hirenpatel/Documents/airflow_tutoral/py_env/lib/python3.8/site-packages/airflow/example_dags/subdags/subdag.py took 0.110 seconds
[2022-11-05T14:15:45.443+1300] {processor.py:154} INFO - Started process (PID=95530) to work on /Users/hirenpatel/Documents/airflow_tutoral/py_env/lib/python3.8/site-packages/airflow/example_dags/subdags/subdag.py
[2022-11-05T14:15:45.447+1300] {processor.py:756} INFO - Processing file /Users/hirenpatel/Documents/airflow_tutoral/py_env/lib/python3.8/site-packages/airflow/example_dags/subdags/subdag.py for tasks to queue
[2022-11-05T14:15:45.447+1300] {logging_mixin.py:120} INFO - [2022-11-05T14:15:45.447+1300] {dagbag.py:537} INFO - Filling up the DagBag from /Users/hirenpatel/Documents/airflow_tutoral/py_env/lib/python3.8/site-packages/airflow/example_dags/subdags/subdag.py
[2022-11-05T14:15:45.459+1300] {processor.py:768} WARNING - No viable dags retrieved from /Users/hirenpatel/Documents/airflow_tutoral/py_env/lib/python3.8/site-packages/airflow/example_dags/subdags/subdag.py
[2022-11-05T14:15:45.546+1300] {processor.py:176} INFO - Processing /Users/hirenpatel/Documents/airflow_tutoral/py_env/lib/python3.8/site-packages/airflow/example_dags/subdags/subdag.py took 0.103 seconds
[2022-11-05T14:25:06.348+1300] {processor.py:154} INFO - Started process (PID=95680) to work on /Users/hirenpatel/Documents/airflow_tutoral/py_env/lib/python3.8/site-packages/airflow/example_dags/subdags/subdag.py
[2022-11-05T14:25:06.352+1300] {processor.py:756} INFO - Processing file /Users/hirenpatel/Documents/airflow_tutoral/py_env/lib/python3.8/site-packages/airflow/example_dags/subdags/subdag.py for tasks to queue
[2022-11-05T14:25:06.352+1300] {logging_mixin.py:120} INFO - [2022-11-05T14:25:06.352+1300] {dagbag.py:537} INFO - Filling up the DagBag from /Users/hirenpatel/Documents/airflow_tutoral/py_env/lib/python3.8/site-packages/airflow/example_dags/subdags/subdag.py
[2022-11-05T14:25:06.363+1300] {processor.py:768} WARNING - No viable dags retrieved from /Users/hirenpatel/Documents/airflow_tutoral/py_env/lib/python3.8/site-packages/airflow/example_dags/subdags/subdag.py
[2022-11-05T14:25:06.446+1300] {processor.py:176} INFO - Processing /Users/hirenpatel/Documents/airflow_tutoral/py_env/lib/python3.8/site-packages/airflow/example_dags/subdags/subdag.py took 0.098 seconds
[2022-11-05T14:33:07.618+1300] {processor.py:154} INFO - Started process (PID=95901) to work on /Users/hirenpatel/Documents/airflow_tutoral/py_env/lib/python3.8/site-packages/airflow/example_dags/subdags/subdag.py
[2022-11-05T14:33:07.622+1300] {processor.py:756} INFO - Processing file /Users/hirenpatel/Documents/airflow_tutoral/py_env/lib/python3.8/site-packages/airflow/example_dags/subdags/subdag.py for tasks to queue
[2022-11-05T14:33:07.622+1300] {logging_mixin.py:120} INFO - [2022-11-05T14:33:07.622+1300] {dagbag.py:537} INFO - Filling up the DagBag from /Users/hirenpatel/Documents/airflow_tutoral/py_env/lib/python3.8/site-packages/airflow/example_dags/subdags/subdag.py
[2022-11-05T14:33:07.634+1300] {processor.py:768} WARNING - No viable dags retrieved from /Users/hirenpatel/Documents/airflow_tutoral/py_env/lib/python3.8/site-packages/airflow/example_dags/subdags/subdag.py
[2022-11-05T14:33:07.719+1300] {processor.py:176} INFO - Processing /Users/hirenpatel/Documents/airflow_tutoral/py_env/lib/python3.8/site-packages/airflow/example_dags/subdags/subdag.py took 0.101 seconds
[2022-11-05T14:33:56.654+1300] {processor.py:154} INFO - Started process (PID=96004) to work on /Users/hirenpatel/Documents/airflow_tutoral/py_env/lib/python3.8/site-packages/airflow/example_dags/subdags/subdag.py
[2022-11-05T14:33:56.658+1300] {processor.py:756} INFO - Processing file /Users/hirenpatel/Documents/airflow_tutoral/py_env/lib/python3.8/site-packages/airflow/example_dags/subdags/subdag.py for tasks to queue
[2022-11-05T14:33:56.658+1300] {logging_mixin.py:120} INFO - [2022-11-05T14:33:56.658+1300] {dagbag.py:537} INFO - Filling up the DagBag from /Users/hirenpatel/Documents/airflow_tutoral/py_env/lib/python3.8/site-packages/airflow/example_dags/subdags/subdag.py
[2022-11-05T14:33:56.669+1300] {processor.py:768} WARNING - No viable dags retrieved from /Users/hirenpatel/Documents/airflow_tutoral/py_env/lib/python3.8/site-packages/airflow/example_dags/subdags/subdag.py
[2022-11-05T14:33:56.755+1300] {processor.py:176} INFO - Processing /Users/hirenpatel/Documents/airflow_tutoral/py_env/lib/python3.8/site-packages/airflow/example_dags/subdags/subdag.py took 0.101 seconds
[2022-11-05T14:41:46.495+1300] {processor.py:154} INFO - Started process (PID=96170) to work on /Users/hirenpatel/Documents/airflow_tutoral/py_env/lib/python3.8/site-packages/airflow/example_dags/subdags/subdag.py
[2022-11-05T14:41:46.498+1300] {processor.py:756} INFO - Processing file /Users/hirenpatel/Documents/airflow_tutoral/py_env/lib/python3.8/site-packages/airflow/example_dags/subdags/subdag.py for tasks to queue
[2022-11-05T14:41:46.499+1300] {logging_mixin.py:120} INFO - [2022-11-05T14:41:46.499+1300] {dagbag.py:537} INFO - Filling up the DagBag from /Users/hirenpatel/Documents/airflow_tutoral/py_env/lib/python3.8/site-packages/airflow/example_dags/subdags/subdag.py
[2022-11-05T14:41:46.510+1300] {processor.py:768} WARNING - No viable dags retrieved from /Users/hirenpatel/Documents/airflow_tutoral/py_env/lib/python3.8/site-packages/airflow/example_dags/subdags/subdag.py
[2022-11-05T14:41:46.601+1300] {processor.py:176} INFO - Processing /Users/hirenpatel/Documents/airflow_tutoral/py_env/lib/python3.8/site-packages/airflow/example_dags/subdags/subdag.py took 0.107 seconds
[2022-11-05T14:43:22.743+1300] {processor.py:154} INFO - Started process (PID=96301) to work on /Users/hirenpatel/Documents/airflow_tutoral/py_env/lib/python3.8/site-packages/airflow/example_dags/subdags/subdag.py
[2022-11-05T14:43:22.747+1300] {processor.py:756} INFO - Processing file /Users/hirenpatel/Documents/airflow_tutoral/py_env/lib/python3.8/site-packages/airflow/example_dags/subdags/subdag.py for tasks to queue
[2022-11-05T14:43:22.747+1300] {logging_mixin.py:120} INFO - [2022-11-05T14:43:22.747+1300] {dagbag.py:537} INFO - Filling up the DagBag from /Users/hirenpatel/Documents/airflow_tutoral/py_env/lib/python3.8/site-packages/airflow/example_dags/subdags/subdag.py
[2022-11-05T14:43:22.758+1300] {processor.py:768} WARNING - No viable dags retrieved from /Users/hirenpatel/Documents/airflow_tutoral/py_env/lib/python3.8/site-packages/airflow/example_dags/subdags/subdag.py
[2022-11-05T14:43:22.840+1300] {processor.py:176} INFO - Processing /Users/hirenpatel/Documents/airflow_tutoral/py_env/lib/python3.8/site-packages/airflow/example_dags/subdags/subdag.py took 0.097 seconds
[2022-11-05T14:48:08.355+1300] {processor.py:154} INFO - Started process (PID=96452) to work on /Users/hirenpatel/Documents/airflow_tutoral/py_env/lib/python3.8/site-packages/airflow/example_dags/subdags/subdag.py
[2022-11-05T14:48:08.360+1300] {processor.py:756} INFO - Processing file /Users/hirenpatel/Documents/airflow_tutoral/py_env/lib/python3.8/site-packages/airflow/example_dags/subdags/subdag.py for tasks to queue
[2022-11-05T14:48:08.360+1300] {logging_mixin.py:120} INFO - [2022-11-05T14:48:08.360+1300] {dagbag.py:537} INFO - Filling up the DagBag from /Users/hirenpatel/Documents/airflow_tutoral/py_env/lib/python3.8/site-packages/airflow/example_dags/subdags/subdag.py
[2022-11-05T14:48:08.372+1300] {processor.py:768} WARNING - No viable dags retrieved from /Users/hirenpatel/Documents/airflow_tutoral/py_env/lib/python3.8/site-packages/airflow/example_dags/subdags/subdag.py
[2022-11-05T14:48:08.459+1300] {processor.py:176} INFO - Processing /Users/hirenpatel/Documents/airflow_tutoral/py_env/lib/python3.8/site-packages/airflow/example_dags/subdags/subdag.py took 0.104 seconds
[2022-11-05T14:54:34.138+1300] {processor.py:154} INFO - Started process (PID=96598) to work on /Users/hirenpatel/Documents/airflow_tutoral/py_env/lib/python3.8/site-packages/airflow/example_dags/subdags/subdag.py
[2022-11-05T14:54:34.142+1300] {processor.py:756} INFO - Processing file /Users/hirenpatel/Documents/airflow_tutoral/py_env/lib/python3.8/site-packages/airflow/example_dags/subdags/subdag.py for tasks to queue
[2022-11-05T14:54:34.142+1300] {logging_mixin.py:120} INFO - [2022-11-05T14:54:34.142+1300] {dagbag.py:537} INFO - Filling up the DagBag from /Users/hirenpatel/Documents/airflow_tutoral/py_env/lib/python3.8/site-packages/airflow/example_dags/subdags/subdag.py
[2022-11-05T14:54:34.153+1300] {processor.py:768} WARNING - No viable dags retrieved from /Users/hirenpatel/Documents/airflow_tutoral/py_env/lib/python3.8/site-packages/airflow/example_dags/subdags/subdag.py
[2022-11-05T14:54:34.242+1300] {processor.py:176} INFO - Processing /Users/hirenpatel/Documents/airflow_tutoral/py_env/lib/python3.8/site-packages/airflow/example_dags/subdags/subdag.py took 0.104 seconds
[2022-11-05T15:05:34.762+1300] {processor.py:154} INFO - Started process (PID=96787) to work on /Users/hirenpatel/Documents/airflow_tutoral/py_env/lib/python3.8/site-packages/airflow/example_dags/subdags/subdag.py
[2022-11-05T15:05:34.765+1300] {processor.py:756} INFO - Processing file /Users/hirenpatel/Documents/airflow_tutoral/py_env/lib/python3.8/site-packages/airflow/example_dags/subdags/subdag.py for tasks to queue
[2022-11-05T15:05:34.766+1300] {logging_mixin.py:120} INFO - [2022-11-05T15:05:34.766+1300] {dagbag.py:537} INFO - Filling up the DagBag from /Users/hirenpatel/Documents/airflow_tutoral/py_env/lib/python3.8/site-packages/airflow/example_dags/subdags/subdag.py
[2022-11-05T15:05:34.777+1300] {processor.py:768} WARNING - No viable dags retrieved from /Users/hirenpatel/Documents/airflow_tutoral/py_env/lib/python3.8/site-packages/airflow/example_dags/subdags/subdag.py
[2022-11-05T15:05:34.867+1300] {processor.py:176} INFO - Processing /Users/hirenpatel/Documents/airflow_tutoral/py_env/lib/python3.8/site-packages/airflow/example_dags/subdags/subdag.py took 0.106 seconds
[2022-11-05T15:15:03.284+1300] {processor.py:154} INFO - Started process (PID=96968) to work on /Users/hirenpatel/Documents/airflow_tutoral/py_env/lib/python3.8/site-packages/airflow/example_dags/subdags/subdag.py
[2022-11-05T15:15:03.288+1300] {processor.py:756} INFO - Processing file /Users/hirenpatel/Documents/airflow_tutoral/py_env/lib/python3.8/site-packages/airflow/example_dags/subdags/subdag.py for tasks to queue
[2022-11-05T15:15:03.288+1300] {logging_mixin.py:120} INFO - [2022-11-05T15:15:03.288+1300] {dagbag.py:537} INFO - Filling up the DagBag from /Users/hirenpatel/Documents/airflow_tutoral/py_env/lib/python3.8/site-packages/airflow/example_dags/subdags/subdag.py
[2022-11-05T15:15:03.299+1300] {processor.py:768} WARNING - No viable dags retrieved from /Users/hirenpatel/Documents/airflow_tutoral/py_env/lib/python3.8/site-packages/airflow/example_dags/subdags/subdag.py
[2022-11-05T15:15:03.383+1300] {processor.py:176} INFO - Processing /Users/hirenpatel/Documents/airflow_tutoral/py_env/lib/python3.8/site-packages/airflow/example_dags/subdags/subdag.py took 0.100 seconds
[2022-11-05T15:19:36.429+1300] {processor.py:154} INFO - Started process (PID=97166) to work on /Users/hirenpatel/Documents/airflow_tutoral/py_env/lib/python3.8/site-packages/airflow/example_dags/subdags/subdag.py
[2022-11-05T15:19:36.433+1300] {processor.py:756} INFO - Processing file /Users/hirenpatel/Documents/airflow_tutoral/py_env/lib/python3.8/site-packages/airflow/example_dags/subdags/subdag.py for tasks to queue
[2022-11-05T15:19:36.433+1300] {logging_mixin.py:120} INFO - [2022-11-05T15:19:36.433+1300] {dagbag.py:537} INFO - Filling up the DagBag from /Users/hirenpatel/Documents/airflow_tutoral/py_env/lib/python3.8/site-packages/airflow/example_dags/subdags/subdag.py
[2022-11-05T15:19:36.446+1300] {processor.py:768} WARNING - No viable dags retrieved from /Users/hirenpatel/Documents/airflow_tutoral/py_env/lib/python3.8/site-packages/airflow/example_dags/subdags/subdag.py
[2022-11-05T15:19:36.541+1300] {processor.py:176} INFO - Processing /Users/hirenpatel/Documents/airflow_tutoral/py_env/lib/python3.8/site-packages/airflow/example_dags/subdags/subdag.py took 0.113 seconds
[2022-11-05T15:33:24.322+1300] {processor.py:154} INFO - Started process (PID=97336) to work on /Users/hirenpatel/Documents/airflow_tutoral/py_env/lib/python3.8/site-packages/airflow/example_dags/subdags/subdag.py
[2022-11-05T15:33:24.327+1300] {processor.py:756} INFO - Processing file /Users/hirenpatel/Documents/airflow_tutoral/py_env/lib/python3.8/site-packages/airflow/example_dags/subdags/subdag.py for tasks to queue
[2022-11-05T15:33:24.327+1300] {logging_mixin.py:120} INFO - [2022-11-05T15:33:24.327+1300] {dagbag.py:537} INFO - Filling up the DagBag from /Users/hirenpatel/Documents/airflow_tutoral/py_env/lib/python3.8/site-packages/airflow/example_dags/subdags/subdag.py
[2022-11-05T15:33:24.341+1300] {processor.py:768} WARNING - No viable dags retrieved from /Users/hirenpatel/Documents/airflow_tutoral/py_env/lib/python3.8/site-packages/airflow/example_dags/subdags/subdag.py
[2022-11-05T15:33:24.430+1300] {processor.py:176} INFO - Processing /Users/hirenpatel/Documents/airflow_tutoral/py_env/lib/python3.8/site-packages/airflow/example_dags/subdags/subdag.py took 0.107 seconds
[2022-11-05T15:46:03.744+1300] {processor.py:154} INFO - Started process (PID=97494) to work on /Users/hirenpatel/Documents/airflow_tutoral/py_env/lib/python3.8/site-packages/airflow/example_dags/subdags/subdag.py
[2022-11-05T15:46:03.748+1300] {processor.py:756} INFO - Processing file /Users/hirenpatel/Documents/airflow_tutoral/py_env/lib/python3.8/site-packages/airflow/example_dags/subdags/subdag.py for tasks to queue
[2022-11-05T15:46:03.748+1300] {logging_mixin.py:120} INFO - [2022-11-05T15:46:03.748+1300] {dagbag.py:537} INFO - Filling up the DagBag from /Users/hirenpatel/Documents/airflow_tutoral/py_env/lib/python3.8/site-packages/airflow/example_dags/subdags/subdag.py
[2022-11-05T15:46:03.760+1300] {processor.py:768} WARNING - No viable dags retrieved from /Users/hirenpatel/Documents/airflow_tutoral/py_env/lib/python3.8/site-packages/airflow/example_dags/subdags/subdag.py
[2022-11-05T15:46:03.862+1300] {processor.py:176} INFO - Processing /Users/hirenpatel/Documents/airflow_tutoral/py_env/lib/python3.8/site-packages/airflow/example_dags/subdags/subdag.py took 0.118 seconds
[2022-11-05T15:52:23.211+1300] {processor.py:154} INFO - Started process (PID=97688) to work on /Users/hirenpatel/Documents/airflow_tutoral/py_env/lib/python3.8/site-packages/airflow/example_dags/subdags/subdag.py
[2022-11-05T15:52:23.215+1300] {processor.py:756} INFO - Processing file /Users/hirenpatel/Documents/airflow_tutoral/py_env/lib/python3.8/site-packages/airflow/example_dags/subdags/subdag.py for tasks to queue
[2022-11-05T15:52:23.216+1300] {logging_mixin.py:120} INFO - [2022-11-05T15:52:23.216+1300] {dagbag.py:537} INFO - Filling up the DagBag from /Users/hirenpatel/Documents/airflow_tutoral/py_env/lib/python3.8/site-packages/airflow/example_dags/subdags/subdag.py
[2022-11-05T15:52:23.227+1300] {processor.py:768} WARNING - No viable dags retrieved from /Users/hirenpatel/Documents/airflow_tutoral/py_env/lib/python3.8/site-packages/airflow/example_dags/subdags/subdag.py
[2022-11-05T15:52:23.314+1300] {processor.py:176} INFO - Processing /Users/hirenpatel/Documents/airflow_tutoral/py_env/lib/python3.8/site-packages/airflow/example_dags/subdags/subdag.py took 0.103 seconds
[2022-11-05T15:56:15.137+1300] {processor.py:154} INFO - Started process (PID=97828) to work on /Users/hirenpatel/Documents/airflow_tutoral/py_env/lib/python3.8/site-packages/airflow/example_dags/subdags/subdag.py
[2022-11-05T15:56:15.141+1300] {processor.py:756} INFO - Processing file /Users/hirenpatel/Documents/airflow_tutoral/py_env/lib/python3.8/site-packages/airflow/example_dags/subdags/subdag.py for tasks to queue
[2022-11-05T15:56:15.141+1300] {logging_mixin.py:120} INFO - [2022-11-05T15:56:15.141+1300] {dagbag.py:537} INFO - Filling up the DagBag from /Users/hirenpatel/Documents/airflow_tutoral/py_env/lib/python3.8/site-packages/airflow/example_dags/subdags/subdag.py
[2022-11-05T15:56:15.152+1300] {processor.py:768} WARNING - No viable dags retrieved from /Users/hirenpatel/Documents/airflow_tutoral/py_env/lib/python3.8/site-packages/airflow/example_dags/subdags/subdag.py
[2022-11-05T15:56:15.238+1300] {processor.py:176} INFO - Processing /Users/hirenpatel/Documents/airflow_tutoral/py_env/lib/python3.8/site-packages/airflow/example_dags/subdags/subdag.py took 0.102 seconds
[2022-11-05T15:58:00.464+1300] {processor.py:154} INFO - Started process (PID=97943) to work on /Users/hirenpatel/Documents/airflow_tutoral/py_env/lib/python3.8/site-packages/airflow/example_dags/subdags/subdag.py
[2022-11-05T15:58:00.468+1300] {processor.py:756} INFO - Processing file /Users/hirenpatel/Documents/airflow_tutoral/py_env/lib/python3.8/site-packages/airflow/example_dags/subdags/subdag.py for tasks to queue
[2022-11-05T15:58:00.469+1300] {logging_mixin.py:120} INFO - [2022-11-05T15:58:00.469+1300] {dagbag.py:537} INFO - Filling up the DagBag from /Users/hirenpatel/Documents/airflow_tutoral/py_env/lib/python3.8/site-packages/airflow/example_dags/subdags/subdag.py
[2022-11-05T15:58:00.480+1300] {processor.py:768} WARNING - No viable dags retrieved from /Users/hirenpatel/Documents/airflow_tutoral/py_env/lib/python3.8/site-packages/airflow/example_dags/subdags/subdag.py
[2022-11-05T15:58:00.565+1300] {processor.py:176} INFO - Processing /Users/hirenpatel/Documents/airflow_tutoral/py_env/lib/python3.8/site-packages/airflow/example_dags/subdags/subdag.py took 0.102 seconds
[2022-11-05T16:07:56.074+1300] {processor.py:154} INFO - Started process (PID=98096) to work on /Users/hirenpatel/Documents/airflow_tutoral/py_env/lib/python3.8/site-packages/airflow/example_dags/subdags/subdag.py
[2022-11-05T16:07:56.078+1300] {processor.py:756} INFO - Processing file /Users/hirenpatel/Documents/airflow_tutoral/py_env/lib/python3.8/site-packages/airflow/example_dags/subdags/subdag.py for tasks to queue
[2022-11-05T16:07:56.079+1300] {logging_mixin.py:120} INFO - [2022-11-05T16:07:56.079+1300] {dagbag.py:537} INFO - Filling up the DagBag from /Users/hirenpatel/Documents/airflow_tutoral/py_env/lib/python3.8/site-packages/airflow/example_dags/subdags/subdag.py
[2022-11-05T16:07:56.090+1300] {processor.py:768} WARNING - No viable dags retrieved from /Users/hirenpatel/Documents/airflow_tutoral/py_env/lib/python3.8/site-packages/airflow/example_dags/subdags/subdag.py
[2022-11-05T16:07:56.175+1300] {processor.py:176} INFO - Processing /Users/hirenpatel/Documents/airflow_tutoral/py_env/lib/python3.8/site-packages/airflow/example_dags/subdags/subdag.py took 0.101 seconds
[2022-11-05T16:09:27.173+1300] {processor.py:154} INFO - Started process (PID=98200) to work on /Users/hirenpatel/Documents/airflow_tutoral/py_env/lib/python3.8/site-packages/airflow/example_dags/subdags/subdag.py
[2022-11-05T16:09:27.177+1300] {processor.py:756} INFO - Processing file /Users/hirenpatel/Documents/airflow_tutoral/py_env/lib/python3.8/site-packages/airflow/example_dags/subdags/subdag.py for tasks to queue
[2022-11-05T16:09:27.177+1300] {logging_mixin.py:120} INFO - [2022-11-05T16:09:27.177+1300] {dagbag.py:537} INFO - Filling up the DagBag from /Users/hirenpatel/Documents/airflow_tutoral/py_env/lib/python3.8/site-packages/airflow/example_dags/subdags/subdag.py
[2022-11-05T16:09:27.188+1300] {processor.py:768} WARNING - No viable dags retrieved from /Users/hirenpatel/Documents/airflow_tutoral/py_env/lib/python3.8/site-packages/airflow/example_dags/subdags/subdag.py
[2022-11-05T16:09:27.275+1300] {processor.py:176} INFO - Processing /Users/hirenpatel/Documents/airflow_tutoral/py_env/lib/python3.8/site-packages/airflow/example_dags/subdags/subdag.py took 0.102 seconds
[2022-11-05T16:23:10.305+1300] {processor.py:154} INFO - Started process (PID=98371) to work on /Users/hirenpatel/Documents/airflow_tutoral/py_env/lib/python3.8/site-packages/airflow/example_dags/subdags/subdag.py
[2022-11-05T16:23:10.310+1300] {processor.py:756} INFO - Processing file /Users/hirenpatel/Documents/airflow_tutoral/py_env/lib/python3.8/site-packages/airflow/example_dags/subdags/subdag.py for tasks to queue
[2022-11-05T16:23:10.310+1300] {logging_mixin.py:120} INFO - [2022-11-05T16:23:10.310+1300] {dagbag.py:537} INFO - Filling up the DagBag from /Users/hirenpatel/Documents/airflow_tutoral/py_env/lib/python3.8/site-packages/airflow/example_dags/subdags/subdag.py
[2022-11-05T16:23:10.325+1300] {processor.py:768} WARNING - No viable dags retrieved from /Users/hirenpatel/Documents/airflow_tutoral/py_env/lib/python3.8/site-packages/airflow/example_dags/subdags/subdag.py
[2022-11-05T16:23:10.423+1300] {processor.py:176} INFO - Processing /Users/hirenpatel/Documents/airflow_tutoral/py_env/lib/python3.8/site-packages/airflow/example_dags/subdags/subdag.py took 0.119 seconds
[2022-11-05T17:30:39.913+1300] {processor.py:154} INFO - Started process (PID=98633) to work on /Users/hirenpatel/Documents/airflow_tutoral/py_env/lib/python3.8/site-packages/airflow/example_dags/subdags/subdag.py
[2022-11-05T17:30:39.918+1300] {processor.py:756} INFO - Processing file /Users/hirenpatel/Documents/airflow_tutoral/py_env/lib/python3.8/site-packages/airflow/example_dags/subdags/subdag.py for tasks to queue
[2022-11-05T17:30:39.918+1300] {logging_mixin.py:120} INFO - [2022-11-05T17:30:39.918+1300] {dagbag.py:537} INFO - Filling up the DagBag from /Users/hirenpatel/Documents/airflow_tutoral/py_env/lib/python3.8/site-packages/airflow/example_dags/subdags/subdag.py
[2022-11-05T17:30:39.950+1300] {processor.py:768} WARNING - No viable dags retrieved from /Users/hirenpatel/Documents/airflow_tutoral/py_env/lib/python3.8/site-packages/airflow/example_dags/subdags/subdag.py
[2022-11-05T17:30:40.270+1300] {processor.py:176} INFO - Processing /Users/hirenpatel/Documents/airflow_tutoral/py_env/lib/python3.8/site-packages/airflow/example_dags/subdags/subdag.py took 0.357 seconds
[2022-11-05T17:44:21.428+1300] {processor.py:154} INFO - Started process (PID=98834) to work on /Users/hirenpatel/Documents/airflow_tutoral/py_env/lib/python3.8/site-packages/airflow/example_dags/subdags/subdag.py
[2022-11-05T17:44:21.433+1300] {processor.py:756} INFO - Processing file /Users/hirenpatel/Documents/airflow_tutoral/py_env/lib/python3.8/site-packages/airflow/example_dags/subdags/subdag.py for tasks to queue
[2022-11-05T17:44:21.433+1300] {logging_mixin.py:120} INFO - [2022-11-05T17:44:21.433+1300] {dagbag.py:537} INFO - Filling up the DagBag from /Users/hirenpatel/Documents/airflow_tutoral/py_env/lib/python3.8/site-packages/airflow/example_dags/subdags/subdag.py
[2022-11-05T17:44:21.448+1300] {processor.py:768} WARNING - No viable dags retrieved from /Users/hirenpatel/Documents/airflow_tutoral/py_env/lib/python3.8/site-packages/airflow/example_dags/subdags/subdag.py
[2022-11-05T17:44:21.548+1300] {processor.py:176} INFO - Processing /Users/hirenpatel/Documents/airflow_tutoral/py_env/lib/python3.8/site-packages/airflow/example_dags/subdags/subdag.py took 0.120 seconds
[2022-11-05T17:57:07.523+1300] {processor.py:154} INFO - Started process (PID=99034) to work on /Users/hirenpatel/Documents/airflow_tutoral/py_env/lib/python3.8/site-packages/airflow/example_dags/subdags/subdag.py
[2022-11-05T17:57:07.527+1300] {processor.py:756} INFO - Processing file /Users/hirenpatel/Documents/airflow_tutoral/py_env/lib/python3.8/site-packages/airflow/example_dags/subdags/subdag.py for tasks to queue
[2022-11-05T17:57:07.527+1300] {logging_mixin.py:120} INFO - [2022-11-05T17:57:07.527+1300] {dagbag.py:537} INFO - Filling up the DagBag from /Users/hirenpatel/Documents/airflow_tutoral/py_env/lib/python3.8/site-packages/airflow/example_dags/subdags/subdag.py
[2022-11-05T17:57:07.539+1300] {processor.py:768} WARNING - No viable dags retrieved from /Users/hirenpatel/Documents/airflow_tutoral/py_env/lib/python3.8/site-packages/airflow/example_dags/subdags/subdag.py
[2022-11-05T17:57:07.627+1300] {processor.py:176} INFO - Processing /Users/hirenpatel/Documents/airflow_tutoral/py_env/lib/python3.8/site-packages/airflow/example_dags/subdags/subdag.py took 0.105 seconds
[2022-11-05T17:58:46.483+1300] {processor.py:154} INFO - Started process (PID=99141) to work on /Users/hirenpatel/Documents/airflow_tutoral/py_env/lib/python3.8/site-packages/airflow/example_dags/subdags/subdag.py
[2022-11-05T17:58:46.486+1300] {processor.py:756} INFO - Processing file /Users/hirenpatel/Documents/airflow_tutoral/py_env/lib/python3.8/site-packages/airflow/example_dags/subdags/subdag.py for tasks to queue
[2022-11-05T17:58:46.487+1300] {logging_mixin.py:120} INFO - [2022-11-05T17:58:46.487+1300] {dagbag.py:537} INFO - Filling up the DagBag from /Users/hirenpatel/Documents/airflow_tutoral/py_env/lib/python3.8/site-packages/airflow/example_dags/subdags/subdag.py
[2022-11-05T17:58:46.499+1300] {processor.py:768} WARNING - No viable dags retrieved from /Users/hirenpatel/Documents/airflow_tutoral/py_env/lib/python3.8/site-packages/airflow/example_dags/subdags/subdag.py
[2022-11-05T17:58:46.590+1300] {processor.py:176} INFO - Processing /Users/hirenpatel/Documents/airflow_tutoral/py_env/lib/python3.8/site-packages/airflow/example_dags/subdags/subdag.py took 0.108 seconds
[2022-11-05T18:02:00.099+1300] {processor.py:154} INFO - Started process (PID=99286) to work on /Users/hirenpatel/Documents/airflow_tutoral/py_env/lib/python3.8/site-packages/airflow/example_dags/subdags/subdag.py
[2022-11-05T18:02:00.103+1300] {processor.py:756} INFO - Processing file /Users/hirenpatel/Documents/airflow_tutoral/py_env/lib/python3.8/site-packages/airflow/example_dags/subdags/subdag.py for tasks to queue
[2022-11-05T18:02:00.103+1300] {logging_mixin.py:120} INFO - [2022-11-05T18:02:00.103+1300] {dagbag.py:537} INFO - Filling up the DagBag from /Users/hirenpatel/Documents/airflow_tutoral/py_env/lib/python3.8/site-packages/airflow/example_dags/subdags/subdag.py
[2022-11-05T18:02:00.114+1300] {processor.py:768} WARNING - No viable dags retrieved from /Users/hirenpatel/Documents/airflow_tutoral/py_env/lib/python3.8/site-packages/airflow/example_dags/subdags/subdag.py
[2022-11-05T18:02:00.206+1300] {processor.py:176} INFO - Processing /Users/hirenpatel/Documents/airflow_tutoral/py_env/lib/python3.8/site-packages/airflow/example_dags/subdags/subdag.py took 0.108 seconds
[2022-11-05T18:11:52.725+1300] {processor.py:154} INFO - Started process (PID=99468) to work on /Users/hirenpatel/Documents/airflow_tutoral/py_env/lib/python3.8/site-packages/airflow/example_dags/subdags/subdag.py
[2022-11-05T18:11:52.729+1300] {processor.py:756} INFO - Processing file /Users/hirenpatel/Documents/airflow_tutoral/py_env/lib/python3.8/site-packages/airflow/example_dags/subdags/subdag.py for tasks to queue
[2022-11-05T18:11:52.730+1300] {logging_mixin.py:120} INFO - [2022-11-05T18:11:52.730+1300] {dagbag.py:537} INFO - Filling up the DagBag from /Users/hirenpatel/Documents/airflow_tutoral/py_env/lib/python3.8/site-packages/airflow/example_dags/subdags/subdag.py
[2022-11-05T18:11:52.744+1300] {processor.py:768} WARNING - No viable dags retrieved from /Users/hirenpatel/Documents/airflow_tutoral/py_env/lib/python3.8/site-packages/airflow/example_dags/subdags/subdag.py
[2022-11-05T18:11:52.856+1300] {processor.py:176} INFO - Processing /Users/hirenpatel/Documents/airflow_tutoral/py_env/lib/python3.8/site-packages/airflow/example_dags/subdags/subdag.py took 0.132 seconds
[2022-11-05T18:13:10.539+1300] {processor.py:154} INFO - Started process (PID=514) to work on /Users/hirenpatel/Documents/airflow_tutoral/py_env/lib/python3.8/site-packages/airflow/example_dags/subdags/subdag.py
[2022-11-05T18:13:10.542+1300] {processor.py:756} INFO - Processing file /Users/hirenpatel/Documents/airflow_tutoral/py_env/lib/python3.8/site-packages/airflow/example_dags/subdags/subdag.py for tasks to queue
[2022-11-05T18:13:10.543+1300] {logging_mixin.py:120} INFO - [2022-11-05T18:13:10.543+1300] {dagbag.py:537} INFO - Filling up the DagBag from /Users/hirenpatel/Documents/airflow_tutoral/py_env/lib/python3.8/site-packages/airflow/example_dags/subdags/subdag.py
[2022-11-05T18:13:10.554+1300] {processor.py:768} WARNING - No viable dags retrieved from /Users/hirenpatel/Documents/airflow_tutoral/py_env/lib/python3.8/site-packages/airflow/example_dags/subdags/subdag.py
[2022-11-05T18:13:10.643+1300] {processor.py:176} INFO - Processing /Users/hirenpatel/Documents/airflow_tutoral/py_env/lib/python3.8/site-packages/airflow/example_dags/subdags/subdag.py took 0.105 seconds
[2022-11-05T18:14:26.237+1300] {processor.py:154} INFO - Started process (PID=656) to work on /Users/hirenpatel/Documents/airflow_tutoral/py_env/lib/python3.8/site-packages/airflow/example_dags/subdags/subdag.py
[2022-11-05T18:14:26.241+1300] {processor.py:756} INFO - Processing file /Users/hirenpatel/Documents/airflow_tutoral/py_env/lib/python3.8/site-packages/airflow/example_dags/subdags/subdag.py for tasks to queue
[2022-11-05T18:14:26.241+1300] {logging_mixin.py:120} INFO - [2022-11-05T18:14:26.241+1300] {dagbag.py:537} INFO - Filling up the DagBag from /Users/hirenpatel/Documents/airflow_tutoral/py_env/lib/python3.8/site-packages/airflow/example_dags/subdags/subdag.py
[2022-11-05T18:14:26.253+1300] {processor.py:768} WARNING - No viable dags retrieved from /Users/hirenpatel/Documents/airflow_tutoral/py_env/lib/python3.8/site-packages/airflow/example_dags/subdags/subdag.py
[2022-11-05T18:14:26.351+1300] {processor.py:176} INFO - Processing /Users/hirenpatel/Documents/airflow_tutoral/py_env/lib/python3.8/site-packages/airflow/example_dags/subdags/subdag.py took 0.115 seconds
[2022-11-05T18:16:23.652+1300] {processor.py:154} INFO - Started process (PID=786) to work on /Users/hirenpatel/Documents/airflow_tutoral/py_env/lib/python3.8/site-packages/airflow/example_dags/subdags/subdag.py
[2022-11-05T18:16:23.655+1300] {processor.py:756} INFO - Processing file /Users/hirenpatel/Documents/airflow_tutoral/py_env/lib/python3.8/site-packages/airflow/example_dags/subdags/subdag.py for tasks to queue
[2022-11-05T18:16:23.655+1300] {logging_mixin.py:120} INFO - [2022-11-05T18:16:23.655+1300] {dagbag.py:537} INFO - Filling up the DagBag from /Users/hirenpatel/Documents/airflow_tutoral/py_env/lib/python3.8/site-packages/airflow/example_dags/subdags/subdag.py
[2022-11-05T18:16:23.667+1300] {processor.py:768} WARNING - No viable dags retrieved from /Users/hirenpatel/Documents/airflow_tutoral/py_env/lib/python3.8/site-packages/airflow/example_dags/subdags/subdag.py
[2022-11-05T18:16:23.750+1300] {processor.py:176} INFO - Processing /Users/hirenpatel/Documents/airflow_tutoral/py_env/lib/python3.8/site-packages/airflow/example_dags/subdags/subdag.py took 0.099 seconds
[2022-11-05T18:18:19.038+1300] {processor.py:154} INFO - Started process (PID=939) to work on /Users/hirenpatel/Documents/airflow_tutoral/py_env/lib/python3.8/site-packages/airflow/example_dags/subdags/subdag.py
[2022-11-05T18:18:19.043+1300] {processor.py:756} INFO - Processing file /Users/hirenpatel/Documents/airflow_tutoral/py_env/lib/python3.8/site-packages/airflow/example_dags/subdags/subdag.py for tasks to queue
[2022-11-05T18:18:19.043+1300] {logging_mixin.py:120} INFO - [2022-11-05T18:18:19.043+1300] {dagbag.py:537} INFO - Filling up the DagBag from /Users/hirenpatel/Documents/airflow_tutoral/py_env/lib/python3.8/site-packages/airflow/example_dags/subdags/subdag.py
[2022-11-05T18:18:19.054+1300] {processor.py:768} WARNING - No viable dags retrieved from /Users/hirenpatel/Documents/airflow_tutoral/py_env/lib/python3.8/site-packages/airflow/example_dags/subdags/subdag.py
[2022-11-05T18:18:19.140+1300] {processor.py:176} INFO - Processing /Users/hirenpatel/Documents/airflow_tutoral/py_env/lib/python3.8/site-packages/airflow/example_dags/subdags/subdag.py took 0.102 seconds
[2022-11-05T18:19:20.855+1300] {processor.py:154} INFO - Started process (PID=1036) to work on /Users/hirenpatel/Documents/airflow_tutoral/py_env/lib/python3.8/site-packages/airflow/example_dags/subdags/subdag.py
[2022-11-05T18:19:20.859+1300] {processor.py:756} INFO - Processing file /Users/hirenpatel/Documents/airflow_tutoral/py_env/lib/python3.8/site-packages/airflow/example_dags/subdags/subdag.py for tasks to queue
[2022-11-05T18:19:20.859+1300] {logging_mixin.py:120} INFO - [2022-11-05T18:19:20.859+1300] {dagbag.py:537} INFO - Filling up the DagBag from /Users/hirenpatel/Documents/airflow_tutoral/py_env/lib/python3.8/site-packages/airflow/example_dags/subdags/subdag.py
[2022-11-05T18:19:20.871+1300] {processor.py:768} WARNING - No viable dags retrieved from /Users/hirenpatel/Documents/airflow_tutoral/py_env/lib/python3.8/site-packages/airflow/example_dags/subdags/subdag.py
[2022-11-05T18:19:20.963+1300] {processor.py:176} INFO - Processing /Users/hirenpatel/Documents/airflow_tutoral/py_env/lib/python3.8/site-packages/airflow/example_dags/subdags/subdag.py took 0.109 seconds
[2022-11-05T18:33:54.755+1300] {processor.py:154} INFO - Started process (PID=1201) to work on /Users/hirenpatel/Documents/airflow_tutoral/py_env/lib/python3.8/site-packages/airflow/example_dags/subdags/subdag.py
[2022-11-05T18:33:54.760+1300] {processor.py:756} INFO - Processing file /Users/hirenpatel/Documents/airflow_tutoral/py_env/lib/python3.8/site-packages/airflow/example_dags/subdags/subdag.py for tasks to queue
[2022-11-05T18:33:54.760+1300] {logging_mixin.py:120} INFO - [2022-11-05T18:33:54.760+1300] {dagbag.py:537} INFO - Filling up the DagBag from /Users/hirenpatel/Documents/airflow_tutoral/py_env/lib/python3.8/site-packages/airflow/example_dags/subdags/subdag.py
[2022-11-05T18:33:54.774+1300] {processor.py:768} WARNING - No viable dags retrieved from /Users/hirenpatel/Documents/airflow_tutoral/py_env/lib/python3.8/site-packages/airflow/example_dags/subdags/subdag.py
[2022-11-05T18:33:54.907+1300] {processor.py:176} INFO - Processing /Users/hirenpatel/Documents/airflow_tutoral/py_env/lib/python3.8/site-packages/airflow/example_dags/subdags/subdag.py took 0.153 seconds
[2022-11-05T18:41:38.720+1300] {processor.py:154} INFO - Started process (PID=1360) to work on /Users/hirenpatel/Documents/airflow_tutoral/py_env/lib/python3.8/site-packages/airflow/example_dags/subdags/subdag.py
[2022-11-05T18:41:38.724+1300] {processor.py:756} INFO - Processing file /Users/hirenpatel/Documents/airflow_tutoral/py_env/lib/python3.8/site-packages/airflow/example_dags/subdags/subdag.py for tasks to queue
[2022-11-05T18:41:38.725+1300] {logging_mixin.py:120} INFO - [2022-11-05T18:41:38.725+1300] {dagbag.py:537} INFO - Filling up the DagBag from /Users/hirenpatel/Documents/airflow_tutoral/py_env/lib/python3.8/site-packages/airflow/example_dags/subdags/subdag.py
[2022-11-05T18:41:38.736+1300] {processor.py:768} WARNING - No viable dags retrieved from /Users/hirenpatel/Documents/airflow_tutoral/py_env/lib/python3.8/site-packages/airflow/example_dags/subdags/subdag.py
[2022-11-05T18:41:38.822+1300] {processor.py:176} INFO - Processing /Users/hirenpatel/Documents/airflow_tutoral/py_env/lib/python3.8/site-packages/airflow/example_dags/subdags/subdag.py took 0.102 seconds
[2022-11-05T18:51:46.486+1300] {processor.py:154} INFO - Started process (PID=1558) to work on /Users/hirenpatel/Documents/airflow_tutoral/py_env/lib/python3.8/site-packages/airflow/example_dags/subdags/subdag.py
[2022-11-05T18:51:46.490+1300] {processor.py:756} INFO - Processing file /Users/hirenpatel/Documents/airflow_tutoral/py_env/lib/python3.8/site-packages/airflow/example_dags/subdags/subdag.py for tasks to queue
[2022-11-05T18:51:46.490+1300] {logging_mixin.py:120} INFO - [2022-11-05T18:51:46.490+1300] {dagbag.py:537} INFO - Filling up the DagBag from /Users/hirenpatel/Documents/airflow_tutoral/py_env/lib/python3.8/site-packages/airflow/example_dags/subdags/subdag.py
[2022-11-05T18:51:46.502+1300] {processor.py:768} WARNING - No viable dags retrieved from /Users/hirenpatel/Documents/airflow_tutoral/py_env/lib/python3.8/site-packages/airflow/example_dags/subdags/subdag.py
[2022-11-05T18:51:46.590+1300] {processor.py:176} INFO - Processing /Users/hirenpatel/Documents/airflow_tutoral/py_env/lib/python3.8/site-packages/airflow/example_dags/subdags/subdag.py took 0.105 seconds
[2022-11-05T18:54:03.224+1300] {processor.py:154} INFO - Started process (PID=1662) to work on /Users/hirenpatel/Documents/airflow_tutoral/py_env/lib/python3.8/site-packages/airflow/example_dags/subdags/subdag.py
[2022-11-05T18:54:03.289+1300] {processor.py:756} INFO - Processing file /Users/hirenpatel/Documents/airflow_tutoral/py_env/lib/python3.8/site-packages/airflow/example_dags/subdags/subdag.py for tasks to queue
[2022-11-05T18:54:03.289+1300] {logging_mixin.py:120} INFO - [2022-11-05T18:54:03.289+1300] {dagbag.py:537} INFO - Filling up the DagBag from /Users/hirenpatel/Documents/airflow_tutoral/py_env/lib/python3.8/site-packages/airflow/example_dags/subdags/subdag.py
[2022-11-05T18:54:03.302+1300] {processor.py:768} WARNING - No viable dags retrieved from /Users/hirenpatel/Documents/airflow_tutoral/py_env/lib/python3.8/site-packages/airflow/example_dags/subdags/subdag.py
[2022-11-05T18:54:03.389+1300] {processor.py:176} INFO - Processing /Users/hirenpatel/Documents/airflow_tutoral/py_env/lib/python3.8/site-packages/airflow/example_dags/subdags/subdag.py took 0.165 seconds
[2022-11-05T18:55:35.355+1300] {processor.py:154} INFO - Started process (PID=1814) to work on /Users/hirenpatel/Documents/airflow_tutoral/py_env/lib/python3.8/site-packages/airflow/example_dags/subdags/subdag.py
[2022-11-05T18:55:35.359+1300] {processor.py:756} INFO - Processing file /Users/hirenpatel/Documents/airflow_tutoral/py_env/lib/python3.8/site-packages/airflow/example_dags/subdags/subdag.py for tasks to queue
[2022-11-05T18:55:35.359+1300] {logging_mixin.py:120} INFO - [2022-11-05T18:55:35.359+1300] {dagbag.py:537} INFO - Filling up the DagBag from /Users/hirenpatel/Documents/airflow_tutoral/py_env/lib/python3.8/site-packages/airflow/example_dags/subdags/subdag.py
[2022-11-05T18:55:35.371+1300] {processor.py:768} WARNING - No viable dags retrieved from /Users/hirenpatel/Documents/airflow_tutoral/py_env/lib/python3.8/site-packages/airflow/example_dags/subdags/subdag.py
[2022-11-05T18:55:35.458+1300] {processor.py:176} INFO - Processing /Users/hirenpatel/Documents/airflow_tutoral/py_env/lib/python3.8/site-packages/airflow/example_dags/subdags/subdag.py took 0.103 seconds
[2022-11-05T18:56:53.541+1300] {processor.py:154} INFO - Started process (PID=1955) to work on /Users/hirenpatel/Documents/airflow_tutoral/py_env/lib/python3.8/site-packages/airflow/example_dags/subdags/subdag.py
[2022-11-05T18:56:53.545+1300] {processor.py:756} INFO - Processing file /Users/hirenpatel/Documents/airflow_tutoral/py_env/lib/python3.8/site-packages/airflow/example_dags/subdags/subdag.py for tasks to queue
[2022-11-05T18:56:53.545+1300] {logging_mixin.py:120} INFO - [2022-11-05T18:56:53.545+1300] {dagbag.py:537} INFO - Filling up the DagBag from /Users/hirenpatel/Documents/airflow_tutoral/py_env/lib/python3.8/site-packages/airflow/example_dags/subdags/subdag.py
[2022-11-05T18:56:53.555+1300] {processor.py:768} WARNING - No viable dags retrieved from /Users/hirenpatel/Documents/airflow_tutoral/py_env/lib/python3.8/site-packages/airflow/example_dags/subdags/subdag.py
[2022-11-05T18:56:53.636+1300] {processor.py:176} INFO - Processing /Users/hirenpatel/Documents/airflow_tutoral/py_env/lib/python3.8/site-packages/airflow/example_dags/subdags/subdag.py took 0.096 seconds
[2022-11-05T18:58:13.130+1300] {processor.py:154} INFO - Started process (PID=2073) to work on /Users/hirenpatel/Documents/airflow_tutoral/py_env/lib/python3.8/site-packages/airflow/example_dags/subdags/subdag.py
[2022-11-05T18:58:13.134+1300] {processor.py:756} INFO - Processing file /Users/hirenpatel/Documents/airflow_tutoral/py_env/lib/python3.8/site-packages/airflow/example_dags/subdags/subdag.py for tasks to queue
[2022-11-05T18:58:13.134+1300] {logging_mixin.py:120} INFO - [2022-11-05T18:58:13.134+1300] {dagbag.py:537} INFO - Filling up the DagBag from /Users/hirenpatel/Documents/airflow_tutoral/py_env/lib/python3.8/site-packages/airflow/example_dags/subdags/subdag.py
[2022-11-05T18:58:13.147+1300] {processor.py:768} WARNING - No viable dags retrieved from /Users/hirenpatel/Documents/airflow_tutoral/py_env/lib/python3.8/site-packages/airflow/example_dags/subdags/subdag.py
[2022-11-05T18:58:20.096+1300] {processor.py:176} INFO - Processing /Users/hirenpatel/Documents/airflow_tutoral/py_env/lib/python3.8/site-packages/airflow/example_dags/subdags/subdag.py took 0.466 seconds
[2022-11-05T19:03:13.628+1300] {processor.py:154} INFO - Started process (PID=2222) to work on /Users/hirenpatel/Documents/airflow_tutoral/py_env/lib/python3.8/site-packages/airflow/example_dags/subdags/subdag.py
[2022-11-05T19:03:13.633+1300] {processor.py:756} INFO - Processing file /Users/hirenpatel/Documents/airflow_tutoral/py_env/lib/python3.8/site-packages/airflow/example_dags/subdags/subdag.py for tasks to queue
[2022-11-05T19:03:13.633+1300] {logging_mixin.py:120} INFO - [2022-11-05T19:03:13.633+1300] {dagbag.py:537} INFO - Filling up the DagBag from /Users/hirenpatel/Documents/airflow_tutoral/py_env/lib/python3.8/site-packages/airflow/example_dags/subdags/subdag.py
[2022-11-05T19:03:13.647+1300] {processor.py:768} WARNING - No viable dags retrieved from /Users/hirenpatel/Documents/airflow_tutoral/py_env/lib/python3.8/site-packages/airflow/example_dags/subdags/subdag.py
[2022-11-05T19:03:13.747+1300] {processor.py:176} INFO - Processing /Users/hirenpatel/Documents/airflow_tutoral/py_env/lib/python3.8/site-packages/airflow/example_dags/subdags/subdag.py took 0.120 seconds
[2022-11-05T19:05:35.357+1300] {processor.py:154} INFO - Started process (PID=2389) to work on /Users/hirenpatel/Documents/airflow_tutoral/py_env/lib/python3.8/site-packages/airflow/example_dags/subdags/subdag.py
[2022-11-05T19:05:35.361+1300] {processor.py:756} INFO - Processing file /Users/hirenpatel/Documents/airflow_tutoral/py_env/lib/python3.8/site-packages/airflow/example_dags/subdags/subdag.py for tasks to queue
[2022-11-05T19:05:35.361+1300] {logging_mixin.py:120} INFO - [2022-11-05T19:05:35.361+1300] {dagbag.py:537} INFO - Filling up the DagBag from /Users/hirenpatel/Documents/airflow_tutoral/py_env/lib/python3.8/site-packages/airflow/example_dags/subdags/subdag.py
[2022-11-05T19:05:35.372+1300] {processor.py:768} WARNING - No viable dags retrieved from /Users/hirenpatel/Documents/airflow_tutoral/py_env/lib/python3.8/site-packages/airflow/example_dags/subdags/subdag.py
[2022-11-05T19:05:35.456+1300] {processor.py:176} INFO - Processing /Users/hirenpatel/Documents/airflow_tutoral/py_env/lib/python3.8/site-packages/airflow/example_dags/subdags/subdag.py took 0.099 seconds
[2022-11-05T19:11:00.756+1300] {processor.py:154} INFO - Started process (PID=2515) to work on /Users/hirenpatel/Documents/airflow_tutoral/py_env/lib/python3.8/site-packages/airflow/example_dags/subdags/subdag.py
[2022-11-05T19:11:00.759+1300] {processor.py:756} INFO - Processing file /Users/hirenpatel/Documents/airflow_tutoral/py_env/lib/python3.8/site-packages/airflow/example_dags/subdags/subdag.py for tasks to queue
[2022-11-05T19:11:00.760+1300] {logging_mixin.py:120} INFO - [2022-11-05T19:11:00.760+1300] {dagbag.py:537} INFO - Filling up the DagBag from /Users/hirenpatel/Documents/airflow_tutoral/py_env/lib/python3.8/site-packages/airflow/example_dags/subdags/subdag.py
[2022-11-05T19:11:00.772+1300] {processor.py:768} WARNING - No viable dags retrieved from /Users/hirenpatel/Documents/airflow_tutoral/py_env/lib/python3.8/site-packages/airflow/example_dags/subdags/subdag.py
[2022-11-05T19:11:00.860+1300] {processor.py:176} INFO - Processing /Users/hirenpatel/Documents/airflow_tutoral/py_env/lib/python3.8/site-packages/airflow/example_dags/subdags/subdag.py took 0.105 seconds
[2022-11-05T19:16:44.927+1300] {processor.py:154} INFO - Started process (PID=2676) to work on /Users/hirenpatel/Documents/airflow_tutoral/py_env/lib/python3.8/site-packages/airflow/example_dags/subdags/subdag.py
[2022-11-05T19:16:44.930+1300] {processor.py:756} INFO - Processing file /Users/hirenpatel/Documents/airflow_tutoral/py_env/lib/python3.8/site-packages/airflow/example_dags/subdags/subdag.py for tasks to queue
[2022-11-05T19:16:44.931+1300] {logging_mixin.py:120} INFO - [2022-11-05T19:16:44.931+1300] {dagbag.py:537} INFO - Filling up the DagBag from /Users/hirenpatel/Documents/airflow_tutoral/py_env/lib/python3.8/site-packages/airflow/example_dags/subdags/subdag.py
[2022-11-05T19:16:44.942+1300] {processor.py:768} WARNING - No viable dags retrieved from /Users/hirenpatel/Documents/airflow_tutoral/py_env/lib/python3.8/site-packages/airflow/example_dags/subdags/subdag.py
[2022-11-05T19:16:45.027+1300] {processor.py:176} INFO - Processing /Users/hirenpatel/Documents/airflow_tutoral/py_env/lib/python3.8/site-packages/airflow/example_dags/subdags/subdag.py took 0.101 seconds
[2022-11-05T19:22:53.988+1300] {processor.py:154} INFO - Started process (PID=2907) to work on /Users/hirenpatel/Documents/airflow_tutoral/py_env/lib/python3.8/site-packages/airflow/example_dags/subdags/subdag.py
[2022-11-05T19:22:53.993+1300] {processor.py:756} INFO - Processing file /Users/hirenpatel/Documents/airflow_tutoral/py_env/lib/python3.8/site-packages/airflow/example_dags/subdags/subdag.py for tasks to queue
[2022-11-05T19:22:53.993+1300] {logging_mixin.py:120} INFO - [2022-11-05T19:22:53.993+1300] {dagbag.py:537} INFO - Filling up the DagBag from /Users/hirenpatel/Documents/airflow_tutoral/py_env/lib/python3.8/site-packages/airflow/example_dags/subdags/subdag.py
[2022-11-05T19:22:54.004+1300] {processor.py:768} WARNING - No viable dags retrieved from /Users/hirenpatel/Documents/airflow_tutoral/py_env/lib/python3.8/site-packages/airflow/example_dags/subdags/subdag.py
[2022-11-05T19:22:54.089+1300] {processor.py:176} INFO - Processing /Users/hirenpatel/Documents/airflow_tutoral/py_env/lib/python3.8/site-packages/airflow/example_dags/subdags/subdag.py took 0.101 seconds
[2022-11-05T19:28:16.909+1300] {processor.py:154} INFO - Started process (PID=3068) to work on /Users/hirenpatel/Documents/airflow_tutoral/py_env/lib/python3.8/site-packages/airflow/example_dags/subdags/subdag.py
[2022-11-05T19:28:16.913+1300] {processor.py:756} INFO - Processing file /Users/hirenpatel/Documents/airflow_tutoral/py_env/lib/python3.8/site-packages/airflow/example_dags/subdags/subdag.py for tasks to queue
[2022-11-05T19:28:16.914+1300] {logging_mixin.py:120} INFO - [2022-11-05T19:28:16.914+1300] {dagbag.py:537} INFO - Filling up the DagBag from /Users/hirenpatel/Documents/airflow_tutoral/py_env/lib/python3.8/site-packages/airflow/example_dags/subdags/subdag.py
[2022-11-05T19:28:16.928+1300] {processor.py:768} WARNING - No viable dags retrieved from /Users/hirenpatel/Documents/airflow_tutoral/py_env/lib/python3.8/site-packages/airflow/example_dags/subdags/subdag.py
[2022-11-05T19:28:17.014+1300] {processor.py:176} INFO - Processing /Users/hirenpatel/Documents/airflow_tutoral/py_env/lib/python3.8/site-packages/airflow/example_dags/subdags/subdag.py took 0.105 seconds
[2022-11-05T19:48:21.973+1300] {processor.py:154} INFO - Started process (PID=3232) to work on /Users/hirenpatel/Documents/airflow_tutoral/py_env/lib/python3.8/site-packages/airflow/example_dags/subdags/subdag.py
[2022-11-05T19:48:21.978+1300] {processor.py:756} INFO - Processing file /Users/hirenpatel/Documents/airflow_tutoral/py_env/lib/python3.8/site-packages/airflow/example_dags/subdags/subdag.py for tasks to queue
[2022-11-05T19:48:21.978+1300] {logging_mixin.py:120} INFO - [2022-11-05T19:48:21.978+1300] {dagbag.py:537} INFO - Filling up the DagBag from /Users/hirenpatel/Documents/airflow_tutoral/py_env/lib/python3.8/site-packages/airflow/example_dags/subdags/subdag.py
[2022-11-05T19:48:21.992+1300] {processor.py:768} WARNING - No viable dags retrieved from /Users/hirenpatel/Documents/airflow_tutoral/py_env/lib/python3.8/site-packages/airflow/example_dags/subdags/subdag.py
[2022-11-05T19:48:22.094+1300] {processor.py:176} INFO - Processing /Users/hirenpatel/Documents/airflow_tutoral/py_env/lib/python3.8/site-packages/airflow/example_dags/subdags/subdag.py took 0.121 seconds
[2022-11-05T19:55:47.911+1300] {processor.py:154} INFO - Started process (PID=3436) to work on /Users/hirenpatel/Documents/airflow_tutoral/py_env/lib/python3.8/site-packages/airflow/example_dags/subdags/subdag.py
[2022-11-05T19:55:47.916+1300] {processor.py:756} INFO - Processing file /Users/hirenpatel/Documents/airflow_tutoral/py_env/lib/python3.8/site-packages/airflow/example_dags/subdags/subdag.py for tasks to queue
[2022-11-05T19:55:47.916+1300] {logging_mixin.py:120} INFO - [2022-11-05T19:55:47.916+1300] {dagbag.py:537} INFO - Filling up the DagBag from /Users/hirenpatel/Documents/airflow_tutoral/py_env/lib/python3.8/site-packages/airflow/example_dags/subdags/subdag.py
[2022-11-05T19:55:47.928+1300] {processor.py:768} WARNING - No viable dags retrieved from /Users/hirenpatel/Documents/airflow_tutoral/py_env/lib/python3.8/site-packages/airflow/example_dags/subdags/subdag.py
[2022-11-05T19:55:48.020+1300] {processor.py:176} INFO - Processing /Users/hirenpatel/Documents/airflow_tutoral/py_env/lib/python3.8/site-packages/airflow/example_dags/subdags/subdag.py took 0.109 seconds
[2022-11-05T19:56:53.481+1300] {processor.py:154} INFO - Started process (PID=3556) to work on /Users/hirenpatel/Documents/airflow_tutoral/py_env/lib/python3.8/site-packages/airflow/example_dags/subdags/subdag.py
[2022-11-05T19:56:53.485+1300] {processor.py:756} INFO - Processing file /Users/hirenpatel/Documents/airflow_tutoral/py_env/lib/python3.8/site-packages/airflow/example_dags/subdags/subdag.py for tasks to queue
[2022-11-05T19:56:53.485+1300] {logging_mixin.py:120} INFO - [2022-11-05T19:56:53.485+1300] {dagbag.py:537} INFO - Filling up the DagBag from /Users/hirenpatel/Documents/airflow_tutoral/py_env/lib/python3.8/site-packages/airflow/example_dags/subdags/subdag.py
[2022-11-05T19:56:53.497+1300] {processor.py:768} WARNING - No viable dags retrieved from /Users/hirenpatel/Documents/airflow_tutoral/py_env/lib/python3.8/site-packages/airflow/example_dags/subdags/subdag.py
[2022-11-05T19:56:53.585+1300] {processor.py:176} INFO - Processing /Users/hirenpatel/Documents/airflow_tutoral/py_env/lib/python3.8/site-packages/airflow/example_dags/subdags/subdag.py took 0.105 seconds
[2022-11-05T19:59:05.101+1300] {processor.py:154} INFO - Started process (PID=3657) to work on /Users/hirenpatel/Documents/airflow_tutoral/py_env/lib/python3.8/site-packages/airflow/example_dags/subdags/subdag.py
[2022-11-05T19:59:05.105+1300] {processor.py:756} INFO - Processing file /Users/hirenpatel/Documents/airflow_tutoral/py_env/lib/python3.8/site-packages/airflow/example_dags/subdags/subdag.py for tasks to queue
[2022-11-05T19:59:05.105+1300] {logging_mixin.py:120} INFO - [2022-11-05T19:59:05.105+1300] {dagbag.py:537} INFO - Filling up the DagBag from /Users/hirenpatel/Documents/airflow_tutoral/py_env/lib/python3.8/site-packages/airflow/example_dags/subdags/subdag.py
[2022-11-05T19:59:05.119+1300] {processor.py:768} WARNING - No viable dags retrieved from /Users/hirenpatel/Documents/airflow_tutoral/py_env/lib/python3.8/site-packages/airflow/example_dags/subdags/subdag.py
[2022-11-05T19:59:05.206+1300] {processor.py:176} INFO - Processing /Users/hirenpatel/Documents/airflow_tutoral/py_env/lib/python3.8/site-packages/airflow/example_dags/subdags/subdag.py took 0.106 seconds
[2022-11-05T20:06:59.104+1300] {processor.py:154} INFO - Started process (PID=3798) to work on /Users/hirenpatel/Documents/airflow_tutoral/py_env/lib/python3.8/site-packages/airflow/example_dags/subdags/subdag.py
[2022-11-05T20:06:59.108+1300] {processor.py:756} INFO - Processing file /Users/hirenpatel/Documents/airflow_tutoral/py_env/lib/python3.8/site-packages/airflow/example_dags/subdags/subdag.py for tasks to queue
[2022-11-05T20:06:59.108+1300] {logging_mixin.py:120} INFO - [2022-11-05T20:06:59.108+1300] {dagbag.py:537} INFO - Filling up the DagBag from /Users/hirenpatel/Documents/airflow_tutoral/py_env/lib/python3.8/site-packages/airflow/example_dags/subdags/subdag.py
[2022-11-05T20:06:59.121+1300] {processor.py:768} WARNING - No viable dags retrieved from /Users/hirenpatel/Documents/airflow_tutoral/py_env/lib/python3.8/site-packages/airflow/example_dags/subdags/subdag.py
[2022-11-05T20:06:59.216+1300] {processor.py:176} INFO - Processing /Users/hirenpatel/Documents/airflow_tutoral/py_env/lib/python3.8/site-packages/airflow/example_dags/subdags/subdag.py took 0.112 seconds
[2022-11-05T20:18:29.646+1300] {processor.py:154} INFO - Started process (PID=3959) to work on /Users/hirenpatel/Documents/airflow_tutoral/py_env/lib/python3.8/site-packages/airflow/example_dags/subdags/subdag.py
[2022-11-05T20:18:29.649+1300] {processor.py:756} INFO - Processing file /Users/hirenpatel/Documents/airflow_tutoral/py_env/lib/python3.8/site-packages/airflow/example_dags/subdags/subdag.py for tasks to queue
[2022-11-05T20:18:29.649+1300] {logging_mixin.py:120} INFO - [2022-11-05T20:18:29.649+1300] {dagbag.py:537} INFO - Filling up the DagBag from /Users/hirenpatel/Documents/airflow_tutoral/py_env/lib/python3.8/site-packages/airflow/example_dags/subdags/subdag.py
[2022-11-05T20:18:29.661+1300] {processor.py:768} WARNING - No viable dags retrieved from /Users/hirenpatel/Documents/airflow_tutoral/py_env/lib/python3.8/site-packages/airflow/example_dags/subdags/subdag.py
[2022-11-05T20:18:29.746+1300] {processor.py:176} INFO - Processing /Users/hirenpatel/Documents/airflow_tutoral/py_env/lib/python3.8/site-packages/airflow/example_dags/subdags/subdag.py took 0.101 seconds
[2022-11-05T20:22:04.167+1300] {processor.py:154} INFO - Started process (PID=4085) to work on /Users/hirenpatel/Documents/airflow_tutoral/py_env/lib/python3.8/site-packages/airflow/example_dags/subdags/subdag.py
[2022-11-05T20:22:04.171+1300] {processor.py:756} INFO - Processing file /Users/hirenpatel/Documents/airflow_tutoral/py_env/lib/python3.8/site-packages/airflow/example_dags/subdags/subdag.py for tasks to queue
[2022-11-05T20:22:04.172+1300] {logging_mixin.py:120} INFO - [2022-11-05T20:22:04.171+1300] {dagbag.py:537} INFO - Filling up the DagBag from /Users/hirenpatel/Documents/airflow_tutoral/py_env/lib/python3.8/site-packages/airflow/example_dags/subdags/subdag.py
[2022-11-05T20:22:04.185+1300] {processor.py:768} WARNING - No viable dags retrieved from /Users/hirenpatel/Documents/airflow_tutoral/py_env/lib/python3.8/site-packages/airflow/example_dags/subdags/subdag.py
[2022-11-05T20:22:04.281+1300] {processor.py:176} INFO - Processing /Users/hirenpatel/Documents/airflow_tutoral/py_env/lib/python3.8/site-packages/airflow/example_dags/subdags/subdag.py took 0.115 seconds
[2022-11-05T20:49:11.208+1300] {processor.py:154} INFO - Started process (PID=4301) to work on /Users/hirenpatel/Documents/airflow_tutoral/py_env/lib/python3.8/site-packages/airflow/example_dags/subdags/subdag.py
[2022-11-05T20:49:11.212+1300] {processor.py:756} INFO - Processing file /Users/hirenpatel/Documents/airflow_tutoral/py_env/lib/python3.8/site-packages/airflow/example_dags/subdags/subdag.py for tasks to queue
[2022-11-05T20:49:11.212+1300] {logging_mixin.py:120} INFO - [2022-11-05T20:49:11.212+1300] {dagbag.py:537} INFO - Filling up the DagBag from /Users/hirenpatel/Documents/airflow_tutoral/py_env/lib/python3.8/site-packages/airflow/example_dags/subdags/subdag.py
[2022-11-05T20:49:11.225+1300] {processor.py:768} WARNING - No viable dags retrieved from /Users/hirenpatel/Documents/airflow_tutoral/py_env/lib/python3.8/site-packages/airflow/example_dags/subdags/subdag.py
[2022-11-05T20:49:11.333+1300] {processor.py:176} INFO - Processing /Users/hirenpatel/Documents/airflow_tutoral/py_env/lib/python3.8/site-packages/airflow/example_dags/subdags/subdag.py took 0.125 seconds
[2022-11-05T21:05:57.518+1300] {processor.py:154} INFO - Started process (PID=4502) to work on /Users/hirenpatel/Documents/airflow_tutoral/py_env/lib/python3.8/site-packages/airflow/example_dags/subdags/subdag.py
[2022-11-05T21:05:57.522+1300] {processor.py:756} INFO - Processing file /Users/hirenpatel/Documents/airflow_tutoral/py_env/lib/python3.8/site-packages/airflow/example_dags/subdags/subdag.py for tasks to queue
[2022-11-05T21:05:57.522+1300] {logging_mixin.py:120} INFO - [2022-11-05T21:05:57.522+1300] {dagbag.py:537} INFO - Filling up the DagBag from /Users/hirenpatel/Documents/airflow_tutoral/py_env/lib/python3.8/site-packages/airflow/example_dags/subdags/subdag.py
[2022-11-05T21:05:57.536+1300] {processor.py:768} WARNING - No viable dags retrieved from /Users/hirenpatel/Documents/airflow_tutoral/py_env/lib/python3.8/site-packages/airflow/example_dags/subdags/subdag.py
[2022-11-05T21:05:57.641+1300] {processor.py:176} INFO - Processing /Users/hirenpatel/Documents/airflow_tutoral/py_env/lib/python3.8/site-packages/airflow/example_dags/subdags/subdag.py took 0.124 seconds
[2022-11-05T21:48:46.468+1300] {processor.py:154} INFO - Started process (PID=4719) to work on /Users/hirenpatel/Documents/airflow_tutoral/py_env/lib/python3.8/site-packages/airflow/example_dags/subdags/subdag.py
[2022-11-05T21:48:46.473+1300] {processor.py:756} INFO - Processing file /Users/hirenpatel/Documents/airflow_tutoral/py_env/lib/python3.8/site-packages/airflow/example_dags/subdags/subdag.py for tasks to queue
[2022-11-05T21:48:46.473+1300] {logging_mixin.py:120} INFO - [2022-11-05T21:48:46.473+1300] {dagbag.py:537} INFO - Filling up the DagBag from /Users/hirenpatel/Documents/airflow_tutoral/py_env/lib/python3.8/site-packages/airflow/example_dags/subdags/subdag.py
[2022-11-05T21:48:46.487+1300] {processor.py:768} WARNING - No viable dags retrieved from /Users/hirenpatel/Documents/airflow_tutoral/py_env/lib/python3.8/site-packages/airflow/example_dags/subdags/subdag.py
[2022-11-05T21:48:46.584+1300] {processor.py:176} INFO - Processing /Users/hirenpatel/Documents/airflow_tutoral/py_env/lib/python3.8/site-packages/airflow/example_dags/subdags/subdag.py took 0.116 seconds
[2022-11-05T22:46:25.276+1300] {processor.py:154} INFO - Started process (PID=4949) to work on /Users/hirenpatel/Documents/airflow_tutoral/py_env/lib/python3.8/site-packages/airflow/example_dags/subdags/subdag.py
[2022-11-05T22:46:25.280+1300] {processor.py:756} INFO - Processing file /Users/hirenpatel/Documents/airflow_tutoral/py_env/lib/python3.8/site-packages/airflow/example_dags/subdags/subdag.py for tasks to queue
[2022-11-05T22:46:25.280+1300] {logging_mixin.py:120} INFO - [2022-11-05T22:46:25.280+1300] {dagbag.py:537} INFO - Filling up the DagBag from /Users/hirenpatel/Documents/airflow_tutoral/py_env/lib/python3.8/site-packages/airflow/example_dags/subdags/subdag.py
[2022-11-05T22:46:25.292+1300] {processor.py:768} WARNING - No viable dags retrieved from /Users/hirenpatel/Documents/airflow_tutoral/py_env/lib/python3.8/site-packages/airflow/example_dags/subdags/subdag.py
[2022-11-05T22:46:25.381+1300] {processor.py:176} INFO - Processing /Users/hirenpatel/Documents/airflow_tutoral/py_env/lib/python3.8/site-packages/airflow/example_dags/subdags/subdag.py took 0.105 seconds
[2022-11-05T23:09:46.233+1300] {processor.py:154} INFO - Started process (PID=5127) to work on /Users/hirenpatel/Documents/airflow_tutoral/py_env/lib/python3.8/site-packages/airflow/example_dags/subdags/subdag.py
[2022-11-05T23:09:46.237+1300] {processor.py:756} INFO - Processing file /Users/hirenpatel/Documents/airflow_tutoral/py_env/lib/python3.8/site-packages/airflow/example_dags/subdags/subdag.py for tasks to queue
[2022-11-05T23:09:46.237+1300] {logging_mixin.py:120} INFO - [2022-11-05T23:09:46.237+1300] {dagbag.py:537} INFO - Filling up the DagBag from /Users/hirenpatel/Documents/airflow_tutoral/py_env/lib/python3.8/site-packages/airflow/example_dags/subdags/subdag.py
[2022-11-05T23:09:46.248+1300] {processor.py:768} WARNING - No viable dags retrieved from /Users/hirenpatel/Documents/airflow_tutoral/py_env/lib/python3.8/site-packages/airflow/example_dags/subdags/subdag.py
[2022-11-05T23:09:46.328+1300] {processor.py:176} INFO - Processing /Users/hirenpatel/Documents/airflow_tutoral/py_env/lib/python3.8/site-packages/airflow/example_dags/subdags/subdag.py took 0.096 seconds
[2022-11-05T23:14:53.033+1300] {processor.py:154} INFO - Started process (PID=5271) to work on /Users/hirenpatel/Documents/airflow_tutoral/py_env/lib/python3.8/site-packages/airflow/example_dags/subdags/subdag.py
[2022-11-05T23:14:53.037+1300] {processor.py:756} INFO - Processing file /Users/hirenpatel/Documents/airflow_tutoral/py_env/lib/python3.8/site-packages/airflow/example_dags/subdags/subdag.py for tasks to queue
[2022-11-05T23:14:53.037+1300] {logging_mixin.py:120} INFO - [2022-11-05T23:14:53.037+1300] {dagbag.py:537} INFO - Filling up the DagBag from /Users/hirenpatel/Documents/airflow_tutoral/py_env/lib/python3.8/site-packages/airflow/example_dags/subdags/subdag.py
[2022-11-05T23:14:53.048+1300] {processor.py:768} WARNING - No viable dags retrieved from /Users/hirenpatel/Documents/airflow_tutoral/py_env/lib/python3.8/site-packages/airflow/example_dags/subdags/subdag.py
[2022-11-05T23:14:53.134+1300] {processor.py:176} INFO - Processing /Users/hirenpatel/Documents/airflow_tutoral/py_env/lib/python3.8/site-packages/airflow/example_dags/subdags/subdag.py took 0.102 seconds
[2022-11-05T23:35:19.250+1300] {processor.py:154} INFO - Started process (PID=5424) to work on /Users/hirenpatel/Documents/airflow_tutoral/py_env/lib/python3.8/site-packages/airflow/example_dags/subdags/subdag.py
[2022-11-05T23:35:19.257+1300] {processor.py:756} INFO - Processing file /Users/hirenpatel/Documents/airflow_tutoral/py_env/lib/python3.8/site-packages/airflow/example_dags/subdags/subdag.py for tasks to queue
[2022-11-05T23:35:19.257+1300] {logging_mixin.py:120} INFO - [2022-11-05T23:35:19.257+1300] {dagbag.py:537} INFO - Filling up the DagBag from /Users/hirenpatel/Documents/airflow_tutoral/py_env/lib/python3.8/site-packages/airflow/example_dags/subdags/subdag.py
[2022-11-05T23:35:19.273+1300] {processor.py:768} WARNING - No viable dags retrieved from /Users/hirenpatel/Documents/airflow_tutoral/py_env/lib/python3.8/site-packages/airflow/example_dags/subdags/subdag.py
[2022-11-05T23:35:19.402+1300] {processor.py:176} INFO - Processing /Users/hirenpatel/Documents/airflow_tutoral/py_env/lib/python3.8/site-packages/airflow/example_dags/subdags/subdag.py took 0.154 seconds
[2022-11-05T23:45:03.028+1300] {processor.py:154} INFO - Started process (PID=5587) to work on /Users/hirenpatel/Documents/airflow_tutoral/py_env/lib/python3.8/site-packages/airflow/example_dags/subdags/subdag.py
[2022-11-05T23:45:03.032+1300] {processor.py:756} INFO - Processing file /Users/hirenpatel/Documents/airflow_tutoral/py_env/lib/python3.8/site-packages/airflow/example_dags/subdags/subdag.py for tasks to queue
[2022-11-05T23:45:03.032+1300] {logging_mixin.py:120} INFO - [2022-11-05T23:45:03.032+1300] {dagbag.py:537} INFO - Filling up the DagBag from /Users/hirenpatel/Documents/airflow_tutoral/py_env/lib/python3.8/site-packages/airflow/example_dags/subdags/subdag.py
[2022-11-05T23:45:03.044+1300] {processor.py:768} WARNING - No viable dags retrieved from /Users/hirenpatel/Documents/airflow_tutoral/py_env/lib/python3.8/site-packages/airflow/example_dags/subdags/subdag.py
[2022-11-05T23:45:03.137+1300] {processor.py:176} INFO - Processing /Users/hirenpatel/Documents/airflow_tutoral/py_env/lib/python3.8/site-packages/airflow/example_dags/subdags/subdag.py took 0.109 seconds
[2022-11-06T00:51:53.917+1300] {processor.py:154} INFO - Started process (PID=5890) to work on /Users/hirenpatel/Documents/airflow_tutoral/py_env/lib/python3.8/site-packages/airflow/example_dags/subdags/subdag.py
[2022-11-06T00:51:53.921+1300] {processor.py:756} INFO - Processing file /Users/hirenpatel/Documents/airflow_tutoral/py_env/lib/python3.8/site-packages/airflow/example_dags/subdags/subdag.py for tasks to queue
[2022-11-06T00:51:53.921+1300] {logging_mixin.py:120} INFO - [2022-11-06T00:51:53.921+1300] {dagbag.py:537} INFO - Filling up the DagBag from /Users/hirenpatel/Documents/airflow_tutoral/py_env/lib/python3.8/site-packages/airflow/example_dags/subdags/subdag.py
[2022-11-06T00:51:53.934+1300] {processor.py:768} WARNING - No viable dags retrieved from /Users/hirenpatel/Documents/airflow_tutoral/py_env/lib/python3.8/site-packages/airflow/example_dags/subdags/subdag.py
[2022-11-06T00:51:54.031+1300] {processor.py:176} INFO - Processing /Users/hirenpatel/Documents/airflow_tutoral/py_env/lib/python3.8/site-packages/airflow/example_dags/subdags/subdag.py took 0.114 seconds
[2022-11-06T01:35:12.310+1300] {processor.py:154} INFO - Started process (PID=6072) to work on /Users/hirenpatel/Documents/airflow_tutoral/py_env/lib/python3.8/site-packages/airflow/example_dags/subdags/subdag.py
[2022-11-06T01:35:12.315+1300] {processor.py:756} INFO - Processing file /Users/hirenpatel/Documents/airflow_tutoral/py_env/lib/python3.8/site-packages/airflow/example_dags/subdags/subdag.py for tasks to queue
[2022-11-06T01:35:12.315+1300] {logging_mixin.py:120} INFO - [2022-11-06T01:35:12.315+1300] {dagbag.py:537} INFO - Filling up the DagBag from /Users/hirenpatel/Documents/airflow_tutoral/py_env/lib/python3.8/site-packages/airflow/example_dags/subdags/subdag.py
[2022-11-06T01:35:12.325+1300] {processor.py:768} WARNING - No viable dags retrieved from /Users/hirenpatel/Documents/airflow_tutoral/py_env/lib/python3.8/site-packages/airflow/example_dags/subdags/subdag.py
[2022-11-06T01:35:12.410+1300] {processor.py:176} INFO - Processing /Users/hirenpatel/Documents/airflow_tutoral/py_env/lib/python3.8/site-packages/airflow/example_dags/subdags/subdag.py took 0.100 seconds
[2022-11-06T03:27:00.968+1300] {processor.py:154} INFO - Started process (PID=6333) to work on /Users/hirenpatel/Documents/airflow_tutoral/py_env/lib/python3.8/site-packages/airflow/example_dags/subdags/subdag.py
[2022-11-06T03:27:00.972+1300] {processor.py:756} INFO - Processing file /Users/hirenpatel/Documents/airflow_tutoral/py_env/lib/python3.8/site-packages/airflow/example_dags/subdags/subdag.py for tasks to queue
[2022-11-06T03:27:00.972+1300] {logging_mixin.py:120} INFO - [2022-11-06T03:27:00.972+1300] {dagbag.py:537} INFO - Filling up the DagBag from /Users/hirenpatel/Documents/airflow_tutoral/py_env/lib/python3.8/site-packages/airflow/example_dags/subdags/subdag.py
[2022-11-06T03:27:00.984+1300] {processor.py:768} WARNING - No viable dags retrieved from /Users/hirenpatel/Documents/airflow_tutoral/py_env/lib/python3.8/site-packages/airflow/example_dags/subdags/subdag.py
[2022-11-06T03:27:01.088+1300] {processor.py:176} INFO - Processing /Users/hirenpatel/Documents/airflow_tutoral/py_env/lib/python3.8/site-packages/airflow/example_dags/subdags/subdag.py took 0.120 seconds
[2022-11-06T05:07:10.652+1300] {processor.py:154} INFO - Started process (PID=6657) to work on /Users/hirenpatel/Documents/airflow_tutoral/py_env/lib/python3.8/site-packages/airflow/example_dags/subdags/subdag.py
[2022-11-06T05:07:10.656+1300] {processor.py:756} INFO - Processing file /Users/hirenpatel/Documents/airflow_tutoral/py_env/lib/python3.8/site-packages/airflow/example_dags/subdags/subdag.py for tasks to queue
[2022-11-06T05:07:10.656+1300] {logging_mixin.py:120} INFO - [2022-11-06T05:07:10.656+1300] {dagbag.py:537} INFO - Filling up the DagBag from /Users/hirenpatel/Documents/airflow_tutoral/py_env/lib/python3.8/site-packages/airflow/example_dags/subdags/subdag.py
[2022-11-06T05:07:10.669+1300] {processor.py:768} WARNING - No viable dags retrieved from /Users/hirenpatel/Documents/airflow_tutoral/py_env/lib/python3.8/site-packages/airflow/example_dags/subdags/subdag.py
[2022-11-06T05:07:10.760+1300] {processor.py:176} INFO - Processing /Users/hirenpatel/Documents/airflow_tutoral/py_env/lib/python3.8/site-packages/airflow/example_dags/subdags/subdag.py took 0.109 seconds
[2022-11-06T06:26:03.474+1300] {processor.py:154} INFO - Started process (PID=6917) to work on /Users/hirenpatel/Documents/airflow_tutoral/py_env/lib/python3.8/site-packages/airflow/example_dags/subdags/subdag.py
[2022-11-06T06:26:03.478+1300] {processor.py:756} INFO - Processing file /Users/hirenpatel/Documents/airflow_tutoral/py_env/lib/python3.8/site-packages/airflow/example_dags/subdags/subdag.py for tasks to queue
[2022-11-06T06:26:03.478+1300] {logging_mixin.py:120} INFO - [2022-11-06T06:26:03.478+1300] {dagbag.py:537} INFO - Filling up the DagBag from /Users/hirenpatel/Documents/airflow_tutoral/py_env/lib/python3.8/site-packages/airflow/example_dags/subdags/subdag.py
[2022-11-06T06:26:03.490+1300] {processor.py:768} WARNING - No viable dags retrieved from /Users/hirenpatel/Documents/airflow_tutoral/py_env/lib/python3.8/site-packages/airflow/example_dags/subdags/subdag.py
[2022-11-06T06:26:03.582+1300] {processor.py:176} INFO - Processing /Users/hirenpatel/Documents/airflow_tutoral/py_env/lib/python3.8/site-packages/airflow/example_dags/subdags/subdag.py took 0.109 seconds
[2022-11-06T08:17:58.891+1300] {processor.py:154} INFO - Started process (PID=7188) to work on /Users/hirenpatel/Documents/airflow_tutoral/py_env/lib/python3.8/site-packages/airflow/example_dags/subdags/subdag.py
[2022-11-06T08:17:58.894+1300] {processor.py:756} INFO - Processing file /Users/hirenpatel/Documents/airflow_tutoral/py_env/lib/python3.8/site-packages/airflow/example_dags/subdags/subdag.py for tasks to queue
[2022-11-06T08:17:58.895+1300] {logging_mixin.py:120} INFO - [2022-11-06T08:17:58.895+1300] {dagbag.py:537} INFO - Filling up the DagBag from /Users/hirenpatel/Documents/airflow_tutoral/py_env/lib/python3.8/site-packages/airflow/example_dags/subdags/subdag.py
[2022-11-06T08:17:58.906+1300] {processor.py:768} WARNING - No viable dags retrieved from /Users/hirenpatel/Documents/airflow_tutoral/py_env/lib/python3.8/site-packages/airflow/example_dags/subdags/subdag.py
[2022-11-06T08:17:58.996+1300] {processor.py:176} INFO - Processing /Users/hirenpatel/Documents/airflow_tutoral/py_env/lib/python3.8/site-packages/airflow/example_dags/subdags/subdag.py took 0.106 seconds
[2022-11-06T08:50:06.672+1300] {processor.py:154} INFO - Started process (PID=7395) to work on /Users/hirenpatel/Documents/airflow_tutoral/py_env/lib/python3.8/site-packages/airflow/example_dags/subdags/subdag.py
[2022-11-06T08:50:06.676+1300] {processor.py:756} INFO - Processing file /Users/hirenpatel/Documents/airflow_tutoral/py_env/lib/python3.8/site-packages/airflow/example_dags/subdags/subdag.py for tasks to queue
[2022-11-06T08:50:06.677+1300] {logging_mixin.py:120} INFO - [2022-11-06T08:50:06.677+1300] {dagbag.py:537} INFO - Filling up the DagBag from /Users/hirenpatel/Documents/airflow_tutoral/py_env/lib/python3.8/site-packages/airflow/example_dags/subdags/subdag.py
[2022-11-06T08:50:06.689+1300] {processor.py:768} WARNING - No viable dags retrieved from /Users/hirenpatel/Documents/airflow_tutoral/py_env/lib/python3.8/site-packages/airflow/example_dags/subdags/subdag.py
[2022-11-06T08:50:06.792+1300] {processor.py:176} INFO - Processing /Users/hirenpatel/Documents/airflow_tutoral/py_env/lib/python3.8/site-packages/airflow/example_dags/subdags/subdag.py took 0.120 seconds
[2022-11-06T09:44:51.939+1300] {processor.py:154} INFO - Started process (PID=7628) to work on /Users/hirenpatel/Documents/airflow_tutoral/py_env/lib/python3.8/site-packages/airflow/example_dags/subdags/subdag.py
[2022-11-06T09:44:51.942+1300] {processor.py:756} INFO - Processing file /Users/hirenpatel/Documents/airflow_tutoral/py_env/lib/python3.8/site-packages/airflow/example_dags/subdags/subdag.py for tasks to queue
[2022-11-06T09:44:51.943+1300] {logging_mixin.py:120} INFO - [2022-11-06T09:44:51.943+1300] {dagbag.py:537} INFO - Filling up the DagBag from /Users/hirenpatel/Documents/airflow_tutoral/py_env/lib/python3.8/site-packages/airflow/example_dags/subdags/subdag.py
[2022-11-06T09:44:51.954+1300] {processor.py:768} WARNING - No viable dags retrieved from /Users/hirenpatel/Documents/airflow_tutoral/py_env/lib/python3.8/site-packages/airflow/example_dags/subdags/subdag.py
[2022-11-06T09:44:52.040+1300] {processor.py:176} INFO - Processing /Users/hirenpatel/Documents/airflow_tutoral/py_env/lib/python3.8/site-packages/airflow/example_dags/subdags/subdag.py took 0.101 seconds
[2022-11-06T10:05:52.475+1300] {processor.py:154} INFO - Started process (PID=7792) to work on /Users/hirenpatel/Documents/airflow_tutoral/py_env/lib/python3.8/site-packages/airflow/example_dags/subdags/subdag.py
[2022-11-06T10:05:52.480+1300] {processor.py:756} INFO - Processing file /Users/hirenpatel/Documents/airflow_tutoral/py_env/lib/python3.8/site-packages/airflow/example_dags/subdags/subdag.py for tasks to queue
[2022-11-06T10:05:52.481+1300] {logging_mixin.py:120} INFO - [2022-11-06T10:05:52.481+1300] {dagbag.py:537} INFO - Filling up the DagBag from /Users/hirenpatel/Documents/airflow_tutoral/py_env/lib/python3.8/site-packages/airflow/example_dags/subdags/subdag.py
[2022-11-06T10:05:52.499+1300] {processor.py:768} WARNING - No viable dags retrieved from /Users/hirenpatel/Documents/airflow_tutoral/py_env/lib/python3.8/site-packages/airflow/example_dags/subdags/subdag.py
[2022-11-06T10:05:52.633+1300] {processor.py:176} INFO - Processing /Users/hirenpatel/Documents/airflow_tutoral/py_env/lib/python3.8/site-packages/airflow/example_dags/subdags/subdag.py took 0.159 seconds
[2022-11-06T10:13:14.940+1300] {processor.py:154} INFO - Started process (PID=8010) to work on /Users/hirenpatel/Documents/airflow_tutoral/py_env/lib/python3.8/site-packages/airflow/example_dags/subdags/subdag.py
[2022-11-06T10:13:14.944+1300] {processor.py:756} INFO - Processing file /Users/hirenpatel/Documents/airflow_tutoral/py_env/lib/python3.8/site-packages/airflow/example_dags/subdags/subdag.py for tasks to queue
[2022-11-06T10:13:14.944+1300] {logging_mixin.py:120} INFO - [2022-11-06T10:13:14.944+1300] {dagbag.py:537} INFO - Filling up the DagBag from /Users/hirenpatel/Documents/airflow_tutoral/py_env/lib/python3.8/site-packages/airflow/example_dags/subdags/subdag.py
[2022-11-06T10:13:14.956+1300] {processor.py:768} WARNING - No viable dags retrieved from /Users/hirenpatel/Documents/airflow_tutoral/py_env/lib/python3.8/site-packages/airflow/example_dags/subdags/subdag.py
[2022-11-06T10:13:15.039+1300] {processor.py:176} INFO - Processing /Users/hirenpatel/Documents/airflow_tutoral/py_env/lib/python3.8/site-packages/airflow/example_dags/subdags/subdag.py took 0.099 seconds
[2022-11-06T10:42:48.590+1300] {processor.py:154} INFO - Started process (PID=8213) to work on /Users/hirenpatel/Documents/airflow_tutoral/py_env/lib/python3.8/site-packages/airflow/example_dags/subdags/subdag.py
[2022-11-06T10:42:48.595+1300] {processor.py:756} INFO - Processing file /Users/hirenpatel/Documents/airflow_tutoral/py_env/lib/python3.8/site-packages/airflow/example_dags/subdags/subdag.py for tasks to queue
[2022-11-06T10:42:48.595+1300] {logging_mixin.py:120} INFO - [2022-11-06T10:42:48.595+1300] {dagbag.py:537} INFO - Filling up the DagBag from /Users/hirenpatel/Documents/airflow_tutoral/py_env/lib/python3.8/site-packages/airflow/example_dags/subdags/subdag.py
[2022-11-06T10:42:48.607+1300] {processor.py:768} WARNING - No viable dags retrieved from /Users/hirenpatel/Documents/airflow_tutoral/py_env/lib/python3.8/site-packages/airflow/example_dags/subdags/subdag.py
[2022-11-06T10:42:48.691+1300] {processor.py:176} INFO - Processing /Users/hirenpatel/Documents/airflow_tutoral/py_env/lib/python3.8/site-packages/airflow/example_dags/subdags/subdag.py took 0.101 seconds
[2022-11-06T11:07:04.633+1300] {processor.py:154} INFO - Started process (PID=8365) to work on /Users/hirenpatel/Documents/airflow_tutoral/py_env/lib/python3.8/site-packages/airflow/example_dags/subdags/subdag.py
[2022-11-06T11:07:04.638+1300] {processor.py:756} INFO - Processing file /Users/hirenpatel/Documents/airflow_tutoral/py_env/lib/python3.8/site-packages/airflow/example_dags/subdags/subdag.py for tasks to queue
[2022-11-06T11:07:04.639+1300] {logging_mixin.py:120} INFO - [2022-11-06T11:07:04.639+1300] {dagbag.py:537} INFO - Filling up the DagBag from /Users/hirenpatel/Documents/airflow_tutoral/py_env/lib/python3.8/site-packages/airflow/example_dags/subdags/subdag.py
[2022-11-06T11:07:04.653+1300] {processor.py:768} WARNING - No viable dags retrieved from /Users/hirenpatel/Documents/airflow_tutoral/py_env/lib/python3.8/site-packages/airflow/example_dags/subdags/subdag.py
[2022-11-06T11:07:04.765+1300] {processor.py:176} INFO - Processing /Users/hirenpatel/Documents/airflow_tutoral/py_env/lib/python3.8/site-packages/airflow/example_dags/subdags/subdag.py took 0.132 seconds
[2022-11-06T11:29:42.881+1300] {processor.py:154} INFO - Started process (PID=8566) to work on /Users/hirenpatel/Documents/airflow_tutoral/py_env/lib/python3.8/site-packages/airflow/example_dags/subdags/subdag.py
[2022-11-06T11:29:42.885+1300] {processor.py:756} INFO - Processing file /Users/hirenpatel/Documents/airflow_tutoral/py_env/lib/python3.8/site-packages/airflow/example_dags/subdags/subdag.py for tasks to queue
[2022-11-06T11:29:42.886+1300] {logging_mixin.py:120} INFO - [2022-11-06T11:29:42.885+1300] {dagbag.py:537} INFO - Filling up the DagBag from /Users/hirenpatel/Documents/airflow_tutoral/py_env/lib/python3.8/site-packages/airflow/example_dags/subdags/subdag.py
[2022-11-06T11:29:42.898+1300] {processor.py:768} WARNING - No viable dags retrieved from /Users/hirenpatel/Documents/airflow_tutoral/py_env/lib/python3.8/site-packages/airflow/example_dags/subdags/subdag.py
[2022-11-06T11:29:42.986+1300] {processor.py:176} INFO - Processing /Users/hirenpatel/Documents/airflow_tutoral/py_env/lib/python3.8/site-packages/airflow/example_dags/subdags/subdag.py took 0.105 seconds
[2022-11-06T12:03:10.605+1300] {processor.py:154} INFO - Started process (PID=8745) to work on /Users/hirenpatel/Documents/airflow_tutoral/py_env/lib/python3.8/site-packages/airflow/example_dags/subdags/subdag.py
[2022-11-06T12:03:10.609+1300] {processor.py:756} INFO - Processing file /Users/hirenpatel/Documents/airflow_tutoral/py_env/lib/python3.8/site-packages/airflow/example_dags/subdags/subdag.py for tasks to queue
[2022-11-06T12:03:10.609+1300] {logging_mixin.py:120} INFO - [2022-11-06T12:03:10.609+1300] {dagbag.py:537} INFO - Filling up the DagBag from /Users/hirenpatel/Documents/airflow_tutoral/py_env/lib/python3.8/site-packages/airflow/example_dags/subdags/subdag.py
[2022-11-06T12:03:10.621+1300] {processor.py:768} WARNING - No viable dags retrieved from /Users/hirenpatel/Documents/airflow_tutoral/py_env/lib/python3.8/site-packages/airflow/example_dags/subdags/subdag.py
[2022-11-06T12:03:10.706+1300] {processor.py:176} INFO - Processing /Users/hirenpatel/Documents/airflow_tutoral/py_env/lib/python3.8/site-packages/airflow/example_dags/subdags/subdag.py took 0.101 seconds
