[2022-12-01T10:06:52.437+1300] {taskinstance.py:1165} INFO - Dependencies all met for <TaskInstance: load_kpi_view_dag.truncate_loading_table manual__2022-11-30T21:06:46.481441+00:00 [queued]>
[2022-12-01T10:06:52.453+1300] {taskinstance.py:1165} INFO - Dependencies all met for <TaskInstance: load_kpi_view_dag.truncate_loading_table manual__2022-11-30T21:06:46.481441+00:00 [queued]>
[2022-12-01T10:06:52.453+1300] {taskinstance.py:1362} INFO - 
--------------------------------------------------------------------------------
[2022-12-01T10:06:52.453+1300] {taskinstance.py:1363} INFO - Starting attempt 1 of 1
[2022-12-01T10:06:52.453+1300] {taskinstance.py:1364} INFO - 
--------------------------------------------------------------------------------
[2022-12-01T10:06:52.498+1300] {taskinstance.py:1383} INFO - Executing <Task(PostgresOperator): truncate_loading_table> on 2022-11-30 21:06:46.481441+00:00
[2022-12-01T10:06:52.504+1300] {standard_task_runner.py:55} INFO - Started process 83863 to run task
[2022-12-01T10:06:52.509+1300] {standard_task_runner.py:82} INFO - Running: ['airflow', 'tasks', 'run', 'load_kpi_view_dag', 'truncate_loading_table', 'manual__2022-11-30T21:06:46.481441+00:00', '--job-id', '190', '--raw', '--subdir', 'DAGS_FOLDER/load_kpi_view.py', '--cfg-path', '/var/folders/xc/5xlsywvn2n5d0_ty56lp12y80000gp/T/tmp204a6sew']
[2022-12-01T10:06:52.510+1300] {standard_task_runner.py:83} INFO - Job 190: Subtask truncate_loading_table
[2022-12-01T10:06:52.625+1300] {task_command.py:376} INFO - Running <TaskInstance: load_kpi_view_dag.truncate_loading_table manual__2022-11-30T21:06:46.481441+00:00 [running]> on host macbook-pro.hq.optimalbi.site
[2022-12-01T10:06:52.694+1300] {taskinstance.py:1590} INFO - Exporting the following env vars:
AIRFLOW_CTX_DAG_OWNER=airflow
AIRFLOW_CTX_DAG_ID=load_kpi_view_dag
AIRFLOW_CTX_TASK_ID=truncate_loading_table
AIRFLOW_CTX_EXECUTION_DATE=2022-11-30T21:06:46.481441+00:00
AIRFLOW_CTX_TRY_NUMBER=1
AIRFLOW_CTX_DAG_RUN_ID=manual__2022-11-30T21:06:46.481441+00:00
[2022-12-01T10:06:52.706+1300] {base.py:71} INFO - Using connection ID 'postgres_db' for task execution.
[2022-12-01T10:06:52.714+1300] {sql.py:315} INFO - Running statement: 

CREATE TABLE IF NOT EXISTS logs.landing_table (
    site character(50),
    start_timestamp timestamp without time zone,
    end_timestamp timestamp without time zone,
    id integer NOT NULL
);
ALTER TABLE logs.landing_table OWNER TO admin;

--
-- TOC entry 220 (class 1259 OID 32904)
-- Name: landing_table_id_seq; Type: SEQUENCE; Schema: logs; Owner: admin
--

CREATE SEQUENCE IF NOT EXISTS logs.landing_table_id_seq
    AS integer
    START WITH 1
    INCREMENT BY 1
    NO MINVALUE
    NO MAXVALUE
    CACHE 1;

-- Empty out the table before copying from csv.
TRUNCATE LOGS.landing_table;
    



, parameters: None
[2022-12-01T10:06:52.720+1300] {postgres.py:96} INFO - NOTICE:  relation "landing_table" already exists, skipping

[2022-12-01T10:06:52.720+1300] {postgres.py:96} INFO - NOTICE:  relation "landing_table_id_seq" already exists, skipping

[2022-12-01T10:06:52.733+1300] {taskinstance.py:1401} INFO - Marking task as SUCCESS. dag_id=load_kpi_view_dag, task_id=truncate_loading_table, execution_date=20221130T210646, start_date=20221130T210652, end_date=20221130T210652
[2022-12-01T10:06:52.746+1300] {local_task_job.py:164} INFO - Task exited with return code 0
[2022-12-01T10:06:52.774+1300] {local_task_job.py:273} INFO - 1 downstream tasks scheduled from follow-on schedule check
