[2022-11-25T10:04:46.568+1300] {taskinstance.py:1165} INFO - Dependencies all met for <TaskInstance: load_kpi_view_dag.load_all_sites_table manual__2022-11-24T21:04:37.082309+00:00 [queued]>
[2022-11-25T10:04:46.580+1300] {taskinstance.py:1165} INFO - Dependencies all met for <TaskInstance: load_kpi_view_dag.load_all_sites_table manual__2022-11-24T21:04:37.082309+00:00 [queued]>
[2022-11-25T10:04:46.580+1300] {taskinstance.py:1362} INFO - 
--------------------------------------------------------------------------------
[2022-11-25T10:04:46.580+1300] {taskinstance.py:1363} INFO - Starting attempt 1 of 1
[2022-11-25T10:04:46.580+1300] {taskinstance.py:1364} INFO - 
--------------------------------------------------------------------------------
[2022-11-25T10:04:46.591+1300] {taskinstance.py:1383} INFO - Executing <Task(PostgresOperator): load_all_sites_table> on 2022-11-24 21:04:37.082309+00:00
[2022-11-25T10:04:46.599+1300] {standard_task_runner.py:55} INFO - Started process 31074 to run task
[2022-11-25T10:04:46.603+1300] {standard_task_runner.py:82} INFO - Running: ['airflow', 'tasks', 'run', 'load_kpi_view_dag', 'load_all_sites_table', 'manual__2022-11-24T21:04:37.082309+00:00', '--job-id', '76', '--raw', '--subdir', 'DAGS_FOLDER/load_kpi_view.py', '--cfg-path', '/var/folders/xc/5xlsywvn2n5d0_ty56lp12y80000gp/T/tmpqgzq6ju6']
[2022-11-25T10:04:46.605+1300] {standard_task_runner.py:83} INFO - Job 76: Subtask load_all_sites_table
[2022-11-25T10:04:46.773+1300] {task_command.py:376} INFO - Running <TaskInstance: load_kpi_view_dag.load_all_sites_table manual__2022-11-24T21:04:37.082309+00:00 [running]> on host macbook-pro.hq.optimalbi.site
[2022-11-25T10:04:46.839+1300] {taskinstance.py:1590} INFO - Exporting the following env vars:
AIRFLOW_CTX_DAG_OWNER=airflow
AIRFLOW_CTX_DAG_ID=load_kpi_view_dag
AIRFLOW_CTX_TASK_ID=load_all_sites_table
AIRFLOW_CTX_EXECUTION_DATE=2022-11-24T21:04:37.082309+00:00
AIRFLOW_CTX_TRY_NUMBER=1
AIRFLOW_CTX_DAG_RUN_ID=manual__2022-11-24T21:04:37.082309+00:00
[2022-11-25T10:04:46.850+1300] {base.py:71} INFO - Using connection ID 'postgres_db' for task execution.
[2022-11-25T10:04:46.858+1300] {sql.py:315} INFO - Running statement: 
        INSERT INTO logs.all_sites
        SELECT *
        FROM logs.landing_table
        , parameters: None
[2022-11-25T10:04:46.860+1300] {sql.py:324} INFO - Rows affected: 200
[2022-11-25T10:04:46.872+1300] {taskinstance.py:1401} INFO - Marking task as SUCCESS. dag_id=load_kpi_view_dag, task_id=load_all_sites_table, execution_date=20221124T210437, start_date=20221124T210446, end_date=20221124T210446
[2022-11-25T10:04:46.890+1300] {local_task_job.py:164} INFO - Task exited with return code 0
[2022-11-25T10:04:46.963+1300] {local_task_job.py:273} INFO - 0 downstream tasks scheduled from follow-on schedule check
