[2022-11-05T13:13:12.087+1300] {processor.py:154} INFO - Started process (PID=93798) to work on /Users/hirenpatel/Documents/airflow_tutoral/py_env/lib/python3.8/site-packages/airflow/example_dags/example_branch_datetime_operator.py
[2022-11-05T13:13:12.091+1300] {processor.py:756} INFO - Processing file /Users/hirenpatel/Documents/airflow_tutoral/py_env/lib/python3.8/site-packages/airflow/example_dags/example_branch_datetime_operator.py for tasks to queue
[2022-11-05T13:13:12.091+1300] {logging_mixin.py:120} INFO - [2022-11-05T13:13:12.091+1300] {dagbag.py:537} INFO - Filling up the DagBag from /Users/hirenpatel/Documents/airflow_tutoral/py_env/lib/python3.8/site-packages/airflow/example_dags/example_branch_datetime_operator.py
[2022-11-05T13:13:12.116+1300] {processor.py:766} INFO - DAG(s) dict_keys(['example_branch_datetime_operator_3', 'example_branch_datetime_operator_2', 'example_branch_datetime_operator']) retrieved from /Users/hirenpatel/Documents/airflow_tutoral/py_env/lib/python3.8/site-packages/airflow/example_dags/example_branch_datetime_operator.py
[2022-11-05T13:13:12.237+1300] {logging_mixin.py:120} INFO - [2022-11-05T13:13:12.237+1300] {dag.py:2585} INFO - Sync 3 DAGs
[2022-11-05T13:13:12.248+1300] {logging_mixin.py:120} INFO - [2022-11-05T13:13:12.248+1300] {dag.py:3336} INFO - Setting next_dagrun for example_branch_datetime_operator to 2022-11-04T00:00:00+00:00, run_after=2022-11-05T00:00:00+00:00
[2022-11-05T13:13:12.251+1300] {logging_mixin.py:120} INFO - [2022-11-05T13:13:12.250+1300] {dag.py:3336} INFO - Setting next_dagrun for example_branch_datetime_operator_2 to 2022-11-04T00:00:00+00:00, run_after=2022-11-05T00:00:00+00:00
[2022-11-05T13:13:12.252+1300] {logging_mixin.py:120} INFO - [2022-11-05T13:13:12.252+1300] {dag.py:3336} INFO - Setting next_dagrun for example_branch_datetime_operator_3 to 2022-11-04T00:00:00+00:00, run_after=2022-11-05T00:00:00+00:00
[2022-11-05T13:13:12.264+1300] {processor.py:176} INFO - Processing /Users/hirenpatel/Documents/airflow_tutoral/py_env/lib/python3.8/site-packages/airflow/example_dags/example_branch_datetime_operator.py took 0.177 seconds
[2022-11-05T13:17:03.735+1300] {processor.py:154} INFO - Started process (PID=94093) to work on /Users/hirenpatel/Documents/airflow_tutoral/py_env/lib/python3.8/site-packages/airflow/example_dags/example_branch_datetime_operator.py
[2022-11-05T13:17:03.738+1300] {processor.py:756} INFO - Processing file /Users/hirenpatel/Documents/airflow_tutoral/py_env/lib/python3.8/site-packages/airflow/example_dags/example_branch_datetime_operator.py for tasks to queue
[2022-11-05T13:17:03.739+1300] {logging_mixin.py:120} INFO - [2022-11-05T13:17:03.739+1300] {dagbag.py:537} INFO - Filling up the DagBag from /Users/hirenpatel/Documents/airflow_tutoral/py_env/lib/python3.8/site-packages/airflow/example_dags/example_branch_datetime_operator.py
[2022-11-05T13:17:03.764+1300] {processor.py:766} INFO - DAG(s) dict_keys(['example_branch_datetime_operator_3', 'example_branch_datetime_operator', 'example_branch_datetime_operator_2']) retrieved from /Users/hirenpatel/Documents/airflow_tutoral/py_env/lib/python3.8/site-packages/airflow/example_dags/example_branch_datetime_operator.py
[2022-11-05T13:17:03.896+1300] {logging_mixin.py:120} INFO - [2022-11-05T13:17:03.896+1300] {dag.py:2585} INFO - Sync 3 DAGs
[2022-11-05T13:17:03.908+1300] {logging_mixin.py:120} INFO - [2022-11-05T13:17:03.908+1300] {dag.py:3336} INFO - Setting next_dagrun for example_branch_datetime_operator to 2022-11-04T00:00:00+00:00, run_after=2022-11-05T00:00:00+00:00
[2022-11-05T13:17:03.910+1300] {logging_mixin.py:120} INFO - [2022-11-05T13:17:03.910+1300] {dag.py:3336} INFO - Setting next_dagrun for example_branch_datetime_operator_2 to 2022-11-04T00:00:00+00:00, run_after=2022-11-05T00:00:00+00:00
[2022-11-05T13:17:03.912+1300] {logging_mixin.py:120} INFO - [2022-11-05T13:17:03.912+1300] {dag.py:3336} INFO - Setting next_dagrun for example_branch_datetime_operator_3 to 2022-11-04T00:00:00+00:00, run_after=2022-11-05T00:00:00+00:00
[2022-11-05T13:17:03.925+1300] {processor.py:176} INFO - Processing /Users/hirenpatel/Documents/airflow_tutoral/py_env/lib/python3.8/site-packages/airflow/example_dags/example_branch_datetime_operator.py took 0.191 seconds
[2022-11-05T13:22:19.322+1300] {processor.py:154} INFO - Started process (PID=94402) to work on /Users/hirenpatel/Documents/airflow_tutoral/py_env/lib/python3.8/site-packages/airflow/example_dags/example_branch_datetime_operator.py
[2022-11-05T13:22:19.327+1300] {processor.py:756} INFO - Processing file /Users/hirenpatel/Documents/airflow_tutoral/py_env/lib/python3.8/site-packages/airflow/example_dags/example_branch_datetime_operator.py for tasks to queue
[2022-11-05T13:22:19.327+1300] {logging_mixin.py:120} INFO - [2022-11-05T13:22:19.327+1300] {dagbag.py:537} INFO - Filling up the DagBag from /Users/hirenpatel/Documents/airflow_tutoral/py_env/lib/python3.8/site-packages/airflow/example_dags/example_branch_datetime_operator.py
[2022-11-05T13:22:19.353+1300] {processor.py:766} INFO - DAG(s) dict_keys(['example_branch_datetime_operator', 'example_branch_datetime_operator_2', 'example_branch_datetime_operator_3']) retrieved from /Users/hirenpatel/Documents/airflow_tutoral/py_env/lib/python3.8/site-packages/airflow/example_dags/example_branch_datetime_operator.py
[2022-11-05T13:22:19.481+1300] {logging_mixin.py:120} INFO - [2022-11-05T13:22:19.481+1300] {dag.py:2585} INFO - Sync 3 DAGs
[2022-11-05T13:22:19.493+1300] {logging_mixin.py:120} INFO - [2022-11-05T13:22:19.493+1300] {dag.py:3336} INFO - Setting next_dagrun for example_branch_datetime_operator to 2022-11-04T00:00:00+00:00, run_after=2022-11-05T00:00:00+00:00
[2022-11-05T13:22:19.496+1300] {logging_mixin.py:120} INFO - [2022-11-05T13:22:19.496+1300] {dag.py:3336} INFO - Setting next_dagrun for example_branch_datetime_operator_2 to 2022-11-04T00:00:00+00:00, run_after=2022-11-05T00:00:00+00:00
[2022-11-05T13:22:19.498+1300] {logging_mixin.py:120} INFO - [2022-11-05T13:22:19.498+1300] {dag.py:3336} INFO - Setting next_dagrun for example_branch_datetime_operator_3 to 2022-11-04T00:00:00+00:00, run_after=2022-11-05T00:00:00+00:00
[2022-11-05T13:22:19.527+1300] {processor.py:176} INFO - Processing /Users/hirenpatel/Documents/airflow_tutoral/py_env/lib/python3.8/site-packages/airflow/example_dags/example_branch_datetime_operator.py took 0.205 seconds
[2022-11-05T13:25:25.336+1300] {processor.py:154} INFO - Started process (PID=94630) to work on /Users/hirenpatel/Documents/airflow_tutoral/py_env/lib/python3.8/site-packages/airflow/example_dags/example_branch_datetime_operator.py
[2022-11-05T13:25:25.339+1300] {processor.py:756} INFO - Processing file /Users/hirenpatel/Documents/airflow_tutoral/py_env/lib/python3.8/site-packages/airflow/example_dags/example_branch_datetime_operator.py for tasks to queue
[2022-11-05T13:25:25.340+1300] {logging_mixin.py:120} INFO - [2022-11-05T13:25:25.339+1300] {dagbag.py:537} INFO - Filling up the DagBag from /Users/hirenpatel/Documents/airflow_tutoral/py_env/lib/python3.8/site-packages/airflow/example_dags/example_branch_datetime_operator.py
[2022-11-05T13:25:25.364+1300] {processor.py:766} INFO - DAG(s) dict_keys(['example_branch_datetime_operator_2', 'example_branch_datetime_operator_3', 'example_branch_datetime_operator']) retrieved from /Users/hirenpatel/Documents/airflow_tutoral/py_env/lib/python3.8/site-packages/airflow/example_dags/example_branch_datetime_operator.py
[2022-11-05T13:25:25.487+1300] {logging_mixin.py:120} INFO - [2022-11-05T13:25:25.487+1300] {dag.py:2585} INFO - Sync 3 DAGs
[2022-11-05T13:25:25.498+1300] {logging_mixin.py:120} INFO - [2022-11-05T13:25:25.498+1300] {dag.py:3336} INFO - Setting next_dagrun for example_branch_datetime_operator to 2022-11-04T00:00:00+00:00, run_after=2022-11-05T00:00:00+00:00
[2022-11-05T13:25:25.500+1300] {logging_mixin.py:120} INFO - [2022-11-05T13:25:25.500+1300] {dag.py:3336} INFO - Setting next_dagrun for example_branch_datetime_operator_2 to 2022-11-04T00:00:00+00:00, run_after=2022-11-05T00:00:00+00:00
[2022-11-05T13:25:25.501+1300] {logging_mixin.py:120} INFO - [2022-11-05T13:25:25.501+1300] {dag.py:3336} INFO - Setting next_dagrun for example_branch_datetime_operator_3 to 2022-11-04T00:00:00+00:00, run_after=2022-11-05T00:00:00+00:00
[2022-11-05T13:25:25.512+1300] {processor.py:176} INFO - Processing /Users/hirenpatel/Documents/airflow_tutoral/py_env/lib/python3.8/site-packages/airflow/example_dags/example_branch_datetime_operator.py took 0.177 seconds
[2022-11-05T13:45:27.172+1300] {processor.py:154} INFO - Started process (PID=94876) to work on /Users/hirenpatel/Documents/airflow_tutoral/py_env/lib/python3.8/site-packages/airflow/example_dags/example_branch_datetime_operator.py
[2022-11-05T13:45:27.176+1300] {processor.py:756} INFO - Processing file /Users/hirenpatel/Documents/airflow_tutoral/py_env/lib/python3.8/site-packages/airflow/example_dags/example_branch_datetime_operator.py for tasks to queue
[2022-11-05T13:45:27.176+1300] {logging_mixin.py:120} INFO - [2022-11-05T13:45:27.176+1300] {dagbag.py:537} INFO - Filling up the DagBag from /Users/hirenpatel/Documents/airflow_tutoral/py_env/lib/python3.8/site-packages/airflow/example_dags/example_branch_datetime_operator.py
[2022-11-05T13:45:27.232+1300] {processor.py:766} INFO - DAG(s) dict_keys(['example_branch_datetime_operator', 'example_branch_datetime_operator_3', 'example_branch_datetime_operator_2']) retrieved from /Users/hirenpatel/Documents/airflow_tutoral/py_env/lib/python3.8/site-packages/airflow/example_dags/example_branch_datetime_operator.py
[2022-11-05T13:45:27.483+1300] {logging_mixin.py:120} INFO - [2022-11-05T13:45:27.483+1300] {dag.py:2585} INFO - Sync 3 DAGs
[2022-11-05T13:45:27.498+1300] {logging_mixin.py:120} INFO - [2022-11-05T13:45:27.498+1300] {dag.py:3336} INFO - Setting next_dagrun for example_branch_datetime_operator to 2022-11-04T00:00:00+00:00, run_after=2022-11-05T00:00:00+00:00
[2022-11-05T13:45:27.501+1300] {logging_mixin.py:120} INFO - [2022-11-05T13:45:27.501+1300] {dag.py:3336} INFO - Setting next_dagrun for example_branch_datetime_operator_2 to 2022-11-04T00:00:00+00:00, run_after=2022-11-05T00:00:00+00:00
[2022-11-05T13:45:27.503+1300] {logging_mixin.py:120} INFO - [2022-11-05T13:45:27.502+1300] {dag.py:3336} INFO - Setting next_dagrun for example_branch_datetime_operator_3 to 2022-11-04T00:00:00+00:00, run_after=2022-11-05T00:00:00+00:00
[2022-11-05T13:45:27.523+1300] {processor.py:176} INFO - Processing /Users/hirenpatel/Documents/airflow_tutoral/py_env/lib/python3.8/site-packages/airflow/example_dags/example_branch_datetime_operator.py took 0.351 seconds
[2022-11-05T14:05:35.551+1300] {processor.py:154} INFO - Started process (PID=95189) to work on /Users/hirenpatel/Documents/airflow_tutoral/py_env/lib/python3.8/site-packages/airflow/example_dags/example_branch_datetime_operator.py
[2022-11-05T14:05:35.555+1300] {processor.py:756} INFO - Processing file /Users/hirenpatel/Documents/airflow_tutoral/py_env/lib/python3.8/site-packages/airflow/example_dags/example_branch_datetime_operator.py for tasks to queue
[2022-11-05T14:05:35.556+1300] {logging_mixin.py:120} INFO - [2022-11-05T14:05:35.556+1300] {dagbag.py:537} INFO - Filling up the DagBag from /Users/hirenpatel/Documents/airflow_tutoral/py_env/lib/python3.8/site-packages/airflow/example_dags/example_branch_datetime_operator.py
[2022-11-05T14:05:35.582+1300] {processor.py:766} INFO - DAG(s) dict_keys(['example_branch_datetime_operator', 'example_branch_datetime_operator_2', 'example_branch_datetime_operator_3']) retrieved from /Users/hirenpatel/Documents/airflow_tutoral/py_env/lib/python3.8/site-packages/airflow/example_dags/example_branch_datetime_operator.py
[2022-11-05T14:05:35.745+1300] {logging_mixin.py:120} INFO - [2022-11-05T14:05:35.744+1300] {dag.py:2585} INFO - Sync 3 DAGs
[2022-11-05T14:05:35.760+1300] {logging_mixin.py:120} INFO - [2022-11-05T14:05:35.760+1300] {dag.py:3336} INFO - Setting next_dagrun for example_branch_datetime_operator to 2022-11-04T00:00:00+00:00, run_after=2022-11-05T00:00:00+00:00
[2022-11-05T14:05:35.764+1300] {logging_mixin.py:120} INFO - [2022-11-05T14:05:35.764+1300] {dag.py:3336} INFO - Setting next_dagrun for example_branch_datetime_operator_2 to 2022-11-04T00:00:00+00:00, run_after=2022-11-05T00:00:00+00:00
[2022-11-05T14:05:35.766+1300] {logging_mixin.py:120} INFO - [2022-11-05T14:05:35.766+1300] {dag.py:3336} INFO - Setting next_dagrun for example_branch_datetime_operator_3 to 2022-11-04T00:00:00+00:00, run_after=2022-11-05T00:00:00+00:00
[2022-11-05T14:05:35.780+1300] {processor.py:176} INFO - Processing /Users/hirenpatel/Documents/airflow_tutoral/py_env/lib/python3.8/site-packages/airflow/example_dags/example_branch_datetime_operator.py took 0.230 seconds
[2022-11-05T14:15:35.725+1300] {processor.py:154} INFO - Started process (PID=95524) to work on /Users/hirenpatel/Documents/airflow_tutoral/py_env/lib/python3.8/site-packages/airflow/example_dags/example_branch_datetime_operator.py
[2022-11-05T14:15:35.728+1300] {processor.py:756} INFO - Processing file /Users/hirenpatel/Documents/airflow_tutoral/py_env/lib/python3.8/site-packages/airflow/example_dags/example_branch_datetime_operator.py for tasks to queue
[2022-11-05T14:15:35.728+1300] {logging_mixin.py:120} INFO - [2022-11-05T14:15:35.728+1300] {dagbag.py:537} INFO - Filling up the DagBag from /Users/hirenpatel/Documents/airflow_tutoral/py_env/lib/python3.8/site-packages/airflow/example_dags/example_branch_datetime_operator.py
[2022-11-05T14:15:35.752+1300] {processor.py:766} INFO - DAG(s) dict_keys(['example_branch_datetime_operator_3', 'example_branch_datetime_operator_2', 'example_branch_datetime_operator']) retrieved from /Users/hirenpatel/Documents/airflow_tutoral/py_env/lib/python3.8/site-packages/airflow/example_dags/example_branch_datetime_operator.py
[2022-11-05T14:15:35.884+1300] {logging_mixin.py:120} INFO - [2022-11-05T14:15:35.883+1300] {dag.py:2585} INFO - Sync 3 DAGs
[2022-11-05T14:15:35.895+1300] {logging_mixin.py:120} INFO - [2022-11-05T14:15:35.895+1300] {dag.py:3336} INFO - Setting next_dagrun for example_branch_datetime_operator to 2022-11-04T00:00:00+00:00, run_after=2022-11-05T00:00:00+00:00
[2022-11-05T14:15:35.897+1300] {logging_mixin.py:120} INFO - [2022-11-05T14:15:35.897+1300] {dag.py:3336} INFO - Setting next_dagrun for example_branch_datetime_operator_2 to 2022-11-04T00:00:00+00:00, run_after=2022-11-05T00:00:00+00:00
[2022-11-05T14:15:35.898+1300] {logging_mixin.py:120} INFO - [2022-11-05T14:15:35.898+1300] {dag.py:3336} INFO - Setting next_dagrun for example_branch_datetime_operator_3 to 2022-11-04T00:00:00+00:00, run_after=2022-11-05T00:00:00+00:00
[2022-11-05T14:15:35.911+1300] {processor.py:176} INFO - Processing /Users/hirenpatel/Documents/airflow_tutoral/py_env/lib/python3.8/site-packages/airflow/example_dags/example_branch_datetime_operator.py took 0.186 seconds
[2022-11-05T14:33:05.206+1300] {processor.py:154} INFO - Started process (PID=95897) to work on /Users/hirenpatel/Documents/airflow_tutoral/py_env/lib/python3.8/site-packages/airflow/example_dags/example_branch_datetime_operator.py
[2022-11-05T14:33:05.210+1300] {processor.py:756} INFO - Processing file /Users/hirenpatel/Documents/airflow_tutoral/py_env/lib/python3.8/site-packages/airflow/example_dags/example_branch_datetime_operator.py for tasks to queue
[2022-11-05T14:33:05.210+1300] {logging_mixin.py:120} INFO - [2022-11-05T14:33:05.210+1300] {dagbag.py:537} INFO - Filling up the DagBag from /Users/hirenpatel/Documents/airflow_tutoral/py_env/lib/python3.8/site-packages/airflow/example_dags/example_branch_datetime_operator.py
[2022-11-05T14:33:05.238+1300] {processor.py:766} INFO - DAG(s) dict_keys(['example_branch_datetime_operator', 'example_branch_datetime_operator_3', 'example_branch_datetime_operator_2']) retrieved from /Users/hirenpatel/Documents/airflow_tutoral/py_env/lib/python3.8/site-packages/airflow/example_dags/example_branch_datetime_operator.py
[2022-11-05T14:33:05.361+1300] {logging_mixin.py:120} INFO - [2022-11-05T14:33:05.361+1300] {dag.py:2585} INFO - Sync 3 DAGs
[2022-11-05T14:33:05.372+1300] {logging_mixin.py:120} INFO - [2022-11-05T14:33:05.372+1300] {dag.py:3336} INFO - Setting next_dagrun for example_branch_datetime_operator to 2022-11-04T00:00:00+00:00, run_after=2022-11-05T00:00:00+00:00
[2022-11-05T14:33:05.375+1300] {logging_mixin.py:120} INFO - [2022-11-05T14:33:05.375+1300] {dag.py:3336} INFO - Setting next_dagrun for example_branch_datetime_operator_2 to 2022-11-04T00:00:00+00:00, run_after=2022-11-05T00:00:00+00:00
[2022-11-05T14:33:05.377+1300] {logging_mixin.py:120} INFO - [2022-11-05T14:33:05.377+1300] {dag.py:3336} INFO - Setting next_dagrun for example_branch_datetime_operator_3 to 2022-11-04T00:00:00+00:00, run_after=2022-11-05T00:00:00+00:00
[2022-11-05T14:33:05.390+1300] {processor.py:176} INFO - Processing /Users/hirenpatel/Documents/airflow_tutoral/py_env/lib/python3.8/site-packages/airflow/example_dags/example_branch_datetime_operator.py took 0.185 seconds
[2022-11-05T14:41:44.547+1300] {processor.py:154} INFO - Started process (PID=96161) to work on /Users/hirenpatel/Documents/airflow_tutoral/py_env/lib/python3.8/site-packages/airflow/example_dags/example_branch_datetime_operator.py
[2022-11-05T14:41:44.551+1300] {processor.py:756} INFO - Processing file /Users/hirenpatel/Documents/airflow_tutoral/py_env/lib/python3.8/site-packages/airflow/example_dags/example_branch_datetime_operator.py for tasks to queue
[2022-11-05T14:41:44.551+1300] {logging_mixin.py:120} INFO - [2022-11-05T14:41:44.551+1300] {dagbag.py:537} INFO - Filling up the DagBag from /Users/hirenpatel/Documents/airflow_tutoral/py_env/lib/python3.8/site-packages/airflow/example_dags/example_branch_datetime_operator.py
[2022-11-05T14:41:44.576+1300] {processor.py:766} INFO - DAG(s) dict_keys(['example_branch_datetime_operator_2', 'example_branch_datetime_operator', 'example_branch_datetime_operator_3']) retrieved from /Users/hirenpatel/Documents/airflow_tutoral/py_env/lib/python3.8/site-packages/airflow/example_dags/example_branch_datetime_operator.py
[2022-11-05T14:41:44.709+1300] {logging_mixin.py:120} INFO - [2022-11-05T14:41:44.709+1300] {dag.py:2585} INFO - Sync 3 DAGs
[2022-11-05T14:41:44.723+1300] {logging_mixin.py:120} INFO - [2022-11-05T14:41:44.723+1300] {dag.py:3336} INFO - Setting next_dagrun for example_branch_datetime_operator to 2022-11-04T00:00:00+00:00, run_after=2022-11-05T00:00:00+00:00
[2022-11-05T14:41:44.726+1300] {logging_mixin.py:120} INFO - [2022-11-05T14:41:44.725+1300] {dag.py:3336} INFO - Setting next_dagrun for example_branch_datetime_operator_2 to 2022-11-04T00:00:00+00:00, run_after=2022-11-05T00:00:00+00:00
[2022-11-05T14:41:44.727+1300] {logging_mixin.py:120} INFO - [2022-11-05T14:41:44.727+1300] {dag.py:3336} INFO - Setting next_dagrun for example_branch_datetime_operator_3 to 2022-11-04T00:00:00+00:00, run_after=2022-11-05T00:00:00+00:00
[2022-11-05T14:41:44.742+1300] {processor.py:176} INFO - Processing /Users/hirenpatel/Documents/airflow_tutoral/py_env/lib/python3.8/site-packages/airflow/example_dags/example_branch_datetime_operator.py took 0.196 seconds
[2022-11-05T14:48:06.458+1300] {processor.py:154} INFO - Started process (PID=96448) to work on /Users/hirenpatel/Documents/airflow_tutoral/py_env/lib/python3.8/site-packages/airflow/example_dags/example_branch_datetime_operator.py
[2022-11-05T14:48:06.462+1300] {processor.py:756} INFO - Processing file /Users/hirenpatel/Documents/airflow_tutoral/py_env/lib/python3.8/site-packages/airflow/example_dags/example_branch_datetime_operator.py for tasks to queue
[2022-11-05T14:48:06.462+1300] {logging_mixin.py:120} INFO - [2022-11-05T14:48:06.462+1300] {dagbag.py:537} INFO - Filling up the DagBag from /Users/hirenpatel/Documents/airflow_tutoral/py_env/lib/python3.8/site-packages/airflow/example_dags/example_branch_datetime_operator.py
[2022-11-05T14:48:06.485+1300] {processor.py:766} INFO - DAG(s) dict_keys(['example_branch_datetime_operator_2', 'example_branch_datetime_operator', 'example_branch_datetime_operator_3']) retrieved from /Users/hirenpatel/Documents/airflow_tutoral/py_env/lib/python3.8/site-packages/airflow/example_dags/example_branch_datetime_operator.py
[2022-11-05T14:48:06.614+1300] {logging_mixin.py:120} INFO - [2022-11-05T14:48:06.614+1300] {dag.py:2585} INFO - Sync 3 DAGs
[2022-11-05T14:48:06.626+1300] {logging_mixin.py:120} INFO - [2022-11-05T14:48:06.625+1300] {dag.py:3336} INFO - Setting next_dagrun for example_branch_datetime_operator to 2022-11-04T00:00:00+00:00, run_after=2022-11-05T00:00:00+00:00
[2022-11-05T14:48:06.628+1300] {logging_mixin.py:120} INFO - [2022-11-05T14:48:06.628+1300] {dag.py:3336} INFO - Setting next_dagrun for example_branch_datetime_operator_2 to 2022-11-04T00:00:00+00:00, run_after=2022-11-05T00:00:00+00:00
[2022-11-05T14:48:06.629+1300] {logging_mixin.py:120} INFO - [2022-11-05T14:48:06.629+1300] {dag.py:3336} INFO - Setting next_dagrun for example_branch_datetime_operator_3 to 2022-11-04T00:00:00+00:00, run_after=2022-11-05T00:00:00+00:00
[2022-11-05T14:48:06.642+1300] {processor.py:176} INFO - Processing /Users/hirenpatel/Documents/airflow_tutoral/py_env/lib/python3.8/site-packages/airflow/example_dags/example_branch_datetime_operator.py took 0.184 seconds
[2022-11-05T15:05:32.808+1300] {processor.py:154} INFO - Started process (PID=96780) to work on /Users/hirenpatel/Documents/airflow_tutoral/py_env/lib/python3.8/site-packages/airflow/example_dags/example_branch_datetime_operator.py
[2022-11-05T15:05:32.813+1300] {processor.py:756} INFO - Processing file /Users/hirenpatel/Documents/airflow_tutoral/py_env/lib/python3.8/site-packages/airflow/example_dags/example_branch_datetime_operator.py for tasks to queue
[2022-11-05T15:05:32.813+1300] {logging_mixin.py:120} INFO - [2022-11-05T15:05:32.813+1300] {dagbag.py:537} INFO - Filling up the DagBag from /Users/hirenpatel/Documents/airflow_tutoral/py_env/lib/python3.8/site-packages/airflow/example_dags/example_branch_datetime_operator.py
[2022-11-05T15:05:32.837+1300] {processor.py:766} INFO - DAG(s) dict_keys(['example_branch_datetime_operator_2', 'example_branch_datetime_operator', 'example_branch_datetime_operator_3']) retrieved from /Users/hirenpatel/Documents/airflow_tutoral/py_env/lib/python3.8/site-packages/airflow/example_dags/example_branch_datetime_operator.py
[2022-11-05T15:05:32.961+1300] {logging_mixin.py:120} INFO - [2022-11-05T15:05:32.961+1300] {dag.py:2585} INFO - Sync 3 DAGs
[2022-11-05T15:05:32.973+1300] {logging_mixin.py:120} INFO - [2022-11-05T15:05:32.972+1300] {dag.py:3336} INFO - Setting next_dagrun for example_branch_datetime_operator to 2022-11-04T00:00:00+00:00, run_after=2022-11-05T00:00:00+00:00
[2022-11-05T15:05:32.975+1300] {logging_mixin.py:120} INFO - [2022-11-05T15:05:32.975+1300] {dag.py:3336} INFO - Setting next_dagrun for example_branch_datetime_operator_2 to 2022-11-04T00:00:00+00:00, run_after=2022-11-05T00:00:00+00:00
[2022-11-05T15:05:32.976+1300] {logging_mixin.py:120} INFO - [2022-11-05T15:05:32.976+1300] {dag.py:3336} INFO - Setting next_dagrun for example_branch_datetime_operator_3 to 2022-11-04T00:00:00+00:00, run_after=2022-11-05T00:00:00+00:00
[2022-11-05T15:05:32.988+1300] {processor.py:176} INFO - Processing /Users/hirenpatel/Documents/airflow_tutoral/py_env/lib/python3.8/site-packages/airflow/example_dags/example_branch_datetime_operator.py took 0.180 seconds
[2022-11-05T15:19:32.533+1300] {processor.py:154} INFO - Started process (PID=97156) to work on /Users/hirenpatel/Documents/airflow_tutoral/py_env/lib/python3.8/site-packages/airflow/example_dags/example_branch_datetime_operator.py
[2022-11-05T15:19:32.537+1300] {processor.py:756} INFO - Processing file /Users/hirenpatel/Documents/airflow_tutoral/py_env/lib/python3.8/site-packages/airflow/example_dags/example_branch_datetime_operator.py for tasks to queue
[2022-11-05T15:19:32.538+1300] {logging_mixin.py:120} INFO - [2022-11-05T15:19:32.538+1300] {dagbag.py:537} INFO - Filling up the DagBag from /Users/hirenpatel/Documents/airflow_tutoral/py_env/lib/python3.8/site-packages/airflow/example_dags/example_branch_datetime_operator.py
[2022-11-05T15:19:32.562+1300] {processor.py:766} INFO - DAG(s) dict_keys(['example_branch_datetime_operator', 'example_branch_datetime_operator_2', 'example_branch_datetime_operator_3']) retrieved from /Users/hirenpatel/Documents/airflow_tutoral/py_env/lib/python3.8/site-packages/airflow/example_dags/example_branch_datetime_operator.py
[2022-11-05T15:19:32.684+1300] {logging_mixin.py:120} INFO - [2022-11-05T15:19:32.683+1300] {dag.py:2585} INFO - Sync 3 DAGs
[2022-11-05T15:19:32.696+1300] {logging_mixin.py:120} INFO - [2022-11-05T15:19:32.696+1300] {dag.py:3336} INFO - Setting next_dagrun for example_branch_datetime_operator to 2022-11-04T00:00:00+00:00, run_after=2022-11-05T00:00:00+00:00
[2022-11-05T15:19:32.699+1300] {logging_mixin.py:120} INFO - [2022-11-05T15:19:32.699+1300] {dag.py:3336} INFO - Setting next_dagrun for example_branch_datetime_operator_2 to 2022-11-04T00:00:00+00:00, run_after=2022-11-05T00:00:00+00:00
[2022-11-05T15:19:32.700+1300] {logging_mixin.py:120} INFO - [2022-11-05T15:19:32.700+1300] {dag.py:3336} INFO - Setting next_dagrun for example_branch_datetime_operator_3 to 2022-11-04T00:00:00+00:00, run_after=2022-11-05T00:00:00+00:00
[2022-11-05T15:19:32.712+1300] {processor.py:176} INFO - Processing /Users/hirenpatel/Documents/airflow_tutoral/py_env/lib/python3.8/site-packages/airflow/example_dags/example_branch_datetime_operator.py took 0.179 seconds
[2022-11-05T15:45:59.568+1300] {processor.py:154} INFO - Started process (PID=97473) to work on /Users/hirenpatel/Documents/airflow_tutoral/py_env/lib/python3.8/site-packages/airflow/example_dags/example_branch_datetime_operator.py
[2022-11-05T15:45:59.575+1300] {processor.py:756} INFO - Processing file /Users/hirenpatel/Documents/airflow_tutoral/py_env/lib/python3.8/site-packages/airflow/example_dags/example_branch_datetime_operator.py for tasks to queue
[2022-11-05T15:45:59.575+1300] {logging_mixin.py:120} INFO - [2022-11-05T15:45:59.575+1300] {dagbag.py:537} INFO - Filling up the DagBag from /Users/hirenpatel/Documents/airflow_tutoral/py_env/lib/python3.8/site-packages/airflow/example_dags/example_branch_datetime_operator.py
[2022-11-05T15:45:59.612+1300] {processor.py:766} INFO - DAG(s) dict_keys(['example_branch_datetime_operator', 'example_branch_datetime_operator_2', 'example_branch_datetime_operator_3']) retrieved from /Users/hirenpatel/Documents/airflow_tutoral/py_env/lib/python3.8/site-packages/airflow/example_dags/example_branch_datetime_operator.py
[2022-11-05T15:45:59.820+1300] {logging_mixin.py:120} INFO - [2022-11-05T15:45:59.820+1300] {dag.py:2585} INFO - Sync 3 DAGs
[2022-11-05T15:45:59.835+1300] {logging_mixin.py:120} INFO - [2022-11-05T15:45:59.835+1300] {dag.py:3336} INFO - Setting next_dagrun for example_branch_datetime_operator to 2022-11-04T00:00:00+00:00, run_after=2022-11-05T00:00:00+00:00
[2022-11-05T15:45:59.838+1300] {logging_mixin.py:120} INFO - [2022-11-05T15:45:59.838+1300] {dag.py:3336} INFO - Setting next_dagrun for example_branch_datetime_operator_2 to 2022-11-04T00:00:00+00:00, run_after=2022-11-05T00:00:00+00:00
[2022-11-05T15:45:59.840+1300] {logging_mixin.py:120} INFO - [2022-11-05T15:45:59.840+1300] {dag.py:3336} INFO - Setting next_dagrun for example_branch_datetime_operator_3 to 2022-11-04T00:00:00+00:00, run_after=2022-11-05T00:00:00+00:00
[2022-11-05T15:45:59.871+1300] {processor.py:176} INFO - Processing /Users/hirenpatel/Documents/airflow_tutoral/py_env/lib/python3.8/site-packages/airflow/example_dags/example_branch_datetime_operator.py took 0.304 seconds
[2022-11-05T15:56:12.249+1300] {processor.py:154} INFO - Started process (PID=97820) to work on /Users/hirenpatel/Documents/airflow_tutoral/py_env/lib/python3.8/site-packages/airflow/example_dags/example_branch_datetime_operator.py
[2022-11-05T15:56:12.254+1300] {processor.py:756} INFO - Processing file /Users/hirenpatel/Documents/airflow_tutoral/py_env/lib/python3.8/site-packages/airflow/example_dags/example_branch_datetime_operator.py for tasks to queue
[2022-11-05T15:56:12.254+1300] {logging_mixin.py:120} INFO - [2022-11-05T15:56:12.254+1300] {dagbag.py:537} INFO - Filling up the DagBag from /Users/hirenpatel/Documents/airflow_tutoral/py_env/lib/python3.8/site-packages/airflow/example_dags/example_branch_datetime_operator.py
[2022-11-05T15:56:12.277+1300] {processor.py:766} INFO - DAG(s) dict_keys(['example_branch_datetime_operator_3', 'example_branch_datetime_operator', 'example_branch_datetime_operator_2']) retrieved from /Users/hirenpatel/Documents/airflow_tutoral/py_env/lib/python3.8/site-packages/airflow/example_dags/example_branch_datetime_operator.py
[2022-11-05T15:56:12.393+1300] {logging_mixin.py:120} INFO - [2022-11-05T15:56:12.393+1300] {dag.py:2585} INFO - Sync 3 DAGs
[2022-11-05T15:56:12.404+1300] {logging_mixin.py:120} INFO - [2022-11-05T15:56:12.404+1300] {dag.py:3336} INFO - Setting next_dagrun for example_branch_datetime_operator to 2022-11-04T00:00:00+00:00, run_after=2022-11-05T00:00:00+00:00
[2022-11-05T15:56:12.407+1300] {logging_mixin.py:120} INFO - [2022-11-05T15:56:12.407+1300] {dag.py:3336} INFO - Setting next_dagrun for example_branch_datetime_operator_2 to 2022-11-04T00:00:00+00:00, run_after=2022-11-05T00:00:00+00:00
[2022-11-05T15:56:12.408+1300] {logging_mixin.py:120} INFO - [2022-11-05T15:56:12.408+1300] {dag.py:3336} INFO - Setting next_dagrun for example_branch_datetime_operator_3 to 2022-11-04T00:00:00+00:00, run_after=2022-11-05T00:00:00+00:00
[2022-11-05T15:56:12.419+1300] {processor.py:176} INFO - Processing /Users/hirenpatel/Documents/airflow_tutoral/py_env/lib/python3.8/site-packages/airflow/example_dags/example_branch_datetime_operator.py took 0.170 seconds
[2022-11-05T16:07:53.076+1300] {processor.py:154} INFO - Started process (PID=98089) to work on /Users/hirenpatel/Documents/airflow_tutoral/py_env/lib/python3.8/site-packages/airflow/example_dags/example_branch_datetime_operator.py
[2022-11-05T16:07:53.080+1300] {processor.py:756} INFO - Processing file /Users/hirenpatel/Documents/airflow_tutoral/py_env/lib/python3.8/site-packages/airflow/example_dags/example_branch_datetime_operator.py for tasks to queue
[2022-11-05T16:07:53.080+1300] {logging_mixin.py:120} INFO - [2022-11-05T16:07:53.080+1300] {dagbag.py:537} INFO - Filling up the DagBag from /Users/hirenpatel/Documents/airflow_tutoral/py_env/lib/python3.8/site-packages/airflow/example_dags/example_branch_datetime_operator.py
[2022-11-05T16:07:53.105+1300] {processor.py:766} INFO - DAG(s) dict_keys(['example_branch_datetime_operator_2', 'example_branch_datetime_operator_3', 'example_branch_datetime_operator']) retrieved from /Users/hirenpatel/Documents/airflow_tutoral/py_env/lib/python3.8/site-packages/airflow/example_dags/example_branch_datetime_operator.py
[2022-11-05T16:07:53.227+1300] {logging_mixin.py:120} INFO - [2022-11-05T16:07:53.227+1300] {dag.py:2585} INFO - Sync 3 DAGs
[2022-11-05T16:07:53.238+1300] {logging_mixin.py:120} INFO - [2022-11-05T16:07:53.237+1300] {dag.py:3336} INFO - Setting next_dagrun for example_branch_datetime_operator to 2022-11-04T00:00:00+00:00, run_after=2022-11-05T00:00:00+00:00
[2022-11-05T16:07:53.240+1300] {logging_mixin.py:120} INFO - [2022-11-05T16:07:53.240+1300] {dag.py:3336} INFO - Setting next_dagrun for example_branch_datetime_operator_2 to 2022-11-04T00:00:00+00:00, run_after=2022-11-05T00:00:00+00:00
[2022-11-05T16:07:53.241+1300] {logging_mixin.py:120} INFO - [2022-11-05T16:07:53.241+1300] {dag.py:3336} INFO - Setting next_dagrun for example_branch_datetime_operator_3 to 2022-11-04T00:00:00+00:00, run_after=2022-11-05T00:00:00+00:00
[2022-11-05T16:07:53.267+1300] {processor.py:176} INFO - Processing /Users/hirenpatel/Documents/airflow_tutoral/py_env/lib/python3.8/site-packages/airflow/example_dags/example_branch_datetime_operator.py took 0.192 seconds
[2022-11-05T16:23:06.524+1300] {processor.py:154} INFO - Started process (PID=98353) to work on /Users/hirenpatel/Documents/airflow_tutoral/py_env/lib/python3.8/site-packages/airflow/example_dags/example_branch_datetime_operator.py
[2022-11-05T16:23:06.529+1300] {processor.py:756} INFO - Processing file /Users/hirenpatel/Documents/airflow_tutoral/py_env/lib/python3.8/site-packages/airflow/example_dags/example_branch_datetime_operator.py for tasks to queue
[2022-11-05T16:23:06.529+1300] {logging_mixin.py:120} INFO - [2022-11-05T16:23:06.529+1300] {dagbag.py:537} INFO - Filling up the DagBag from /Users/hirenpatel/Documents/airflow_tutoral/py_env/lib/python3.8/site-packages/airflow/example_dags/example_branch_datetime_operator.py
[2022-11-05T16:23:06.568+1300] {processor.py:766} INFO - DAG(s) dict_keys(['example_branch_datetime_operator_3', 'example_branch_datetime_operator_2', 'example_branch_datetime_operator']) retrieved from /Users/hirenpatel/Documents/airflow_tutoral/py_env/lib/python3.8/site-packages/airflow/example_dags/example_branch_datetime_operator.py
[2022-11-05T16:23:06.777+1300] {logging_mixin.py:120} INFO - [2022-11-05T16:23:06.777+1300] {dag.py:2585} INFO - Sync 3 DAGs
[2022-11-05T16:23:06.796+1300] {logging_mixin.py:120} INFO - [2022-11-05T16:23:06.795+1300] {dag.py:3336} INFO - Setting next_dagrun for example_branch_datetime_operator to 2022-11-04T00:00:00+00:00, run_after=2022-11-05T00:00:00+00:00
[2022-11-05T16:23:06.799+1300] {logging_mixin.py:120} INFO - [2022-11-05T16:23:06.799+1300] {dag.py:3336} INFO - Setting next_dagrun for example_branch_datetime_operator_2 to 2022-11-04T00:00:00+00:00, run_after=2022-11-05T00:00:00+00:00
[2022-11-05T16:23:06.801+1300] {logging_mixin.py:120} INFO - [2022-11-05T16:23:06.801+1300] {dag.py:3336} INFO - Setting next_dagrun for example_branch_datetime_operator_3 to 2022-11-04T00:00:00+00:00, run_after=2022-11-05T00:00:00+00:00
[2022-11-05T16:23:06.820+1300] {processor.py:176} INFO - Processing /Users/hirenpatel/Documents/airflow_tutoral/py_env/lib/python3.8/site-packages/airflow/example_dags/example_branch_datetime_operator.py took 0.296 seconds
[2022-11-05T17:44:16.787+1300] {processor.py:154} INFO - Started process (PID=98811) to work on /Users/hirenpatel/Documents/airflow_tutoral/py_env/lib/python3.8/site-packages/airflow/example_dags/example_branch_datetime_operator.py
[2022-11-05T17:44:16.791+1300] {processor.py:756} INFO - Processing file /Users/hirenpatel/Documents/airflow_tutoral/py_env/lib/python3.8/site-packages/airflow/example_dags/example_branch_datetime_operator.py for tasks to queue
[2022-11-05T17:44:16.791+1300] {logging_mixin.py:120} INFO - [2022-11-05T17:44:16.791+1300] {dagbag.py:537} INFO - Filling up the DagBag from /Users/hirenpatel/Documents/airflow_tutoral/py_env/lib/python3.8/site-packages/airflow/example_dags/example_branch_datetime_operator.py
[2022-11-05T17:44:16.818+1300] {processor.py:766} INFO - DAG(s) dict_keys(['example_branch_datetime_operator_3', 'example_branch_datetime_operator_2', 'example_branch_datetime_operator']) retrieved from /Users/hirenpatel/Documents/airflow_tutoral/py_env/lib/python3.8/site-packages/airflow/example_dags/example_branch_datetime_operator.py
[2022-11-05T17:44:16.991+1300] {logging_mixin.py:120} INFO - [2022-11-05T17:44:16.990+1300] {dag.py:2585} INFO - Sync 3 DAGs
[2022-11-05T17:44:17.004+1300] {logging_mixin.py:120} INFO - [2022-11-05T17:44:17.004+1300] {dag.py:3336} INFO - Setting next_dagrun for example_branch_datetime_operator to 2022-11-04T00:00:00+00:00, run_after=2022-11-05T00:00:00+00:00
[2022-11-05T17:44:17.007+1300] {logging_mixin.py:120} INFO - [2022-11-05T17:44:17.007+1300] {dag.py:3336} INFO - Setting next_dagrun for example_branch_datetime_operator_2 to 2022-11-04T00:00:00+00:00, run_after=2022-11-05T00:00:00+00:00
[2022-11-05T17:44:17.009+1300] {logging_mixin.py:120} INFO - [2022-11-05T17:44:17.008+1300] {dag.py:3336} INFO - Setting next_dagrun for example_branch_datetime_operator_3 to 2022-11-04T00:00:00+00:00, run_after=2022-11-05T00:00:00+00:00
[2022-11-05T17:44:17.022+1300] {processor.py:176} INFO - Processing /Users/hirenpatel/Documents/airflow_tutoral/py_env/lib/python3.8/site-packages/airflow/example_dags/example_branch_datetime_operator.py took 0.236 seconds
[2022-11-05T17:58:42.534+1300] {processor.py:154} INFO - Started process (PID=99131) to work on /Users/hirenpatel/Documents/airflow_tutoral/py_env/lib/python3.8/site-packages/airflow/example_dags/example_branch_datetime_operator.py
[2022-11-05T17:58:42.538+1300] {processor.py:756} INFO - Processing file /Users/hirenpatel/Documents/airflow_tutoral/py_env/lib/python3.8/site-packages/airflow/example_dags/example_branch_datetime_operator.py for tasks to queue
[2022-11-05T17:58:42.538+1300] {logging_mixin.py:120} INFO - [2022-11-05T17:58:42.538+1300] {dagbag.py:537} INFO - Filling up the DagBag from /Users/hirenpatel/Documents/airflow_tutoral/py_env/lib/python3.8/site-packages/airflow/example_dags/example_branch_datetime_operator.py
[2022-11-05T17:58:42.564+1300] {processor.py:766} INFO - DAG(s) dict_keys(['example_branch_datetime_operator_3', 'example_branch_datetime_operator_2', 'example_branch_datetime_operator']) retrieved from /Users/hirenpatel/Documents/airflow_tutoral/py_env/lib/python3.8/site-packages/airflow/example_dags/example_branch_datetime_operator.py
[2022-11-05T17:58:42.696+1300] {logging_mixin.py:120} INFO - [2022-11-05T17:58:42.696+1300] {dag.py:2585} INFO - Sync 3 DAGs
[2022-11-05T17:58:42.709+1300] {logging_mixin.py:120} INFO - [2022-11-05T17:58:42.709+1300] {dag.py:3336} INFO - Setting next_dagrun for example_branch_datetime_operator to 2022-11-04T00:00:00+00:00, run_after=2022-11-05T00:00:00+00:00
[2022-11-05T17:58:42.711+1300] {logging_mixin.py:120} INFO - [2022-11-05T17:58:42.711+1300] {dag.py:3336} INFO - Setting next_dagrun for example_branch_datetime_operator_2 to 2022-11-04T00:00:00+00:00, run_after=2022-11-05T00:00:00+00:00
[2022-11-05T17:58:42.713+1300] {logging_mixin.py:120} INFO - [2022-11-05T17:58:42.713+1300] {dag.py:3336} INFO - Setting next_dagrun for example_branch_datetime_operator_3 to 2022-11-04T00:00:00+00:00, run_after=2022-11-05T00:00:00+00:00
[2022-11-05T17:58:42.726+1300] {processor.py:176} INFO - Processing /Users/hirenpatel/Documents/airflow_tutoral/py_env/lib/python3.8/site-packages/airflow/example_dags/example_branch_datetime_operator.py took 0.193 seconds
[2022-11-05T18:11:48.570+1300] {processor.py:154} INFO - Started process (PID=99456) to work on /Users/hirenpatel/Documents/airflow_tutoral/py_env/lib/python3.8/site-packages/airflow/example_dags/example_branch_datetime_operator.py
[2022-11-05T18:11:48.575+1300] {processor.py:756} INFO - Processing file /Users/hirenpatel/Documents/airflow_tutoral/py_env/lib/python3.8/site-packages/airflow/example_dags/example_branch_datetime_operator.py for tasks to queue
[2022-11-05T18:11:48.576+1300] {logging_mixin.py:120} INFO - [2022-11-05T18:11:48.576+1300] {dagbag.py:537} INFO - Filling up the DagBag from /Users/hirenpatel/Documents/airflow_tutoral/py_env/lib/python3.8/site-packages/airflow/example_dags/example_branch_datetime_operator.py
[2022-11-05T18:11:48.618+1300] {processor.py:766} INFO - DAG(s) dict_keys(['example_branch_datetime_operator', 'example_branch_datetime_operator_3', 'example_branch_datetime_operator_2']) retrieved from /Users/hirenpatel/Documents/airflow_tutoral/py_env/lib/python3.8/site-packages/airflow/example_dags/example_branch_datetime_operator.py
[2022-11-05T18:11:48.791+1300] {logging_mixin.py:120} INFO - [2022-11-05T18:11:48.791+1300] {dag.py:2585} INFO - Sync 3 DAGs
[2022-11-05T18:11:48.804+1300] {logging_mixin.py:120} INFO - [2022-11-05T18:11:48.804+1300] {dag.py:3336} INFO - Setting next_dagrun for example_branch_datetime_operator to 2022-11-04T00:00:00+00:00, run_after=2022-11-05T00:00:00+00:00
[2022-11-05T18:11:48.807+1300] {logging_mixin.py:120} INFO - [2022-11-05T18:11:48.807+1300] {dag.py:3336} INFO - Setting next_dagrun for example_branch_datetime_operator_2 to 2022-11-04T00:00:00+00:00, run_after=2022-11-05T00:00:00+00:00
[2022-11-05T18:11:48.809+1300] {logging_mixin.py:120} INFO - [2022-11-05T18:11:48.808+1300] {dag.py:3336} INFO - Setting next_dagrun for example_branch_datetime_operator_3 to 2022-11-04T00:00:00+00:00, run_after=2022-11-05T00:00:00+00:00
[2022-11-05T18:11:48.822+1300] {processor.py:176} INFO - Processing /Users/hirenpatel/Documents/airflow_tutoral/py_env/lib/python3.8/site-packages/airflow/example_dags/example_branch_datetime_operator.py took 0.253 seconds
[2022-11-05T18:14:14.770+1300] {processor.py:154} INFO - Started process (PID=634) to work on /Users/hirenpatel/Documents/airflow_tutoral/py_env/lib/python3.8/site-packages/airflow/example_dags/example_branch_datetime_operator.py
[2022-11-05T18:14:14.774+1300] {processor.py:756} INFO - Processing file /Users/hirenpatel/Documents/airflow_tutoral/py_env/lib/python3.8/site-packages/airflow/example_dags/example_branch_datetime_operator.py for tasks to queue
[2022-11-05T18:14:14.774+1300] {logging_mixin.py:120} INFO - [2022-11-05T18:14:14.774+1300] {dagbag.py:537} INFO - Filling up the DagBag from /Users/hirenpatel/Documents/airflow_tutoral/py_env/lib/python3.8/site-packages/airflow/example_dags/example_branch_datetime_operator.py
[2022-11-05T18:14:14.804+1300] {processor.py:766} INFO - DAG(s) dict_keys(['example_branch_datetime_operator_2', 'example_branch_datetime_operator', 'example_branch_datetime_operator_3']) retrieved from /Users/hirenpatel/Documents/airflow_tutoral/py_env/lib/python3.8/site-packages/airflow/example_dags/example_branch_datetime_operator.py
[2022-11-05T18:14:14.938+1300] {logging_mixin.py:120} INFO - [2022-11-05T18:14:14.938+1300] {dag.py:2585} INFO - Sync 3 DAGs
[2022-11-05T18:14:14.950+1300] {logging_mixin.py:120} INFO - [2022-11-05T18:14:14.949+1300] {dag.py:3336} INFO - Setting next_dagrun for example_branch_datetime_operator to 2022-11-04T00:00:00+00:00, run_after=2022-11-05T00:00:00+00:00
[2022-11-05T18:14:14.952+1300] {logging_mixin.py:120} INFO - [2022-11-05T18:14:14.952+1300] {dag.py:3336} INFO - Setting next_dagrun for example_branch_datetime_operator_2 to 2022-11-04T00:00:00+00:00, run_after=2022-11-05T00:00:00+00:00
[2022-11-05T18:14:14.953+1300] {logging_mixin.py:120} INFO - [2022-11-05T18:14:14.953+1300] {dag.py:3336} INFO - Setting next_dagrun for example_branch_datetime_operator_3 to 2022-11-04T00:00:00+00:00, run_after=2022-11-05T00:00:00+00:00
[2022-11-05T18:14:14.965+1300] {processor.py:176} INFO - Processing /Users/hirenpatel/Documents/airflow_tutoral/py_env/lib/python3.8/site-packages/airflow/example_dags/example_branch_datetime_operator.py took 0.195 seconds
[2022-11-05T18:18:16.024+1300] {processor.py:154} INFO - Started process (PID=932) to work on /Users/hirenpatel/Documents/airflow_tutoral/py_env/lib/python3.8/site-packages/airflow/example_dags/example_branch_datetime_operator.py
[2022-11-05T18:18:16.029+1300] {processor.py:756} INFO - Processing file /Users/hirenpatel/Documents/airflow_tutoral/py_env/lib/python3.8/site-packages/airflow/example_dags/example_branch_datetime_operator.py for tasks to queue
[2022-11-05T18:18:16.029+1300] {logging_mixin.py:120} INFO - [2022-11-05T18:18:16.029+1300] {dagbag.py:537} INFO - Filling up the DagBag from /Users/hirenpatel/Documents/airflow_tutoral/py_env/lib/python3.8/site-packages/airflow/example_dags/example_branch_datetime_operator.py
[2022-11-05T18:18:16.055+1300] {processor.py:766} INFO - DAG(s) dict_keys(['example_branch_datetime_operator_3', 'example_branch_datetime_operator', 'example_branch_datetime_operator_2']) retrieved from /Users/hirenpatel/Documents/airflow_tutoral/py_env/lib/python3.8/site-packages/airflow/example_dags/example_branch_datetime_operator.py
[2022-11-05T18:18:16.176+1300] {logging_mixin.py:120} INFO - [2022-11-05T18:18:16.176+1300] {dag.py:2585} INFO - Sync 3 DAGs
[2022-11-05T18:18:16.187+1300] {logging_mixin.py:120} INFO - [2022-11-05T18:18:16.187+1300] {dag.py:3336} INFO - Setting next_dagrun for example_branch_datetime_operator to 2022-11-04T00:00:00+00:00, run_after=2022-11-05T00:00:00+00:00
[2022-11-05T18:18:16.189+1300] {logging_mixin.py:120} INFO - [2022-11-05T18:18:16.189+1300] {dag.py:3336} INFO - Setting next_dagrun for example_branch_datetime_operator_2 to 2022-11-04T00:00:00+00:00, run_after=2022-11-05T00:00:00+00:00
[2022-11-05T18:18:16.191+1300] {logging_mixin.py:120} INFO - [2022-11-05T18:18:16.191+1300] {dag.py:3336} INFO - Setting next_dagrun for example_branch_datetime_operator_3 to 2022-11-04T00:00:00+00:00, run_after=2022-11-05T00:00:00+00:00
[2022-11-05T18:18:16.203+1300] {processor.py:176} INFO - Processing /Users/hirenpatel/Documents/airflow_tutoral/py_env/lib/python3.8/site-packages/airflow/example_dags/example_branch_datetime_operator.py took 0.179 seconds
[2022-11-05T18:28:18.861+1300] {processor.py:154} INFO - Started process (PID=1179) to work on /Users/hirenpatel/Documents/airflow_tutoral/py_env/lib/python3.8/site-packages/airflow/example_dags/example_branch_datetime_operator.py
[2022-11-05T18:28:18.864+1300] {processor.py:756} INFO - Processing file /Users/hirenpatel/Documents/airflow_tutoral/py_env/lib/python3.8/site-packages/airflow/example_dags/example_branch_datetime_operator.py for tasks to queue
[2022-11-05T18:28:18.864+1300] {logging_mixin.py:120} INFO - [2022-11-05T18:28:18.864+1300] {dagbag.py:537} INFO - Filling up the DagBag from /Users/hirenpatel/Documents/airflow_tutoral/py_env/lib/python3.8/site-packages/airflow/example_dags/example_branch_datetime_operator.py
[2022-11-05T18:28:18.890+1300] {processor.py:766} INFO - DAG(s) dict_keys(['example_branch_datetime_operator', 'example_branch_datetime_operator_2', 'example_branch_datetime_operator_3']) retrieved from /Users/hirenpatel/Documents/airflow_tutoral/py_env/lib/python3.8/site-packages/airflow/example_dags/example_branch_datetime_operator.py
[2022-11-05T18:28:19.013+1300] {logging_mixin.py:120} INFO - [2022-11-05T18:28:19.013+1300] {dag.py:2585} INFO - Sync 3 DAGs
[2022-11-05T18:28:19.026+1300] {logging_mixin.py:120} INFO - [2022-11-05T18:28:19.026+1300] {dag.py:3336} INFO - Setting next_dagrun for example_branch_datetime_operator to 2022-11-04T00:00:00+00:00, run_after=2022-11-05T00:00:00+00:00
[2022-11-05T18:28:19.028+1300] {logging_mixin.py:120} INFO - [2022-11-05T18:28:19.028+1300] {dag.py:3336} INFO - Setting next_dagrun for example_branch_datetime_operator_2 to 2022-11-04T00:00:00+00:00, run_after=2022-11-05T00:00:00+00:00
[2022-11-05T18:28:19.030+1300] {logging_mixin.py:120} INFO - [2022-11-05T18:28:19.030+1300] {dag.py:3336} INFO - Setting next_dagrun for example_branch_datetime_operator_3 to 2022-11-04T00:00:00+00:00, run_after=2022-11-05T00:00:00+00:00
[2022-11-05T18:28:19.045+1300] {processor.py:176} INFO - Processing /Users/hirenpatel/Documents/airflow_tutoral/py_env/lib/python3.8/site-packages/airflow/example_dags/example_branch_datetime_operator.py took 0.185 seconds
[2022-11-05T18:51:43.789+1300] {processor.py:154} INFO - Started process (PID=1552) to work on /Users/hirenpatel/Documents/airflow_tutoral/py_env/lib/python3.8/site-packages/airflow/example_dags/example_branch_datetime_operator.py
[2022-11-05T18:51:43.792+1300] {processor.py:756} INFO - Processing file /Users/hirenpatel/Documents/airflow_tutoral/py_env/lib/python3.8/site-packages/airflow/example_dags/example_branch_datetime_operator.py for tasks to queue
[2022-11-05T18:51:43.793+1300] {logging_mixin.py:120} INFO - [2022-11-05T18:51:43.793+1300] {dagbag.py:537} INFO - Filling up the DagBag from /Users/hirenpatel/Documents/airflow_tutoral/py_env/lib/python3.8/site-packages/airflow/example_dags/example_branch_datetime_operator.py
[2022-11-05T18:51:43.825+1300] {processor.py:766} INFO - DAG(s) dict_keys(['example_branch_datetime_operator_3', 'example_branch_datetime_operator', 'example_branch_datetime_operator_2']) retrieved from /Users/hirenpatel/Documents/airflow_tutoral/py_env/lib/python3.8/site-packages/airflow/example_dags/example_branch_datetime_operator.py
[2022-11-05T18:51:44.352+1300] {logging_mixin.py:120} INFO - [2022-11-05T18:51:44.352+1300] {dag.py:2585} INFO - Sync 3 DAGs
[2022-11-05T18:51:44.364+1300] {logging_mixin.py:120} INFO - [2022-11-05T18:51:44.363+1300] {dag.py:3336} INFO - Setting next_dagrun for example_branch_datetime_operator to 2022-11-04T00:00:00+00:00, run_after=2022-11-05T00:00:00+00:00
[2022-11-05T18:51:44.366+1300] {logging_mixin.py:120} INFO - [2022-11-05T18:51:44.366+1300] {dag.py:3336} INFO - Setting next_dagrun for example_branch_datetime_operator_2 to 2022-11-04T00:00:00+00:00, run_after=2022-11-05T00:00:00+00:00
[2022-11-05T18:51:44.367+1300] {logging_mixin.py:120} INFO - [2022-11-05T18:51:44.367+1300] {dag.py:3336} INFO - Setting next_dagrun for example_branch_datetime_operator_3 to 2022-11-04T00:00:00+00:00, run_after=2022-11-05T00:00:00+00:00
[2022-11-05T18:51:44.381+1300] {processor.py:176} INFO - Processing /Users/hirenpatel/Documents/airflow_tutoral/py_env/lib/python3.8/site-packages/airflow/example_dags/example_branch_datetime_operator.py took 0.592 seconds
[2022-11-05T18:55:31.428+1300] {processor.py:154} INFO - Started process (PID=1797) to work on /Users/hirenpatel/Documents/airflow_tutoral/py_env/lib/python3.8/site-packages/airflow/example_dags/example_branch_datetime_operator.py
[2022-11-05T18:55:31.432+1300] {processor.py:756} INFO - Processing file /Users/hirenpatel/Documents/airflow_tutoral/py_env/lib/python3.8/site-packages/airflow/example_dags/example_branch_datetime_operator.py for tasks to queue
[2022-11-05T18:55:31.432+1300] {logging_mixin.py:120} INFO - [2022-11-05T18:55:31.432+1300] {dagbag.py:537} INFO - Filling up the DagBag from /Users/hirenpatel/Documents/airflow_tutoral/py_env/lib/python3.8/site-packages/airflow/example_dags/example_branch_datetime_operator.py
[2022-11-05T18:55:31.458+1300] {processor.py:766} INFO - DAG(s) dict_keys(['example_branch_datetime_operator_2', 'example_branch_datetime_operator_3', 'example_branch_datetime_operator']) retrieved from /Users/hirenpatel/Documents/airflow_tutoral/py_env/lib/python3.8/site-packages/airflow/example_dags/example_branch_datetime_operator.py
[2022-11-05T18:55:31.577+1300] {logging_mixin.py:120} INFO - [2022-11-05T18:55:31.577+1300] {dag.py:2585} INFO - Sync 3 DAGs
[2022-11-05T18:55:31.588+1300] {logging_mixin.py:120} INFO - [2022-11-05T18:55:31.588+1300] {dag.py:3336} INFO - Setting next_dagrun for example_branch_datetime_operator to 2022-11-04T00:00:00+00:00, run_after=2022-11-05T00:00:00+00:00
[2022-11-05T18:55:31.590+1300] {logging_mixin.py:120} INFO - [2022-11-05T18:55:31.590+1300] {dag.py:3336} INFO - Setting next_dagrun for example_branch_datetime_operator_2 to 2022-11-04T00:00:00+00:00, run_after=2022-11-05T00:00:00+00:00
[2022-11-05T18:55:31.592+1300] {logging_mixin.py:120} INFO - [2022-11-05T18:55:31.591+1300] {dag.py:3336} INFO - Setting next_dagrun for example_branch_datetime_operator_3 to 2022-11-04T00:00:00+00:00, run_after=2022-11-05T00:00:00+00:00
[2022-11-05T18:55:31.604+1300] {processor.py:176} INFO - Processing /Users/hirenpatel/Documents/airflow_tutoral/py_env/lib/python3.8/site-packages/airflow/example_dags/example_branch_datetime_operator.py took 0.177 seconds
[2022-11-05T18:58:09.800+1300] {processor.py:154} INFO - Started process (PID=2067) to work on /Users/hirenpatel/Documents/airflow_tutoral/py_env/lib/python3.8/site-packages/airflow/example_dags/example_branch_datetime_operator.py
[2022-11-05T18:58:09.805+1300] {processor.py:756} INFO - Processing file /Users/hirenpatel/Documents/airflow_tutoral/py_env/lib/python3.8/site-packages/airflow/example_dags/example_branch_datetime_operator.py for tasks to queue
[2022-11-05T18:58:09.805+1300] {logging_mixin.py:120} INFO - [2022-11-05T18:58:09.805+1300] {dagbag.py:537} INFO - Filling up the DagBag from /Users/hirenpatel/Documents/airflow_tutoral/py_env/lib/python3.8/site-packages/airflow/example_dags/example_branch_datetime_operator.py
[2022-11-05T18:58:09.842+1300] {processor.py:766} INFO - DAG(s) dict_keys(['example_branch_datetime_operator_2', 'example_branch_datetime_operator_3', 'example_branch_datetime_operator']) retrieved from /Users/hirenpatel/Documents/airflow_tutoral/py_env/lib/python3.8/site-packages/airflow/example_dags/example_branch_datetime_operator.py
[2022-11-05T18:58:09.966+1300] {logging_mixin.py:120} INFO - [2022-11-05T18:58:09.966+1300] {dag.py:2585} INFO - Sync 3 DAGs
[2022-11-05T18:58:09.978+1300] {logging_mixin.py:120} INFO - [2022-11-05T18:58:09.978+1300] {dag.py:3336} INFO - Setting next_dagrun for example_branch_datetime_operator to 2022-11-04T00:00:00+00:00, run_after=2022-11-05T00:00:00+00:00
[2022-11-05T18:58:09.980+1300] {logging_mixin.py:120} INFO - [2022-11-05T18:58:09.980+1300] {dag.py:3336} INFO - Setting next_dagrun for example_branch_datetime_operator_2 to 2022-11-04T00:00:00+00:00, run_after=2022-11-05T00:00:00+00:00
[2022-11-05T18:58:09.981+1300] {logging_mixin.py:120} INFO - [2022-11-05T18:58:09.981+1300] {dag.py:3336} INFO - Setting next_dagrun for example_branch_datetime_operator_3 to 2022-11-04T00:00:00+00:00, run_after=2022-11-05T00:00:00+00:00
[2022-11-05T18:58:09.995+1300] {processor.py:176} INFO - Processing /Users/hirenpatel/Documents/airflow_tutoral/py_env/lib/python3.8/site-packages/airflow/example_dags/example_branch_datetime_operator.py took 0.195 seconds
[2022-11-05T19:05:32.022+1300] {processor.py:154} INFO - Started process (PID=2381) to work on /Users/hirenpatel/Documents/airflow_tutoral/py_env/lib/python3.8/site-packages/airflow/example_dags/example_branch_datetime_operator.py
[2022-11-05T19:05:32.026+1300] {processor.py:756} INFO - Processing file /Users/hirenpatel/Documents/airflow_tutoral/py_env/lib/python3.8/site-packages/airflow/example_dags/example_branch_datetime_operator.py for tasks to queue
[2022-11-05T19:05:32.026+1300] {logging_mixin.py:120} INFO - [2022-11-05T19:05:32.026+1300] {dagbag.py:537} INFO - Filling up the DagBag from /Users/hirenpatel/Documents/airflow_tutoral/py_env/lib/python3.8/site-packages/airflow/example_dags/example_branch_datetime_operator.py
[2022-11-05T19:05:32.049+1300] {processor.py:766} INFO - DAG(s) dict_keys(['example_branch_datetime_operator_2', 'example_branch_datetime_operator', 'example_branch_datetime_operator_3']) retrieved from /Users/hirenpatel/Documents/airflow_tutoral/py_env/lib/python3.8/site-packages/airflow/example_dags/example_branch_datetime_operator.py
[2022-11-05T19:05:32.165+1300] {logging_mixin.py:120} INFO - [2022-11-05T19:05:32.165+1300] {dag.py:2585} INFO - Sync 3 DAGs
[2022-11-05T19:05:32.176+1300] {logging_mixin.py:120} INFO - [2022-11-05T19:05:32.176+1300] {dag.py:3336} INFO - Setting next_dagrun for example_branch_datetime_operator to 2022-11-04T00:00:00+00:00, run_after=2022-11-05T00:00:00+00:00
[2022-11-05T19:05:32.178+1300] {logging_mixin.py:120} INFO - [2022-11-05T19:05:32.178+1300] {dag.py:3336} INFO - Setting next_dagrun for example_branch_datetime_operator_2 to 2022-11-04T00:00:00+00:00, run_after=2022-11-05T00:00:00+00:00
[2022-11-05T19:05:32.179+1300] {logging_mixin.py:120} INFO - [2022-11-05T19:05:32.179+1300] {dag.py:3336} INFO - Setting next_dagrun for example_branch_datetime_operator_3 to 2022-11-04T00:00:00+00:00, run_after=2022-11-05T00:00:00+00:00
[2022-11-05T19:05:32.190+1300] {processor.py:176} INFO - Processing /Users/hirenpatel/Documents/airflow_tutoral/py_env/lib/python3.8/site-packages/airflow/example_dags/example_branch_datetime_operator.py took 0.169 seconds
[2022-11-05T19:15:29.136+1300] {processor.py:154} INFO - Started process (PID=2658) to work on /Users/hirenpatel/Documents/airflow_tutoral/py_env/lib/python3.8/site-packages/airflow/example_dags/example_branch_datetime_operator.py
[2022-11-05T19:15:29.141+1300] {processor.py:756} INFO - Processing file /Users/hirenpatel/Documents/airflow_tutoral/py_env/lib/python3.8/site-packages/airflow/example_dags/example_branch_datetime_operator.py for tasks to queue
[2022-11-05T19:15:29.141+1300] {logging_mixin.py:120} INFO - [2022-11-05T19:15:29.141+1300] {dagbag.py:537} INFO - Filling up the DagBag from /Users/hirenpatel/Documents/airflow_tutoral/py_env/lib/python3.8/site-packages/airflow/example_dags/example_branch_datetime_operator.py
[2022-11-05T19:15:29.172+1300] {processor.py:766} INFO - DAG(s) dict_keys(['example_branch_datetime_operator', 'example_branch_datetime_operator_2', 'example_branch_datetime_operator_3']) retrieved from /Users/hirenpatel/Documents/airflow_tutoral/py_env/lib/python3.8/site-packages/airflow/example_dags/example_branch_datetime_operator.py
[2022-11-05T19:15:29.303+1300] {logging_mixin.py:120} INFO - [2022-11-05T19:15:29.303+1300] {dag.py:2585} INFO - Sync 3 DAGs
[2022-11-05T19:15:29.316+1300] {logging_mixin.py:120} INFO - [2022-11-05T19:15:29.316+1300] {dag.py:3336} INFO - Setting next_dagrun for example_branch_datetime_operator to 2022-11-04T00:00:00+00:00, run_after=2022-11-05T00:00:00+00:00
[2022-11-05T19:15:29.319+1300] {logging_mixin.py:120} INFO - [2022-11-05T19:15:29.318+1300] {dag.py:3336} INFO - Setting next_dagrun for example_branch_datetime_operator_2 to 2022-11-04T00:00:00+00:00, run_after=2022-11-05T00:00:00+00:00
[2022-11-05T19:15:29.320+1300] {logging_mixin.py:120} INFO - [2022-11-05T19:15:29.320+1300] {dag.py:3336} INFO - Setting next_dagrun for example_branch_datetime_operator_3 to 2022-11-04T00:00:00+00:00, run_after=2022-11-05T00:00:00+00:00
[2022-11-05T19:15:29.334+1300] {processor.py:176} INFO - Processing /Users/hirenpatel/Documents/airflow_tutoral/py_env/lib/python3.8/site-packages/airflow/example_dags/example_branch_datetime_operator.py took 0.198 seconds
[2022-11-05T19:22:52.027+1300] {processor.py:154} INFO - Started process (PID=2900) to work on /Users/hirenpatel/Documents/airflow_tutoral/py_env/lib/python3.8/site-packages/airflow/example_dags/example_branch_datetime_operator.py
[2022-11-05T19:22:52.032+1300] {processor.py:756} INFO - Processing file /Users/hirenpatel/Documents/airflow_tutoral/py_env/lib/python3.8/site-packages/airflow/example_dags/example_branch_datetime_operator.py for tasks to queue
[2022-11-05T19:22:52.032+1300] {logging_mixin.py:120} INFO - [2022-11-05T19:22:52.032+1300] {dagbag.py:537} INFO - Filling up the DagBag from /Users/hirenpatel/Documents/airflow_tutoral/py_env/lib/python3.8/site-packages/airflow/example_dags/example_branch_datetime_operator.py
[2022-11-05T19:22:52.061+1300] {processor.py:766} INFO - DAG(s) dict_keys(['example_branch_datetime_operator', 'example_branch_datetime_operator_3', 'example_branch_datetime_operator_2']) retrieved from /Users/hirenpatel/Documents/airflow_tutoral/py_env/lib/python3.8/site-packages/airflow/example_dags/example_branch_datetime_operator.py
[2022-11-05T19:22:52.185+1300] {logging_mixin.py:120} INFO - [2022-11-05T19:22:52.185+1300] {dag.py:2585} INFO - Sync 3 DAGs
[2022-11-05T19:22:52.196+1300] {logging_mixin.py:120} INFO - [2022-11-05T19:22:52.196+1300] {dag.py:3336} INFO - Setting next_dagrun for example_branch_datetime_operator to 2022-11-04T00:00:00+00:00, run_after=2022-11-05T00:00:00+00:00
[2022-11-05T19:22:52.198+1300] {logging_mixin.py:120} INFO - [2022-11-05T19:22:52.198+1300] {dag.py:3336} INFO - Setting next_dagrun for example_branch_datetime_operator_2 to 2022-11-04T00:00:00+00:00, run_after=2022-11-05T00:00:00+00:00
[2022-11-05T19:22:52.199+1300] {logging_mixin.py:120} INFO - [2022-11-05T19:22:52.199+1300] {dag.py:3336} INFO - Setting next_dagrun for example_branch_datetime_operator_3 to 2022-11-04T00:00:00+00:00, run_after=2022-11-05T00:00:00+00:00
[2022-11-05T19:22:52.211+1300] {processor.py:176} INFO - Processing /Users/hirenpatel/Documents/airflow_tutoral/py_env/lib/python3.8/site-packages/airflow/example_dags/example_branch_datetime_operator.py took 0.185 seconds
[2022-11-05T19:48:19.528+1300] {processor.py:154} INFO - Started process (PID=3225) to work on /Users/hirenpatel/Documents/airflow_tutoral/py_env/lib/python3.8/site-packages/airflow/example_dags/example_branch_datetime_operator.py
[2022-11-05T19:48:19.532+1300] {processor.py:756} INFO - Processing file /Users/hirenpatel/Documents/airflow_tutoral/py_env/lib/python3.8/site-packages/airflow/example_dags/example_branch_datetime_operator.py for tasks to queue
[2022-11-05T19:48:19.533+1300] {logging_mixin.py:120} INFO - [2022-11-05T19:48:19.532+1300] {dagbag.py:537} INFO - Filling up the DagBag from /Users/hirenpatel/Documents/airflow_tutoral/py_env/lib/python3.8/site-packages/airflow/example_dags/example_branch_datetime_operator.py
[2022-11-05T19:48:19.566+1300] {processor.py:766} INFO - DAG(s) dict_keys(['example_branch_datetime_operator_3', 'example_branch_datetime_operator_2', 'example_branch_datetime_operator']) retrieved from /Users/hirenpatel/Documents/airflow_tutoral/py_env/lib/python3.8/site-packages/airflow/example_dags/example_branch_datetime_operator.py
[2022-11-05T19:48:19.744+1300] {logging_mixin.py:120} INFO - [2022-11-05T19:48:19.744+1300] {dag.py:2585} INFO - Sync 3 DAGs
[2022-11-05T19:48:19.759+1300] {logging_mixin.py:120} INFO - [2022-11-05T19:48:19.759+1300] {dag.py:3336} INFO - Setting next_dagrun for example_branch_datetime_operator to 2022-11-04T00:00:00+00:00, run_after=2022-11-05T00:00:00+00:00
[2022-11-05T19:48:19.762+1300] {logging_mixin.py:120} INFO - [2022-11-05T19:48:19.762+1300] {dag.py:3336} INFO - Setting next_dagrun for example_branch_datetime_operator_2 to 2022-11-04T00:00:00+00:00, run_after=2022-11-05T00:00:00+00:00
[2022-11-05T19:48:19.764+1300] {logging_mixin.py:120} INFO - [2022-11-05T19:48:19.764+1300] {dag.py:3336} INFO - Setting next_dagrun for example_branch_datetime_operator_3 to 2022-11-04T00:00:00+00:00, run_after=2022-11-05T00:00:00+00:00
[2022-11-05T19:48:19.779+1300] {processor.py:176} INFO - Processing /Users/hirenpatel/Documents/airflow_tutoral/py_env/lib/python3.8/site-packages/airflow/example_dags/example_branch_datetime_operator.py took 0.252 seconds
[2022-11-05T19:56:51.884+1300] {processor.py:154} INFO - Started process (PID=3552) to work on /Users/hirenpatel/Documents/airflow_tutoral/py_env/lib/python3.8/site-packages/airflow/example_dags/example_branch_datetime_operator.py
[2022-11-05T19:56:51.889+1300] {processor.py:756} INFO - Processing file /Users/hirenpatel/Documents/airflow_tutoral/py_env/lib/python3.8/site-packages/airflow/example_dags/example_branch_datetime_operator.py for tasks to queue
[2022-11-05T19:56:51.889+1300] {logging_mixin.py:120} INFO - [2022-11-05T19:56:51.889+1300] {dagbag.py:537} INFO - Filling up the DagBag from /Users/hirenpatel/Documents/airflow_tutoral/py_env/lib/python3.8/site-packages/airflow/example_dags/example_branch_datetime_operator.py
[2022-11-05T19:56:51.915+1300] {processor.py:766} INFO - DAG(s) dict_keys(['example_branch_datetime_operator_2', 'example_branch_datetime_operator_3', 'example_branch_datetime_operator']) retrieved from /Users/hirenpatel/Documents/airflow_tutoral/py_env/lib/python3.8/site-packages/airflow/example_dags/example_branch_datetime_operator.py
[2022-11-05T19:56:52.036+1300] {logging_mixin.py:120} INFO - [2022-11-05T19:56:52.036+1300] {dag.py:2585} INFO - Sync 3 DAGs
[2022-11-05T19:56:52.047+1300] {logging_mixin.py:120} INFO - [2022-11-05T19:56:52.047+1300] {dag.py:3336} INFO - Setting next_dagrun for example_branch_datetime_operator to 2022-11-04T00:00:00+00:00, run_after=2022-11-05T00:00:00+00:00
[2022-11-05T19:56:52.049+1300] {logging_mixin.py:120} INFO - [2022-11-05T19:56:52.049+1300] {dag.py:3336} INFO - Setting next_dagrun for example_branch_datetime_operator_2 to 2022-11-04T00:00:00+00:00, run_after=2022-11-05T00:00:00+00:00
[2022-11-05T19:56:52.050+1300] {logging_mixin.py:120} INFO - [2022-11-05T19:56:52.050+1300] {dag.py:3336} INFO - Setting next_dagrun for example_branch_datetime_operator_3 to 2022-11-04T00:00:00+00:00, run_after=2022-11-05T00:00:00+00:00
[2022-11-05T19:56:52.062+1300] {processor.py:176} INFO - Processing /Users/hirenpatel/Documents/airflow_tutoral/py_env/lib/python3.8/site-packages/airflow/example_dags/example_branch_datetime_operator.py took 0.178 seconds
[2022-11-05T20:06:57.175+1300] {processor.py:154} INFO - Started process (PID=3794) to work on /Users/hirenpatel/Documents/airflow_tutoral/py_env/lib/python3.8/site-packages/airflow/example_dags/example_branch_datetime_operator.py
[2022-11-05T20:06:57.179+1300] {processor.py:756} INFO - Processing file /Users/hirenpatel/Documents/airflow_tutoral/py_env/lib/python3.8/site-packages/airflow/example_dags/example_branch_datetime_operator.py for tasks to queue
[2022-11-05T20:06:57.180+1300] {logging_mixin.py:120} INFO - [2022-11-05T20:06:57.180+1300] {dagbag.py:537} INFO - Filling up the DagBag from /Users/hirenpatel/Documents/airflow_tutoral/py_env/lib/python3.8/site-packages/airflow/example_dags/example_branch_datetime_operator.py
[2022-11-05T20:06:57.205+1300] {processor.py:766} INFO - DAG(s) dict_keys(['example_branch_datetime_operator_2', 'example_branch_datetime_operator_3', 'example_branch_datetime_operator']) retrieved from /Users/hirenpatel/Documents/airflow_tutoral/py_env/lib/python3.8/site-packages/airflow/example_dags/example_branch_datetime_operator.py
[2022-11-05T20:06:57.329+1300] {logging_mixin.py:120} INFO - [2022-11-05T20:06:57.328+1300] {dag.py:2585} INFO - Sync 3 DAGs
[2022-11-05T20:06:57.340+1300] {logging_mixin.py:120} INFO - [2022-11-05T20:06:57.340+1300] {dag.py:3336} INFO - Setting next_dagrun for example_branch_datetime_operator to 2022-11-04T00:00:00+00:00, run_after=2022-11-05T00:00:00+00:00
[2022-11-05T20:06:57.342+1300] {logging_mixin.py:120} INFO - [2022-11-05T20:06:57.342+1300] {dag.py:3336} INFO - Setting next_dagrun for example_branch_datetime_operator_2 to 2022-11-04T00:00:00+00:00, run_after=2022-11-05T00:00:00+00:00
[2022-11-05T20:06:57.343+1300] {logging_mixin.py:120} INFO - [2022-11-05T20:06:57.343+1300] {dag.py:3336} INFO - Setting next_dagrun for example_branch_datetime_operator_3 to 2022-11-04T00:00:00+00:00, run_after=2022-11-05T00:00:00+00:00
[2022-11-05T20:06:57.370+1300] {processor.py:176} INFO - Processing /Users/hirenpatel/Documents/airflow_tutoral/py_env/lib/python3.8/site-packages/airflow/example_dags/example_branch_datetime_operator.py took 0.195 seconds
[2022-11-05T20:22:01.865+1300] {processor.py:154} INFO - Started process (PID=4075) to work on /Users/hirenpatel/Documents/airflow_tutoral/py_env/lib/python3.8/site-packages/airflow/example_dags/example_branch_datetime_operator.py
[2022-11-05T20:22:01.871+1300] {processor.py:756} INFO - Processing file /Users/hirenpatel/Documents/airflow_tutoral/py_env/lib/python3.8/site-packages/airflow/example_dags/example_branch_datetime_operator.py for tasks to queue
[2022-11-05T20:22:01.871+1300] {logging_mixin.py:120} INFO - [2022-11-05T20:22:01.871+1300] {dagbag.py:537} INFO - Filling up the DagBag from /Users/hirenpatel/Documents/airflow_tutoral/py_env/lib/python3.8/site-packages/airflow/example_dags/example_branch_datetime_operator.py
[2022-11-05T20:22:01.912+1300] {processor.py:766} INFO - DAG(s) dict_keys(['example_branch_datetime_operator', 'example_branch_datetime_operator_2', 'example_branch_datetime_operator_3']) retrieved from /Users/hirenpatel/Documents/airflow_tutoral/py_env/lib/python3.8/site-packages/airflow/example_dags/example_branch_datetime_operator.py
[2022-11-05T20:22:02.117+1300] {logging_mixin.py:120} INFO - [2022-11-05T20:22:02.117+1300] {dag.py:2585} INFO - Sync 3 DAGs
[2022-11-05T20:22:02.130+1300] {logging_mixin.py:120} INFO - [2022-11-05T20:22:02.130+1300] {dag.py:3336} INFO - Setting next_dagrun for example_branch_datetime_operator to 2022-11-04T00:00:00+00:00, run_after=2022-11-05T00:00:00+00:00
[2022-11-05T20:22:02.132+1300] {logging_mixin.py:120} INFO - [2022-11-05T20:22:02.132+1300] {dag.py:3336} INFO - Setting next_dagrun for example_branch_datetime_operator_2 to 2022-11-04T00:00:00+00:00, run_after=2022-11-05T00:00:00+00:00
[2022-11-05T20:22:02.134+1300] {logging_mixin.py:120} INFO - [2022-11-05T20:22:02.134+1300] {dag.py:3336} INFO - Setting next_dagrun for example_branch_datetime_operator_3 to 2022-11-04T00:00:00+00:00, run_after=2022-11-05T00:00:00+00:00
[2022-11-05T20:22:02.156+1300] {processor.py:176} INFO - Processing /Users/hirenpatel/Documents/airflow_tutoral/py_env/lib/python3.8/site-packages/airflow/example_dags/example_branch_datetime_operator.py took 0.291 seconds
[2022-11-05T21:05:55.533+1300] {processor.py:154} INFO - Started process (PID=4487) to work on /Users/hirenpatel/Documents/airflow_tutoral/py_env/lib/python3.8/site-packages/airflow/example_dags/example_branch_datetime_operator.py
[2022-11-05T21:05:55.537+1300] {processor.py:756} INFO - Processing file /Users/hirenpatel/Documents/airflow_tutoral/py_env/lib/python3.8/site-packages/airflow/example_dags/example_branch_datetime_operator.py for tasks to queue
[2022-11-05T21:05:55.538+1300] {logging_mixin.py:120} INFO - [2022-11-05T21:05:55.538+1300] {dagbag.py:537} INFO - Filling up the DagBag from /Users/hirenpatel/Documents/airflow_tutoral/py_env/lib/python3.8/site-packages/airflow/example_dags/example_branch_datetime_operator.py
[2022-11-05T21:05:55.583+1300] {processor.py:766} INFO - DAG(s) dict_keys(['example_branch_datetime_operator', 'example_branch_datetime_operator_2', 'example_branch_datetime_operator_3']) retrieved from /Users/hirenpatel/Documents/airflow_tutoral/py_env/lib/python3.8/site-packages/airflow/example_dags/example_branch_datetime_operator.py
[2022-11-05T21:05:55.743+1300] {logging_mixin.py:120} INFO - [2022-11-05T21:05:55.743+1300] {dag.py:2585} INFO - Sync 3 DAGs
[2022-11-05T21:05:55.755+1300] {logging_mixin.py:120} INFO - [2022-11-05T21:05:55.754+1300] {dag.py:3336} INFO - Setting next_dagrun for example_branch_datetime_operator to 2022-11-04T00:00:00+00:00, run_after=2022-11-05T00:00:00+00:00
[2022-11-05T21:05:55.757+1300] {logging_mixin.py:120} INFO - [2022-11-05T21:05:55.757+1300] {dag.py:3336} INFO - Setting next_dagrun for example_branch_datetime_operator_2 to 2022-11-04T00:00:00+00:00, run_after=2022-11-05T00:00:00+00:00
[2022-11-05T21:05:55.758+1300] {logging_mixin.py:120} INFO - [2022-11-05T21:05:55.758+1300] {dag.py:3336} INFO - Setting next_dagrun for example_branch_datetime_operator_3 to 2022-11-04T00:00:00+00:00, run_after=2022-11-05T00:00:00+00:00
[2022-11-05T21:05:55.770+1300] {processor.py:176} INFO - Processing /Users/hirenpatel/Documents/airflow_tutoral/py_env/lib/python3.8/site-packages/airflow/example_dags/example_branch_datetime_operator.py took 0.237 seconds
[2022-11-05T22:46:11.122+1300] {processor.py:154} INFO - Started process (PID=4942) to work on /Users/hirenpatel/Documents/airflow_tutoral/py_env/lib/python3.8/site-packages/airflow/example_dags/example_branch_datetime_operator.py
[2022-11-05T22:46:11.126+1300] {processor.py:756} INFO - Processing file /Users/hirenpatel/Documents/airflow_tutoral/py_env/lib/python3.8/site-packages/airflow/example_dags/example_branch_datetime_operator.py for tasks to queue
[2022-11-05T22:46:11.126+1300] {logging_mixin.py:120} INFO - [2022-11-05T22:46:11.126+1300] {dagbag.py:537} INFO - Filling up the DagBag from /Users/hirenpatel/Documents/airflow_tutoral/py_env/lib/python3.8/site-packages/airflow/example_dags/example_branch_datetime_operator.py
[2022-11-05T22:46:11.149+1300] {processor.py:766} INFO - DAG(s) dict_keys(['example_branch_datetime_operator_3', 'example_branch_datetime_operator_2', 'example_branch_datetime_operator']) retrieved from /Users/hirenpatel/Documents/airflow_tutoral/py_env/lib/python3.8/site-packages/airflow/example_dags/example_branch_datetime_operator.py
[2022-11-05T22:46:11.262+1300] {logging_mixin.py:120} INFO - [2022-11-05T22:46:11.262+1300] {dag.py:2585} INFO - Sync 3 DAGs
[2022-11-05T22:46:11.274+1300] {logging_mixin.py:120} INFO - [2022-11-05T22:46:11.274+1300] {dag.py:3336} INFO - Setting next_dagrun for example_branch_datetime_operator to 2022-11-04T00:00:00+00:00, run_after=2022-11-05T00:00:00+00:00
[2022-11-05T22:46:11.276+1300] {logging_mixin.py:120} INFO - [2022-11-05T22:46:11.276+1300] {dag.py:3336} INFO - Setting next_dagrun for example_branch_datetime_operator_2 to 2022-11-04T00:00:00+00:00, run_after=2022-11-05T00:00:00+00:00
[2022-11-05T22:46:11.277+1300] {logging_mixin.py:120} INFO - [2022-11-05T22:46:11.277+1300] {dag.py:3336} INFO - Setting next_dagrun for example_branch_datetime_operator_3 to 2022-11-04T00:00:00+00:00, run_after=2022-11-05T00:00:00+00:00
[2022-11-05T22:46:11.288+1300] {processor.py:176} INFO - Processing /Users/hirenpatel/Documents/airflow_tutoral/py_env/lib/python3.8/site-packages/airflow/example_dags/example_branch_datetime_operator.py took 0.166 seconds
[2022-11-05T23:14:51.021+1300] {processor.py:154} INFO - Started process (PID=5268) to work on /Users/hirenpatel/Documents/airflow_tutoral/py_env/lib/python3.8/site-packages/airflow/example_dags/example_branch_datetime_operator.py
[2022-11-05T23:14:51.026+1300] {processor.py:756} INFO - Processing file /Users/hirenpatel/Documents/airflow_tutoral/py_env/lib/python3.8/site-packages/airflow/example_dags/example_branch_datetime_operator.py for tasks to queue
[2022-11-05T23:14:51.026+1300] {logging_mixin.py:120} INFO - [2022-11-05T23:14:51.026+1300] {dagbag.py:537} INFO - Filling up the DagBag from /Users/hirenpatel/Documents/airflow_tutoral/py_env/lib/python3.8/site-packages/airflow/example_dags/example_branch_datetime_operator.py
[2022-11-05T23:14:51.052+1300] {processor.py:766} INFO - DAG(s) dict_keys(['example_branch_datetime_operator', 'example_branch_datetime_operator_3', 'example_branch_datetime_operator_2']) retrieved from /Users/hirenpatel/Documents/airflow_tutoral/py_env/lib/python3.8/site-packages/airflow/example_dags/example_branch_datetime_operator.py
[2022-11-05T23:14:51.175+1300] {logging_mixin.py:120} INFO - [2022-11-05T23:14:51.175+1300] {dag.py:2585} INFO - Sync 3 DAGs
[2022-11-05T23:14:51.187+1300] {logging_mixin.py:120} INFO - [2022-11-05T23:14:51.187+1300] {dag.py:3336} INFO - Setting next_dagrun for example_branch_datetime_operator to 2022-11-04T00:00:00+00:00, run_after=2022-11-05T00:00:00+00:00
[2022-11-05T23:14:51.189+1300] {logging_mixin.py:120} INFO - [2022-11-05T23:14:51.189+1300] {dag.py:3336} INFO - Setting next_dagrun for example_branch_datetime_operator_2 to 2022-11-04T00:00:00+00:00, run_after=2022-11-05T00:00:00+00:00
[2022-11-05T23:14:51.191+1300] {logging_mixin.py:120} INFO - [2022-11-05T23:14:51.191+1300] {dag.py:3336} INFO - Setting next_dagrun for example_branch_datetime_operator_3 to 2022-11-04T00:00:00+00:00, run_after=2022-11-05T00:00:00+00:00
[2022-11-05T23:14:51.203+1300] {processor.py:176} INFO - Processing /Users/hirenpatel/Documents/airflow_tutoral/py_env/lib/python3.8/site-packages/airflow/example_dags/example_branch_datetime_operator.py took 0.182 seconds
[2022-11-05T23:45:00.697+1300] {processor.py:154} INFO - Started process (PID=5582) to work on /Users/hirenpatel/Documents/airflow_tutoral/py_env/lib/python3.8/site-packages/airflow/example_dags/example_branch_datetime_operator.py
[2022-11-05T23:45:00.701+1300] {processor.py:756} INFO - Processing file /Users/hirenpatel/Documents/airflow_tutoral/py_env/lib/python3.8/site-packages/airflow/example_dags/example_branch_datetime_operator.py for tasks to queue
[2022-11-05T23:45:00.702+1300] {logging_mixin.py:120} INFO - [2022-11-05T23:45:00.701+1300] {dagbag.py:537} INFO - Filling up the DagBag from /Users/hirenpatel/Documents/airflow_tutoral/py_env/lib/python3.8/site-packages/airflow/example_dags/example_branch_datetime_operator.py
[2022-11-05T23:45:00.732+1300] {processor.py:766} INFO - DAG(s) dict_keys(['example_branch_datetime_operator', 'example_branch_datetime_operator_2', 'example_branch_datetime_operator_3']) retrieved from /Users/hirenpatel/Documents/airflow_tutoral/py_env/lib/python3.8/site-packages/airflow/example_dags/example_branch_datetime_operator.py
[2022-11-05T23:45:00.888+1300] {logging_mixin.py:120} INFO - [2022-11-05T23:45:00.887+1300] {dag.py:2585} INFO - Sync 3 DAGs
[2022-11-05T23:45:00.901+1300] {logging_mixin.py:120} INFO - [2022-11-05T23:45:00.901+1300] {dag.py:3336} INFO - Setting next_dagrun for example_branch_datetime_operator to 2022-11-04T00:00:00+00:00, run_after=2022-11-05T00:00:00+00:00
[2022-11-05T23:45:00.904+1300] {logging_mixin.py:120} INFO - [2022-11-05T23:45:00.904+1300] {dag.py:3336} INFO - Setting next_dagrun for example_branch_datetime_operator_2 to 2022-11-04T00:00:00+00:00, run_after=2022-11-05T00:00:00+00:00
[2022-11-05T23:45:00.905+1300] {logging_mixin.py:120} INFO - [2022-11-05T23:45:00.905+1300] {dag.py:3336} INFO - Setting next_dagrun for example_branch_datetime_operator_3 to 2022-11-04T00:00:00+00:00, run_after=2022-11-05T00:00:00+00:00
[2022-11-05T23:45:00.920+1300] {processor.py:176} INFO - Processing /Users/hirenpatel/Documents/airflow_tutoral/py_env/lib/python3.8/site-packages/airflow/example_dags/example_branch_datetime_operator.py took 0.224 seconds
[2022-11-06T01:35:11.082+1300] {processor.py:154} INFO - Started process (PID=6068) to work on /Users/hirenpatel/Documents/airflow_tutoral/py_env/lib/python3.8/site-packages/airflow/example_dags/example_branch_datetime_operator.py
[2022-11-06T01:35:11.086+1300] {processor.py:756} INFO - Processing file /Users/hirenpatel/Documents/airflow_tutoral/py_env/lib/python3.8/site-packages/airflow/example_dags/example_branch_datetime_operator.py for tasks to queue
[2022-11-06T01:35:11.087+1300] {logging_mixin.py:120} INFO - [2022-11-06T01:35:11.087+1300] {dagbag.py:537} INFO - Filling up the DagBag from /Users/hirenpatel/Documents/airflow_tutoral/py_env/lib/python3.8/site-packages/airflow/example_dags/example_branch_datetime_operator.py
[2022-11-06T01:35:11.115+1300] {processor.py:766} INFO - DAG(s) dict_keys(['example_branch_datetime_operator_3', 'example_branch_datetime_operator', 'example_branch_datetime_operator_2']) retrieved from /Users/hirenpatel/Documents/airflow_tutoral/py_env/lib/python3.8/site-packages/airflow/example_dags/example_branch_datetime_operator.py
[2022-11-06T01:35:11.257+1300] {logging_mixin.py:120} INFO - [2022-11-06T01:35:11.257+1300] {dag.py:2585} INFO - Sync 3 DAGs
[2022-11-06T01:35:11.269+1300] {logging_mixin.py:120} INFO - [2022-11-06T01:35:11.269+1300] {dag.py:3336} INFO - Setting next_dagrun for example_branch_datetime_operator to 2022-11-04T00:00:00+00:00, run_after=2022-11-05T00:00:00+00:00
[2022-11-06T01:35:11.272+1300] {logging_mixin.py:120} INFO - [2022-11-06T01:35:11.272+1300] {dag.py:3336} INFO - Setting next_dagrun for example_branch_datetime_operator_2 to 2022-11-04T00:00:00+00:00, run_after=2022-11-05T00:00:00+00:00
[2022-11-06T01:35:11.273+1300] {logging_mixin.py:120} INFO - [2022-11-06T01:35:11.273+1300] {dag.py:3336} INFO - Setting next_dagrun for example_branch_datetime_operator_3 to 2022-11-04T00:00:00+00:00, run_after=2022-11-05T00:00:00+00:00
[2022-11-06T01:35:11.286+1300] {processor.py:176} INFO - Processing /Users/hirenpatel/Documents/airflow_tutoral/py_env/lib/python3.8/site-packages/airflow/example_dags/example_branch_datetime_operator.py took 0.204 seconds
[2022-11-06T05:07:08.644+1300] {processor.py:154} INFO - Started process (PID=6653) to work on /Users/hirenpatel/Documents/airflow_tutoral/py_env/lib/python3.8/site-packages/airflow/example_dags/example_branch_datetime_operator.py
[2022-11-06T05:07:08.648+1300] {processor.py:756} INFO - Processing file /Users/hirenpatel/Documents/airflow_tutoral/py_env/lib/python3.8/site-packages/airflow/example_dags/example_branch_datetime_operator.py for tasks to queue
[2022-11-06T05:07:08.648+1300] {logging_mixin.py:120} INFO - [2022-11-06T05:07:08.648+1300] {dagbag.py:537} INFO - Filling up the DagBag from /Users/hirenpatel/Documents/airflow_tutoral/py_env/lib/python3.8/site-packages/airflow/example_dags/example_branch_datetime_operator.py
[2022-11-06T05:07:08.675+1300] {processor.py:766} INFO - DAG(s) dict_keys(['example_branch_datetime_operator', 'example_branch_datetime_operator_2', 'example_branch_datetime_operator_3']) retrieved from /Users/hirenpatel/Documents/airflow_tutoral/py_env/lib/python3.8/site-packages/airflow/example_dags/example_branch_datetime_operator.py
[2022-11-06T05:07:08.810+1300] {logging_mixin.py:120} INFO - [2022-11-06T05:07:08.810+1300] {dag.py:2585} INFO - Sync 3 DAGs
[2022-11-06T05:07:08.825+1300] {logging_mixin.py:120} INFO - [2022-11-06T05:07:08.825+1300] {dag.py:3336} INFO - Setting next_dagrun for example_branch_datetime_operator to 2022-11-04T00:00:00+00:00, run_after=2022-11-05T00:00:00+00:00
[2022-11-06T05:07:08.829+1300] {logging_mixin.py:120} INFO - [2022-11-06T05:07:08.828+1300] {dag.py:3336} INFO - Setting next_dagrun for example_branch_datetime_operator_2 to 2022-11-04T00:00:00+00:00, run_after=2022-11-05T00:00:00+00:00
[2022-11-06T05:07:08.830+1300] {logging_mixin.py:120} INFO - [2022-11-06T05:07:08.830+1300] {dag.py:3336} INFO - Setting next_dagrun for example_branch_datetime_operator_3 to 2022-11-04T00:00:00+00:00, run_after=2022-11-05T00:00:00+00:00
[2022-11-06T05:07:08.845+1300] {processor.py:176} INFO - Processing /Users/hirenpatel/Documents/airflow_tutoral/py_env/lib/python3.8/site-packages/airflow/example_dags/example_branch_datetime_operator.py took 0.202 seconds
[2022-11-06T08:17:56.919+1300] {processor.py:154} INFO - Started process (PID=7184) to work on /Users/hirenpatel/Documents/airflow_tutoral/py_env/lib/python3.8/site-packages/airflow/example_dags/example_branch_datetime_operator.py
[2022-11-06T08:17:56.924+1300] {processor.py:756} INFO - Processing file /Users/hirenpatel/Documents/airflow_tutoral/py_env/lib/python3.8/site-packages/airflow/example_dags/example_branch_datetime_operator.py for tasks to queue
[2022-11-06T08:17:56.924+1300] {logging_mixin.py:120} INFO - [2022-11-06T08:17:56.924+1300] {dagbag.py:537} INFO - Filling up the DagBag from /Users/hirenpatel/Documents/airflow_tutoral/py_env/lib/python3.8/site-packages/airflow/example_dags/example_branch_datetime_operator.py
[2022-11-06T08:17:56.951+1300] {processor.py:766} INFO - DAG(s) dict_keys(['example_branch_datetime_operator_3', 'example_branch_datetime_operator_2', 'example_branch_datetime_operator']) retrieved from /Users/hirenpatel/Documents/airflow_tutoral/py_env/lib/python3.8/site-packages/airflow/example_dags/example_branch_datetime_operator.py
[2022-11-06T08:17:57.074+1300] {logging_mixin.py:120} INFO - [2022-11-06T08:17:57.074+1300] {dag.py:2585} INFO - Sync 3 DAGs
[2022-11-06T08:17:57.085+1300] {logging_mixin.py:120} INFO - [2022-11-06T08:17:57.085+1300] {dag.py:3336} INFO - Setting next_dagrun for example_branch_datetime_operator to 2022-11-04T00:00:00+00:00, run_after=2022-11-05T00:00:00+00:00
[2022-11-06T08:17:57.088+1300] {logging_mixin.py:120} INFO - [2022-11-06T08:17:57.088+1300] {dag.py:3336} INFO - Setting next_dagrun for example_branch_datetime_operator_2 to 2022-11-04T00:00:00+00:00, run_after=2022-11-05T00:00:00+00:00
[2022-11-06T08:17:57.089+1300] {logging_mixin.py:120} INFO - [2022-11-06T08:17:57.089+1300] {dag.py:3336} INFO - Setting next_dagrun for example_branch_datetime_operator_3 to 2022-11-04T00:00:00+00:00, run_after=2022-11-05T00:00:00+00:00
[2022-11-06T08:17:57.105+1300] {processor.py:176} INFO - Processing /Users/hirenpatel/Documents/airflow_tutoral/py_env/lib/python3.8/site-packages/airflow/example_dags/example_branch_datetime_operator.py took 0.187 seconds
[2022-11-06T09:44:51.014+1300] {processor.py:154} INFO - Started process (PID=7624) to work on /Users/hirenpatel/Documents/airflow_tutoral/py_env/lib/python3.8/site-packages/airflow/example_dags/example_branch_datetime_operator.py
[2022-11-06T09:44:51.018+1300] {processor.py:756} INFO - Processing file /Users/hirenpatel/Documents/airflow_tutoral/py_env/lib/python3.8/site-packages/airflow/example_dags/example_branch_datetime_operator.py for tasks to queue
[2022-11-06T09:44:51.018+1300] {logging_mixin.py:120} INFO - [2022-11-06T09:44:51.018+1300] {dagbag.py:537} INFO - Filling up the DagBag from /Users/hirenpatel/Documents/airflow_tutoral/py_env/lib/python3.8/site-packages/airflow/example_dags/example_branch_datetime_operator.py
[2022-11-06T09:44:51.044+1300] {processor.py:766} INFO - DAG(s) dict_keys(['example_branch_datetime_operator_3', 'example_branch_datetime_operator', 'example_branch_datetime_operator_2']) retrieved from /Users/hirenpatel/Documents/airflow_tutoral/py_env/lib/python3.8/site-packages/airflow/example_dags/example_branch_datetime_operator.py
[2022-11-06T09:44:51.169+1300] {logging_mixin.py:120} INFO - [2022-11-06T09:44:51.169+1300] {dag.py:2585} INFO - Sync 3 DAGs
[2022-11-06T09:44:51.181+1300] {logging_mixin.py:120} INFO - [2022-11-06T09:44:51.181+1300] {dag.py:3336} INFO - Setting next_dagrun for example_branch_datetime_operator to 2022-11-04T00:00:00+00:00, run_after=2022-11-05T00:00:00+00:00
[2022-11-06T09:44:51.184+1300] {logging_mixin.py:120} INFO - [2022-11-06T09:44:51.184+1300] {dag.py:3336} INFO - Setting next_dagrun for example_branch_datetime_operator_2 to 2022-11-04T00:00:00+00:00, run_after=2022-11-05T00:00:00+00:00
[2022-11-06T09:44:51.185+1300] {logging_mixin.py:120} INFO - [2022-11-06T09:44:51.185+1300] {dag.py:3336} INFO - Setting next_dagrun for example_branch_datetime_operator_3 to 2022-11-04T00:00:00+00:00, run_after=2022-11-05T00:00:00+00:00
[2022-11-06T09:44:51.201+1300] {processor.py:176} INFO - Processing /Users/hirenpatel/Documents/airflow_tutoral/py_env/lib/python3.8/site-packages/airflow/example_dags/example_branch_datetime_operator.py took 0.188 seconds
[2022-11-06T10:13:12.964+1300] {processor.py:154} INFO - Started process (PID=8007) to work on /Users/hirenpatel/Documents/airflow_tutoral/py_env/lib/python3.8/site-packages/airflow/example_dags/example_branch_datetime_operator.py
[2022-11-06T10:13:12.967+1300] {processor.py:756} INFO - Processing file /Users/hirenpatel/Documents/airflow_tutoral/py_env/lib/python3.8/site-packages/airflow/example_dags/example_branch_datetime_operator.py for tasks to queue
[2022-11-06T10:13:12.968+1300] {logging_mixin.py:120} INFO - [2022-11-06T10:13:12.968+1300] {dagbag.py:537} INFO - Filling up the DagBag from /Users/hirenpatel/Documents/airflow_tutoral/py_env/lib/python3.8/site-packages/airflow/example_dags/example_branch_datetime_operator.py
[2022-11-06T10:13:12.994+1300] {processor.py:766} INFO - DAG(s) dict_keys(['example_branch_datetime_operator_2', 'example_branch_datetime_operator_3', 'example_branch_datetime_operator']) retrieved from /Users/hirenpatel/Documents/airflow_tutoral/py_env/lib/python3.8/site-packages/airflow/example_dags/example_branch_datetime_operator.py
[2022-11-06T10:13:13.119+1300] {logging_mixin.py:120} INFO - [2022-11-06T10:13:13.119+1300] {dag.py:2585} INFO - Sync 3 DAGs
[2022-11-06T10:13:13.130+1300] {logging_mixin.py:120} INFO - [2022-11-06T10:13:13.130+1300] {dag.py:3336} INFO - Setting next_dagrun for example_branch_datetime_operator to 2022-11-04T00:00:00+00:00, run_after=2022-11-05T00:00:00+00:00
[2022-11-06T10:13:13.132+1300] {logging_mixin.py:120} INFO - [2022-11-06T10:13:13.132+1300] {dag.py:3336} INFO - Setting next_dagrun for example_branch_datetime_operator_2 to 2022-11-04T00:00:00+00:00, run_after=2022-11-05T00:00:00+00:00
[2022-11-06T10:13:13.134+1300] {logging_mixin.py:120} INFO - [2022-11-06T10:13:13.134+1300] {dag.py:3336} INFO - Setting next_dagrun for example_branch_datetime_operator_3 to 2022-11-04T00:00:00+00:00, run_after=2022-11-05T00:00:00+00:00
[2022-11-06T10:13:13.145+1300] {processor.py:176} INFO - Processing /Users/hirenpatel/Documents/airflow_tutoral/py_env/lib/python3.8/site-packages/airflow/example_dags/example_branch_datetime_operator.py took 0.182 seconds
[2022-11-06T11:07:02.600+1300] {processor.py:154} INFO - Started process (PID=8359) to work on /Users/hirenpatel/Documents/airflow_tutoral/py_env/lib/python3.8/site-packages/airflow/example_dags/example_branch_datetime_operator.py
[2022-11-06T11:07:02.605+1300] {processor.py:756} INFO - Processing file /Users/hirenpatel/Documents/airflow_tutoral/py_env/lib/python3.8/site-packages/airflow/example_dags/example_branch_datetime_operator.py for tasks to queue
[2022-11-06T11:07:02.606+1300] {logging_mixin.py:120} INFO - [2022-11-06T11:07:02.605+1300] {dagbag.py:537} INFO - Filling up the DagBag from /Users/hirenpatel/Documents/airflow_tutoral/py_env/lib/python3.8/site-packages/airflow/example_dags/example_branch_datetime_operator.py
[2022-11-06T11:07:02.638+1300] {processor.py:766} INFO - DAG(s) dict_keys(['example_branch_datetime_operator', 'example_branch_datetime_operator_3', 'example_branch_datetime_operator_2']) retrieved from /Users/hirenpatel/Documents/airflow_tutoral/py_env/lib/python3.8/site-packages/airflow/example_dags/example_branch_datetime_operator.py
[2022-11-06T11:07:02.795+1300] {logging_mixin.py:120} INFO - [2022-11-06T11:07:02.795+1300] {dag.py:2585} INFO - Sync 3 DAGs
[2022-11-06T11:07:02.810+1300] {logging_mixin.py:120} INFO - [2022-11-06T11:07:02.809+1300] {dag.py:3336} INFO - Setting next_dagrun for example_branch_datetime_operator to 2022-11-04T00:00:00+00:00, run_after=2022-11-05T00:00:00+00:00
[2022-11-06T11:07:02.813+1300] {logging_mixin.py:120} INFO - [2022-11-06T11:07:02.813+1300] {dag.py:3336} INFO - Setting next_dagrun for example_branch_datetime_operator_2 to 2022-11-04T00:00:00+00:00, run_after=2022-11-05T00:00:00+00:00
[2022-11-06T11:07:02.814+1300] {logging_mixin.py:120} INFO - [2022-11-06T11:07:02.814+1300] {dag.py:3336} INFO - Setting next_dagrun for example_branch_datetime_operator_3 to 2022-11-04T00:00:00+00:00, run_after=2022-11-05T00:00:00+00:00
[2022-11-06T11:07:02.829+1300] {processor.py:176} INFO - Processing /Users/hirenpatel/Documents/airflow_tutoral/py_env/lib/python3.8/site-packages/airflow/example_dags/example_branch_datetime_operator.py took 0.229 seconds
[2022-11-06T12:02:29.930+1300] {processor.py:154} INFO - Started process (PID=8743) to work on /Users/hirenpatel/Documents/airflow_tutoral/py_env/lib/python3.8/site-packages/airflow/example_dags/example_branch_datetime_operator.py
[2022-11-06T12:02:29.936+1300] {processor.py:756} INFO - Processing file /Users/hirenpatel/Documents/airflow_tutoral/py_env/lib/python3.8/site-packages/airflow/example_dags/example_branch_datetime_operator.py for tasks to queue
[2022-11-06T12:02:29.936+1300] {logging_mixin.py:120} INFO - [2022-11-06T12:02:29.936+1300] {dagbag.py:537} INFO - Filling up the DagBag from /Users/hirenpatel/Documents/airflow_tutoral/py_env/lib/python3.8/site-packages/airflow/example_dags/example_branch_datetime_operator.py
[2022-11-06T12:02:29.962+1300] {processor.py:766} INFO - DAG(s) dict_keys(['example_branch_datetime_operator_3', 'example_branch_datetime_operator_2', 'example_branch_datetime_operator']) retrieved from /Users/hirenpatel/Documents/airflow_tutoral/py_env/lib/python3.8/site-packages/airflow/example_dags/example_branch_datetime_operator.py
[2022-11-06T12:02:30.092+1300] {logging_mixin.py:120} INFO - [2022-11-06T12:02:30.091+1300] {dag.py:2585} INFO - Sync 3 DAGs
[2022-11-06T12:02:30.102+1300] {logging_mixin.py:120} INFO - [2022-11-06T12:02:30.102+1300] {dag.py:3336} INFO - Setting next_dagrun for example_branch_datetime_operator to 2022-11-04T00:00:00+00:00, run_after=2022-11-05T00:00:00+00:00
[2022-11-06T12:02:30.105+1300] {logging_mixin.py:120} INFO - [2022-11-06T12:02:30.105+1300] {dag.py:3336} INFO - Setting next_dagrun for example_branch_datetime_operator_2 to 2022-11-04T00:00:00+00:00, run_after=2022-11-05T00:00:00+00:00
[2022-11-06T12:02:30.106+1300] {logging_mixin.py:120} INFO - [2022-11-06T12:02:30.106+1300] {dag.py:3336} INFO - Setting next_dagrun for example_branch_datetime_operator_3 to 2022-11-04T00:00:00+00:00, run_after=2022-11-05T00:00:00+00:00
[2022-11-06T12:02:30.120+1300] {processor.py:176} INFO - Processing /Users/hirenpatel/Documents/airflow_tutoral/py_env/lib/python3.8/site-packages/airflow/example_dags/example_branch_datetime_operator.py took 0.191 seconds
