[2022-11-05T13:14:46.010+1300] {processor.py:154} INFO - Started process (PID=93928) to work on /Users/hirenpatel/Documents/airflow_tutoral/py_env/lib/python3.8/site-packages/airflow/example_dags/example_branch_day_of_week_operator.py
[2022-11-05T13:14:46.013+1300] {processor.py:756} INFO - Processing file /Users/hirenpatel/Documents/airflow_tutoral/py_env/lib/python3.8/site-packages/airflow/example_dags/example_branch_day_of_week_operator.py for tasks to queue
[2022-11-05T13:14:46.014+1300] {logging_mixin.py:120} INFO - [2022-11-05T13:14:46.014+1300] {dagbag.py:537} INFO - Filling up the DagBag from /Users/hirenpatel/Documents/airflow_tutoral/py_env/lib/python3.8/site-packages/airflow/example_dags/example_branch_day_of_week_operator.py
[2022-11-05T13:14:46.051+1300] {processor.py:766} INFO - DAG(s) dict_keys(['example_weekday_branch_operator']) retrieved from /Users/hirenpatel/Documents/airflow_tutoral/py_env/lib/python3.8/site-packages/airflow/example_dags/example_branch_day_of_week_operator.py
[2022-11-05T13:14:46.169+1300] {logging_mixin.py:120} INFO - [2022-11-05T13:14:46.169+1300] {dag.py:2585} INFO - Sync 1 DAGs
[2022-11-05T13:14:46.181+1300] {logging_mixin.py:120} INFO - [2022-11-05T13:14:46.181+1300] {dag.py:3336} INFO - Setting next_dagrun for example_weekday_branch_operator to 2022-11-04T00:00:00+00:00, run_after=2022-11-05T00:00:00+00:00
[2022-11-05T13:14:46.195+1300] {processor.py:176} INFO - Processing /Users/hirenpatel/Documents/airflow_tutoral/py_env/lib/python3.8/site-packages/airflow/example_dags/example_branch_day_of_week_operator.py took 0.185 seconds
[2022-11-05T13:20:00.849+1300] {processor.py:154} INFO - Started process (PID=94257) to work on /Users/hirenpatel/Documents/airflow_tutoral/py_env/lib/python3.8/site-packages/airflow/example_dags/example_branch_day_of_week_operator.py
[2022-11-05T13:20:00.854+1300] {processor.py:756} INFO - Processing file /Users/hirenpatel/Documents/airflow_tutoral/py_env/lib/python3.8/site-packages/airflow/example_dags/example_branch_day_of_week_operator.py for tasks to queue
[2022-11-05T13:20:00.855+1300] {logging_mixin.py:120} INFO - [2022-11-05T13:20:00.855+1300] {dagbag.py:537} INFO - Filling up the DagBag from /Users/hirenpatel/Documents/airflow_tutoral/py_env/lib/python3.8/site-packages/airflow/example_dags/example_branch_day_of_week_operator.py
[2022-11-05T13:20:00.886+1300] {processor.py:766} INFO - DAG(s) dict_keys(['example_weekday_branch_operator']) retrieved from /Users/hirenpatel/Documents/airflow_tutoral/py_env/lib/python3.8/site-packages/airflow/example_dags/example_branch_day_of_week_operator.py
[2022-11-05T13:20:01.102+1300] {logging_mixin.py:120} INFO - [2022-11-05T13:20:01.102+1300] {dag.py:2585} INFO - Sync 1 DAGs
[2022-11-05T13:20:01.121+1300] {logging_mixin.py:120} INFO - [2022-11-05T13:20:01.121+1300] {dag.py:3336} INFO - Setting next_dagrun for example_weekday_branch_operator to 2022-11-04T00:00:00+00:00, run_after=2022-11-05T00:00:00+00:00
[2022-11-05T13:20:01.140+1300] {processor.py:176} INFO - Processing /Users/hirenpatel/Documents/airflow_tutoral/py_env/lib/python3.8/site-packages/airflow/example_dags/example_branch_day_of_week_operator.py took 0.292 seconds
[2022-11-05T13:23:50.650+1300] {processor.py:154} INFO - Started process (PID=94516) to work on /Users/hirenpatel/Documents/airflow_tutoral/py_env/lib/python3.8/site-packages/airflow/example_dags/example_branch_day_of_week_operator.py
[2022-11-05T13:23:50.654+1300] {processor.py:756} INFO - Processing file /Users/hirenpatel/Documents/airflow_tutoral/py_env/lib/python3.8/site-packages/airflow/example_dags/example_branch_day_of_week_operator.py for tasks to queue
[2022-11-05T13:23:50.654+1300] {logging_mixin.py:120} INFO - [2022-11-05T13:23:50.654+1300] {dagbag.py:537} INFO - Filling up the DagBag from /Users/hirenpatel/Documents/airflow_tutoral/py_env/lib/python3.8/site-packages/airflow/example_dags/example_branch_day_of_week_operator.py
[2022-11-05T13:23:50.676+1300] {processor.py:766} INFO - DAG(s) dict_keys(['example_weekday_branch_operator']) retrieved from /Users/hirenpatel/Documents/airflow_tutoral/py_env/lib/python3.8/site-packages/airflow/example_dags/example_branch_day_of_week_operator.py
[2022-11-05T13:23:50.797+1300] {logging_mixin.py:120} INFO - [2022-11-05T13:23:50.797+1300] {dag.py:2585} INFO - Sync 1 DAGs
[2022-11-05T13:23:50.808+1300] {logging_mixin.py:120} INFO - [2022-11-05T13:23:50.808+1300] {dag.py:3336} INFO - Setting next_dagrun for example_weekday_branch_operator to 2022-11-04T00:00:00+00:00, run_after=2022-11-05T00:00:00+00:00
[2022-11-05T13:23:50.822+1300] {processor.py:176} INFO - Processing /Users/hirenpatel/Documents/airflow_tutoral/py_env/lib/python3.8/site-packages/airflow/example_dags/example_branch_day_of_week_operator.py took 0.172 seconds
[2022-11-05T13:34:45.121+1300] {processor.py:154} INFO - Started process (PID=94749) to work on /Users/hirenpatel/Documents/airflow_tutoral/py_env/lib/python3.8/site-packages/airflow/example_dags/example_branch_day_of_week_operator.py
[2022-11-05T13:34:45.125+1300] {processor.py:756} INFO - Processing file /Users/hirenpatel/Documents/airflow_tutoral/py_env/lib/python3.8/site-packages/airflow/example_dags/example_branch_day_of_week_operator.py for tasks to queue
[2022-11-05T13:34:45.125+1300] {logging_mixin.py:120} INFO - [2022-11-05T13:34:45.125+1300] {dagbag.py:537} INFO - Filling up the DagBag from /Users/hirenpatel/Documents/airflow_tutoral/py_env/lib/python3.8/site-packages/airflow/example_dags/example_branch_day_of_week_operator.py
[2022-11-05T13:34:45.148+1300] {processor.py:766} INFO - DAG(s) dict_keys(['example_weekday_branch_operator']) retrieved from /Users/hirenpatel/Documents/airflow_tutoral/py_env/lib/python3.8/site-packages/airflow/example_dags/example_branch_day_of_week_operator.py
[2022-11-05T13:34:45.269+1300] {logging_mixin.py:120} INFO - [2022-11-05T13:34:45.269+1300] {dag.py:2585} INFO - Sync 1 DAGs
[2022-11-05T13:34:45.280+1300] {logging_mixin.py:120} INFO - [2022-11-05T13:34:45.279+1300] {dag.py:3336} INFO - Setting next_dagrun for example_weekday_branch_operator to 2022-11-04T00:00:00+00:00, run_after=2022-11-05T00:00:00+00:00
[2022-11-05T13:34:45.293+1300] {processor.py:176} INFO - Processing /Users/hirenpatel/Documents/airflow_tutoral/py_env/lib/python3.8/site-packages/airflow/example_dags/example_branch_day_of_week_operator.py took 0.172 seconds
[2022-11-05T13:56:06.233+1300] {processor.py:154} INFO - Started process (PID=95046) to work on /Users/hirenpatel/Documents/airflow_tutoral/py_env/lib/python3.8/site-packages/airflow/example_dags/example_branch_day_of_week_operator.py
[2022-11-05T13:56:06.237+1300] {processor.py:756} INFO - Processing file /Users/hirenpatel/Documents/airflow_tutoral/py_env/lib/python3.8/site-packages/airflow/example_dags/example_branch_day_of_week_operator.py for tasks to queue
[2022-11-05T13:56:06.237+1300] {logging_mixin.py:120} INFO - [2022-11-05T13:56:06.237+1300] {dagbag.py:537} INFO - Filling up the DagBag from /Users/hirenpatel/Documents/airflow_tutoral/py_env/lib/python3.8/site-packages/airflow/example_dags/example_branch_day_of_week_operator.py
[2022-11-05T13:56:06.261+1300] {processor.py:766} INFO - DAG(s) dict_keys(['example_weekday_branch_operator']) retrieved from /Users/hirenpatel/Documents/airflow_tutoral/py_env/lib/python3.8/site-packages/airflow/example_dags/example_branch_day_of_week_operator.py
[2022-11-05T13:56:06.382+1300] {logging_mixin.py:120} INFO - [2022-11-05T13:56:06.382+1300] {dag.py:2585} INFO - Sync 1 DAGs
[2022-11-05T13:56:06.393+1300] {logging_mixin.py:120} INFO - [2022-11-05T13:56:06.393+1300] {dag.py:3336} INFO - Setting next_dagrun for example_weekday_branch_operator to 2022-11-04T00:00:00+00:00, run_after=2022-11-05T00:00:00+00:00
[2022-11-05T13:56:06.407+1300] {processor.py:176} INFO - Processing /Users/hirenpatel/Documents/airflow_tutoral/py_env/lib/python3.8/site-packages/airflow/example_dags/example_branch_day_of_week_operator.py took 0.174 seconds
[2022-11-05T14:13:27.557+1300] {processor.py:154} INFO - Started process (PID=95365) to work on /Users/hirenpatel/Documents/airflow_tutoral/py_env/lib/python3.8/site-packages/airflow/example_dags/example_branch_day_of_week_operator.py
[2022-11-05T14:13:27.561+1300] {processor.py:756} INFO - Processing file /Users/hirenpatel/Documents/airflow_tutoral/py_env/lib/python3.8/site-packages/airflow/example_dags/example_branch_day_of_week_operator.py for tasks to queue
[2022-11-05T14:13:27.562+1300] {logging_mixin.py:120} INFO - [2022-11-05T14:13:27.562+1300] {dagbag.py:537} INFO - Filling up the DagBag from /Users/hirenpatel/Documents/airflow_tutoral/py_env/lib/python3.8/site-packages/airflow/example_dags/example_branch_day_of_week_operator.py
[2022-11-05T14:13:27.589+1300] {processor.py:766} INFO - DAG(s) dict_keys(['example_weekday_branch_operator']) retrieved from /Users/hirenpatel/Documents/airflow_tutoral/py_env/lib/python3.8/site-packages/airflow/example_dags/example_branch_day_of_week_operator.py
[2022-11-05T14:13:27.706+1300] {logging_mixin.py:120} INFO - [2022-11-05T14:13:27.701+1300] {dag.py:2585} INFO - Sync 1 DAGs
[2022-11-05T14:13:27.719+1300] {logging_mixin.py:120} INFO - [2022-11-05T14:13:27.719+1300] {dag.py:3336} INFO - Setting next_dagrun for example_weekday_branch_operator to 2022-11-04T00:00:00+00:00, run_after=2022-11-05T00:00:00+00:00
[2022-11-05T14:13:27.732+1300] {processor.py:176} INFO - Processing /Users/hirenpatel/Documents/airflow_tutoral/py_env/lib/python3.8/site-packages/airflow/example_dags/example_branch_day_of_week_operator.py took 0.175 seconds
[2022-11-05T14:25:02.686+1300] {processor.py:154} INFO - Started process (PID=95671) to work on /Users/hirenpatel/Documents/airflow_tutoral/py_env/lib/python3.8/site-packages/airflow/example_dags/example_branch_day_of_week_operator.py
[2022-11-05T14:25:02.690+1300] {processor.py:756} INFO - Processing file /Users/hirenpatel/Documents/airflow_tutoral/py_env/lib/python3.8/site-packages/airflow/example_dags/example_branch_day_of_week_operator.py for tasks to queue
[2022-11-05T14:25:02.691+1300] {logging_mixin.py:120} INFO - [2022-11-05T14:25:02.691+1300] {dagbag.py:537} INFO - Filling up the DagBag from /Users/hirenpatel/Documents/airflow_tutoral/py_env/lib/python3.8/site-packages/airflow/example_dags/example_branch_day_of_week_operator.py
[2022-11-05T14:25:02.717+1300] {processor.py:766} INFO - DAG(s) dict_keys(['example_weekday_branch_operator']) retrieved from /Users/hirenpatel/Documents/airflow_tutoral/py_env/lib/python3.8/site-packages/airflow/example_dags/example_branch_day_of_week_operator.py
[2022-11-05T14:25:02.843+1300] {logging_mixin.py:120} INFO - [2022-11-05T14:25:02.843+1300] {dag.py:2585} INFO - Sync 1 DAGs
[2022-11-05T14:25:02.857+1300] {logging_mixin.py:120} INFO - [2022-11-05T14:25:02.857+1300] {dag.py:3336} INFO - Setting next_dagrun for example_weekday_branch_operator to 2022-11-04T00:00:00+00:00, run_after=2022-11-05T00:00:00+00:00
[2022-11-05T14:25:02.872+1300] {processor.py:176} INFO - Processing /Users/hirenpatel/Documents/airflow_tutoral/py_env/lib/python3.8/site-packages/airflow/example_dags/example_branch_day_of_week_operator.py took 0.187 seconds
[2022-11-05T14:33:53.771+1300] {processor.py:154} INFO - Started process (PID=95998) to work on /Users/hirenpatel/Documents/airflow_tutoral/py_env/lib/python3.8/site-packages/airflow/example_dags/example_branch_day_of_week_operator.py
[2022-11-05T14:33:53.776+1300] {processor.py:756} INFO - Processing file /Users/hirenpatel/Documents/airflow_tutoral/py_env/lib/python3.8/site-packages/airflow/example_dags/example_branch_day_of_week_operator.py for tasks to queue
[2022-11-05T14:33:53.776+1300] {logging_mixin.py:120} INFO - [2022-11-05T14:33:53.776+1300] {dagbag.py:537} INFO - Filling up the DagBag from /Users/hirenpatel/Documents/airflow_tutoral/py_env/lib/python3.8/site-packages/airflow/example_dags/example_branch_day_of_week_operator.py
[2022-11-05T14:33:53.800+1300] {processor.py:766} INFO - DAG(s) dict_keys(['example_weekday_branch_operator']) retrieved from /Users/hirenpatel/Documents/airflow_tutoral/py_env/lib/python3.8/site-packages/airflow/example_dags/example_branch_day_of_week_operator.py
[2022-11-05T14:33:53.923+1300] {logging_mixin.py:120} INFO - [2022-11-05T14:33:53.923+1300] {dag.py:2585} INFO - Sync 1 DAGs
[2022-11-05T14:33:53.935+1300] {logging_mixin.py:120} INFO - [2022-11-05T14:33:53.935+1300] {dag.py:3336} INFO - Setting next_dagrun for example_weekday_branch_operator to 2022-11-04T00:00:00+00:00, run_after=2022-11-05T00:00:00+00:00
[2022-11-05T14:33:53.949+1300] {processor.py:176} INFO - Processing /Users/hirenpatel/Documents/airflow_tutoral/py_env/lib/python3.8/site-packages/airflow/example_dags/example_branch_day_of_week_operator.py took 0.178 seconds
[2022-11-05T14:43:18.814+1300] {processor.py:154} INFO - Started process (PID=96290) to work on /Users/hirenpatel/Documents/airflow_tutoral/py_env/lib/python3.8/site-packages/airflow/example_dags/example_branch_day_of_week_operator.py
[2022-11-05T14:43:18.818+1300] {processor.py:756} INFO - Processing file /Users/hirenpatel/Documents/airflow_tutoral/py_env/lib/python3.8/site-packages/airflow/example_dags/example_branch_day_of_week_operator.py for tasks to queue
[2022-11-05T14:43:18.818+1300] {logging_mixin.py:120} INFO - [2022-11-05T14:43:18.818+1300] {dagbag.py:537} INFO - Filling up the DagBag from /Users/hirenpatel/Documents/airflow_tutoral/py_env/lib/python3.8/site-packages/airflow/example_dags/example_branch_day_of_week_operator.py
[2022-11-05T14:43:18.840+1300] {processor.py:766} INFO - DAG(s) dict_keys(['example_weekday_branch_operator']) retrieved from /Users/hirenpatel/Documents/airflow_tutoral/py_env/lib/python3.8/site-packages/airflow/example_dags/example_branch_day_of_week_operator.py
[2022-11-05T14:43:18.967+1300] {logging_mixin.py:120} INFO - [2022-11-05T14:43:18.967+1300] {dag.py:2585} INFO - Sync 1 DAGs
[2022-11-05T14:43:18.978+1300] {logging_mixin.py:120} INFO - [2022-11-05T14:43:18.978+1300] {dag.py:3336} INFO - Setting next_dagrun for example_weekday_branch_operator to 2022-11-04T00:00:00+00:00, run_after=2022-11-05T00:00:00+00:00
[2022-11-05T14:43:18.996+1300] {processor.py:176} INFO - Processing /Users/hirenpatel/Documents/airflow_tutoral/py_env/lib/python3.8/site-packages/airflow/example_dags/example_branch_day_of_week_operator.py took 0.182 seconds
[2022-11-05T14:54:31.030+1300] {processor.py:154} INFO - Started process (PID=96585) to work on /Users/hirenpatel/Documents/airflow_tutoral/py_env/lib/python3.8/site-packages/airflow/example_dags/example_branch_day_of_week_operator.py
[2022-11-05T14:54:31.037+1300] {processor.py:756} INFO - Processing file /Users/hirenpatel/Documents/airflow_tutoral/py_env/lib/python3.8/site-packages/airflow/example_dags/example_branch_day_of_week_operator.py for tasks to queue
[2022-11-05T14:54:31.038+1300] {logging_mixin.py:120} INFO - [2022-11-05T14:54:31.038+1300] {dagbag.py:537} INFO - Filling up the DagBag from /Users/hirenpatel/Documents/airflow_tutoral/py_env/lib/python3.8/site-packages/airflow/example_dags/example_branch_day_of_week_operator.py
[2022-11-05T14:54:31.095+1300] {processor.py:766} INFO - DAG(s) dict_keys(['example_weekday_branch_operator']) retrieved from /Users/hirenpatel/Documents/airflow_tutoral/py_env/lib/python3.8/site-packages/airflow/example_dags/example_branch_day_of_week_operator.py
[2022-11-05T14:54:31.304+1300] {logging_mixin.py:120} INFO - [2022-11-05T14:54:31.304+1300] {dag.py:2585} INFO - Sync 1 DAGs
[2022-11-05T14:54:31.317+1300] {logging_mixin.py:120} INFO - [2022-11-05T14:54:31.317+1300] {dag.py:3336} INFO - Setting next_dagrun for example_weekday_branch_operator to 2022-11-04T00:00:00+00:00, run_after=2022-11-05T00:00:00+00:00
[2022-11-05T14:54:31.336+1300] {processor.py:176} INFO - Processing /Users/hirenpatel/Documents/airflow_tutoral/py_env/lib/python3.8/site-packages/airflow/example_dags/example_branch_day_of_week_operator.py took 0.306 seconds
[2022-11-05T15:14:11.495+1300] {processor.py:154} INFO - Started process (PID=96958) to work on /Users/hirenpatel/Documents/airflow_tutoral/py_env/lib/python3.8/site-packages/airflow/example_dags/example_branch_day_of_week_operator.py
[2022-11-05T15:14:11.499+1300] {processor.py:756} INFO - Processing file /Users/hirenpatel/Documents/airflow_tutoral/py_env/lib/python3.8/site-packages/airflow/example_dags/example_branch_day_of_week_operator.py for tasks to queue
[2022-11-05T15:14:11.500+1300] {logging_mixin.py:120} INFO - [2022-11-05T15:14:11.500+1300] {dagbag.py:537} INFO - Filling up the DagBag from /Users/hirenpatel/Documents/airflow_tutoral/py_env/lib/python3.8/site-packages/airflow/example_dags/example_branch_day_of_week_operator.py
[2022-11-05T15:14:11.521+1300] {processor.py:766} INFO - DAG(s) dict_keys(['example_weekday_branch_operator']) retrieved from /Users/hirenpatel/Documents/airflow_tutoral/py_env/lib/python3.8/site-packages/airflow/example_dags/example_branch_day_of_week_operator.py
[2022-11-05T15:14:11.632+1300] {logging_mixin.py:120} INFO - [2022-11-05T15:14:11.632+1300] {dag.py:2585} INFO - Sync 1 DAGs
[2022-11-05T15:14:11.643+1300] {logging_mixin.py:120} INFO - [2022-11-05T15:14:11.643+1300] {dag.py:3336} INFO - Setting next_dagrun for example_weekday_branch_operator to 2022-11-04T00:00:00+00:00, run_after=2022-11-05T00:00:00+00:00
[2022-11-05T15:14:11.666+1300] {processor.py:176} INFO - Processing /Users/hirenpatel/Documents/airflow_tutoral/py_env/lib/python3.8/site-packages/airflow/example_dags/example_branch_day_of_week_operator.py took 0.172 seconds
[2022-11-05T15:19:23.749+1300] {processor.py:154} INFO - Started process (PID=97149) to work on /Users/hirenpatel/Documents/airflow_tutoral/py_env/lib/python3.8/site-packages/airflow/example_dags/example_branch_day_of_week_operator.py
[2022-11-05T15:19:23.754+1300] {processor.py:756} INFO - Processing file /Users/hirenpatel/Documents/airflow_tutoral/py_env/lib/python3.8/site-packages/airflow/example_dags/example_branch_day_of_week_operator.py for tasks to queue
[2022-11-05T15:19:23.754+1300] {logging_mixin.py:120} INFO - [2022-11-05T15:19:23.754+1300] {dagbag.py:537} INFO - Filling up the DagBag from /Users/hirenpatel/Documents/airflow_tutoral/py_env/lib/python3.8/site-packages/airflow/example_dags/example_branch_day_of_week_operator.py
[2022-11-05T15:19:23.777+1300] {processor.py:766} INFO - DAG(s) dict_keys(['example_weekday_branch_operator']) retrieved from /Users/hirenpatel/Documents/airflow_tutoral/py_env/lib/python3.8/site-packages/airflow/example_dags/example_branch_day_of_week_operator.py
[2022-11-05T15:19:23.916+1300] {logging_mixin.py:120} INFO - [2022-11-05T15:19:23.916+1300] {dag.py:2585} INFO - Sync 1 DAGs
[2022-11-05T15:19:23.932+1300] {logging_mixin.py:120} INFO - [2022-11-05T15:19:23.931+1300] {dag.py:3336} INFO - Setting next_dagrun for example_weekday_branch_operator to 2022-11-04T00:00:00+00:00, run_after=2022-11-05T00:00:00+00:00
[2022-11-05T15:19:23.947+1300] {processor.py:176} INFO - Processing /Users/hirenpatel/Documents/airflow_tutoral/py_env/lib/python3.8/site-packages/airflow/example_dags/example_branch_day_of_week_operator.py took 0.199 seconds
[2022-11-05T15:35:55.414+1300] {processor.py:154} INFO - Started process (PID=97470) to work on /Users/hirenpatel/Documents/airflow_tutoral/py_env/lib/python3.8/site-packages/airflow/example_dags/example_branch_day_of_week_operator.py
[2022-11-05T15:35:55.418+1300] {processor.py:756} INFO - Processing file /Users/hirenpatel/Documents/airflow_tutoral/py_env/lib/python3.8/site-packages/airflow/example_dags/example_branch_day_of_week_operator.py for tasks to queue
[2022-11-05T15:35:55.419+1300] {logging_mixin.py:120} INFO - [2022-11-05T15:35:55.418+1300] {dagbag.py:537} INFO - Filling up the DagBag from /Users/hirenpatel/Documents/airflow_tutoral/py_env/lib/python3.8/site-packages/airflow/example_dags/example_branch_day_of_week_operator.py
[2022-11-05T15:35:55.444+1300] {processor.py:766} INFO - DAG(s) dict_keys(['example_weekday_branch_operator']) retrieved from /Users/hirenpatel/Documents/airflow_tutoral/py_env/lib/python3.8/site-packages/airflow/example_dags/example_branch_day_of_week_operator.py
[2022-11-05T15:35:55.578+1300] {logging_mixin.py:120} INFO - [2022-11-05T15:35:55.577+1300] {dag.py:2585} INFO - Sync 1 DAGs
[2022-11-05T15:35:55.590+1300] {logging_mixin.py:120} INFO - [2022-11-05T15:35:55.590+1300] {dag.py:3336} INFO - Setting next_dagrun for example_weekday_branch_operator to 2022-11-04T00:00:00+00:00, run_after=2022-11-05T00:00:00+00:00
[2022-11-05T15:35:55.605+1300] {processor.py:176} INFO - Processing /Users/hirenpatel/Documents/airflow_tutoral/py_env/lib/python3.8/site-packages/airflow/example_dags/example_branch_day_of_week_operator.py took 0.191 seconds
[2022-11-05T15:52:21.249+1300] {processor.py:154} INFO - Started process (PID=97686) to work on /Users/hirenpatel/Documents/airflow_tutoral/py_env/lib/python3.8/site-packages/airflow/example_dags/example_branch_day_of_week_operator.py
[2022-11-05T15:52:21.252+1300] {processor.py:756} INFO - Processing file /Users/hirenpatel/Documents/airflow_tutoral/py_env/lib/python3.8/site-packages/airflow/example_dags/example_branch_day_of_week_operator.py for tasks to queue
[2022-11-05T15:52:21.253+1300] {logging_mixin.py:120} INFO - [2022-11-05T15:52:21.253+1300] {dagbag.py:537} INFO - Filling up the DagBag from /Users/hirenpatel/Documents/airflow_tutoral/py_env/lib/python3.8/site-packages/airflow/example_dags/example_branch_day_of_week_operator.py
[2022-11-05T15:52:21.276+1300] {processor.py:766} INFO - DAG(s) dict_keys(['example_weekday_branch_operator']) retrieved from /Users/hirenpatel/Documents/airflow_tutoral/py_env/lib/python3.8/site-packages/airflow/example_dags/example_branch_day_of_week_operator.py
[2022-11-05T15:52:21.400+1300] {logging_mixin.py:120} INFO - [2022-11-05T15:52:21.400+1300] {dag.py:2585} INFO - Sync 1 DAGs
[2022-11-05T15:52:21.413+1300] {logging_mixin.py:120} INFO - [2022-11-05T15:52:21.413+1300] {dag.py:3336} INFO - Setting next_dagrun for example_weekday_branch_operator to 2022-11-04T00:00:00+00:00, run_after=2022-11-05T00:00:00+00:00
[2022-11-05T15:52:21.427+1300] {processor.py:176} INFO - Processing /Users/hirenpatel/Documents/airflow_tutoral/py_env/lib/python3.8/site-packages/airflow/example_dags/example_branch_day_of_week_operator.py took 0.178 seconds
[2022-11-05T15:57:58.456+1300] {processor.py:154} INFO - Started process (PID=97941) to work on /Users/hirenpatel/Documents/airflow_tutoral/py_env/lib/python3.8/site-packages/airflow/example_dags/example_branch_day_of_week_operator.py
[2022-11-05T15:57:58.460+1300] {processor.py:756} INFO - Processing file /Users/hirenpatel/Documents/airflow_tutoral/py_env/lib/python3.8/site-packages/airflow/example_dags/example_branch_day_of_week_operator.py for tasks to queue
[2022-11-05T15:57:58.460+1300] {logging_mixin.py:120} INFO - [2022-11-05T15:57:58.460+1300] {dagbag.py:537} INFO - Filling up the DagBag from /Users/hirenpatel/Documents/airflow_tutoral/py_env/lib/python3.8/site-packages/airflow/example_dags/example_branch_day_of_week_operator.py
[2022-11-05T15:57:58.485+1300] {processor.py:766} INFO - DAG(s) dict_keys(['example_weekday_branch_operator']) retrieved from /Users/hirenpatel/Documents/airflow_tutoral/py_env/lib/python3.8/site-packages/airflow/example_dags/example_branch_day_of_week_operator.py
[2022-11-05T15:57:58.611+1300] {logging_mixin.py:120} INFO - [2022-11-05T15:57:58.610+1300] {dag.py:2585} INFO - Sync 1 DAGs
[2022-11-05T15:57:58.622+1300] {logging_mixin.py:120} INFO - [2022-11-05T15:57:58.622+1300] {dag.py:3336} INFO - Setting next_dagrun for example_weekday_branch_operator to 2022-11-04T00:00:00+00:00, run_after=2022-11-05T00:00:00+00:00
[2022-11-05T15:57:58.636+1300] {processor.py:176} INFO - Processing /Users/hirenpatel/Documents/airflow_tutoral/py_env/lib/python3.8/site-packages/airflow/example_dags/example_branch_day_of_week_operator.py took 0.181 seconds
[2022-11-05T16:09:25.276+1300] {processor.py:154} INFO - Started process (PID=98195) to work on /Users/hirenpatel/Documents/airflow_tutoral/py_env/lib/python3.8/site-packages/airflow/example_dags/example_branch_day_of_week_operator.py
[2022-11-05T16:09:25.280+1300] {processor.py:756} INFO - Processing file /Users/hirenpatel/Documents/airflow_tutoral/py_env/lib/python3.8/site-packages/airflow/example_dags/example_branch_day_of_week_operator.py for tasks to queue
[2022-11-05T16:09:25.280+1300] {logging_mixin.py:120} INFO - [2022-11-05T16:09:25.280+1300] {dagbag.py:537} INFO - Filling up the DagBag from /Users/hirenpatel/Documents/airflow_tutoral/py_env/lib/python3.8/site-packages/airflow/example_dags/example_branch_day_of_week_operator.py
[2022-11-05T16:09:25.304+1300] {processor.py:766} INFO - DAG(s) dict_keys(['example_weekday_branch_operator']) retrieved from /Users/hirenpatel/Documents/airflow_tutoral/py_env/lib/python3.8/site-packages/airflow/example_dags/example_branch_day_of_week_operator.py
[2022-11-05T16:09:25.428+1300] {logging_mixin.py:120} INFO - [2022-11-05T16:09:25.428+1300] {dag.py:2585} INFO - Sync 1 DAGs
[2022-11-05T16:09:25.440+1300] {logging_mixin.py:120} INFO - [2022-11-05T16:09:25.440+1300] {dag.py:3336} INFO - Setting next_dagrun for example_weekday_branch_operator to 2022-11-04T00:00:00+00:00, run_after=2022-11-05T00:00:00+00:00
[2022-11-05T16:09:25.453+1300] {processor.py:176} INFO - Processing /Users/hirenpatel/Documents/airflow_tutoral/py_env/lib/python3.8/site-packages/airflow/example_dags/example_branch_day_of_week_operator.py took 0.178 seconds
[2022-11-05T17:25:31.629+1300] {processor.py:154} INFO - Started process (PID=98624) to work on /Users/hirenpatel/Documents/airflow_tutoral/py_env/lib/python3.8/site-packages/airflow/example_dags/example_branch_day_of_week_operator.py
[2022-11-05T17:25:31.635+1300] {processor.py:756} INFO - Processing file /Users/hirenpatel/Documents/airflow_tutoral/py_env/lib/python3.8/site-packages/airflow/example_dags/example_branch_day_of_week_operator.py for tasks to queue
[2022-11-05T17:25:31.636+1300] {logging_mixin.py:120} INFO - [2022-11-05T17:25:31.636+1300] {dagbag.py:537} INFO - Filling up the DagBag from /Users/hirenpatel/Documents/airflow_tutoral/py_env/lib/python3.8/site-packages/airflow/example_dags/example_branch_day_of_week_operator.py
[2022-11-05T17:25:31.670+1300] {processor.py:766} INFO - DAG(s) dict_keys(['example_weekday_branch_operator']) retrieved from /Users/hirenpatel/Documents/airflow_tutoral/py_env/lib/python3.8/site-packages/airflow/example_dags/example_branch_day_of_week_operator.py
[2022-11-05T17:25:31.838+1300] {logging_mixin.py:120} INFO - [2022-11-05T17:25:31.838+1300] {dag.py:2585} INFO - Sync 1 DAGs
[2022-11-05T17:25:31.853+1300] {logging_mixin.py:120} INFO - [2022-11-05T17:25:31.853+1300] {dag.py:3336} INFO - Setting next_dagrun for example_weekday_branch_operator to 2022-11-04T00:00:00+00:00, run_after=2022-11-05T00:00:00+00:00
[2022-11-05T17:25:31.874+1300] {processor.py:176} INFO - Processing /Users/hirenpatel/Documents/airflow_tutoral/py_env/lib/python3.8/site-packages/airflow/example_dags/example_branch_day_of_week_operator.py took 0.247 seconds
[2022-11-05T17:57:05.591+1300] {processor.py:154} INFO - Started process (PID=99030) to work on /Users/hirenpatel/Documents/airflow_tutoral/py_env/lib/python3.8/site-packages/airflow/example_dags/example_branch_day_of_week_operator.py
[2022-11-05T17:57:05.595+1300] {processor.py:756} INFO - Processing file /Users/hirenpatel/Documents/airflow_tutoral/py_env/lib/python3.8/site-packages/airflow/example_dags/example_branch_day_of_week_operator.py for tasks to queue
[2022-11-05T17:57:05.595+1300] {logging_mixin.py:120} INFO - [2022-11-05T17:57:05.595+1300] {dagbag.py:537} INFO - Filling up the DagBag from /Users/hirenpatel/Documents/airflow_tutoral/py_env/lib/python3.8/site-packages/airflow/example_dags/example_branch_day_of_week_operator.py
[2022-11-05T17:57:05.617+1300] {processor.py:766} INFO - DAG(s) dict_keys(['example_weekday_branch_operator']) retrieved from /Users/hirenpatel/Documents/airflow_tutoral/py_env/lib/python3.8/site-packages/airflow/example_dags/example_branch_day_of_week_operator.py
[2022-11-05T17:57:05.741+1300] {logging_mixin.py:120} INFO - [2022-11-05T17:57:05.741+1300] {dag.py:2585} INFO - Sync 1 DAGs
[2022-11-05T17:57:05.753+1300] {logging_mixin.py:120} INFO - [2022-11-05T17:57:05.752+1300] {dag.py:3336} INFO - Setting next_dagrun for example_weekday_branch_operator to 2022-11-04T00:00:00+00:00, run_after=2022-11-05T00:00:00+00:00
[2022-11-05T17:57:05.766+1300] {processor.py:176} INFO - Processing /Users/hirenpatel/Documents/airflow_tutoral/py_env/lib/python3.8/site-packages/airflow/example_dags/example_branch_day_of_week_operator.py took 0.175 seconds
[2022-11-05T18:01:59.091+1300] {processor.py:154} INFO - Started process (PID=99284) to work on /Users/hirenpatel/Documents/airflow_tutoral/py_env/lib/python3.8/site-packages/airflow/example_dags/example_branch_day_of_week_operator.py
[2022-11-05T18:01:59.094+1300] {processor.py:756} INFO - Processing file /Users/hirenpatel/Documents/airflow_tutoral/py_env/lib/python3.8/site-packages/airflow/example_dags/example_branch_day_of_week_operator.py for tasks to queue
[2022-11-05T18:01:59.095+1300] {logging_mixin.py:120} INFO - [2022-11-05T18:01:59.094+1300] {dagbag.py:537} INFO - Filling up the DagBag from /Users/hirenpatel/Documents/airflow_tutoral/py_env/lib/python3.8/site-packages/airflow/example_dags/example_branch_day_of_week_operator.py
[2022-11-05T18:01:59.119+1300] {processor.py:766} INFO - DAG(s) dict_keys(['example_weekday_branch_operator']) retrieved from /Users/hirenpatel/Documents/airflow_tutoral/py_env/lib/python3.8/site-packages/airflow/example_dags/example_branch_day_of_week_operator.py
[2022-11-05T18:01:59.243+1300] {logging_mixin.py:120} INFO - [2022-11-05T18:01:59.243+1300] {dag.py:2585} INFO - Sync 1 DAGs
[2022-11-05T18:01:59.256+1300] {logging_mixin.py:120} INFO - [2022-11-05T18:01:59.256+1300] {dag.py:3336} INFO - Setting next_dagrun for example_weekday_branch_operator to 2022-11-04T00:00:00+00:00, run_after=2022-11-05T00:00:00+00:00
[2022-11-05T18:01:59.291+1300] {processor.py:176} INFO - Processing /Users/hirenpatel/Documents/airflow_tutoral/py_env/lib/python3.8/site-packages/airflow/example_dags/example_branch_day_of_week_operator.py took 0.201 seconds
[2022-11-05T18:13:08.650+1300] {processor.py:154} INFO - Started process (PID=511) to work on /Users/hirenpatel/Documents/airflow_tutoral/py_env/lib/python3.8/site-packages/airflow/example_dags/example_branch_day_of_week_operator.py
[2022-11-05T18:13:08.654+1300] {processor.py:756} INFO - Processing file /Users/hirenpatel/Documents/airflow_tutoral/py_env/lib/python3.8/site-packages/airflow/example_dags/example_branch_day_of_week_operator.py for tasks to queue
[2022-11-05T18:13:08.654+1300] {logging_mixin.py:120} INFO - [2022-11-05T18:13:08.654+1300] {dagbag.py:537} INFO - Filling up the DagBag from /Users/hirenpatel/Documents/airflow_tutoral/py_env/lib/python3.8/site-packages/airflow/example_dags/example_branch_day_of_week_operator.py
[2022-11-05T18:13:08.679+1300] {processor.py:766} INFO - DAG(s) dict_keys(['example_weekday_branch_operator']) retrieved from /Users/hirenpatel/Documents/airflow_tutoral/py_env/lib/python3.8/site-packages/airflow/example_dags/example_branch_day_of_week_operator.py
[2022-11-05T18:13:08.805+1300] {logging_mixin.py:120} INFO - [2022-11-05T18:13:08.805+1300] {dag.py:2585} INFO - Sync 1 DAGs
[2022-11-05T18:13:08.817+1300] {logging_mixin.py:120} INFO - [2022-11-05T18:13:08.817+1300] {dag.py:3336} INFO - Setting next_dagrun for example_weekday_branch_operator to 2022-11-04T00:00:00+00:00, run_after=2022-11-05T00:00:00+00:00
[2022-11-05T18:13:08.831+1300] {processor.py:176} INFO - Processing /Users/hirenpatel/Documents/airflow_tutoral/py_env/lib/python3.8/site-packages/airflow/example_dags/example_branch_day_of_week_operator.py took 0.182 seconds
[2022-11-05T18:16:21.736+1300] {processor.py:154} INFO - Started process (PID=782) to work on /Users/hirenpatel/Documents/airflow_tutoral/py_env/lib/python3.8/site-packages/airflow/example_dags/example_branch_day_of_week_operator.py
[2022-11-05T18:16:21.740+1300] {processor.py:756} INFO - Processing file /Users/hirenpatel/Documents/airflow_tutoral/py_env/lib/python3.8/site-packages/airflow/example_dags/example_branch_day_of_week_operator.py for tasks to queue
[2022-11-05T18:16:21.740+1300] {logging_mixin.py:120} INFO - [2022-11-05T18:16:21.740+1300] {dagbag.py:537} INFO - Filling up the DagBag from /Users/hirenpatel/Documents/airflow_tutoral/py_env/lib/python3.8/site-packages/airflow/example_dags/example_branch_day_of_week_operator.py
[2022-11-05T18:16:21.764+1300] {processor.py:766} INFO - DAG(s) dict_keys(['example_weekday_branch_operator']) retrieved from /Users/hirenpatel/Documents/airflow_tutoral/py_env/lib/python3.8/site-packages/airflow/example_dags/example_branch_day_of_week_operator.py
[2022-11-05T18:16:21.888+1300] {logging_mixin.py:120} INFO - [2022-11-05T18:16:21.888+1300] {dag.py:2585} INFO - Sync 1 DAGs
[2022-11-05T18:16:21.902+1300] {logging_mixin.py:120} INFO - [2022-11-05T18:16:21.902+1300] {dag.py:3336} INFO - Setting next_dagrun for example_weekday_branch_operator to 2022-11-04T00:00:00+00:00, run_after=2022-11-05T00:00:00+00:00
[2022-11-05T18:16:21.916+1300] {processor.py:176} INFO - Processing /Users/hirenpatel/Documents/airflow_tutoral/py_env/lib/python3.8/site-packages/airflow/example_dags/example_branch_day_of_week_operator.py took 0.180 seconds
[2022-11-05T18:19:18.932+1300] {processor.py:154} INFO - Started process (PID=1033) to work on /Users/hirenpatel/Documents/airflow_tutoral/py_env/lib/python3.8/site-packages/airflow/example_dags/example_branch_day_of_week_operator.py
[2022-11-05T18:19:18.936+1300] {processor.py:756} INFO - Processing file /Users/hirenpatel/Documents/airflow_tutoral/py_env/lib/python3.8/site-packages/airflow/example_dags/example_branch_day_of_week_operator.py for tasks to queue
[2022-11-05T18:19:18.937+1300] {logging_mixin.py:120} INFO - [2022-11-05T18:19:18.937+1300] {dagbag.py:537} INFO - Filling up the DagBag from /Users/hirenpatel/Documents/airflow_tutoral/py_env/lib/python3.8/site-packages/airflow/example_dags/example_branch_day_of_week_operator.py
[2022-11-05T18:19:18.961+1300] {processor.py:766} INFO - DAG(s) dict_keys(['example_weekday_branch_operator']) retrieved from /Users/hirenpatel/Documents/airflow_tutoral/py_env/lib/python3.8/site-packages/airflow/example_dags/example_branch_day_of_week_operator.py
[2022-11-05T18:19:19.079+1300] {logging_mixin.py:120} INFO - [2022-11-05T18:19:19.079+1300] {dag.py:2585} INFO - Sync 1 DAGs
[2022-11-05T18:19:19.090+1300] {logging_mixin.py:120} INFO - [2022-11-05T18:19:19.090+1300] {dag.py:3336} INFO - Setting next_dagrun for example_weekday_branch_operator to 2022-11-04T00:00:00+00:00, run_after=2022-11-05T00:00:00+00:00
[2022-11-05T18:19:19.103+1300] {processor.py:176} INFO - Processing /Users/hirenpatel/Documents/airflow_tutoral/py_env/lib/python3.8/site-packages/airflow/example_dags/example_branch_day_of_week_operator.py took 0.172 seconds
[2022-11-05T18:41:36.833+1300] {processor.py:154} INFO - Started process (PID=1353) to work on /Users/hirenpatel/Documents/airflow_tutoral/py_env/lib/python3.8/site-packages/airflow/example_dags/example_branch_day_of_week_operator.py
[2022-11-05T18:41:36.836+1300] {processor.py:756} INFO - Processing file /Users/hirenpatel/Documents/airflow_tutoral/py_env/lib/python3.8/site-packages/airflow/example_dags/example_branch_day_of_week_operator.py for tasks to queue
[2022-11-05T18:41:36.837+1300] {logging_mixin.py:120} INFO - [2022-11-05T18:41:36.836+1300] {dagbag.py:537} INFO - Filling up the DagBag from /Users/hirenpatel/Documents/airflow_tutoral/py_env/lib/python3.8/site-packages/airflow/example_dags/example_branch_day_of_week_operator.py
[2022-11-05T18:41:36.858+1300] {processor.py:766} INFO - DAG(s) dict_keys(['example_weekday_branch_operator']) retrieved from /Users/hirenpatel/Documents/airflow_tutoral/py_env/lib/python3.8/site-packages/airflow/example_dags/example_branch_day_of_week_operator.py
[2022-11-05T18:41:36.969+1300] {logging_mixin.py:120} INFO - [2022-11-05T18:41:36.969+1300] {dag.py:2585} INFO - Sync 1 DAGs
[2022-11-05T18:41:36.980+1300] {logging_mixin.py:120} INFO - [2022-11-05T18:41:36.980+1300] {dag.py:3336} INFO - Setting next_dagrun for example_weekday_branch_operator to 2022-11-04T00:00:00+00:00, run_after=2022-11-05T00:00:00+00:00
[2022-11-05T18:41:36.992+1300] {processor.py:176} INFO - Processing /Users/hirenpatel/Documents/airflow_tutoral/py_env/lib/python3.8/site-packages/airflow/example_dags/example_branch_day_of_week_operator.py took 0.160 seconds
[2022-11-05T18:53:31.481+1300] {processor.py:154} INFO - Started process (PID=1656) to work on /Users/hirenpatel/Documents/airflow_tutoral/py_env/lib/python3.8/site-packages/airflow/example_dags/example_branch_day_of_week_operator.py
[2022-11-05T18:53:31.484+1300] {processor.py:756} INFO - Processing file /Users/hirenpatel/Documents/airflow_tutoral/py_env/lib/python3.8/site-packages/airflow/example_dags/example_branch_day_of_week_operator.py for tasks to queue
[2022-11-05T18:53:31.485+1300] {logging_mixin.py:120} INFO - [2022-11-05T18:53:31.485+1300] {dagbag.py:537} INFO - Filling up the DagBag from /Users/hirenpatel/Documents/airflow_tutoral/py_env/lib/python3.8/site-packages/airflow/example_dags/example_branch_day_of_week_operator.py
[2022-11-05T18:53:31.511+1300] {processor.py:766} INFO - DAG(s) dict_keys(['example_weekday_branch_operator']) retrieved from /Users/hirenpatel/Documents/airflow_tutoral/py_env/lib/python3.8/site-packages/airflow/example_dags/example_branch_day_of_week_operator.py
[2022-11-05T18:53:31.626+1300] {logging_mixin.py:120} INFO - [2022-11-05T18:53:31.626+1300] {dag.py:2585} INFO - Sync 1 DAGs
[2022-11-05T18:53:31.637+1300] {logging_mixin.py:120} INFO - [2022-11-05T18:53:31.637+1300] {dag.py:3336} INFO - Setting next_dagrun for example_weekday_branch_operator to 2022-11-04T00:00:00+00:00, run_after=2022-11-05T00:00:00+00:00
[2022-11-05T18:53:31.650+1300] {processor.py:176} INFO - Processing /Users/hirenpatel/Documents/airflow_tutoral/py_env/lib/python3.8/site-packages/airflow/example_dags/example_branch_day_of_week_operator.py took 0.170 seconds
[2022-11-05T18:56:49.353+1300] {processor.py:154} INFO - Started process (PID=1949) to work on /Users/hirenpatel/Documents/airflow_tutoral/py_env/lib/python3.8/site-packages/airflow/example_dags/example_branch_day_of_week_operator.py
[2022-11-05T18:56:49.357+1300] {processor.py:756} INFO - Processing file /Users/hirenpatel/Documents/airflow_tutoral/py_env/lib/python3.8/site-packages/airflow/example_dags/example_branch_day_of_week_operator.py for tasks to queue
[2022-11-05T18:56:49.357+1300] {logging_mixin.py:120} INFO - [2022-11-05T18:56:49.357+1300] {dagbag.py:537} INFO - Filling up the DagBag from /Users/hirenpatel/Documents/airflow_tutoral/py_env/lib/python3.8/site-packages/airflow/example_dags/example_branch_day_of_week_operator.py
[2022-11-05T18:56:49.382+1300] {processor.py:766} INFO - DAG(s) dict_keys(['example_weekday_branch_operator']) retrieved from /Users/hirenpatel/Documents/airflow_tutoral/py_env/lib/python3.8/site-packages/airflow/example_dags/example_branch_day_of_week_operator.py
[2022-11-05T18:56:51.713+1300] {logging_mixin.py:120} INFO - [2022-11-05T18:56:51.713+1300] {dag.py:2585} INFO - Sync 1 DAGs
[2022-11-05T18:56:51.732+1300] {logging_mixin.py:120} INFO - [2022-11-05T18:56:51.732+1300] {dag.py:3336} INFO - Setting next_dagrun for example_weekday_branch_operator to 2022-11-04T00:00:00+00:00, run_after=2022-11-05T00:00:00+00:00
[2022-11-05T18:56:51.767+1300] {processor.py:176} INFO - Processing /Users/hirenpatel/Documents/airflow_tutoral/py_env/lib/python3.8/site-packages/airflow/example_dags/example_branch_day_of_week_operator.py took 0.539 seconds
[2022-11-05T19:03:11.425+1300] {processor.py:154} INFO - Started process (PID=2211) to work on /Users/hirenpatel/Documents/airflow_tutoral/py_env/lib/python3.8/site-packages/airflow/example_dags/example_branch_day_of_week_operator.py
[2022-11-05T19:03:11.428+1300] {processor.py:756} INFO - Processing file /Users/hirenpatel/Documents/airflow_tutoral/py_env/lib/python3.8/site-packages/airflow/example_dags/example_branch_day_of_week_operator.py for tasks to queue
[2022-11-05T19:03:11.429+1300] {logging_mixin.py:120} INFO - [2022-11-05T19:03:11.429+1300] {dagbag.py:537} INFO - Filling up the DagBag from /Users/hirenpatel/Documents/airflow_tutoral/py_env/lib/python3.8/site-packages/airflow/example_dags/example_branch_day_of_week_operator.py
[2022-11-05T19:03:11.451+1300] {processor.py:766} INFO - DAG(s) dict_keys(['example_weekday_branch_operator']) retrieved from /Users/hirenpatel/Documents/airflow_tutoral/py_env/lib/python3.8/site-packages/airflow/example_dags/example_branch_day_of_week_operator.py
[2022-11-05T19:03:11.583+1300] {logging_mixin.py:120} INFO - [2022-11-05T19:03:11.583+1300] {dag.py:2585} INFO - Sync 1 DAGs
[2022-11-05T19:03:11.596+1300] {logging_mixin.py:120} INFO - [2022-11-05T19:03:11.596+1300] {dag.py:3336} INFO - Setting next_dagrun for example_weekday_branch_operator to 2022-11-04T00:00:00+00:00, run_after=2022-11-05T00:00:00+00:00
[2022-11-05T19:03:11.610+1300] {processor.py:176} INFO - Processing /Users/hirenpatel/Documents/airflow_tutoral/py_env/lib/python3.8/site-packages/airflow/example_dags/example_branch_day_of_week_operator.py took 0.186 seconds
[2022-11-05T19:10:58.801+1300] {processor.py:154} INFO - Started process (PID=2511) to work on /Users/hirenpatel/Documents/airflow_tutoral/py_env/lib/python3.8/site-packages/airflow/example_dags/example_branch_day_of_week_operator.py
[2022-11-05T19:10:58.806+1300] {processor.py:756} INFO - Processing file /Users/hirenpatel/Documents/airflow_tutoral/py_env/lib/python3.8/site-packages/airflow/example_dags/example_branch_day_of_week_operator.py for tasks to queue
[2022-11-05T19:10:58.806+1300] {logging_mixin.py:120} INFO - [2022-11-05T19:10:58.806+1300] {dagbag.py:537} INFO - Filling up the DagBag from /Users/hirenpatel/Documents/airflow_tutoral/py_env/lib/python3.8/site-packages/airflow/example_dags/example_branch_day_of_week_operator.py
[2022-11-05T19:10:58.833+1300] {processor.py:766} INFO - DAG(s) dict_keys(['example_weekday_branch_operator']) retrieved from /Users/hirenpatel/Documents/airflow_tutoral/py_env/lib/python3.8/site-packages/airflow/example_dags/example_branch_day_of_week_operator.py
[2022-11-05T19:10:58.955+1300] {logging_mixin.py:120} INFO - [2022-11-05T19:10:58.955+1300] {dag.py:2585} INFO - Sync 1 DAGs
[2022-11-05T19:10:58.966+1300] {logging_mixin.py:120} INFO - [2022-11-05T19:10:58.966+1300] {dag.py:3336} INFO - Setting next_dagrun for example_weekday_branch_operator to 2022-11-04T00:00:00+00:00, run_after=2022-11-05T00:00:00+00:00
[2022-11-05T19:10:58.979+1300] {processor.py:176} INFO - Processing /Users/hirenpatel/Documents/airflow_tutoral/py_env/lib/python3.8/site-packages/airflow/example_dags/example_branch_day_of_week_operator.py took 0.178 seconds
[2022-11-05T19:22:50.611+1300] {processor.py:154} INFO - Started process (PID=2896) to work on /Users/hirenpatel/Documents/airflow_tutoral/py_env/lib/python3.8/site-packages/airflow/example_dags/example_branch_day_of_week_operator.py
[2022-11-05T19:22:50.615+1300] {processor.py:756} INFO - Processing file /Users/hirenpatel/Documents/airflow_tutoral/py_env/lib/python3.8/site-packages/airflow/example_dags/example_branch_day_of_week_operator.py for tasks to queue
[2022-11-05T19:22:50.616+1300] {logging_mixin.py:120} INFO - [2022-11-05T19:22:50.616+1300] {dagbag.py:537} INFO - Filling up the DagBag from /Users/hirenpatel/Documents/airflow_tutoral/py_env/lib/python3.8/site-packages/airflow/example_dags/example_branch_day_of_week_operator.py
[2022-11-05T19:22:50.640+1300] {processor.py:766} INFO - DAG(s) dict_keys(['example_weekday_branch_operator']) retrieved from /Users/hirenpatel/Documents/airflow_tutoral/py_env/lib/python3.8/site-packages/airflow/example_dags/example_branch_day_of_week_operator.py
[2022-11-05T19:22:50.762+1300] {logging_mixin.py:120} INFO - [2022-11-05T19:22:50.762+1300] {dag.py:2585} INFO - Sync 1 DAGs
[2022-11-05T19:22:50.775+1300] {logging_mixin.py:120} INFO - [2022-11-05T19:22:50.775+1300] {dag.py:3336} INFO - Setting next_dagrun for example_weekday_branch_operator to 2022-11-04T00:00:00+00:00, run_after=2022-11-05T00:00:00+00:00
[2022-11-05T19:22:50.789+1300] {processor.py:176} INFO - Processing /Users/hirenpatel/Documents/airflow_tutoral/py_env/lib/python3.8/site-packages/airflow/example_dags/example_branch_day_of_week_operator.py took 0.178 seconds
[2022-11-05T19:41:58.200+1300] {processor.py:154} INFO - Started process (PID=3219) to work on /Users/hirenpatel/Documents/airflow_tutoral/py_env/lib/python3.8/site-packages/airflow/example_dags/example_branch_day_of_week_operator.py
[2022-11-05T19:41:58.203+1300] {processor.py:756} INFO - Processing file /Users/hirenpatel/Documents/airflow_tutoral/py_env/lib/python3.8/site-packages/airflow/example_dags/example_branch_day_of_week_operator.py for tasks to queue
[2022-11-05T19:41:58.203+1300] {logging_mixin.py:120} INFO - [2022-11-05T19:41:58.203+1300] {dagbag.py:537} INFO - Filling up the DagBag from /Users/hirenpatel/Documents/airflow_tutoral/py_env/lib/python3.8/site-packages/airflow/example_dags/example_branch_day_of_week_operator.py
[2022-11-05T19:41:58.224+1300] {processor.py:766} INFO - DAG(s) dict_keys(['example_weekday_branch_operator']) retrieved from /Users/hirenpatel/Documents/airflow_tutoral/py_env/lib/python3.8/site-packages/airflow/example_dags/example_branch_day_of_week_operator.py
[2022-11-05T19:41:58.338+1300] {logging_mixin.py:120} INFO - [2022-11-05T19:41:58.338+1300] {dag.py:2585} INFO - Sync 1 DAGs
[2022-11-05T19:41:58.349+1300] {logging_mixin.py:120} INFO - [2022-11-05T19:41:58.348+1300] {dag.py:3336} INFO - Setting next_dagrun for example_weekday_branch_operator to 2022-11-04T00:00:00+00:00, run_after=2022-11-05T00:00:00+00:00
[2022-11-05T19:41:58.360+1300] {processor.py:176} INFO - Processing /Users/hirenpatel/Documents/airflow_tutoral/py_env/lib/python3.8/site-packages/airflow/example_dags/example_branch_day_of_week_operator.py took 0.161 seconds
[2022-11-05T19:55:44.570+1300] {processor.py:154} INFO - Started process (PID=3424) to work on /Users/hirenpatel/Documents/airflow_tutoral/py_env/lib/python3.8/site-packages/airflow/example_dags/example_branch_day_of_week_operator.py
[2022-11-05T19:55:44.573+1300] {processor.py:756} INFO - Processing file /Users/hirenpatel/Documents/airflow_tutoral/py_env/lib/python3.8/site-packages/airflow/example_dags/example_branch_day_of_week_operator.py for tasks to queue
[2022-11-05T19:55:44.574+1300] {logging_mixin.py:120} INFO - [2022-11-05T19:55:44.574+1300] {dagbag.py:537} INFO - Filling up the DagBag from /Users/hirenpatel/Documents/airflow_tutoral/py_env/lib/python3.8/site-packages/airflow/example_dags/example_branch_day_of_week_operator.py
[2022-11-05T19:55:44.598+1300] {processor.py:766} INFO - DAG(s) dict_keys(['example_weekday_branch_operator']) retrieved from /Users/hirenpatel/Documents/airflow_tutoral/py_env/lib/python3.8/site-packages/airflow/example_dags/example_branch_day_of_week_operator.py
[2022-11-05T19:55:44.724+1300] {logging_mixin.py:120} INFO - [2022-11-05T19:55:44.724+1300] {dag.py:2585} INFO - Sync 1 DAGs
[2022-11-05T19:55:44.735+1300] {logging_mixin.py:120} INFO - [2022-11-05T19:55:44.735+1300] {dag.py:3336} INFO - Setting next_dagrun for example_weekday_branch_operator to 2022-11-04T00:00:00+00:00, run_after=2022-11-05T00:00:00+00:00
[2022-11-05T19:55:44.748+1300] {processor.py:176} INFO - Processing /Users/hirenpatel/Documents/airflow_tutoral/py_env/lib/python3.8/site-packages/airflow/example_dags/example_branch_day_of_week_operator.py took 0.179 seconds
[2022-11-05T19:59:01.200+1300] {processor.py:154} INFO - Started process (PID=3649) to work on /Users/hirenpatel/Documents/airflow_tutoral/py_env/lib/python3.8/site-packages/airflow/example_dags/example_branch_day_of_week_operator.py
[2022-11-05T19:59:01.204+1300] {processor.py:756} INFO - Processing file /Users/hirenpatel/Documents/airflow_tutoral/py_env/lib/python3.8/site-packages/airflow/example_dags/example_branch_day_of_week_operator.py for tasks to queue
[2022-11-05T19:59:01.204+1300] {logging_mixin.py:120} INFO - [2022-11-05T19:59:01.204+1300] {dagbag.py:537} INFO - Filling up the DagBag from /Users/hirenpatel/Documents/airflow_tutoral/py_env/lib/python3.8/site-packages/airflow/example_dags/example_branch_day_of_week_operator.py
[2022-11-05T19:59:01.233+1300] {processor.py:766} INFO - DAG(s) dict_keys(['example_weekday_branch_operator']) retrieved from /Users/hirenpatel/Documents/airflow_tutoral/py_env/lib/python3.8/site-packages/airflow/example_dags/example_branch_day_of_week_operator.py
[2022-11-05T19:59:01.351+1300] {logging_mixin.py:120} INFO - [2022-11-05T19:59:01.351+1300] {dag.py:2585} INFO - Sync 1 DAGs
[2022-11-05T19:59:01.362+1300] {logging_mixin.py:120} INFO - [2022-11-05T19:59:01.362+1300] {dag.py:3336} INFO - Setting next_dagrun for example_weekday_branch_operator to 2022-11-04T00:00:00+00:00, run_after=2022-11-05T00:00:00+00:00
[2022-11-05T19:59:01.375+1300] {processor.py:176} INFO - Processing /Users/hirenpatel/Documents/airflow_tutoral/py_env/lib/python3.8/site-packages/airflow/example_dags/example_branch_day_of_week_operator.py took 0.176 seconds
[2022-11-05T20:18:21.107+1300] {processor.py:154} INFO - Started process (PID=3951) to work on /Users/hirenpatel/Documents/airflow_tutoral/py_env/lib/python3.8/site-packages/airflow/example_dags/example_branch_day_of_week_operator.py
[2022-11-05T20:18:21.112+1300] {processor.py:756} INFO - Processing file /Users/hirenpatel/Documents/airflow_tutoral/py_env/lib/python3.8/site-packages/airflow/example_dags/example_branch_day_of_week_operator.py for tasks to queue
[2022-11-05T20:18:21.112+1300] {logging_mixin.py:120} INFO - [2022-11-05T20:18:21.112+1300] {dagbag.py:537} INFO - Filling up the DagBag from /Users/hirenpatel/Documents/airflow_tutoral/py_env/lib/python3.8/site-packages/airflow/example_dags/example_branch_day_of_week_operator.py
[2022-11-05T20:18:21.137+1300] {processor.py:766} INFO - DAG(s) dict_keys(['example_weekday_branch_operator']) retrieved from /Users/hirenpatel/Documents/airflow_tutoral/py_env/lib/python3.8/site-packages/airflow/example_dags/example_branch_day_of_week_operator.py
[2022-11-05T20:18:21.257+1300] {logging_mixin.py:120} INFO - [2022-11-05T20:18:21.257+1300] {dag.py:2585} INFO - Sync 1 DAGs
[2022-11-05T20:18:21.268+1300] {logging_mixin.py:120} INFO - [2022-11-05T20:18:21.268+1300] {dag.py:3336} INFO - Setting next_dagrun for example_weekday_branch_operator to 2022-11-04T00:00:00+00:00, run_after=2022-11-05T00:00:00+00:00
[2022-11-05T20:18:21.282+1300] {processor.py:176} INFO - Processing /Users/hirenpatel/Documents/airflow_tutoral/py_env/lib/python3.8/site-packages/airflow/example_dags/example_branch_day_of_week_operator.py took 0.175 seconds
[2022-11-05T20:45:28.411+1300] {processor.py:154} INFO - Started process (PID=4283) to work on /Users/hirenpatel/Documents/airflow_tutoral/py_env/lib/python3.8/site-packages/airflow/example_dags/example_branch_day_of_week_operator.py
[2022-11-05T20:45:28.415+1300] {processor.py:756} INFO - Processing file /Users/hirenpatel/Documents/airflow_tutoral/py_env/lib/python3.8/site-packages/airflow/example_dags/example_branch_day_of_week_operator.py for tasks to queue
[2022-11-05T20:45:28.415+1300] {logging_mixin.py:120} INFO - [2022-11-05T20:45:28.415+1300] {dagbag.py:537} INFO - Filling up the DagBag from /Users/hirenpatel/Documents/airflow_tutoral/py_env/lib/python3.8/site-packages/airflow/example_dags/example_branch_day_of_week_operator.py
[2022-11-05T20:45:28.438+1300] {processor.py:766} INFO - DAG(s) dict_keys(['example_weekday_branch_operator']) retrieved from /Users/hirenpatel/Documents/airflow_tutoral/py_env/lib/python3.8/site-packages/airflow/example_dags/example_branch_day_of_week_operator.py
[2022-11-05T20:45:28.574+1300] {logging_mixin.py:120} INFO - [2022-11-05T20:45:28.573+1300] {dag.py:2585} INFO - Sync 1 DAGs
[2022-11-05T20:45:28.585+1300] {logging_mixin.py:120} INFO - [2022-11-05T20:45:28.584+1300] {dag.py:3336} INFO - Setting next_dagrun for example_weekday_branch_operator to 2022-11-04T00:00:00+00:00, run_after=2022-11-05T00:00:00+00:00
[2022-11-05T20:45:28.597+1300] {processor.py:176} INFO - Processing /Users/hirenpatel/Documents/airflow_tutoral/py_env/lib/python3.8/site-packages/airflow/example_dags/example_branch_day_of_week_operator.py took 0.187 seconds
[2022-11-05T21:05:53.045+1300] {processor.py:154} INFO - Started process (PID=4474) to work on /Users/hirenpatel/Documents/airflow_tutoral/py_env/lib/python3.8/site-packages/airflow/example_dags/example_branch_day_of_week_operator.py
[2022-11-05T21:05:53.049+1300] {processor.py:756} INFO - Processing file /Users/hirenpatel/Documents/airflow_tutoral/py_env/lib/python3.8/site-packages/airflow/example_dags/example_branch_day_of_week_operator.py for tasks to queue
[2022-11-05T21:05:53.050+1300] {logging_mixin.py:120} INFO - [2022-11-05T21:05:53.049+1300] {dagbag.py:537} INFO - Filling up the DagBag from /Users/hirenpatel/Documents/airflow_tutoral/py_env/lib/python3.8/site-packages/airflow/example_dags/example_branch_day_of_week_operator.py
[2022-11-05T21:05:53.076+1300] {processor.py:766} INFO - DAG(s) dict_keys(['example_weekday_branch_operator']) retrieved from /Users/hirenpatel/Documents/airflow_tutoral/py_env/lib/python3.8/site-packages/airflow/example_dags/example_branch_day_of_week_operator.py
[2022-11-05T21:05:53.223+1300] {logging_mixin.py:120} INFO - [2022-11-05T21:05:53.223+1300] {dag.py:2585} INFO - Sync 1 DAGs
[2022-11-05T21:05:53.237+1300] {logging_mixin.py:120} INFO - [2022-11-05T21:05:53.237+1300] {dag.py:3336} INFO - Setting next_dagrun for example_weekday_branch_operator to 2022-11-04T00:00:00+00:00, run_after=2022-11-05T00:00:00+00:00
[2022-11-05T21:05:53.253+1300] {processor.py:176} INFO - Processing /Users/hirenpatel/Documents/airflow_tutoral/py_env/lib/python3.8/site-packages/airflow/example_dags/example_branch_day_of_week_operator.py took 0.209 seconds
[2022-11-05T22:46:09.823+1300] {processor.py:154} INFO - Started process (PID=4940) to work on /Users/hirenpatel/Documents/airflow_tutoral/py_env/lib/python3.8/site-packages/airflow/example_dags/example_branch_day_of_week_operator.py
[2022-11-05T22:46:09.827+1300] {processor.py:756} INFO - Processing file /Users/hirenpatel/Documents/airflow_tutoral/py_env/lib/python3.8/site-packages/airflow/example_dags/example_branch_day_of_week_operator.py for tasks to queue
[2022-11-05T22:46:09.828+1300] {logging_mixin.py:120} INFO - [2022-11-05T22:46:09.828+1300] {dagbag.py:537} INFO - Filling up the DagBag from /Users/hirenpatel/Documents/airflow_tutoral/py_env/lib/python3.8/site-packages/airflow/example_dags/example_branch_day_of_week_operator.py
[2022-11-05T22:46:09.851+1300] {processor.py:766} INFO - DAG(s) dict_keys(['example_weekday_branch_operator']) retrieved from /Users/hirenpatel/Documents/airflow_tutoral/py_env/lib/python3.8/site-packages/airflow/example_dags/example_branch_day_of_week_operator.py
[2022-11-05T22:46:09.965+1300] {logging_mixin.py:120} INFO - [2022-11-05T22:46:09.965+1300] {dag.py:2585} INFO - Sync 1 DAGs
[2022-11-05T22:46:09.976+1300] {logging_mixin.py:120} INFO - [2022-11-05T22:46:09.975+1300] {dag.py:3336} INFO - Setting next_dagrun for example_weekday_branch_operator to 2022-11-04T00:00:00+00:00, run_after=2022-11-05T00:00:00+00:00
[2022-11-05T22:46:09.988+1300] {processor.py:176} INFO - Processing /Users/hirenpatel/Documents/airflow_tutoral/py_env/lib/python3.8/site-packages/airflow/example_dags/example_branch_day_of_week_operator.py took 0.165 seconds
[2022-11-05T23:14:49.098+1300] {processor.py:154} INFO - Started process (PID=5262) to work on /Users/hirenpatel/Documents/airflow_tutoral/py_env/lib/python3.8/site-packages/airflow/example_dags/example_branch_day_of_week_operator.py
[2022-11-05T23:14:49.102+1300] {processor.py:756} INFO - Processing file /Users/hirenpatel/Documents/airflow_tutoral/py_env/lib/python3.8/site-packages/airflow/example_dags/example_branch_day_of_week_operator.py for tasks to queue
[2022-11-05T23:14:49.102+1300] {logging_mixin.py:120} INFO - [2022-11-05T23:14:49.102+1300] {dagbag.py:537} INFO - Filling up the DagBag from /Users/hirenpatel/Documents/airflow_tutoral/py_env/lib/python3.8/site-packages/airflow/example_dags/example_branch_day_of_week_operator.py
[2022-11-05T23:14:49.125+1300] {processor.py:766} INFO - DAG(s) dict_keys(['example_weekday_branch_operator']) retrieved from /Users/hirenpatel/Documents/airflow_tutoral/py_env/lib/python3.8/site-packages/airflow/example_dags/example_branch_day_of_week_operator.py
[2022-11-05T23:14:49.246+1300] {logging_mixin.py:120} INFO - [2022-11-05T23:14:49.246+1300] {dag.py:2585} INFO - Sync 1 DAGs
[2022-11-05T23:14:49.258+1300] {logging_mixin.py:120} INFO - [2022-11-05T23:14:49.258+1300] {dag.py:3336} INFO - Setting next_dagrun for example_weekday_branch_operator to 2022-11-04T00:00:00+00:00, run_after=2022-11-05T00:00:00+00:00
[2022-11-05T23:14:49.273+1300] {processor.py:176} INFO - Processing /Users/hirenpatel/Documents/airflow_tutoral/py_env/lib/python3.8/site-packages/airflow/example_dags/example_branch_day_of_week_operator.py took 0.175 seconds
[2022-11-05T23:44:58.395+1300] {processor.py:154} INFO - Started process (PID=5571) to work on /Users/hirenpatel/Documents/airflow_tutoral/py_env/lib/python3.8/site-packages/airflow/example_dags/example_branch_day_of_week_operator.py
[2022-11-05T23:44:58.399+1300] {processor.py:756} INFO - Processing file /Users/hirenpatel/Documents/airflow_tutoral/py_env/lib/python3.8/site-packages/airflow/example_dags/example_branch_day_of_week_operator.py for tasks to queue
[2022-11-05T23:44:58.399+1300] {logging_mixin.py:120} INFO - [2022-11-05T23:44:58.399+1300] {dagbag.py:537} INFO - Filling up the DagBag from /Users/hirenpatel/Documents/airflow_tutoral/py_env/lib/python3.8/site-packages/airflow/example_dags/example_branch_day_of_week_operator.py
[2022-11-05T23:44:58.429+1300] {processor.py:766} INFO - DAG(s) dict_keys(['example_weekday_branch_operator']) retrieved from /Users/hirenpatel/Documents/airflow_tutoral/py_env/lib/python3.8/site-packages/airflow/example_dags/example_branch_day_of_week_operator.py
[2022-11-05T23:44:58.590+1300] {logging_mixin.py:120} INFO - [2022-11-05T23:44:58.590+1300] {dag.py:2585} INFO - Sync 1 DAGs
[2022-11-05T23:44:58.605+1300] {logging_mixin.py:120} INFO - [2022-11-05T23:44:58.605+1300] {dag.py:3336} INFO - Setting next_dagrun for example_weekday_branch_operator to 2022-11-04T00:00:00+00:00, run_after=2022-11-05T00:00:00+00:00
[2022-11-05T23:44:58.630+1300] {processor.py:176} INFO - Processing /Users/hirenpatel/Documents/airflow_tutoral/py_env/lib/python3.8/site-packages/airflow/example_dags/example_branch_day_of_week_operator.py took 0.235 seconds
[2022-11-06T01:35:09.909+1300] {processor.py:154} INFO - Started process (PID=6063) to work on /Users/hirenpatel/Documents/airflow_tutoral/py_env/lib/python3.8/site-packages/airflow/example_dags/example_branch_day_of_week_operator.py
[2022-11-06T01:35:09.913+1300] {processor.py:756} INFO - Processing file /Users/hirenpatel/Documents/airflow_tutoral/py_env/lib/python3.8/site-packages/airflow/example_dags/example_branch_day_of_week_operator.py for tasks to queue
[2022-11-06T01:35:09.913+1300] {logging_mixin.py:120} INFO - [2022-11-06T01:35:09.913+1300] {dagbag.py:537} INFO - Filling up the DagBag from /Users/hirenpatel/Documents/airflow_tutoral/py_env/lib/python3.8/site-packages/airflow/example_dags/example_branch_day_of_week_operator.py
[2022-11-06T01:35:09.939+1300] {processor.py:766} INFO - DAG(s) dict_keys(['example_weekday_branch_operator']) retrieved from /Users/hirenpatel/Documents/airflow_tutoral/py_env/lib/python3.8/site-packages/airflow/example_dags/example_branch_day_of_week_operator.py
[2022-11-06T01:35:10.085+1300] {logging_mixin.py:120} INFO - [2022-11-06T01:35:10.085+1300] {dag.py:2585} INFO - Sync 1 DAGs
[2022-11-06T01:35:10.100+1300] {logging_mixin.py:120} INFO - [2022-11-06T01:35:10.100+1300] {dag.py:3336} INFO - Setting next_dagrun for example_weekday_branch_operator to 2022-11-04T00:00:00+00:00, run_after=2022-11-05T00:00:00+00:00
[2022-11-06T01:35:10.119+1300] {processor.py:176} INFO - Processing /Users/hirenpatel/Documents/airflow_tutoral/py_env/lib/python3.8/site-packages/airflow/example_dags/example_branch_day_of_week_operator.py took 0.210 seconds
[2022-11-06T05:07:06.207+1300] {processor.py:154} INFO - Started process (PID=6638) to work on /Users/hirenpatel/Documents/airflow_tutoral/py_env/lib/python3.8/site-packages/airflow/example_dags/example_branch_day_of_week_operator.py
[2022-11-06T05:07:06.211+1300] {processor.py:756} INFO - Processing file /Users/hirenpatel/Documents/airflow_tutoral/py_env/lib/python3.8/site-packages/airflow/example_dags/example_branch_day_of_week_operator.py for tasks to queue
[2022-11-06T05:07:06.211+1300] {logging_mixin.py:120} INFO - [2022-11-06T05:07:06.211+1300] {dagbag.py:537} INFO - Filling up the DagBag from /Users/hirenpatel/Documents/airflow_tutoral/py_env/lib/python3.8/site-packages/airflow/example_dags/example_branch_day_of_week_operator.py
[2022-11-06T05:07:06.243+1300] {processor.py:766} INFO - DAG(s) dict_keys(['example_weekday_branch_operator']) retrieved from /Users/hirenpatel/Documents/airflow_tutoral/py_env/lib/python3.8/site-packages/airflow/example_dags/example_branch_day_of_week_operator.py
[2022-11-06T05:07:06.406+1300] {logging_mixin.py:120} INFO - [2022-11-06T05:07:06.405+1300] {dag.py:2585} INFO - Sync 1 DAGs
[2022-11-06T05:07:06.424+1300] {logging_mixin.py:120} INFO - [2022-11-06T05:07:06.424+1300] {dag.py:3336} INFO - Setting next_dagrun for example_weekday_branch_operator to 2022-11-04T00:00:00+00:00, run_after=2022-11-05T00:00:00+00:00
[2022-11-06T05:07:06.447+1300] {processor.py:176} INFO - Processing /Users/hirenpatel/Documents/airflow_tutoral/py_env/lib/python3.8/site-packages/airflow/example_dags/example_branch_day_of_week_operator.py took 0.241 seconds
[2022-11-06T08:17:54.914+1300] {processor.py:154} INFO - Started process (PID=7178) to work on /Users/hirenpatel/Documents/airflow_tutoral/py_env/lib/python3.8/site-packages/airflow/example_dags/example_branch_day_of_week_operator.py
[2022-11-06T08:17:54.918+1300] {processor.py:756} INFO - Processing file /Users/hirenpatel/Documents/airflow_tutoral/py_env/lib/python3.8/site-packages/airflow/example_dags/example_branch_day_of_week_operator.py for tasks to queue
[2022-11-06T08:17:54.918+1300] {logging_mixin.py:120} INFO - [2022-11-06T08:17:54.918+1300] {dagbag.py:537} INFO - Filling up the DagBag from /Users/hirenpatel/Documents/airflow_tutoral/py_env/lib/python3.8/site-packages/airflow/example_dags/example_branch_day_of_week_operator.py
[2022-11-06T08:17:54.942+1300] {processor.py:766} INFO - DAG(s) dict_keys(['example_weekday_branch_operator']) retrieved from /Users/hirenpatel/Documents/airflow_tutoral/py_env/lib/python3.8/site-packages/airflow/example_dags/example_branch_day_of_week_operator.py
[2022-11-06T08:17:55.083+1300] {logging_mixin.py:120} INFO - [2022-11-06T08:17:55.082+1300] {dag.py:2585} INFO - Sync 1 DAGs
[2022-11-06T08:17:55.095+1300] {logging_mixin.py:120} INFO - [2022-11-06T08:17:55.095+1300] {dag.py:3336} INFO - Setting next_dagrun for example_weekday_branch_operator to 2022-11-04T00:00:00+00:00, run_after=2022-11-05T00:00:00+00:00
[2022-11-06T08:17:55.108+1300] {processor.py:176} INFO - Processing /Users/hirenpatel/Documents/airflow_tutoral/py_env/lib/python3.8/site-packages/airflow/example_dags/example_branch_day_of_week_operator.py took 0.195 seconds
[2022-11-06T09:44:49.055+1300] {processor.py:154} INFO - Started process (PID=7617) to work on /Users/hirenpatel/Documents/airflow_tutoral/py_env/lib/python3.8/site-packages/airflow/example_dags/example_branch_day_of_week_operator.py
[2022-11-06T09:44:49.060+1300] {processor.py:756} INFO - Processing file /Users/hirenpatel/Documents/airflow_tutoral/py_env/lib/python3.8/site-packages/airflow/example_dags/example_branch_day_of_week_operator.py for tasks to queue
[2022-11-06T09:44:49.060+1300] {logging_mixin.py:120} INFO - [2022-11-06T09:44:49.060+1300] {dagbag.py:537} INFO - Filling up the DagBag from /Users/hirenpatel/Documents/airflow_tutoral/py_env/lib/python3.8/site-packages/airflow/example_dags/example_branch_day_of_week_operator.py
[2022-11-06T09:44:49.085+1300] {processor.py:766} INFO - DAG(s) dict_keys(['example_weekday_branch_operator']) retrieved from /Users/hirenpatel/Documents/airflow_tutoral/py_env/lib/python3.8/site-packages/airflow/example_dags/example_branch_day_of_week_operator.py
[2022-11-06T09:44:49.205+1300] {logging_mixin.py:120} INFO - [2022-11-06T09:44:49.205+1300] {dag.py:2585} INFO - Sync 1 DAGs
[2022-11-06T09:44:49.216+1300] {logging_mixin.py:120} INFO - [2022-11-06T09:44:49.215+1300] {dag.py:3336} INFO - Setting next_dagrun for example_weekday_branch_operator to 2022-11-04T00:00:00+00:00, run_after=2022-11-05T00:00:00+00:00
[2022-11-06T09:44:49.229+1300] {processor.py:176} INFO - Processing /Users/hirenpatel/Documents/airflow_tutoral/py_env/lib/python3.8/site-packages/airflow/example_dags/example_branch_day_of_week_operator.py took 0.174 seconds
[2022-11-06T10:13:10.989+1300] {processor.py:154} INFO - Started process (PID=8002) to work on /Users/hirenpatel/Documents/airflow_tutoral/py_env/lib/python3.8/site-packages/airflow/example_dags/example_branch_day_of_week_operator.py
[2022-11-06T10:13:10.994+1300] {processor.py:756} INFO - Processing file /Users/hirenpatel/Documents/airflow_tutoral/py_env/lib/python3.8/site-packages/airflow/example_dags/example_branch_day_of_week_operator.py for tasks to queue
[2022-11-06T10:13:10.994+1300] {logging_mixin.py:120} INFO - [2022-11-06T10:13:10.994+1300] {dagbag.py:537} INFO - Filling up the DagBag from /Users/hirenpatel/Documents/airflow_tutoral/py_env/lib/python3.8/site-packages/airflow/example_dags/example_branch_day_of_week_operator.py
[2022-11-06T10:13:11.019+1300] {processor.py:766} INFO - DAG(s) dict_keys(['example_weekday_branch_operator']) retrieved from /Users/hirenpatel/Documents/airflow_tutoral/py_env/lib/python3.8/site-packages/airflow/example_dags/example_branch_day_of_week_operator.py
[2022-11-06T10:13:11.138+1300] {logging_mixin.py:120} INFO - [2022-11-06T10:13:11.138+1300] {dag.py:2585} INFO - Sync 1 DAGs
[2022-11-06T10:13:11.150+1300] {logging_mixin.py:120} INFO - [2022-11-06T10:13:11.150+1300] {dag.py:3336} INFO - Setting next_dagrun for example_weekday_branch_operator to 2022-11-04T00:00:00+00:00, run_after=2022-11-05T00:00:00+00:00
[2022-11-06T10:13:11.164+1300] {processor.py:176} INFO - Processing /Users/hirenpatel/Documents/airflow_tutoral/py_env/lib/python3.8/site-packages/airflow/example_dags/example_branch_day_of_week_operator.py took 0.176 seconds
[2022-11-06T11:06:04.631+1300] {processor.py:154} INFO - Started process (PID=8351) to work on /Users/hirenpatel/Documents/airflow_tutoral/py_env/lib/python3.8/site-packages/airflow/example_dags/example_branch_day_of_week_operator.py
[2022-11-06T11:06:04.637+1300] {processor.py:756} INFO - Processing file /Users/hirenpatel/Documents/airflow_tutoral/py_env/lib/python3.8/site-packages/airflow/example_dags/example_branch_day_of_week_operator.py for tasks to queue
[2022-11-06T11:06:04.638+1300] {logging_mixin.py:120} INFO - [2022-11-06T11:06:04.637+1300] {dagbag.py:537} INFO - Filling up the DagBag from /Users/hirenpatel/Documents/airflow_tutoral/py_env/lib/python3.8/site-packages/airflow/example_dags/example_branch_day_of_week_operator.py
[2022-11-06T11:06:04.673+1300] {processor.py:766} INFO - DAG(s) dict_keys(['example_weekday_branch_operator']) retrieved from /Users/hirenpatel/Documents/airflow_tutoral/py_env/lib/python3.8/site-packages/airflow/example_dags/example_branch_day_of_week_operator.py
[2022-11-06T11:06:04.864+1300] {logging_mixin.py:120} INFO - [2022-11-06T11:06:04.864+1300] {dag.py:2585} INFO - Sync 1 DAGs
[2022-11-06T11:06:04.882+1300] {logging_mixin.py:120} INFO - [2022-11-06T11:06:04.882+1300] {dag.py:3336} INFO - Setting next_dagrun for example_weekday_branch_operator to 2022-11-04T00:00:00+00:00, run_after=2022-11-05T00:00:00+00:00
[2022-11-06T11:06:04.903+1300] {processor.py:176} INFO - Processing /Users/hirenpatel/Documents/airflow_tutoral/py_env/lib/python3.8/site-packages/airflow/example_dags/example_branch_day_of_week_operator.py took 0.273 seconds
[2022-11-06T11:29:26.669+1300] {processor.py:154} INFO - Started process (PID=8558) to work on /Users/hirenpatel/Documents/airflow_tutoral/py_env/lib/python3.8/site-packages/airflow/example_dags/example_branch_day_of_week_operator.py
[2022-11-06T11:29:26.673+1300] {processor.py:756} INFO - Processing file /Users/hirenpatel/Documents/airflow_tutoral/py_env/lib/python3.8/site-packages/airflow/example_dags/example_branch_day_of_week_operator.py for tasks to queue
[2022-11-06T11:29:26.673+1300] {logging_mixin.py:120} INFO - [2022-11-06T11:29:26.673+1300] {dagbag.py:537} INFO - Filling up the DagBag from /Users/hirenpatel/Documents/airflow_tutoral/py_env/lib/python3.8/site-packages/airflow/example_dags/example_branch_day_of_week_operator.py
[2022-11-06T11:29:26.695+1300] {processor.py:766} INFO - DAG(s) dict_keys(['example_weekday_branch_operator']) retrieved from /Users/hirenpatel/Documents/airflow_tutoral/py_env/lib/python3.8/site-packages/airflow/example_dags/example_branch_day_of_week_operator.py
[2022-11-06T11:29:26.807+1300] {logging_mixin.py:120} INFO - [2022-11-06T11:29:26.807+1300] {dag.py:2585} INFO - Sync 1 DAGs
[2022-11-06T11:29:26.818+1300] {logging_mixin.py:120} INFO - [2022-11-06T11:29:26.818+1300] {dag.py:3336} INFO - Setting next_dagrun for example_weekday_branch_operator to 2022-11-04T00:00:00+00:00, run_after=2022-11-05T00:00:00+00:00
[2022-11-06T11:29:26.830+1300] {processor.py:176} INFO - Processing /Users/hirenpatel/Documents/airflow_tutoral/py_env/lib/python3.8/site-packages/airflow/example_dags/example_branch_day_of_week_operator.py took 0.162 seconds
