[2022-11-05T13:14:42.287+1300] {processor.py:154} INFO - Started process (PID=93920) to work on /Users/hirenpatel/Documents/airflow_tutoral/py_env/lib/python3.8/site-packages/airflow/example_dags/example_branch_operator_decorator.py
[2022-11-05T13:14:42.290+1300] {processor.py:756} INFO - Processing file /Users/hirenpatel/Documents/airflow_tutoral/py_env/lib/python3.8/site-packages/airflow/example_dags/example_branch_operator_decorator.py for tasks to queue
[2022-11-05T13:14:42.291+1300] {logging_mixin.py:120} INFO - [2022-11-05T13:14:42.291+1300] {dagbag.py:537} INFO - Filling up the DagBag from /Users/hirenpatel/Documents/airflow_tutoral/py_env/lib/python3.8/site-packages/airflow/example_dags/example_branch_operator_decorator.py
[2022-11-05T13:14:42.334+1300] {processor.py:766} INFO - DAG(s) dict_keys(['example_branch_python_operator_decorator']) retrieved from /Users/hirenpatel/Documents/airflow_tutoral/py_env/lib/python3.8/site-packages/airflow/example_dags/example_branch_operator_decorator.py
[2022-11-05T13:14:42.446+1300] {logging_mixin.py:120} INFO - [2022-11-05T13:14:42.446+1300] {dag.py:2585} INFO - Sync 1 DAGs
[2022-11-05T13:14:42.456+1300] {logging_mixin.py:120} INFO - [2022-11-05T13:14:42.456+1300] {dag.py:3336} INFO - Setting next_dagrun for example_branch_python_operator_decorator to 2022-11-04T00:00:00+00:00, run_after=2022-11-05T00:00:00+00:00
[2022-11-05T13:14:42.470+1300] {processor.py:176} INFO - Processing /Users/hirenpatel/Documents/airflow_tutoral/py_env/lib/python3.8/site-packages/airflow/example_dags/example_branch_operator_decorator.py took 0.184 seconds
[2022-11-05T13:19:54.811+1300] {processor.py:154} INFO - Started process (PID=94249) to work on /Users/hirenpatel/Documents/airflow_tutoral/py_env/lib/python3.8/site-packages/airflow/example_dags/example_branch_operator_decorator.py
[2022-11-05T13:19:54.814+1300] {processor.py:756} INFO - Processing file /Users/hirenpatel/Documents/airflow_tutoral/py_env/lib/python3.8/site-packages/airflow/example_dags/example_branch_operator_decorator.py for tasks to queue
[2022-11-05T13:19:54.814+1300] {logging_mixin.py:120} INFO - [2022-11-05T13:19:54.814+1300] {dagbag.py:537} INFO - Filling up the DagBag from /Users/hirenpatel/Documents/airflow_tutoral/py_env/lib/python3.8/site-packages/airflow/example_dags/example_branch_operator_decorator.py
[2022-11-05T13:19:54.851+1300] {processor.py:766} INFO - DAG(s) dict_keys(['example_branch_python_operator_decorator']) retrieved from /Users/hirenpatel/Documents/airflow_tutoral/py_env/lib/python3.8/site-packages/airflow/example_dags/example_branch_operator_decorator.py
[2022-11-05T13:19:54.955+1300] {logging_mixin.py:120} INFO - [2022-11-05T13:19:54.955+1300] {dag.py:2585} INFO - Sync 1 DAGs
[2022-11-05T13:19:54.966+1300] {logging_mixin.py:120} INFO - [2022-11-05T13:19:54.966+1300] {dag.py:3336} INFO - Setting next_dagrun for example_branch_python_operator_decorator to 2022-11-04T00:00:00+00:00, run_after=2022-11-05T00:00:00+00:00
[2022-11-05T13:19:54.979+1300] {processor.py:176} INFO - Processing /Users/hirenpatel/Documents/airflow_tutoral/py_env/lib/python3.8/site-packages/airflow/example_dags/example_branch_operator_decorator.py took 0.169 seconds
[2022-11-05T13:23:44.796+1300] {processor.py:154} INFO - Started process (PID=94508) to work on /Users/hirenpatel/Documents/airflow_tutoral/py_env/lib/python3.8/site-packages/airflow/example_dags/example_branch_operator_decorator.py
[2022-11-05T13:23:44.800+1300] {processor.py:756} INFO - Processing file /Users/hirenpatel/Documents/airflow_tutoral/py_env/lib/python3.8/site-packages/airflow/example_dags/example_branch_operator_decorator.py for tasks to queue
[2022-11-05T13:23:44.801+1300] {logging_mixin.py:120} INFO - [2022-11-05T13:23:44.800+1300] {dagbag.py:537} INFO - Filling up the DagBag from /Users/hirenpatel/Documents/airflow_tutoral/py_env/lib/python3.8/site-packages/airflow/example_dags/example_branch_operator_decorator.py
[2022-11-05T13:23:44.837+1300] {processor.py:766} INFO - DAG(s) dict_keys(['example_branch_python_operator_decorator']) retrieved from /Users/hirenpatel/Documents/airflow_tutoral/py_env/lib/python3.8/site-packages/airflow/example_dags/example_branch_operator_decorator.py
[2022-11-05T13:23:44.940+1300] {logging_mixin.py:120} INFO - [2022-11-05T13:23:44.940+1300] {dag.py:2585} INFO - Sync 1 DAGs
[2022-11-05T13:23:44.951+1300] {logging_mixin.py:120} INFO - [2022-11-05T13:23:44.951+1300] {dag.py:3336} INFO - Setting next_dagrun for example_branch_python_operator_decorator to 2022-11-04T00:00:00+00:00, run_after=2022-11-05T00:00:00+00:00
[2022-11-05T13:23:44.964+1300] {processor.py:176} INFO - Processing /Users/hirenpatel/Documents/airflow_tutoral/py_env/lib/python3.8/site-packages/airflow/example_dags/example_branch_operator_decorator.py took 0.168 seconds
[2022-11-05T13:34:41.167+1300] {processor.py:154} INFO - Started process (PID=94740) to work on /Users/hirenpatel/Documents/airflow_tutoral/py_env/lib/python3.8/site-packages/airflow/example_dags/example_branch_operator_decorator.py
[2022-11-05T13:34:41.171+1300] {processor.py:756} INFO - Processing file /Users/hirenpatel/Documents/airflow_tutoral/py_env/lib/python3.8/site-packages/airflow/example_dags/example_branch_operator_decorator.py for tasks to queue
[2022-11-05T13:34:41.171+1300] {logging_mixin.py:120} INFO - [2022-11-05T13:34:41.171+1300] {dagbag.py:537} INFO - Filling up the DagBag from /Users/hirenpatel/Documents/airflow_tutoral/py_env/lib/python3.8/site-packages/airflow/example_dags/example_branch_operator_decorator.py
[2022-11-05T13:34:41.214+1300] {processor.py:766} INFO - DAG(s) dict_keys(['example_branch_python_operator_decorator']) retrieved from /Users/hirenpatel/Documents/airflow_tutoral/py_env/lib/python3.8/site-packages/airflow/example_dags/example_branch_operator_decorator.py
[2022-11-05T13:34:41.326+1300] {logging_mixin.py:120} INFO - [2022-11-05T13:34:41.326+1300] {dag.py:2585} INFO - Sync 1 DAGs
[2022-11-05T13:34:41.337+1300] {logging_mixin.py:120} INFO - [2022-11-05T13:34:41.337+1300] {dag.py:3336} INFO - Setting next_dagrun for example_branch_python_operator_decorator to 2022-11-04T00:00:00+00:00, run_after=2022-11-05T00:00:00+00:00
[2022-11-05T13:34:41.351+1300] {processor.py:176} INFO - Processing /Users/hirenpatel/Documents/airflow_tutoral/py_env/lib/python3.8/site-packages/airflow/example_dags/example_branch_operator_decorator.py took 0.184 seconds
[2022-11-05T13:56:02.281+1300] {processor.py:154} INFO - Started process (PID=95035) to work on /Users/hirenpatel/Documents/airflow_tutoral/py_env/lib/python3.8/site-packages/airflow/example_dags/example_branch_operator_decorator.py
[2022-11-05T13:56:02.285+1300] {processor.py:756} INFO - Processing file /Users/hirenpatel/Documents/airflow_tutoral/py_env/lib/python3.8/site-packages/airflow/example_dags/example_branch_operator_decorator.py for tasks to queue
[2022-11-05T13:56:02.285+1300] {logging_mixin.py:120} INFO - [2022-11-05T13:56:02.285+1300] {dagbag.py:537} INFO - Filling up the DagBag from /Users/hirenpatel/Documents/airflow_tutoral/py_env/lib/python3.8/site-packages/airflow/example_dags/example_branch_operator_decorator.py
[2022-11-05T13:56:02.327+1300] {processor.py:766} INFO - DAG(s) dict_keys(['example_branch_python_operator_decorator']) retrieved from /Users/hirenpatel/Documents/airflow_tutoral/py_env/lib/python3.8/site-packages/airflow/example_dags/example_branch_operator_decorator.py
[2022-11-05T13:56:02.444+1300] {logging_mixin.py:120} INFO - [2022-11-05T13:56:02.444+1300] {dag.py:2585} INFO - Sync 1 DAGs
[2022-11-05T13:56:02.459+1300] {logging_mixin.py:120} INFO - [2022-11-05T13:56:02.458+1300] {dag.py:3336} INFO - Setting next_dagrun for example_branch_python_operator_decorator to 2022-11-04T00:00:00+00:00, run_after=2022-11-05T00:00:00+00:00
[2022-11-05T13:56:02.473+1300] {processor.py:176} INFO - Processing /Users/hirenpatel/Documents/airflow_tutoral/py_env/lib/python3.8/site-packages/airflow/example_dags/example_branch_operator_decorator.py took 0.193 seconds
[2022-11-05T14:13:24.137+1300] {processor.py:154} INFO - Started process (PID=95361) to work on /Users/hirenpatel/Documents/airflow_tutoral/py_env/lib/python3.8/site-packages/airflow/example_dags/example_branch_operator_decorator.py
[2022-11-05T14:13:24.140+1300] {processor.py:756} INFO - Processing file /Users/hirenpatel/Documents/airflow_tutoral/py_env/lib/python3.8/site-packages/airflow/example_dags/example_branch_operator_decorator.py for tasks to queue
[2022-11-05T14:13:24.141+1300] {logging_mixin.py:120} INFO - [2022-11-05T14:13:24.141+1300] {dagbag.py:537} INFO - Filling up the DagBag from /Users/hirenpatel/Documents/airflow_tutoral/py_env/lib/python3.8/site-packages/airflow/example_dags/example_branch_operator_decorator.py
[2022-11-05T14:13:24.185+1300] {processor.py:766} INFO - DAG(s) dict_keys(['example_branch_python_operator_decorator']) retrieved from /Users/hirenpatel/Documents/airflow_tutoral/py_env/lib/python3.8/site-packages/airflow/example_dags/example_branch_operator_decorator.py
[2022-11-05T14:13:24.293+1300] {logging_mixin.py:120} INFO - [2022-11-05T14:13:24.293+1300] {dag.py:2585} INFO - Sync 1 DAGs
[2022-11-05T14:13:24.304+1300] {logging_mixin.py:120} INFO - [2022-11-05T14:13:24.304+1300] {dag.py:3336} INFO - Setting next_dagrun for example_branch_python_operator_decorator to 2022-11-04T00:00:00+00:00, run_after=2022-11-05T00:00:00+00:00
[2022-11-05T14:13:24.318+1300] {processor.py:176} INFO - Processing /Users/hirenpatel/Documents/airflow_tutoral/py_env/lib/python3.8/site-packages/airflow/example_dags/example_branch_operator_decorator.py took 0.181 seconds
[2022-11-05T14:23:28.998+1300] {processor.py:154} INFO - Started process (PID=95655) to work on /Users/hirenpatel/Documents/airflow_tutoral/py_env/lib/python3.8/site-packages/airflow/example_dags/example_branch_operator_decorator.py
[2022-11-05T14:23:29.002+1300] {processor.py:756} INFO - Processing file /Users/hirenpatel/Documents/airflow_tutoral/py_env/lib/python3.8/site-packages/airflow/example_dags/example_branch_operator_decorator.py for tasks to queue
[2022-11-05T14:23:29.002+1300] {logging_mixin.py:120} INFO - [2022-11-05T14:23:29.002+1300] {dagbag.py:537} INFO - Filling up the DagBag from /Users/hirenpatel/Documents/airflow_tutoral/py_env/lib/python3.8/site-packages/airflow/example_dags/example_branch_operator_decorator.py
[2022-11-05T14:23:29.046+1300] {processor.py:766} INFO - DAG(s) dict_keys(['example_branch_python_operator_decorator']) retrieved from /Users/hirenpatel/Documents/airflow_tutoral/py_env/lib/python3.8/site-packages/airflow/example_dags/example_branch_operator_decorator.py
[2022-11-05T14:23:29.161+1300] {logging_mixin.py:120} INFO - [2022-11-05T14:23:29.161+1300] {dag.py:2585} INFO - Sync 1 DAGs
[2022-11-05T14:23:29.172+1300] {logging_mixin.py:120} INFO - [2022-11-05T14:23:29.172+1300] {dag.py:3336} INFO - Setting next_dagrun for example_branch_python_operator_decorator to 2022-11-04T00:00:00+00:00, run_after=2022-11-05T00:00:00+00:00
[2022-11-05T14:23:29.186+1300] {processor.py:176} INFO - Processing /Users/hirenpatel/Documents/airflow_tutoral/py_env/lib/python3.8/site-packages/airflow/example_dags/example_branch_operator_decorator.py took 0.189 seconds
[2022-11-05T14:33:01.295+1300] {processor.py:154} INFO - Started process (PID=95889) to work on /Users/hirenpatel/Documents/airflow_tutoral/py_env/lib/python3.8/site-packages/airflow/example_dags/example_branch_operator_decorator.py
[2022-11-05T14:33:01.299+1300] {processor.py:756} INFO - Processing file /Users/hirenpatel/Documents/airflow_tutoral/py_env/lib/python3.8/site-packages/airflow/example_dags/example_branch_operator_decorator.py for tasks to queue
[2022-11-05T14:33:01.299+1300] {logging_mixin.py:120} INFO - [2022-11-05T14:33:01.299+1300] {dagbag.py:537} INFO - Filling up the DagBag from /Users/hirenpatel/Documents/airflow_tutoral/py_env/lib/python3.8/site-packages/airflow/example_dags/example_branch_operator_decorator.py
[2022-11-05T14:33:01.342+1300] {processor.py:766} INFO - DAG(s) dict_keys(['example_branch_python_operator_decorator']) retrieved from /Users/hirenpatel/Documents/airflow_tutoral/py_env/lib/python3.8/site-packages/airflow/example_dags/example_branch_operator_decorator.py
[2022-11-05T14:33:01.452+1300] {logging_mixin.py:120} INFO - [2022-11-05T14:33:01.452+1300] {dag.py:2585} INFO - Sync 1 DAGs
[2022-11-05T14:33:01.463+1300] {logging_mixin.py:120} INFO - [2022-11-05T14:33:01.463+1300] {dag.py:3336} INFO - Setting next_dagrun for example_branch_python_operator_decorator to 2022-11-04T00:00:00+00:00, run_after=2022-11-05T00:00:00+00:00
[2022-11-05T14:33:01.477+1300] {processor.py:176} INFO - Processing /Users/hirenpatel/Documents/airflow_tutoral/py_env/lib/python3.8/site-packages/airflow/example_dags/example_branch_operator_decorator.py took 0.182 seconds
[2022-11-05T14:41:40.016+1300] {processor.py:154} INFO - Started process (PID=96121) to work on /Users/hirenpatel/Documents/airflow_tutoral/py_env/lib/python3.8/site-packages/airflow/example_dags/example_branch_operator_decorator.py
[2022-11-05T14:41:40.020+1300] {processor.py:756} INFO - Processing file /Users/hirenpatel/Documents/airflow_tutoral/py_env/lib/python3.8/site-packages/airflow/example_dags/example_branch_operator_decorator.py for tasks to queue
[2022-11-05T14:41:40.021+1300] {logging_mixin.py:120} INFO - [2022-11-05T14:41:40.021+1300] {dagbag.py:537} INFO - Filling up the DagBag from /Users/hirenpatel/Documents/airflow_tutoral/py_env/lib/python3.8/site-packages/airflow/example_dags/example_branch_operator_decorator.py
[2022-11-05T14:41:40.073+1300] {processor.py:766} INFO - DAG(s) dict_keys(['example_branch_python_operator_decorator']) retrieved from /Users/hirenpatel/Documents/airflow_tutoral/py_env/lib/python3.8/site-packages/airflow/example_dags/example_branch_operator_decorator.py
[2022-11-05T14:41:40.226+1300] {logging_mixin.py:120} INFO - [2022-11-05T14:41:40.225+1300] {dag.py:2585} INFO - Sync 1 DAGs
[2022-11-05T14:41:40.243+1300] {logging_mixin.py:120} INFO - [2022-11-05T14:41:40.242+1300] {dag.py:3336} INFO - Setting next_dagrun for example_branch_python_operator_decorator to 2022-11-04T00:00:00+00:00, run_after=2022-11-05T00:00:00+00:00
[2022-11-05T14:41:40.262+1300] {processor.py:176} INFO - Processing /Users/hirenpatel/Documents/airflow_tutoral/py_env/lib/python3.8/site-packages/airflow/example_dags/example_branch_operator_decorator.py took 0.246 seconds
[2022-11-05T14:47:55.464+1300] {processor.py:154} INFO - Started process (PID=96440) to work on /Users/hirenpatel/Documents/airflow_tutoral/py_env/lib/python3.8/site-packages/airflow/example_dags/example_branch_operator_decorator.py
[2022-11-05T14:47:55.468+1300] {processor.py:756} INFO - Processing file /Users/hirenpatel/Documents/airflow_tutoral/py_env/lib/python3.8/site-packages/airflow/example_dags/example_branch_operator_decorator.py for tasks to queue
[2022-11-05T14:47:55.468+1300] {logging_mixin.py:120} INFO - [2022-11-05T14:47:55.468+1300] {dagbag.py:537} INFO - Filling up the DagBag from /Users/hirenpatel/Documents/airflow_tutoral/py_env/lib/python3.8/site-packages/airflow/example_dags/example_branch_operator_decorator.py
[2022-11-05T14:47:55.505+1300] {processor.py:766} INFO - DAG(s) dict_keys(['example_branch_python_operator_decorator']) retrieved from /Users/hirenpatel/Documents/airflow_tutoral/py_env/lib/python3.8/site-packages/airflow/example_dags/example_branch_operator_decorator.py
[2022-11-05T14:47:55.611+1300] {logging_mixin.py:120} INFO - [2022-11-05T14:47:55.611+1300] {dag.py:2585} INFO - Sync 1 DAGs
[2022-11-05T14:47:55.622+1300] {logging_mixin.py:120} INFO - [2022-11-05T14:47:55.622+1300] {dag.py:3336} INFO - Setting next_dagrun for example_branch_python_operator_decorator to 2022-11-04T00:00:00+00:00, run_after=2022-11-05T00:00:00+00:00
[2022-11-05T14:47:55.639+1300] {processor.py:176} INFO - Processing /Users/hirenpatel/Documents/airflow_tutoral/py_env/lib/python3.8/site-packages/airflow/example_dags/example_branch_operator_decorator.py took 0.175 seconds
[2022-11-05T15:05:03.957+1300] {processor.py:154} INFO - Started process (PID=96771) to work on /Users/hirenpatel/Documents/airflow_tutoral/py_env/lib/python3.8/site-packages/airflow/example_dags/example_branch_operator_decorator.py
[2022-11-05T15:05:03.961+1300] {processor.py:756} INFO - Processing file /Users/hirenpatel/Documents/airflow_tutoral/py_env/lib/python3.8/site-packages/airflow/example_dags/example_branch_operator_decorator.py for tasks to queue
[2022-11-05T15:05:03.961+1300] {logging_mixin.py:120} INFO - [2022-11-05T15:05:03.961+1300] {dagbag.py:537} INFO - Filling up the DagBag from /Users/hirenpatel/Documents/airflow_tutoral/py_env/lib/python3.8/site-packages/airflow/example_dags/example_branch_operator_decorator.py
[2022-11-05T15:05:04.011+1300] {processor.py:766} INFO - DAG(s) dict_keys(['example_branch_python_operator_decorator']) retrieved from /Users/hirenpatel/Documents/airflow_tutoral/py_env/lib/python3.8/site-packages/airflow/example_dags/example_branch_operator_decorator.py
[2022-11-05T15:05:04.137+1300] {logging_mixin.py:120} INFO - [2022-11-05T15:05:04.136+1300] {dag.py:2585} INFO - Sync 1 DAGs
[2022-11-05T15:05:04.149+1300] {logging_mixin.py:120} INFO - [2022-11-05T15:05:04.148+1300] {dag.py:3336} INFO - Setting next_dagrun for example_branch_python_operator_decorator to 2022-11-04T00:00:00+00:00, run_after=2022-11-05T00:00:00+00:00
[2022-11-05T15:05:04.165+1300] {processor.py:176} INFO - Processing /Users/hirenpatel/Documents/airflow_tutoral/py_env/lib/python3.8/site-packages/airflow/example_dags/example_branch_operator_decorator.py took 0.208 seconds
[2022-11-05T15:19:18.287+1300] {processor.py:154} INFO - Started process (PID=97124) to work on /Users/hirenpatel/Documents/airflow_tutoral/py_env/lib/python3.8/site-packages/airflow/example_dags/example_branch_operator_decorator.py
[2022-11-05T15:19:18.296+1300] {processor.py:756} INFO - Processing file /Users/hirenpatel/Documents/airflow_tutoral/py_env/lib/python3.8/site-packages/airflow/example_dags/example_branch_operator_decorator.py for tasks to queue
[2022-11-05T15:19:18.296+1300] {logging_mixin.py:120} INFO - [2022-11-05T15:19:18.296+1300] {dagbag.py:537} INFO - Filling up the DagBag from /Users/hirenpatel/Documents/airflow_tutoral/py_env/lib/python3.8/site-packages/airflow/example_dags/example_branch_operator_decorator.py
[2022-11-05T15:19:18.345+1300] {processor.py:766} INFO - DAG(s) dict_keys(['example_branch_python_operator_decorator']) retrieved from /Users/hirenpatel/Documents/airflow_tutoral/py_env/lib/python3.8/site-packages/airflow/example_dags/example_branch_operator_decorator.py
[2022-11-05T15:19:18.459+1300] {logging_mixin.py:120} INFO - [2022-11-05T15:19:18.459+1300] {dag.py:2585} INFO - Sync 1 DAGs
[2022-11-05T15:19:18.473+1300] {logging_mixin.py:120} INFO - [2022-11-05T15:19:18.473+1300] {dag.py:3336} INFO - Setting next_dagrun for example_branch_python_operator_decorator to 2022-11-04T00:00:00+00:00, run_after=2022-11-05T00:00:00+00:00
[2022-11-05T15:19:18.490+1300] {processor.py:176} INFO - Processing /Users/hirenpatel/Documents/airflow_tutoral/py_env/lib/python3.8/site-packages/airflow/example_dags/example_branch_operator_decorator.py took 0.204 seconds
[2022-11-05T15:35:49.578+1300] {processor.py:154} INFO - Started process (PID=97446) to work on /Users/hirenpatel/Documents/airflow_tutoral/py_env/lib/python3.8/site-packages/airflow/example_dags/example_branch_operator_decorator.py
[2022-11-05T15:35:49.582+1300] {processor.py:756} INFO - Processing file /Users/hirenpatel/Documents/airflow_tutoral/py_env/lib/python3.8/site-packages/airflow/example_dags/example_branch_operator_decorator.py for tasks to queue
[2022-11-05T15:35:49.583+1300] {logging_mixin.py:120} INFO - [2022-11-05T15:35:49.583+1300] {dagbag.py:537} INFO - Filling up the DagBag from /Users/hirenpatel/Documents/airflow_tutoral/py_env/lib/python3.8/site-packages/airflow/example_dags/example_branch_operator_decorator.py
[2022-11-05T15:35:49.634+1300] {processor.py:766} INFO - DAG(s) dict_keys(['example_branch_python_operator_decorator']) retrieved from /Users/hirenpatel/Documents/airflow_tutoral/py_env/lib/python3.8/site-packages/airflow/example_dags/example_branch_operator_decorator.py
[2022-11-05T15:35:49.777+1300] {logging_mixin.py:120} INFO - [2022-11-05T15:35:49.777+1300] {dag.py:2585} INFO - Sync 1 DAGs
[2022-11-05T15:35:49.792+1300] {logging_mixin.py:120} INFO - [2022-11-05T15:35:49.792+1300] {dag.py:3336} INFO - Setting next_dagrun for example_branch_python_operator_decorator to 2022-11-04T00:00:00+00:00, run_after=2022-11-05T00:00:00+00:00
[2022-11-05T15:35:49.807+1300] {processor.py:176} INFO - Processing /Users/hirenpatel/Documents/airflow_tutoral/py_env/lib/python3.8/site-packages/airflow/example_dags/example_branch_operator_decorator.py took 0.230 seconds
[2022-11-05T15:52:16.353+1300] {processor.py:154} INFO - Started process (PID=97672) to work on /Users/hirenpatel/Documents/airflow_tutoral/py_env/lib/python3.8/site-packages/airflow/example_dags/example_branch_operator_decorator.py
[2022-11-05T15:52:16.420+1300] {processor.py:756} INFO - Processing file /Users/hirenpatel/Documents/airflow_tutoral/py_env/lib/python3.8/site-packages/airflow/example_dags/example_branch_operator_decorator.py for tasks to queue
[2022-11-05T15:52:16.421+1300] {logging_mixin.py:120} INFO - [2022-11-05T15:52:16.421+1300] {dagbag.py:537} INFO - Filling up the DagBag from /Users/hirenpatel/Documents/airflow_tutoral/py_env/lib/python3.8/site-packages/airflow/example_dags/example_branch_operator_decorator.py
[2022-11-05T15:52:16.485+1300] {processor.py:766} INFO - DAG(s) dict_keys(['example_branch_python_operator_decorator']) retrieved from /Users/hirenpatel/Documents/airflow_tutoral/py_env/lib/python3.8/site-packages/airflow/example_dags/example_branch_operator_decorator.py
[2022-11-05T15:52:16.643+1300] {logging_mixin.py:120} INFO - [2022-11-05T15:52:16.643+1300] {dag.py:2585} INFO - Sync 1 DAGs
[2022-11-05T15:52:16.656+1300] {logging_mixin.py:120} INFO - [2022-11-05T15:52:16.656+1300] {dag.py:3336} INFO - Setting next_dagrun for example_branch_python_operator_decorator to 2022-11-04T00:00:00+00:00, run_after=2022-11-05T00:00:00+00:00
[2022-11-05T15:52:16.671+1300] {processor.py:176} INFO - Processing /Users/hirenpatel/Documents/airflow_tutoral/py_env/lib/python3.8/site-packages/airflow/example_dags/example_branch_operator_decorator.py took 0.319 seconds
[2022-11-05T15:57:46.024+1300] {processor.py:154} INFO - Started process (PID=97928) to work on /Users/hirenpatel/Documents/airflow_tutoral/py_env/lib/python3.8/site-packages/airflow/example_dags/example_branch_operator_decorator.py
[2022-11-05T15:57:46.027+1300] {processor.py:756} INFO - Processing file /Users/hirenpatel/Documents/airflow_tutoral/py_env/lib/python3.8/site-packages/airflow/example_dags/example_branch_operator_decorator.py for tasks to queue
[2022-11-05T15:57:46.028+1300] {logging_mixin.py:120} INFO - [2022-11-05T15:57:46.028+1300] {dagbag.py:537} INFO - Filling up the DagBag from /Users/hirenpatel/Documents/airflow_tutoral/py_env/lib/python3.8/site-packages/airflow/example_dags/example_branch_operator_decorator.py
[2022-11-05T15:57:46.066+1300] {processor.py:766} INFO - DAG(s) dict_keys(['example_branch_python_operator_decorator']) retrieved from /Users/hirenpatel/Documents/airflow_tutoral/py_env/lib/python3.8/site-packages/airflow/example_dags/example_branch_operator_decorator.py
[2022-11-05T15:57:46.170+1300] {logging_mixin.py:120} INFO - [2022-11-05T15:57:46.170+1300] {dag.py:2585} INFO - Sync 1 DAGs
[2022-11-05T15:57:46.180+1300] {logging_mixin.py:120} INFO - [2022-11-05T15:57:46.180+1300] {dag.py:3336} INFO - Setting next_dagrun for example_branch_python_operator_decorator to 2022-11-04T00:00:00+00:00, run_after=2022-11-05T00:00:00+00:00
[2022-11-05T15:57:46.193+1300] {processor.py:176} INFO - Processing /Users/hirenpatel/Documents/airflow_tutoral/py_env/lib/python3.8/site-packages/airflow/example_dags/example_branch_operator_decorator.py took 0.170 seconds
[2022-11-05T16:09:20.166+1300] {processor.py:154} INFO - Started process (PID=98185) to work on /Users/hirenpatel/Documents/airflow_tutoral/py_env/lib/python3.8/site-packages/airflow/example_dags/example_branch_operator_decorator.py
[2022-11-05T16:09:20.171+1300] {processor.py:756} INFO - Processing file /Users/hirenpatel/Documents/airflow_tutoral/py_env/lib/python3.8/site-packages/airflow/example_dags/example_branch_operator_decorator.py for tasks to queue
[2022-11-05T16:09:20.171+1300] {logging_mixin.py:120} INFO - [2022-11-05T16:09:20.171+1300] {dagbag.py:537} INFO - Filling up the DagBag from /Users/hirenpatel/Documents/airflow_tutoral/py_env/lib/python3.8/site-packages/airflow/example_dags/example_branch_operator_decorator.py
[2022-11-05T16:09:20.210+1300] {processor.py:766} INFO - DAG(s) dict_keys(['example_branch_python_operator_decorator']) retrieved from /Users/hirenpatel/Documents/airflow_tutoral/py_env/lib/python3.8/site-packages/airflow/example_dags/example_branch_operator_decorator.py
[2022-11-05T16:09:20.319+1300] {logging_mixin.py:120} INFO - [2022-11-05T16:09:20.319+1300] {dag.py:2585} INFO - Sync 1 DAGs
[2022-11-05T16:09:20.331+1300] {logging_mixin.py:120} INFO - [2022-11-05T16:09:20.331+1300] {dag.py:3336} INFO - Setting next_dagrun for example_branch_python_operator_decorator to 2022-11-04T00:00:00+00:00, run_after=2022-11-05T00:00:00+00:00
[2022-11-05T16:09:20.345+1300] {processor.py:176} INFO - Processing /Users/hirenpatel/Documents/airflow_tutoral/py_env/lib/python3.8/site-packages/airflow/example_dags/example_branch_operator_decorator.py took 0.180 seconds
[2022-11-05T17:19:44.049+1300] {processor.py:154} INFO - Started process (PID=98595) to work on /Users/hirenpatel/Documents/airflow_tutoral/py_env/lib/python3.8/site-packages/airflow/example_dags/example_branch_operator_decorator.py
[2022-11-05T17:19:44.053+1300] {processor.py:756} INFO - Processing file /Users/hirenpatel/Documents/airflow_tutoral/py_env/lib/python3.8/site-packages/airflow/example_dags/example_branch_operator_decorator.py for tasks to queue
[2022-11-05T17:19:44.054+1300] {logging_mixin.py:120} INFO - [2022-11-05T17:19:44.053+1300] {dagbag.py:537} INFO - Filling up the DagBag from /Users/hirenpatel/Documents/airflow_tutoral/py_env/lib/python3.8/site-packages/airflow/example_dags/example_branch_operator_decorator.py
[2022-11-05T17:19:44.104+1300] {processor.py:766} INFO - DAG(s) dict_keys(['example_branch_python_operator_decorator']) retrieved from /Users/hirenpatel/Documents/airflow_tutoral/py_env/lib/python3.8/site-packages/airflow/example_dags/example_branch_operator_decorator.py
[2022-11-05T17:19:44.273+1300] {logging_mixin.py:120} INFO - [2022-11-05T17:19:44.273+1300] {dag.py:2585} INFO - Sync 1 DAGs
[2022-11-05T17:19:44.286+1300] {logging_mixin.py:120} INFO - [2022-11-05T17:19:44.285+1300] {dag.py:3336} INFO - Setting next_dagrun for example_branch_python_operator_decorator to 2022-11-04T00:00:00+00:00, run_after=2022-11-05T00:00:00+00:00
[2022-11-05T17:19:44.301+1300] {processor.py:176} INFO - Processing /Users/hirenpatel/Documents/airflow_tutoral/py_env/lib/python3.8/site-packages/airflow/example_dags/example_branch_operator_decorator.py took 0.253 seconds
[2022-11-05T17:33:46.551+1300] {processor.py:154} INFO - Started process (PID=98804) to work on /Users/hirenpatel/Documents/airflow_tutoral/py_env/lib/python3.8/site-packages/airflow/example_dags/example_branch_operator_decorator.py
[2022-11-05T17:33:46.555+1300] {processor.py:756} INFO - Processing file /Users/hirenpatel/Documents/airflow_tutoral/py_env/lib/python3.8/site-packages/airflow/example_dags/example_branch_operator_decorator.py for tasks to queue
[2022-11-05T17:33:46.555+1300] {logging_mixin.py:120} INFO - [2022-11-05T17:33:46.555+1300] {dagbag.py:537} INFO - Filling up the DagBag from /Users/hirenpatel/Documents/airflow_tutoral/py_env/lib/python3.8/site-packages/airflow/example_dags/example_branch_operator_decorator.py
[2022-11-05T17:33:46.597+1300] {processor.py:766} INFO - DAG(s) dict_keys(['example_branch_python_operator_decorator']) retrieved from /Users/hirenpatel/Documents/airflow_tutoral/py_env/lib/python3.8/site-packages/airflow/example_dags/example_branch_operator_decorator.py
[2022-11-05T17:33:46.707+1300] {logging_mixin.py:120} INFO - [2022-11-05T17:33:46.706+1300] {dag.py:2585} INFO - Sync 1 DAGs
[2022-11-05T17:33:46.717+1300] {logging_mixin.py:120} INFO - [2022-11-05T17:33:46.717+1300] {dag.py:3336} INFO - Setting next_dagrun for example_branch_python_operator_decorator to 2022-11-04T00:00:00+00:00, run_after=2022-11-05T00:00:00+00:00
[2022-11-05T17:33:46.731+1300] {processor.py:176} INFO - Processing /Users/hirenpatel/Documents/airflow_tutoral/py_env/lib/python3.8/site-packages/airflow/example_dags/example_branch_operator_decorator.py took 0.180 seconds
[2022-11-05T17:56:57.869+1300] {processor.py:154} INFO - Started process (PID=99020) to work on /Users/hirenpatel/Documents/airflow_tutoral/py_env/lib/python3.8/site-packages/airflow/example_dags/example_branch_operator_decorator.py
[2022-11-05T17:56:57.873+1300] {processor.py:756} INFO - Processing file /Users/hirenpatel/Documents/airflow_tutoral/py_env/lib/python3.8/site-packages/airflow/example_dags/example_branch_operator_decorator.py for tasks to queue
[2022-11-05T17:56:57.873+1300] {logging_mixin.py:120} INFO - [2022-11-05T17:56:57.873+1300] {dagbag.py:537} INFO - Filling up the DagBag from /Users/hirenpatel/Documents/airflow_tutoral/py_env/lib/python3.8/site-packages/airflow/example_dags/example_branch_operator_decorator.py
[2022-11-05T17:56:57.914+1300] {processor.py:766} INFO - DAG(s) dict_keys(['example_branch_python_operator_decorator']) retrieved from /Users/hirenpatel/Documents/airflow_tutoral/py_env/lib/python3.8/site-packages/airflow/example_dags/example_branch_operator_decorator.py
[2022-11-05T17:56:58.023+1300] {logging_mixin.py:120} INFO - [2022-11-05T17:56:58.023+1300] {dag.py:2585} INFO - Sync 1 DAGs
[2022-11-05T17:56:58.034+1300] {logging_mixin.py:120} INFO - [2022-11-05T17:56:58.034+1300] {dag.py:3336} INFO - Setting next_dagrun for example_branch_python_operator_decorator to 2022-11-04T00:00:00+00:00, run_after=2022-11-05T00:00:00+00:00
[2022-11-05T17:56:58.049+1300] {processor.py:176} INFO - Processing /Users/hirenpatel/Documents/airflow_tutoral/py_env/lib/python3.8/site-packages/airflow/example_dags/example_branch_operator_decorator.py took 0.180 seconds
[2022-11-05T18:01:52.167+1300] {processor.py:154} INFO - Started process (PID=99269) to work on /Users/hirenpatel/Documents/airflow_tutoral/py_env/lib/python3.8/site-packages/airflow/example_dags/example_branch_operator_decorator.py
[2022-11-05T18:01:52.171+1300] {processor.py:756} INFO - Processing file /Users/hirenpatel/Documents/airflow_tutoral/py_env/lib/python3.8/site-packages/airflow/example_dags/example_branch_operator_decorator.py for tasks to queue
[2022-11-05T18:01:52.171+1300] {logging_mixin.py:120} INFO - [2022-11-05T18:01:52.171+1300] {dagbag.py:537} INFO - Filling up the DagBag from /Users/hirenpatel/Documents/airflow_tutoral/py_env/lib/python3.8/site-packages/airflow/example_dags/example_branch_operator_decorator.py
[2022-11-05T18:01:52.213+1300] {processor.py:766} INFO - DAG(s) dict_keys(['example_branch_python_operator_decorator']) retrieved from /Users/hirenpatel/Documents/airflow_tutoral/py_env/lib/python3.8/site-packages/airflow/example_dags/example_branch_operator_decorator.py
[2022-11-05T18:01:52.320+1300] {logging_mixin.py:120} INFO - [2022-11-05T18:01:52.320+1300] {dag.py:2585} INFO - Sync 1 DAGs
[2022-11-05T18:01:52.331+1300] {logging_mixin.py:120} INFO - [2022-11-05T18:01:52.331+1300] {dag.py:3336} INFO - Setting next_dagrun for example_branch_python_operator_decorator to 2022-11-04T00:00:00+00:00, run_after=2022-11-05T00:00:00+00:00
[2022-11-05T18:01:52.347+1300] {processor.py:176} INFO - Processing /Users/hirenpatel/Documents/airflow_tutoral/py_env/lib/python3.8/site-packages/airflow/example_dags/example_branch_operator_decorator.py took 0.180 seconds
[2022-11-05T18:13:02.724+1300] {processor.py:154} INFO - Started process (PID=492) to work on /Users/hirenpatel/Documents/airflow_tutoral/py_env/lib/python3.8/site-packages/airflow/example_dags/example_branch_operator_decorator.py
[2022-11-05T18:13:02.728+1300] {processor.py:756} INFO - Processing file /Users/hirenpatel/Documents/airflow_tutoral/py_env/lib/python3.8/site-packages/airflow/example_dags/example_branch_operator_decorator.py for tasks to queue
[2022-11-05T18:13:02.728+1300] {logging_mixin.py:120} INFO - [2022-11-05T18:13:02.728+1300] {dagbag.py:537} INFO - Filling up the DagBag from /Users/hirenpatel/Documents/airflow_tutoral/py_env/lib/python3.8/site-packages/airflow/example_dags/example_branch_operator_decorator.py
[2022-11-05T18:13:02.770+1300] {processor.py:766} INFO - DAG(s) dict_keys(['example_branch_python_operator_decorator']) retrieved from /Users/hirenpatel/Documents/airflow_tutoral/py_env/lib/python3.8/site-packages/airflow/example_dags/example_branch_operator_decorator.py
[2022-11-05T18:13:02.884+1300] {logging_mixin.py:120} INFO - [2022-11-05T18:13:02.884+1300] {dag.py:2585} INFO - Sync 1 DAGs
[2022-11-05T18:13:02.895+1300] {logging_mixin.py:120} INFO - [2022-11-05T18:13:02.895+1300] {dag.py:3336} INFO - Setting next_dagrun for example_branch_python_operator_decorator to 2022-11-04T00:00:00+00:00, run_after=2022-11-05T00:00:00+00:00
[2022-11-05T18:13:02.909+1300] {processor.py:176} INFO - Processing /Users/hirenpatel/Documents/airflow_tutoral/py_env/lib/python3.8/site-packages/airflow/example_dags/example_branch_operator_decorator.py took 0.186 seconds
[2022-11-05T18:16:16.427+1300] {processor.py:154} INFO - Started process (PID=764) to work on /Users/hirenpatel/Documents/airflow_tutoral/py_env/lib/python3.8/site-packages/airflow/example_dags/example_branch_operator_decorator.py
[2022-11-05T18:16:16.431+1300] {processor.py:756} INFO - Processing file /Users/hirenpatel/Documents/airflow_tutoral/py_env/lib/python3.8/site-packages/airflow/example_dags/example_branch_operator_decorator.py for tasks to queue
[2022-11-05T18:16:16.432+1300] {logging_mixin.py:120} INFO - [2022-11-05T18:16:16.432+1300] {dagbag.py:537} INFO - Filling up the DagBag from /Users/hirenpatel/Documents/airflow_tutoral/py_env/lib/python3.8/site-packages/airflow/example_dags/example_branch_operator_decorator.py
[2022-11-05T18:16:16.475+1300] {processor.py:766} INFO - DAG(s) dict_keys(['example_branch_python_operator_decorator']) retrieved from /Users/hirenpatel/Documents/airflow_tutoral/py_env/lib/python3.8/site-packages/airflow/example_dags/example_branch_operator_decorator.py
[2022-11-05T18:16:16.588+1300] {logging_mixin.py:120} INFO - [2022-11-05T18:16:16.588+1300] {dag.py:2585} INFO - Sync 1 DAGs
[2022-11-05T18:16:16.600+1300] {logging_mixin.py:120} INFO - [2022-11-05T18:16:16.599+1300] {dag.py:3336} INFO - Setting next_dagrun for example_branch_python_operator_decorator to 2022-11-04T00:00:00+00:00, run_after=2022-11-05T00:00:00+00:00
[2022-11-05T18:16:16.614+1300] {processor.py:176} INFO - Processing /Users/hirenpatel/Documents/airflow_tutoral/py_env/lib/python3.8/site-packages/airflow/example_dags/example_branch_operator_decorator.py took 0.188 seconds
[2022-11-05T18:19:03.703+1300] {processor.py:154} INFO - Started process (PID=1022) to work on /Users/hirenpatel/Documents/airflow_tutoral/py_env/lib/python3.8/site-packages/airflow/example_dags/example_branch_operator_decorator.py
[2022-11-05T18:19:03.707+1300] {processor.py:756} INFO - Processing file /Users/hirenpatel/Documents/airflow_tutoral/py_env/lib/python3.8/site-packages/airflow/example_dags/example_branch_operator_decorator.py for tasks to queue
[2022-11-05T18:19:03.707+1300] {logging_mixin.py:120} INFO - [2022-11-05T18:19:03.707+1300] {dagbag.py:537} INFO - Filling up the DagBag from /Users/hirenpatel/Documents/airflow_tutoral/py_env/lib/python3.8/site-packages/airflow/example_dags/example_branch_operator_decorator.py
[2022-11-05T18:19:03.751+1300] {processor.py:766} INFO - DAG(s) dict_keys(['example_branch_python_operator_decorator']) retrieved from /Users/hirenpatel/Documents/airflow_tutoral/py_env/lib/python3.8/site-packages/airflow/example_dags/example_branch_operator_decorator.py
[2022-11-05T18:19:03.859+1300] {logging_mixin.py:120} INFO - [2022-11-05T18:19:03.859+1300] {dag.py:2585} INFO - Sync 1 DAGs
[2022-11-05T18:19:03.871+1300] {logging_mixin.py:120} INFO - [2022-11-05T18:19:03.871+1300] {dag.py:3336} INFO - Setting next_dagrun for example_branch_python_operator_decorator to 2022-11-04T00:00:00+00:00, run_after=2022-11-05T00:00:00+00:00
[2022-11-05T18:19:03.885+1300] {processor.py:176} INFO - Processing /Users/hirenpatel/Documents/airflow_tutoral/py_env/lib/python3.8/site-packages/airflow/example_dags/example_branch_operator_decorator.py took 0.183 seconds
[2022-11-05T18:40:54.220+1300] {processor.py:154} INFO - Started process (PID=1335) to work on /Users/hirenpatel/Documents/airflow_tutoral/py_env/lib/python3.8/site-packages/airflow/example_dags/example_branch_operator_decorator.py
[2022-11-05T18:40:54.225+1300] {processor.py:756} INFO - Processing file /Users/hirenpatel/Documents/airflow_tutoral/py_env/lib/python3.8/site-packages/airflow/example_dags/example_branch_operator_decorator.py for tasks to queue
[2022-11-05T18:40:54.225+1300] {logging_mixin.py:120} INFO - [2022-11-05T18:40:54.225+1300] {dagbag.py:537} INFO - Filling up the DagBag from /Users/hirenpatel/Documents/airflow_tutoral/py_env/lib/python3.8/site-packages/airflow/example_dags/example_branch_operator_decorator.py
[2022-11-05T18:40:54.268+1300] {processor.py:766} INFO - DAG(s) dict_keys(['example_branch_python_operator_decorator']) retrieved from /Users/hirenpatel/Documents/airflow_tutoral/py_env/lib/python3.8/site-packages/airflow/example_dags/example_branch_operator_decorator.py
[2022-11-05T18:40:54.388+1300] {logging_mixin.py:120} INFO - [2022-11-05T18:40:54.388+1300] {dag.py:2585} INFO - Sync 1 DAGs
[2022-11-05T18:40:54.399+1300] {logging_mixin.py:120} INFO - [2022-11-05T18:40:54.399+1300] {dag.py:3336} INFO - Setting next_dagrun for example_branch_python_operator_decorator to 2022-11-04T00:00:00+00:00, run_after=2022-11-05T00:00:00+00:00
[2022-11-05T18:40:54.412+1300] {processor.py:176} INFO - Processing /Users/hirenpatel/Documents/airflow_tutoral/py_env/lib/python3.8/site-packages/airflow/example_dags/example_branch_operator_decorator.py took 0.192 seconds
[2022-11-05T18:51:42.252+1300] {processor.py:154} INFO - Started process (PID=1550) to work on /Users/hirenpatel/Documents/airflow_tutoral/py_env/lib/python3.8/site-packages/airflow/example_dags/example_branch_operator_decorator.py
[2022-11-05T18:51:42.256+1300] {processor.py:756} INFO - Processing file /Users/hirenpatel/Documents/airflow_tutoral/py_env/lib/python3.8/site-packages/airflow/example_dags/example_branch_operator_decorator.py for tasks to queue
[2022-11-05T18:51:42.256+1300] {logging_mixin.py:120} INFO - [2022-11-05T18:51:42.256+1300] {dagbag.py:537} INFO - Filling up the DagBag from /Users/hirenpatel/Documents/airflow_tutoral/py_env/lib/python3.8/site-packages/airflow/example_dags/example_branch_operator_decorator.py
[2022-11-05T18:51:42.304+1300] {processor.py:766} INFO - DAG(s) dict_keys(['example_branch_python_operator_decorator']) retrieved from /Users/hirenpatel/Documents/airflow_tutoral/py_env/lib/python3.8/site-packages/airflow/example_dags/example_branch_operator_decorator.py
[2022-11-05T18:51:42.414+1300] {logging_mixin.py:120} INFO - [2022-11-05T18:51:42.414+1300] {dag.py:2585} INFO - Sync 1 DAGs
[2022-11-05T18:51:42.425+1300] {logging_mixin.py:120} INFO - [2022-11-05T18:51:42.424+1300] {dag.py:3336} INFO - Setting next_dagrun for example_branch_python_operator_decorator to 2022-11-04T00:00:00+00:00, run_after=2022-11-05T00:00:00+00:00
[2022-11-05T18:51:42.439+1300] {processor.py:176} INFO - Processing /Users/hirenpatel/Documents/airflow_tutoral/py_env/lib/python3.8/site-packages/airflow/example_dags/example_branch_operator_decorator.py took 0.187 seconds
[2022-11-05T18:55:04.983+1300] {processor.py:154} INFO - Started process (PID=1793) to work on /Users/hirenpatel/Documents/airflow_tutoral/py_env/lib/python3.8/site-packages/airflow/example_dags/example_branch_operator_decorator.py
[2022-11-05T18:55:04.987+1300] {processor.py:756} INFO - Processing file /Users/hirenpatel/Documents/airflow_tutoral/py_env/lib/python3.8/site-packages/airflow/example_dags/example_branch_operator_decorator.py for tasks to queue
[2022-11-05T18:55:04.987+1300] {logging_mixin.py:120} INFO - [2022-11-05T18:55:04.987+1300] {dagbag.py:537} INFO - Filling up the DagBag from /Users/hirenpatel/Documents/airflow_tutoral/py_env/lib/python3.8/site-packages/airflow/example_dags/example_branch_operator_decorator.py
[2022-11-05T18:55:05.029+1300] {processor.py:766} INFO - DAG(s) dict_keys(['example_branch_python_operator_decorator']) retrieved from /Users/hirenpatel/Documents/airflow_tutoral/py_env/lib/python3.8/site-packages/airflow/example_dags/example_branch_operator_decorator.py
[2022-11-05T18:55:05.140+1300] {logging_mixin.py:120} INFO - [2022-11-05T18:55:05.140+1300] {dag.py:2585} INFO - Sync 1 DAGs
[2022-11-05T18:55:05.152+1300] {logging_mixin.py:120} INFO - [2022-11-05T18:55:05.152+1300] {dag.py:3336} INFO - Setting next_dagrun for example_branch_python_operator_decorator to 2022-11-04T00:00:00+00:00, run_after=2022-11-05T00:00:00+00:00
[2022-11-05T18:55:05.166+1300] {processor.py:176} INFO - Processing /Users/hirenpatel/Documents/airflow_tutoral/py_env/lib/python3.8/site-packages/airflow/example_dags/example_branch_operator_decorator.py took 0.184 seconds
[2022-11-05T18:58:07.899+1300] {processor.py:154} INFO - Started process (PID=2063) to work on /Users/hirenpatel/Documents/airflow_tutoral/py_env/lib/python3.8/site-packages/airflow/example_dags/example_branch_operator_decorator.py
[2022-11-05T18:58:07.903+1300] {processor.py:756} INFO - Processing file /Users/hirenpatel/Documents/airflow_tutoral/py_env/lib/python3.8/site-packages/airflow/example_dags/example_branch_operator_decorator.py for tasks to queue
[2022-11-05T18:58:07.903+1300] {logging_mixin.py:120} INFO - [2022-11-05T18:58:07.903+1300] {dagbag.py:537} INFO - Filling up the DagBag from /Users/hirenpatel/Documents/airflow_tutoral/py_env/lib/python3.8/site-packages/airflow/example_dags/example_branch_operator_decorator.py
[2022-11-05T18:58:07.944+1300] {processor.py:766} INFO - DAG(s) dict_keys(['example_branch_python_operator_decorator']) retrieved from /Users/hirenpatel/Documents/airflow_tutoral/py_env/lib/python3.8/site-packages/airflow/example_dags/example_branch_operator_decorator.py
[2022-11-05T18:58:08.051+1300] {logging_mixin.py:120} INFO - [2022-11-05T18:58:08.051+1300] {dag.py:2585} INFO - Sync 1 DAGs
[2022-11-05T18:58:08.062+1300] {logging_mixin.py:120} INFO - [2022-11-05T18:58:08.062+1300] {dag.py:3336} INFO - Setting next_dagrun for example_branch_python_operator_decorator to 2022-11-04T00:00:00+00:00, run_after=2022-11-05T00:00:00+00:00
[2022-11-05T18:58:08.075+1300] {processor.py:176} INFO - Processing /Users/hirenpatel/Documents/airflow_tutoral/py_env/lib/python3.8/site-packages/airflow/example_dags/example_branch_operator_decorator.py took 0.177 seconds
[2022-11-05T19:05:27.526+1300] {processor.py:154} INFO - Started process (PID=2372) to work on /Users/hirenpatel/Documents/airflow_tutoral/py_env/lib/python3.8/site-packages/airflow/example_dags/example_branch_operator_decorator.py
[2022-11-05T19:05:27.529+1300] {processor.py:756} INFO - Processing file /Users/hirenpatel/Documents/airflow_tutoral/py_env/lib/python3.8/site-packages/airflow/example_dags/example_branch_operator_decorator.py for tasks to queue
[2022-11-05T19:05:27.530+1300] {logging_mixin.py:120} INFO - [2022-11-05T19:05:27.530+1300] {dagbag.py:537} INFO - Filling up the DagBag from /Users/hirenpatel/Documents/airflow_tutoral/py_env/lib/python3.8/site-packages/airflow/example_dags/example_branch_operator_decorator.py
[2022-11-05T19:05:27.569+1300] {processor.py:766} INFO - DAG(s) dict_keys(['example_branch_python_operator_decorator']) retrieved from /Users/hirenpatel/Documents/airflow_tutoral/py_env/lib/python3.8/site-packages/airflow/example_dags/example_branch_operator_decorator.py
[2022-11-05T19:05:27.675+1300] {logging_mixin.py:120} INFO - [2022-11-05T19:05:27.675+1300] {dag.py:2585} INFO - Sync 1 DAGs
[2022-11-05T19:05:27.687+1300] {logging_mixin.py:120} INFO - [2022-11-05T19:05:27.686+1300] {dag.py:3336} INFO - Setting next_dagrun for example_branch_python_operator_decorator to 2022-11-04T00:00:00+00:00, run_after=2022-11-05T00:00:00+00:00
[2022-11-05T19:05:27.700+1300] {processor.py:176} INFO - Processing /Users/hirenpatel/Documents/airflow_tutoral/py_env/lib/python3.8/site-packages/airflow/example_dags/example_branch_operator_decorator.py took 0.175 seconds
[2022-11-05T19:15:23.174+1300] {processor.py:154} INFO - Started process (PID=2642) to work on /Users/hirenpatel/Documents/airflow_tutoral/py_env/lib/python3.8/site-packages/airflow/example_dags/example_branch_operator_decorator.py
[2022-11-05T19:15:23.177+1300] {processor.py:756} INFO - Processing file /Users/hirenpatel/Documents/airflow_tutoral/py_env/lib/python3.8/site-packages/airflow/example_dags/example_branch_operator_decorator.py for tasks to queue
[2022-11-05T19:15:23.178+1300] {logging_mixin.py:120} INFO - [2022-11-05T19:15:23.178+1300] {dagbag.py:537} INFO - Filling up the DagBag from /Users/hirenpatel/Documents/airflow_tutoral/py_env/lib/python3.8/site-packages/airflow/example_dags/example_branch_operator_decorator.py
[2022-11-05T19:15:23.217+1300] {processor.py:766} INFO - DAG(s) dict_keys(['example_branch_python_operator_decorator']) retrieved from /Users/hirenpatel/Documents/airflow_tutoral/py_env/lib/python3.8/site-packages/airflow/example_dags/example_branch_operator_decorator.py
[2022-11-05T19:15:23.335+1300] {logging_mixin.py:120} INFO - [2022-11-05T19:15:23.335+1300] {dag.py:2585} INFO - Sync 1 DAGs
[2022-11-05T19:15:23.349+1300] {logging_mixin.py:120} INFO - [2022-11-05T19:15:23.349+1300] {dag.py:3336} INFO - Setting next_dagrun for example_branch_python_operator_decorator to 2022-11-04T00:00:00+00:00, run_after=2022-11-05T00:00:00+00:00
[2022-11-05T19:15:23.368+1300] {processor.py:176} INFO - Processing /Users/hirenpatel/Documents/airflow_tutoral/py_env/lib/python3.8/site-packages/airflow/example_dags/example_branch_operator_decorator.py took 0.195 seconds
[2022-11-05T19:22:45.430+1300] {processor.py:154} INFO - Started process (PID=2859) to work on /Users/hirenpatel/Documents/airflow_tutoral/py_env/lib/python3.8/site-packages/airflow/example_dags/example_branch_operator_decorator.py
[2022-11-05T19:22:45.434+1300] {processor.py:756} INFO - Processing file /Users/hirenpatel/Documents/airflow_tutoral/py_env/lib/python3.8/site-packages/airflow/example_dags/example_branch_operator_decorator.py for tasks to queue
[2022-11-05T19:22:45.434+1300] {logging_mixin.py:120} INFO - [2022-11-05T19:22:45.434+1300] {dagbag.py:537} INFO - Filling up the DagBag from /Users/hirenpatel/Documents/airflow_tutoral/py_env/lib/python3.8/site-packages/airflow/example_dags/example_branch_operator_decorator.py
[2022-11-05T19:22:45.488+1300] {processor.py:766} INFO - DAG(s) dict_keys(['example_branch_python_operator_decorator']) retrieved from /Users/hirenpatel/Documents/airflow_tutoral/py_env/lib/python3.8/site-packages/airflow/example_dags/example_branch_operator_decorator.py
[2022-11-05T19:22:45.638+1300] {logging_mixin.py:120} INFO - [2022-11-05T19:22:45.638+1300] {dag.py:2585} INFO - Sync 1 DAGs
[2022-11-05T19:22:45.653+1300] {logging_mixin.py:120} INFO - [2022-11-05T19:22:45.653+1300] {dag.py:3336} INFO - Setting next_dagrun for example_branch_python_operator_decorator to 2022-11-04T00:00:00+00:00, run_after=2022-11-05T00:00:00+00:00
[2022-11-05T19:22:45.669+1300] {processor.py:176} INFO - Processing /Users/hirenpatel/Documents/airflow_tutoral/py_env/lib/python3.8/site-packages/airflow/example_dags/example_branch_operator_decorator.py took 0.240 seconds
[2022-11-05T19:41:52.501+1300] {processor.py:154} INFO - Started process (PID=3206) to work on /Users/hirenpatel/Documents/airflow_tutoral/py_env/lib/python3.8/site-packages/airflow/example_dags/example_branch_operator_decorator.py
[2022-11-05T19:41:52.505+1300] {processor.py:756} INFO - Processing file /Users/hirenpatel/Documents/airflow_tutoral/py_env/lib/python3.8/site-packages/airflow/example_dags/example_branch_operator_decorator.py for tasks to queue
[2022-11-05T19:41:52.505+1300] {logging_mixin.py:120} INFO - [2022-11-05T19:41:52.505+1300] {dagbag.py:537} INFO - Filling up the DagBag from /Users/hirenpatel/Documents/airflow_tutoral/py_env/lib/python3.8/site-packages/airflow/example_dags/example_branch_operator_decorator.py
[2022-11-05T19:41:52.545+1300] {processor.py:766} INFO - DAG(s) dict_keys(['example_branch_python_operator_decorator']) retrieved from /Users/hirenpatel/Documents/airflow_tutoral/py_env/lib/python3.8/site-packages/airflow/example_dags/example_branch_operator_decorator.py
[2022-11-05T19:41:52.655+1300] {logging_mixin.py:120} INFO - [2022-11-05T19:41:52.655+1300] {dag.py:2585} INFO - Sync 1 DAGs
[2022-11-05T19:41:52.666+1300] {logging_mixin.py:120} INFO - [2022-11-05T19:41:52.666+1300] {dag.py:3336} INFO - Setting next_dagrun for example_branch_python_operator_decorator to 2022-11-04T00:00:00+00:00, run_after=2022-11-05T00:00:00+00:00
[2022-11-05T19:41:52.680+1300] {processor.py:176} INFO - Processing /Users/hirenpatel/Documents/airflow_tutoral/py_env/lib/python3.8/site-packages/airflow/example_dags/example_branch_operator_decorator.py took 0.179 seconds
[2022-11-05T19:55:24.753+1300] {processor.py:154} INFO - Started process (PID=3411) to work on /Users/hirenpatel/Documents/airflow_tutoral/py_env/lib/python3.8/site-packages/airflow/example_dags/example_branch_operator_decorator.py
[2022-11-05T19:55:24.757+1300] {processor.py:756} INFO - Processing file /Users/hirenpatel/Documents/airflow_tutoral/py_env/lib/python3.8/site-packages/airflow/example_dags/example_branch_operator_decorator.py for tasks to queue
[2022-11-05T19:55:24.757+1300] {logging_mixin.py:120} INFO - [2022-11-05T19:55:24.757+1300] {dagbag.py:537} INFO - Filling up the DagBag from /Users/hirenpatel/Documents/airflow_tutoral/py_env/lib/python3.8/site-packages/airflow/example_dags/example_branch_operator_decorator.py
[2022-11-05T19:55:24.798+1300] {processor.py:766} INFO - DAG(s) dict_keys(['example_branch_python_operator_decorator']) retrieved from /Users/hirenpatel/Documents/airflow_tutoral/py_env/lib/python3.8/site-packages/airflow/example_dags/example_branch_operator_decorator.py
[2022-11-05T19:55:24.908+1300] {logging_mixin.py:120} INFO - [2022-11-05T19:55:24.908+1300] {dag.py:2585} INFO - Sync 1 DAGs
[2022-11-05T19:55:24.920+1300] {logging_mixin.py:120} INFO - [2022-11-05T19:55:24.920+1300] {dag.py:3336} INFO - Setting next_dagrun for example_branch_python_operator_decorator to 2022-11-04T00:00:00+00:00, run_after=2022-11-05T00:00:00+00:00
[2022-11-05T19:55:24.933+1300] {processor.py:176} INFO - Processing /Users/hirenpatel/Documents/airflow_tutoral/py_env/lib/python3.8/site-packages/airflow/example_dags/example_branch_operator_decorator.py took 0.180 seconds
[2022-11-05T19:58:51.988+1300] {processor.py:154} INFO - Started process (PID=3636) to work on /Users/hirenpatel/Documents/airflow_tutoral/py_env/lib/python3.8/site-packages/airflow/example_dags/example_branch_operator_decorator.py
[2022-11-05T19:58:51.993+1300] {processor.py:756} INFO - Processing file /Users/hirenpatel/Documents/airflow_tutoral/py_env/lib/python3.8/site-packages/airflow/example_dags/example_branch_operator_decorator.py for tasks to queue
[2022-11-05T19:58:51.993+1300] {logging_mixin.py:120} INFO - [2022-11-05T19:58:51.993+1300] {dagbag.py:537} INFO - Filling up the DagBag from /Users/hirenpatel/Documents/airflow_tutoral/py_env/lib/python3.8/site-packages/airflow/example_dags/example_branch_operator_decorator.py
[2022-11-05T19:58:52.035+1300] {processor.py:766} INFO - DAG(s) dict_keys(['example_branch_python_operator_decorator']) retrieved from /Users/hirenpatel/Documents/airflow_tutoral/py_env/lib/python3.8/site-packages/airflow/example_dags/example_branch_operator_decorator.py
[2022-11-05T19:58:52.138+1300] {logging_mixin.py:120} INFO - [2022-11-05T19:58:52.138+1300] {dag.py:2585} INFO - Sync 1 DAGs
[2022-11-05T19:58:52.149+1300] {logging_mixin.py:120} INFO - [2022-11-05T19:58:52.148+1300] {dag.py:3336} INFO - Setting next_dagrun for example_branch_python_operator_decorator to 2022-11-04T00:00:00+00:00, run_after=2022-11-05T00:00:00+00:00
[2022-11-05T19:58:52.178+1300] {processor.py:176} INFO - Processing /Users/hirenpatel/Documents/airflow_tutoral/py_env/lib/python3.8/site-packages/airflow/example_dags/example_branch_operator_decorator.py took 0.190 seconds
[2022-11-05T20:18:15.229+1300] {processor.py:154} INFO - Started process (PID=3938) to work on /Users/hirenpatel/Documents/airflow_tutoral/py_env/lib/python3.8/site-packages/airflow/example_dags/example_branch_operator_decorator.py
[2022-11-05T20:18:15.233+1300] {processor.py:756} INFO - Processing file /Users/hirenpatel/Documents/airflow_tutoral/py_env/lib/python3.8/site-packages/airflow/example_dags/example_branch_operator_decorator.py for tasks to queue
[2022-11-05T20:18:15.233+1300] {logging_mixin.py:120} INFO - [2022-11-05T20:18:15.233+1300] {dagbag.py:537} INFO - Filling up the DagBag from /Users/hirenpatel/Documents/airflow_tutoral/py_env/lib/python3.8/site-packages/airflow/example_dags/example_branch_operator_decorator.py
[2022-11-05T20:18:15.272+1300] {processor.py:766} INFO - DAG(s) dict_keys(['example_branch_python_operator_decorator']) retrieved from /Users/hirenpatel/Documents/airflow_tutoral/py_env/lib/python3.8/site-packages/airflow/example_dags/example_branch_operator_decorator.py
[2022-11-05T20:18:15.379+1300] {logging_mixin.py:120} INFO - [2022-11-05T20:18:15.379+1300] {dag.py:2585} INFO - Sync 1 DAGs
[2022-11-05T20:18:15.390+1300] {logging_mixin.py:120} INFO - [2022-11-05T20:18:15.390+1300] {dag.py:3336} INFO - Setting next_dagrun for example_branch_python_operator_decorator to 2022-11-04T00:00:00+00:00, run_after=2022-11-05T00:00:00+00:00
[2022-11-05T20:18:15.403+1300] {processor.py:176} INFO - Processing /Users/hirenpatel/Documents/airflow_tutoral/py_env/lib/python3.8/site-packages/airflow/example_dags/example_branch_operator_decorator.py took 0.174 seconds
[2022-11-05T20:45:23.699+1300] {processor.py:154} INFO - Started process (PID=4272) to work on /Users/hirenpatel/Documents/airflow_tutoral/py_env/lib/python3.8/site-packages/airflow/example_dags/example_branch_operator_decorator.py
[2022-11-05T20:45:23.703+1300] {processor.py:756} INFO - Processing file /Users/hirenpatel/Documents/airflow_tutoral/py_env/lib/python3.8/site-packages/airflow/example_dags/example_branch_operator_decorator.py for tasks to queue
[2022-11-05T20:45:23.703+1300] {logging_mixin.py:120} INFO - [2022-11-05T20:45:23.703+1300] {dagbag.py:537} INFO - Filling up the DagBag from /Users/hirenpatel/Documents/airflow_tutoral/py_env/lib/python3.8/site-packages/airflow/example_dags/example_branch_operator_decorator.py
[2022-11-05T20:45:23.746+1300] {processor.py:766} INFO - DAG(s) dict_keys(['example_branch_python_operator_decorator']) retrieved from /Users/hirenpatel/Documents/airflow_tutoral/py_env/lib/python3.8/site-packages/airflow/example_dags/example_branch_operator_decorator.py
[2022-11-05T20:45:23.856+1300] {logging_mixin.py:120} INFO - [2022-11-05T20:45:23.856+1300] {dag.py:2585} INFO - Sync 1 DAGs
[2022-11-05T20:45:23.867+1300] {logging_mixin.py:120} INFO - [2022-11-05T20:45:23.867+1300] {dag.py:3336} INFO - Setting next_dagrun for example_branch_python_operator_decorator to 2022-11-04T00:00:00+00:00, run_after=2022-11-05T00:00:00+00:00
[2022-11-05T20:45:23.880+1300] {processor.py:176} INFO - Processing /Users/hirenpatel/Documents/airflow_tutoral/py_env/lib/python3.8/site-packages/airflow/example_dags/example_branch_operator_decorator.py took 0.181 seconds
[2022-11-05T21:02:41.701+1300] {processor.py:154} INFO - Started process (PID=4457) to work on /Users/hirenpatel/Documents/airflow_tutoral/py_env/lib/python3.8/site-packages/airflow/example_dags/example_branch_operator_decorator.py
[2022-11-05T21:02:41.705+1300] {processor.py:756} INFO - Processing file /Users/hirenpatel/Documents/airflow_tutoral/py_env/lib/python3.8/site-packages/airflow/example_dags/example_branch_operator_decorator.py for tasks to queue
[2022-11-05T21:02:41.705+1300] {logging_mixin.py:120} INFO - [2022-11-05T21:02:41.705+1300] {dagbag.py:537} INFO - Filling up the DagBag from /Users/hirenpatel/Documents/airflow_tutoral/py_env/lib/python3.8/site-packages/airflow/example_dags/example_branch_operator_decorator.py
[2022-11-05T21:02:41.742+1300] {processor.py:766} INFO - DAG(s) dict_keys(['example_branch_python_operator_decorator']) retrieved from /Users/hirenpatel/Documents/airflow_tutoral/py_env/lib/python3.8/site-packages/airflow/example_dags/example_branch_operator_decorator.py
[2022-11-05T21:02:41.845+1300] {logging_mixin.py:120} INFO - [2022-11-05T21:02:41.845+1300] {dag.py:2585} INFO - Sync 1 DAGs
[2022-11-05T21:02:41.856+1300] {logging_mixin.py:120} INFO - [2022-11-05T21:02:41.856+1300] {dag.py:3336} INFO - Setting next_dagrun for example_branch_python_operator_decorator to 2022-11-04T00:00:00+00:00, run_after=2022-11-05T00:00:00+00:00
[2022-11-05T21:02:41.875+1300] {processor.py:176} INFO - Processing /Users/hirenpatel/Documents/airflow_tutoral/py_env/lib/python3.8/site-packages/airflow/example_dags/example_branch_operator_decorator.py took 0.174 seconds
[2022-11-05T21:43:30.644+1300] {processor.py:154} INFO - Started process (PID=4681) to work on /Users/hirenpatel/Documents/airflow_tutoral/py_env/lib/python3.8/site-packages/airflow/example_dags/example_branch_operator_decorator.py
[2022-11-05T21:43:30.650+1300] {processor.py:756} INFO - Processing file /Users/hirenpatel/Documents/airflow_tutoral/py_env/lib/python3.8/site-packages/airflow/example_dags/example_branch_operator_decorator.py for tasks to queue
[2022-11-05T21:43:30.650+1300] {logging_mixin.py:120} INFO - [2022-11-05T21:43:30.650+1300] {dagbag.py:537} INFO - Filling up the DagBag from /Users/hirenpatel/Documents/airflow_tutoral/py_env/lib/python3.8/site-packages/airflow/example_dags/example_branch_operator_decorator.py
[2022-11-05T21:43:30.726+1300] {processor.py:766} INFO - DAG(s) dict_keys(['example_branch_python_operator_decorator']) retrieved from /Users/hirenpatel/Documents/airflow_tutoral/py_env/lib/python3.8/site-packages/airflow/example_dags/example_branch_operator_decorator.py
[2022-11-05T21:43:30.866+1300] {logging_mixin.py:120} INFO - [2022-11-05T21:43:30.866+1300] {dag.py:2585} INFO - Sync 1 DAGs
[2022-11-05T21:43:30.884+1300] {logging_mixin.py:120} INFO - [2022-11-05T21:43:30.884+1300] {dag.py:3336} INFO - Setting next_dagrun for example_branch_python_operator_decorator to 2022-11-04T00:00:00+00:00, run_after=2022-11-05T00:00:00+00:00
[2022-11-05T21:43:30.901+1300] {processor.py:176} INFO - Processing /Users/hirenpatel/Documents/airflow_tutoral/py_env/lib/python3.8/site-packages/airflow/example_dags/example_branch_operator_decorator.py took 0.258 seconds
[2022-11-05T22:46:05.998+1300] {processor.py:154} INFO - Started process (PID=4929) to work on /Users/hirenpatel/Documents/airflow_tutoral/py_env/lib/python3.8/site-packages/airflow/example_dags/example_branch_operator_decorator.py
[2022-11-05T22:46:06.002+1300] {processor.py:756} INFO - Processing file /Users/hirenpatel/Documents/airflow_tutoral/py_env/lib/python3.8/site-packages/airflow/example_dags/example_branch_operator_decorator.py for tasks to queue
[2022-11-05T22:46:06.002+1300] {logging_mixin.py:120} INFO - [2022-11-05T22:46:06.002+1300] {dagbag.py:537} INFO - Filling up the DagBag from /Users/hirenpatel/Documents/airflow_tutoral/py_env/lib/python3.8/site-packages/airflow/example_dags/example_branch_operator_decorator.py
[2022-11-05T22:46:06.049+1300] {processor.py:766} INFO - DAG(s) dict_keys(['example_branch_python_operator_decorator']) retrieved from /Users/hirenpatel/Documents/airflow_tutoral/py_env/lib/python3.8/site-packages/airflow/example_dags/example_branch_operator_decorator.py
[2022-11-05T22:46:06.172+1300] {logging_mixin.py:120} INFO - [2022-11-05T22:46:06.172+1300] {dag.py:2585} INFO - Sync 1 DAGs
[2022-11-05T22:46:06.184+1300] {logging_mixin.py:120} INFO - [2022-11-05T22:46:06.184+1300] {dag.py:3336} INFO - Setting next_dagrun for example_branch_python_operator_decorator to 2022-11-04T00:00:00+00:00, run_after=2022-11-05T00:00:00+00:00
[2022-11-05T22:46:06.200+1300] {processor.py:176} INFO - Processing /Users/hirenpatel/Documents/airflow_tutoral/py_env/lib/python3.8/site-packages/airflow/example_dags/example_branch_operator_decorator.py took 0.203 seconds
[2022-11-05T23:14:37.694+1300] {processor.py:154} INFO - Started process (PID=5255) to work on /Users/hirenpatel/Documents/airflow_tutoral/py_env/lib/python3.8/site-packages/airflow/example_dags/example_branch_operator_decorator.py
[2022-11-05T23:14:37.699+1300] {processor.py:756} INFO - Processing file /Users/hirenpatel/Documents/airflow_tutoral/py_env/lib/python3.8/site-packages/airflow/example_dags/example_branch_operator_decorator.py for tasks to queue
[2022-11-05T23:14:37.699+1300] {logging_mixin.py:120} INFO - [2022-11-05T23:14:37.699+1300] {dagbag.py:537} INFO - Filling up the DagBag from /Users/hirenpatel/Documents/airflow_tutoral/py_env/lib/python3.8/site-packages/airflow/example_dags/example_branch_operator_decorator.py
[2022-11-05T23:14:37.742+1300] {processor.py:766} INFO - DAG(s) dict_keys(['example_branch_python_operator_decorator']) retrieved from /Users/hirenpatel/Documents/airflow_tutoral/py_env/lib/python3.8/site-packages/airflow/example_dags/example_branch_operator_decorator.py
[2022-11-05T23:14:37.856+1300] {logging_mixin.py:120} INFO - [2022-11-05T23:14:37.856+1300] {dag.py:2585} INFO - Sync 1 DAGs
[2022-11-05T23:14:37.867+1300] {logging_mixin.py:120} INFO - [2022-11-05T23:14:37.867+1300] {dag.py:3336} INFO - Setting next_dagrun for example_branch_python_operator_decorator to 2022-11-04T00:00:00+00:00, run_after=2022-11-05T00:00:00+00:00
[2022-11-05T23:14:37.894+1300] {processor.py:176} INFO - Processing /Users/hirenpatel/Documents/airflow_tutoral/py_env/lib/python3.8/site-packages/airflow/example_dags/example_branch_operator_decorator.py took 0.200 seconds
[2022-11-05T23:41:10.225+1300] {processor.py:154} INFO - Started process (PID=5565) to work on /Users/hirenpatel/Documents/airflow_tutoral/py_env/lib/python3.8/site-packages/airflow/example_dags/example_branch_operator_decorator.py
[2022-11-05T23:41:10.230+1300] {processor.py:756} INFO - Processing file /Users/hirenpatel/Documents/airflow_tutoral/py_env/lib/python3.8/site-packages/airflow/example_dags/example_branch_operator_decorator.py for tasks to queue
[2022-11-05T23:41:10.230+1300] {logging_mixin.py:120} INFO - [2022-11-05T23:41:10.230+1300] {dagbag.py:537} INFO - Filling up the DagBag from /Users/hirenpatel/Documents/airflow_tutoral/py_env/lib/python3.8/site-packages/airflow/example_dags/example_branch_operator_decorator.py
[2022-11-05T23:41:10.272+1300] {processor.py:766} INFO - DAG(s) dict_keys(['example_branch_python_operator_decorator']) retrieved from /Users/hirenpatel/Documents/airflow_tutoral/py_env/lib/python3.8/site-packages/airflow/example_dags/example_branch_operator_decorator.py
[2022-11-05T23:41:10.382+1300] {logging_mixin.py:120} INFO - [2022-11-05T23:41:10.382+1300] {dag.py:2585} INFO - Sync 1 DAGs
[2022-11-05T23:41:10.393+1300] {logging_mixin.py:120} INFO - [2022-11-05T23:41:10.393+1300] {dag.py:3336} INFO - Setting next_dagrun for example_branch_python_operator_decorator to 2022-11-04T00:00:00+00:00, run_after=2022-11-05T00:00:00+00:00
[2022-11-05T23:41:10.408+1300] {processor.py:176} INFO - Processing /Users/hirenpatel/Documents/airflow_tutoral/py_env/lib/python3.8/site-packages/airflow/example_dags/example_branch_operator_decorator.py took 0.183 seconds
[2022-11-06T00:46:31.370+1300] {processor.py:154} INFO - Started process (PID=5853) to work on /Users/hirenpatel/Documents/airflow_tutoral/py_env/lib/python3.8/site-packages/airflow/example_dags/example_branch_operator_decorator.py
[2022-11-06T00:46:31.375+1300] {processor.py:756} INFO - Processing file /Users/hirenpatel/Documents/airflow_tutoral/py_env/lib/python3.8/site-packages/airflow/example_dags/example_branch_operator_decorator.py for tasks to queue
[2022-11-06T00:46:31.376+1300] {logging_mixin.py:120} INFO - [2022-11-06T00:46:31.376+1300] {dagbag.py:537} INFO - Filling up the DagBag from /Users/hirenpatel/Documents/airflow_tutoral/py_env/lib/python3.8/site-packages/airflow/example_dags/example_branch_operator_decorator.py
[2022-11-06T00:46:31.429+1300] {processor.py:766} INFO - DAG(s) dict_keys(['example_branch_python_operator_decorator']) retrieved from /Users/hirenpatel/Documents/airflow_tutoral/py_env/lib/python3.8/site-packages/airflow/example_dags/example_branch_operator_decorator.py
[2022-11-06T00:46:31.574+1300] {logging_mixin.py:120} INFO - [2022-11-06T00:46:31.574+1300] {dag.py:2585} INFO - Sync 1 DAGs
[2022-11-06T00:46:31.589+1300] {logging_mixin.py:120} INFO - [2022-11-06T00:46:31.589+1300] {dag.py:3336} INFO - Setting next_dagrun for example_branch_python_operator_decorator to 2022-11-04T00:00:00+00:00, run_after=2022-11-05T00:00:00+00:00
[2022-11-06T00:46:31.605+1300] {processor.py:176} INFO - Processing /Users/hirenpatel/Documents/airflow_tutoral/py_env/lib/python3.8/site-packages/airflow/example_dags/example_branch_operator_decorator.py took 0.235 seconds
[2022-11-06T01:35:07.529+1300] {processor.py:154} INFO - Started process (PID=6053) to work on /Users/hirenpatel/Documents/airflow_tutoral/py_env/lib/python3.8/site-packages/airflow/example_dags/example_branch_operator_decorator.py
[2022-11-06T01:35:07.533+1300] {processor.py:756} INFO - Processing file /Users/hirenpatel/Documents/airflow_tutoral/py_env/lib/python3.8/site-packages/airflow/example_dags/example_branch_operator_decorator.py for tasks to queue
[2022-11-06T01:35:07.533+1300] {logging_mixin.py:120} INFO - [2022-11-06T01:35:07.533+1300] {dagbag.py:537} INFO - Filling up the DagBag from /Users/hirenpatel/Documents/airflow_tutoral/py_env/lib/python3.8/site-packages/airflow/example_dags/example_branch_operator_decorator.py
[2022-11-06T01:35:07.597+1300] {processor.py:766} INFO - DAG(s) dict_keys(['example_branch_python_operator_decorator']) retrieved from /Users/hirenpatel/Documents/airflow_tutoral/py_env/lib/python3.8/site-packages/airflow/example_dags/example_branch_operator_decorator.py
[2022-11-06T01:35:07.770+1300] {logging_mixin.py:120} INFO - [2022-11-06T01:35:07.770+1300] {dag.py:2585} INFO - Sync 1 DAGs
[2022-11-06T01:35:07.788+1300] {logging_mixin.py:120} INFO - [2022-11-06T01:35:07.788+1300] {dag.py:3336} INFO - Setting next_dagrun for example_branch_python_operator_decorator to 2022-11-04T00:00:00+00:00, run_after=2022-11-05T00:00:00+00:00
[2022-11-06T01:35:07.808+1300] {processor.py:176} INFO - Processing /Users/hirenpatel/Documents/airflow_tutoral/py_env/lib/python3.8/site-packages/airflow/example_dags/example_branch_operator_decorator.py took 0.279 seconds
[2022-11-06T05:05:01.819+1300] {processor.py:154} INFO - Started process (PID=6633) to work on /Users/hirenpatel/Documents/airflow_tutoral/py_env/lib/python3.8/site-packages/airflow/example_dags/example_branch_operator_decorator.py
[2022-11-06T05:05:01.823+1300] {processor.py:756} INFO - Processing file /Users/hirenpatel/Documents/airflow_tutoral/py_env/lib/python3.8/site-packages/airflow/example_dags/example_branch_operator_decorator.py for tasks to queue
[2022-11-06T05:05:01.823+1300] {logging_mixin.py:120} INFO - [2022-11-06T05:05:01.823+1300] {dagbag.py:537} INFO - Filling up the DagBag from /Users/hirenpatel/Documents/airflow_tutoral/py_env/lib/python3.8/site-packages/airflow/example_dags/example_branch_operator_decorator.py
[2022-11-06T05:05:01.866+1300] {processor.py:766} INFO - DAG(s) dict_keys(['example_branch_python_operator_decorator']) retrieved from /Users/hirenpatel/Documents/airflow_tutoral/py_env/lib/python3.8/site-packages/airflow/example_dags/example_branch_operator_decorator.py
[2022-11-06T05:05:01.976+1300] {logging_mixin.py:120} INFO - [2022-11-06T05:05:01.976+1300] {dag.py:2585} INFO - Sync 1 DAGs
[2022-11-06T05:05:01.988+1300] {logging_mixin.py:120} INFO - [2022-11-06T05:05:01.988+1300] {dag.py:3336} INFO - Setting next_dagrun for example_branch_python_operator_decorator to 2022-11-04T00:00:00+00:00, run_after=2022-11-05T00:00:00+00:00
[2022-11-06T05:05:02.002+1300] {processor.py:176} INFO - Processing /Users/hirenpatel/Documents/airflow_tutoral/py_env/lib/python3.8/site-packages/airflow/example_dags/example_branch_operator_decorator.py took 0.184 seconds
[2022-11-06T06:23:39.567+1300] {processor.py:154} INFO - Started process (PID=6888) to work on /Users/hirenpatel/Documents/airflow_tutoral/py_env/lib/python3.8/site-packages/airflow/example_dags/example_branch_operator_decorator.py
[2022-11-06T06:23:39.572+1300] {processor.py:756} INFO - Processing file /Users/hirenpatel/Documents/airflow_tutoral/py_env/lib/python3.8/site-packages/airflow/example_dags/example_branch_operator_decorator.py for tasks to queue
[2022-11-06T06:23:39.572+1300] {logging_mixin.py:120} INFO - [2022-11-06T06:23:39.572+1300] {dagbag.py:537} INFO - Filling up the DagBag from /Users/hirenpatel/Documents/airflow_tutoral/py_env/lib/python3.8/site-packages/airflow/example_dags/example_branch_operator_decorator.py
[2022-11-06T06:23:39.614+1300] {processor.py:766} INFO - DAG(s) dict_keys(['example_branch_python_operator_decorator']) retrieved from /Users/hirenpatel/Documents/airflow_tutoral/py_env/lib/python3.8/site-packages/airflow/example_dags/example_branch_operator_decorator.py
[2022-11-06T06:23:39.732+1300] {logging_mixin.py:120} INFO - [2022-11-06T06:23:39.731+1300] {dag.py:2585} INFO - Sync 1 DAGs
[2022-11-06T06:23:39.745+1300] {logging_mixin.py:120} INFO - [2022-11-06T06:23:39.745+1300] {dag.py:3336} INFO - Setting next_dagrun for example_branch_python_operator_decorator to 2022-11-04T00:00:00+00:00, run_after=2022-11-05T00:00:00+00:00
[2022-11-06T06:23:39.760+1300] {processor.py:176} INFO - Processing /Users/hirenpatel/Documents/airflow_tutoral/py_env/lib/python3.8/site-packages/airflow/example_dags/example_branch_operator_decorator.py took 0.193 seconds
[2022-11-06T08:17:53.231+1300] {processor.py:154} INFO - Started process (PID=7173) to work on /Users/hirenpatel/Documents/airflow_tutoral/py_env/lib/python3.8/site-packages/airflow/example_dags/example_branch_operator_decorator.py
[2022-11-06T08:17:53.235+1300] {processor.py:756} INFO - Processing file /Users/hirenpatel/Documents/airflow_tutoral/py_env/lib/python3.8/site-packages/airflow/example_dags/example_branch_operator_decorator.py for tasks to queue
[2022-11-06T08:17:53.236+1300] {logging_mixin.py:120} INFO - [2022-11-06T08:17:53.236+1300] {dagbag.py:537} INFO - Filling up the DagBag from /Users/hirenpatel/Documents/airflow_tutoral/py_env/lib/python3.8/site-packages/airflow/example_dags/example_branch_operator_decorator.py
[2022-11-06T08:17:53.279+1300] {processor.py:766} INFO - DAG(s) dict_keys(['example_branch_python_operator_decorator']) retrieved from /Users/hirenpatel/Documents/airflow_tutoral/py_env/lib/python3.8/site-packages/airflow/example_dags/example_branch_operator_decorator.py
[2022-11-06T08:17:53.387+1300] {logging_mixin.py:120} INFO - [2022-11-06T08:17:53.387+1300] {dag.py:2585} INFO - Sync 1 DAGs
[2022-11-06T08:17:53.398+1300] {logging_mixin.py:120} INFO - [2022-11-06T08:17:53.398+1300] {dag.py:3336} INFO - Setting next_dagrun for example_branch_python_operator_decorator to 2022-11-04T00:00:00+00:00, run_after=2022-11-05T00:00:00+00:00
[2022-11-06T08:17:53.412+1300] {processor.py:176} INFO - Processing /Users/hirenpatel/Documents/airflow_tutoral/py_env/lib/python3.8/site-packages/airflow/example_dags/example_branch_operator_decorator.py took 0.181 seconds
[2022-11-06T09:44:45.241+1300] {processor.py:154} INFO - Started process (PID=7608) to work on /Users/hirenpatel/Documents/airflow_tutoral/py_env/lib/python3.8/site-packages/airflow/example_dags/example_branch_operator_decorator.py
[2022-11-06T09:44:45.245+1300] {processor.py:756} INFO - Processing file /Users/hirenpatel/Documents/airflow_tutoral/py_env/lib/python3.8/site-packages/airflow/example_dags/example_branch_operator_decorator.py for tasks to queue
[2022-11-06T09:44:45.245+1300] {logging_mixin.py:120} INFO - [2022-11-06T09:44:45.245+1300] {dagbag.py:537} INFO - Filling up the DagBag from /Users/hirenpatel/Documents/airflow_tutoral/py_env/lib/python3.8/site-packages/airflow/example_dags/example_branch_operator_decorator.py
[2022-11-06T09:44:45.288+1300] {processor.py:766} INFO - DAG(s) dict_keys(['example_branch_python_operator_decorator']) retrieved from /Users/hirenpatel/Documents/airflow_tutoral/py_env/lib/python3.8/site-packages/airflow/example_dags/example_branch_operator_decorator.py
[2022-11-06T09:44:45.405+1300] {logging_mixin.py:120} INFO - [2022-11-06T09:44:45.405+1300] {dag.py:2585} INFO - Sync 1 DAGs
[2022-11-06T09:44:45.417+1300] {logging_mixin.py:120} INFO - [2022-11-06T09:44:45.417+1300] {dag.py:3336} INFO - Setting next_dagrun for example_branch_python_operator_decorator to 2022-11-04T00:00:00+00:00, run_after=2022-11-05T00:00:00+00:00
[2022-11-06T09:44:45.432+1300] {processor.py:176} INFO - Processing /Users/hirenpatel/Documents/airflow_tutoral/py_env/lib/python3.8/site-packages/airflow/example_dags/example_branch_operator_decorator.py took 0.191 seconds
[2022-11-06T10:12:41.188+1300] {processor.py:154} INFO - Started process (PID=7990) to work on /Users/hirenpatel/Documents/airflow_tutoral/py_env/lib/python3.8/site-packages/airflow/example_dags/example_branch_operator_decorator.py
[2022-11-06T10:12:41.193+1300] {processor.py:756} INFO - Processing file /Users/hirenpatel/Documents/airflow_tutoral/py_env/lib/python3.8/site-packages/airflow/example_dags/example_branch_operator_decorator.py for tasks to queue
[2022-11-06T10:12:41.194+1300] {logging_mixin.py:120} INFO - [2022-11-06T10:12:41.194+1300] {dagbag.py:537} INFO - Filling up the DagBag from /Users/hirenpatel/Documents/airflow_tutoral/py_env/lib/python3.8/site-packages/airflow/example_dags/example_branch_operator_decorator.py
[2022-11-06T10:12:41.236+1300] {processor.py:766} INFO - DAG(s) dict_keys(['example_branch_python_operator_decorator']) retrieved from /Users/hirenpatel/Documents/airflow_tutoral/py_env/lib/python3.8/site-packages/airflow/example_dags/example_branch_operator_decorator.py
[2022-11-06T10:12:41.352+1300] {logging_mixin.py:120} INFO - [2022-11-06T10:12:41.352+1300] {dag.py:2585} INFO - Sync 1 DAGs
[2022-11-06T10:12:41.365+1300] {logging_mixin.py:120} INFO - [2022-11-06T10:12:41.365+1300] {dag.py:3336} INFO - Setting next_dagrun for example_branch_python_operator_decorator to 2022-11-04T00:00:00+00:00, run_after=2022-11-05T00:00:00+00:00
[2022-11-06T10:12:41.379+1300] {processor.py:176} INFO - Processing /Users/hirenpatel/Documents/airflow_tutoral/py_env/lib/python3.8/site-packages/airflow/example_dags/example_branch_operator_decorator.py took 0.191 seconds
[2022-11-06T10:42:42.739+1300] {processor.py:154} INFO - Started process (PID=8201) to work on /Users/hirenpatel/Documents/airflow_tutoral/py_env/lib/python3.8/site-packages/airflow/example_dags/example_branch_operator_decorator.py
[2022-11-06T10:42:42.744+1300] {processor.py:756} INFO - Processing file /Users/hirenpatel/Documents/airflow_tutoral/py_env/lib/python3.8/site-packages/airflow/example_dags/example_branch_operator_decorator.py for tasks to queue
[2022-11-06T10:42:42.744+1300] {logging_mixin.py:120} INFO - [2022-11-06T10:42:42.744+1300] {dagbag.py:537} INFO - Filling up the DagBag from /Users/hirenpatel/Documents/airflow_tutoral/py_env/lib/python3.8/site-packages/airflow/example_dags/example_branch_operator_decorator.py
[2022-11-06T10:42:42.785+1300] {processor.py:766} INFO - DAG(s) dict_keys(['example_branch_python_operator_decorator']) retrieved from /Users/hirenpatel/Documents/airflow_tutoral/py_env/lib/python3.8/site-packages/airflow/example_dags/example_branch_operator_decorator.py
[2022-11-06T10:42:42.895+1300] {logging_mixin.py:120} INFO - [2022-11-06T10:42:42.895+1300] {dag.py:2585} INFO - Sync 1 DAGs
[2022-11-06T10:42:42.907+1300] {logging_mixin.py:120} INFO - [2022-11-06T10:42:42.906+1300] {dag.py:3336} INFO - Setting next_dagrun for example_branch_python_operator_decorator to 2022-11-04T00:00:00+00:00, run_after=2022-11-05T00:00:00+00:00
[2022-11-06T10:42:42.920+1300] {processor.py:176} INFO - Processing /Users/hirenpatel/Documents/airflow_tutoral/py_env/lib/python3.8/site-packages/airflow/example_dags/example_branch_operator_decorator.py took 0.181 seconds
[2022-11-06T11:29:20.461+1300] {processor.py:154} INFO - Started process (PID=8533) to work on /Users/hirenpatel/Documents/airflow_tutoral/py_env/lib/python3.8/site-packages/airflow/example_dags/example_branch_operator_decorator.py
[2022-11-06T11:29:20.469+1300] {processor.py:756} INFO - Processing file /Users/hirenpatel/Documents/airflow_tutoral/py_env/lib/python3.8/site-packages/airflow/example_dags/example_branch_operator_decorator.py for tasks to queue
[2022-11-06T11:29:20.469+1300] {logging_mixin.py:120} INFO - [2022-11-06T11:29:20.469+1300] {dagbag.py:537} INFO - Filling up the DagBag from /Users/hirenpatel/Documents/airflow_tutoral/py_env/lib/python3.8/site-packages/airflow/example_dags/example_branch_operator_decorator.py
[2022-11-06T11:29:20.559+1300] {processor.py:766} INFO - DAG(s) dict_keys(['example_branch_python_operator_decorator']) retrieved from /Users/hirenpatel/Documents/airflow_tutoral/py_env/lib/python3.8/site-packages/airflow/example_dags/example_branch_operator_decorator.py
[2022-11-06T11:29:20.817+1300] {logging_mixin.py:120} INFO - [2022-11-06T11:29:20.817+1300] {dag.py:2585} INFO - Sync 1 DAGs
[2022-11-06T11:29:20.842+1300] {logging_mixin.py:120} INFO - [2022-11-06T11:29:20.841+1300] {dag.py:3336} INFO - Setting next_dagrun for example_branch_python_operator_decorator to 2022-11-04T00:00:00+00:00, run_after=2022-11-05T00:00:00+00:00
[2022-11-06T11:29:20.873+1300] {processor.py:176} INFO - Processing /Users/hirenpatel/Documents/airflow_tutoral/py_env/lib/python3.8/site-packages/airflow/example_dags/example_branch_operator_decorator.py took 0.413 seconds
