[2022-11-05T13:14:44.262+1300] {processor.py:154} INFO - Started process (PID=93924) to work on /Users/hirenpatel/Documents/airflow_tutoral/py_env/lib/python3.8/site-packages/airflow/example_dags/example_branch_labels.py
[2022-11-05T13:14:44.267+1300] {processor.py:756} INFO - Processing file /Users/hirenpatel/Documents/airflow_tutoral/py_env/lib/python3.8/site-packages/airflow/example_dags/example_branch_labels.py for tasks to queue
[2022-11-05T13:14:44.267+1300] {logging_mixin.py:120} INFO - [2022-11-05T13:14:44.267+1300] {dagbag.py:537} INFO - Filling up the DagBag from /Users/hirenpatel/Documents/airflow_tutoral/py_env/lib/python3.8/site-packages/airflow/example_dags/example_branch_labels.py
[2022-11-05T13:14:44.291+1300] {processor.py:766} INFO - DAG(s) dict_keys(['example_branch_labels']) retrieved from /Users/hirenpatel/Documents/airflow_tutoral/py_env/lib/python3.8/site-packages/airflow/example_dags/example_branch_labels.py
[2022-11-05T13:14:44.414+1300] {logging_mixin.py:120} INFO - [2022-11-05T13:14:44.414+1300] {dag.py:2585} INFO - Sync 1 DAGs
[2022-11-05T13:14:44.425+1300] {logging_mixin.py:120} INFO - [2022-11-05T13:14:44.424+1300] {dag.py:3336} INFO - Setting next_dagrun for example_branch_labels to 2022-11-04T00:00:00+00:00, run_after=2022-11-05T00:00:00+00:00
[2022-11-05T13:14:44.438+1300] {processor.py:176} INFO - Processing /Users/hirenpatel/Documents/airflow_tutoral/py_env/lib/python3.8/site-packages/airflow/example_dags/example_branch_labels.py took 0.176 seconds
[2022-11-05T13:19:56.710+1300] {processor.py:154} INFO - Started process (PID=94252) to work on /Users/hirenpatel/Documents/airflow_tutoral/py_env/lib/python3.8/site-packages/airflow/example_dags/example_branch_labels.py
[2022-11-05T13:19:56.714+1300] {processor.py:756} INFO - Processing file /Users/hirenpatel/Documents/airflow_tutoral/py_env/lib/python3.8/site-packages/airflow/example_dags/example_branch_labels.py for tasks to queue
[2022-11-05T13:19:56.714+1300] {logging_mixin.py:120} INFO - [2022-11-05T13:19:56.714+1300] {dagbag.py:537} INFO - Filling up the DagBag from /Users/hirenpatel/Documents/airflow_tutoral/py_env/lib/python3.8/site-packages/airflow/example_dags/example_branch_labels.py
[2022-11-05T13:19:56.737+1300] {processor.py:766} INFO - DAG(s) dict_keys(['example_branch_labels']) retrieved from /Users/hirenpatel/Documents/airflow_tutoral/py_env/lib/python3.8/site-packages/airflow/example_dags/example_branch_labels.py
[2022-11-05T13:19:56.849+1300] {logging_mixin.py:120} INFO - [2022-11-05T13:19:56.849+1300] {dag.py:2585} INFO - Sync 1 DAGs
[2022-11-05T13:19:56.860+1300] {logging_mixin.py:120} INFO - [2022-11-05T13:19:56.860+1300] {dag.py:3336} INFO - Setting next_dagrun for example_branch_labels to 2022-11-04T00:00:00+00:00, run_after=2022-11-05T00:00:00+00:00
[2022-11-05T13:19:56.872+1300] {processor.py:176} INFO - Processing /Users/hirenpatel/Documents/airflow_tutoral/py_env/lib/python3.8/site-packages/airflow/example_dags/example_branch_labels.py took 0.162 seconds
[2022-11-05T13:23:46.708+1300] {processor.py:154} INFO - Started process (PID=94512) to work on /Users/hirenpatel/Documents/airflow_tutoral/py_env/lib/python3.8/site-packages/airflow/example_dags/example_branch_labels.py
[2022-11-05T13:23:46.711+1300] {processor.py:756} INFO - Processing file /Users/hirenpatel/Documents/airflow_tutoral/py_env/lib/python3.8/site-packages/airflow/example_dags/example_branch_labels.py for tasks to queue
[2022-11-05T13:23:46.711+1300] {logging_mixin.py:120} INFO - [2022-11-05T13:23:46.711+1300] {dagbag.py:537} INFO - Filling up the DagBag from /Users/hirenpatel/Documents/airflow_tutoral/py_env/lib/python3.8/site-packages/airflow/example_dags/example_branch_labels.py
[2022-11-05T13:23:46.736+1300] {processor.py:766} INFO - DAG(s) dict_keys(['example_branch_labels']) retrieved from /Users/hirenpatel/Documents/airflow_tutoral/py_env/lib/python3.8/site-packages/airflow/example_dags/example_branch_labels.py
[2022-11-05T13:23:46.854+1300] {logging_mixin.py:120} INFO - [2022-11-05T13:23:46.854+1300] {dag.py:2585} INFO - Sync 1 DAGs
[2022-11-05T13:23:46.864+1300] {logging_mixin.py:120} INFO - [2022-11-05T13:23:46.864+1300] {dag.py:3336} INFO - Setting next_dagrun for example_branch_labels to 2022-11-04T00:00:00+00:00, run_after=2022-11-05T00:00:00+00:00
[2022-11-05T13:23:46.880+1300] {processor.py:176} INFO - Processing /Users/hirenpatel/Documents/airflow_tutoral/py_env/lib/python3.8/site-packages/airflow/example_dags/example_branch_labels.py took 0.173 seconds
[2022-11-05T13:34:43.137+1300] {processor.py:154} INFO - Started process (PID=94747) to work on /Users/hirenpatel/Documents/airflow_tutoral/py_env/lib/python3.8/site-packages/airflow/example_dags/example_branch_labels.py
[2022-11-05T13:34:43.141+1300] {processor.py:756} INFO - Processing file /Users/hirenpatel/Documents/airflow_tutoral/py_env/lib/python3.8/site-packages/airflow/example_dags/example_branch_labels.py for tasks to queue
[2022-11-05T13:34:43.141+1300] {logging_mixin.py:120} INFO - [2022-11-05T13:34:43.141+1300] {dagbag.py:537} INFO - Filling up the DagBag from /Users/hirenpatel/Documents/airflow_tutoral/py_env/lib/python3.8/site-packages/airflow/example_dags/example_branch_labels.py
[2022-11-05T13:34:43.163+1300] {processor.py:766} INFO - DAG(s) dict_keys(['example_branch_labels']) retrieved from /Users/hirenpatel/Documents/airflow_tutoral/py_env/lib/python3.8/site-packages/airflow/example_dags/example_branch_labels.py
[2022-11-05T13:34:43.282+1300] {logging_mixin.py:120} INFO - [2022-11-05T13:34:43.282+1300] {dag.py:2585} INFO - Sync 1 DAGs
[2022-11-05T13:34:43.293+1300] {logging_mixin.py:120} INFO - [2022-11-05T13:34:43.293+1300] {dag.py:3336} INFO - Setting next_dagrun for example_branch_labels to 2022-11-04T00:00:00+00:00, run_after=2022-11-05T00:00:00+00:00
[2022-11-05T13:34:43.306+1300] {processor.py:176} INFO - Processing /Users/hirenpatel/Documents/airflow_tutoral/py_env/lib/python3.8/site-packages/airflow/example_dags/example_branch_labels.py took 0.169 seconds
[2022-11-05T13:56:04.277+1300] {processor.py:154} INFO - Started process (PID=95042) to work on /Users/hirenpatel/Documents/airflow_tutoral/py_env/lib/python3.8/site-packages/airflow/example_dags/example_branch_labels.py
[2022-11-05T13:56:04.281+1300] {processor.py:756} INFO - Processing file /Users/hirenpatel/Documents/airflow_tutoral/py_env/lib/python3.8/site-packages/airflow/example_dags/example_branch_labels.py for tasks to queue
[2022-11-05T13:56:04.281+1300] {logging_mixin.py:120} INFO - [2022-11-05T13:56:04.281+1300] {dagbag.py:537} INFO - Filling up the DagBag from /Users/hirenpatel/Documents/airflow_tutoral/py_env/lib/python3.8/site-packages/airflow/example_dags/example_branch_labels.py
[2022-11-05T13:56:04.303+1300] {processor.py:766} INFO - DAG(s) dict_keys(['example_branch_labels']) retrieved from /Users/hirenpatel/Documents/airflow_tutoral/py_env/lib/python3.8/site-packages/airflow/example_dags/example_branch_labels.py
[2022-11-05T13:56:04.427+1300] {logging_mixin.py:120} INFO - [2022-11-05T13:56:04.427+1300] {dag.py:2585} INFO - Sync 1 DAGs
[2022-11-05T13:56:04.438+1300] {logging_mixin.py:120} INFO - [2022-11-05T13:56:04.438+1300] {dag.py:3336} INFO - Setting next_dagrun for example_branch_labels to 2022-11-04T00:00:00+00:00, run_after=2022-11-05T00:00:00+00:00
[2022-11-05T13:56:04.451+1300] {processor.py:176} INFO - Processing /Users/hirenpatel/Documents/airflow_tutoral/py_env/lib/python3.8/site-packages/airflow/example_dags/example_branch_labels.py took 0.175 seconds
[2022-11-05T14:13:25.678+1300] {processor.py:154} INFO - Started process (PID=95363) to work on /Users/hirenpatel/Documents/airflow_tutoral/py_env/lib/python3.8/site-packages/airflow/example_dags/example_branch_labels.py
[2022-11-05T14:13:25.682+1300] {processor.py:756} INFO - Processing file /Users/hirenpatel/Documents/airflow_tutoral/py_env/lib/python3.8/site-packages/airflow/example_dags/example_branch_labels.py for tasks to queue
[2022-11-05T14:13:25.682+1300] {logging_mixin.py:120} INFO - [2022-11-05T14:13:25.682+1300] {dagbag.py:537} INFO - Filling up the DagBag from /Users/hirenpatel/Documents/airflow_tutoral/py_env/lib/python3.8/site-packages/airflow/example_dags/example_branch_labels.py
[2022-11-05T14:13:25.706+1300] {processor.py:766} INFO - DAG(s) dict_keys(['example_branch_labels']) retrieved from /Users/hirenpatel/Documents/airflow_tutoral/py_env/lib/python3.8/site-packages/airflow/example_dags/example_branch_labels.py
[2022-11-05T14:13:25.825+1300] {logging_mixin.py:120} INFO - [2022-11-05T14:13:25.824+1300] {dag.py:2585} INFO - Sync 1 DAGs
[2022-11-05T14:13:25.836+1300] {logging_mixin.py:120} INFO - [2022-11-05T14:13:25.836+1300] {dag.py:3336} INFO - Setting next_dagrun for example_branch_labels to 2022-11-04T00:00:00+00:00, run_after=2022-11-05T00:00:00+00:00
[2022-11-05T14:13:25.848+1300] {processor.py:176} INFO - Processing /Users/hirenpatel/Documents/airflow_tutoral/py_env/lib/python3.8/site-packages/airflow/example_dags/example_branch_labels.py took 0.170 seconds
[2022-11-05T14:23:29.946+1300] {processor.py:154} INFO - Started process (PID=95659) to work on /Users/hirenpatel/Documents/airflow_tutoral/py_env/lib/python3.8/site-packages/airflow/example_dags/example_branch_labels.py
[2022-11-05T14:23:29.951+1300] {processor.py:756} INFO - Processing file /Users/hirenpatel/Documents/airflow_tutoral/py_env/lib/python3.8/site-packages/airflow/example_dags/example_branch_labels.py for tasks to queue
[2022-11-05T14:23:29.951+1300] {logging_mixin.py:120} INFO - [2022-11-05T14:23:29.951+1300] {dagbag.py:537} INFO - Filling up the DagBag from /Users/hirenpatel/Documents/airflow_tutoral/py_env/lib/python3.8/site-packages/airflow/example_dags/example_branch_labels.py
[2022-11-05T14:23:29.973+1300] {processor.py:766} INFO - DAG(s) dict_keys(['example_branch_labels']) retrieved from /Users/hirenpatel/Documents/airflow_tutoral/py_env/lib/python3.8/site-packages/airflow/example_dags/example_branch_labels.py
[2022-11-05T14:23:30.093+1300] {logging_mixin.py:120} INFO - [2022-11-05T14:23:30.093+1300] {dag.py:2585} INFO - Sync 1 DAGs
[2022-11-05T14:23:30.104+1300] {logging_mixin.py:120} INFO - [2022-11-05T14:23:30.104+1300] {dag.py:3336} INFO - Setting next_dagrun for example_branch_labels to 2022-11-04T00:00:00+00:00, run_after=2022-11-05T00:00:00+00:00
[2022-11-05T14:23:30.117+1300] {processor.py:176} INFO - Processing /Users/hirenpatel/Documents/airflow_tutoral/py_env/lib/python3.8/site-packages/airflow/example_dags/example_branch_labels.py took 0.171 seconds
[2022-11-05T14:33:51.717+1300] {processor.py:154} INFO - Started process (PID=95991) to work on /Users/hirenpatel/Documents/airflow_tutoral/py_env/lib/python3.8/site-packages/airflow/example_dags/example_branch_labels.py
[2022-11-05T14:33:51.722+1300] {processor.py:756} INFO - Processing file /Users/hirenpatel/Documents/airflow_tutoral/py_env/lib/python3.8/site-packages/airflow/example_dags/example_branch_labels.py for tasks to queue
[2022-11-05T14:33:51.722+1300] {logging_mixin.py:120} INFO - [2022-11-05T14:33:51.722+1300] {dagbag.py:537} INFO - Filling up the DagBag from /Users/hirenpatel/Documents/airflow_tutoral/py_env/lib/python3.8/site-packages/airflow/example_dags/example_branch_labels.py
[2022-11-05T14:33:51.745+1300] {processor.py:766} INFO - DAG(s) dict_keys(['example_branch_labels']) retrieved from /Users/hirenpatel/Documents/airflow_tutoral/py_env/lib/python3.8/site-packages/airflow/example_dags/example_branch_labels.py
[2022-11-05T14:33:52.350+1300] {logging_mixin.py:120} INFO - [2022-11-05T14:33:52.350+1300] {dag.py:2585} INFO - Sync 1 DAGs
[2022-11-05T14:33:52.361+1300] {logging_mixin.py:120} INFO - [2022-11-05T14:33:52.361+1300] {dag.py:3336} INFO - Setting next_dagrun for example_branch_labels to 2022-11-04T00:00:00+00:00, run_after=2022-11-05T00:00:00+00:00
[2022-11-05T14:33:52.375+1300] {processor.py:176} INFO - Processing /Users/hirenpatel/Documents/airflow_tutoral/py_env/lib/python3.8/site-packages/airflow/example_dags/example_branch_labels.py took 0.658 seconds
[2022-11-05T14:43:01.091+1300] {processor.py:154} INFO - Started process (PID=96288) to work on /Users/hirenpatel/Documents/airflow_tutoral/py_env/lib/python3.8/site-packages/airflow/example_dags/example_branch_labels.py
[2022-11-05T14:43:01.095+1300] {processor.py:756} INFO - Processing file /Users/hirenpatel/Documents/airflow_tutoral/py_env/lib/python3.8/site-packages/airflow/example_dags/example_branch_labels.py for tasks to queue
[2022-11-05T14:43:01.096+1300] {logging_mixin.py:120} INFO - [2022-11-05T14:43:01.096+1300] {dagbag.py:537} INFO - Filling up the DagBag from /Users/hirenpatel/Documents/airflow_tutoral/py_env/lib/python3.8/site-packages/airflow/example_dags/example_branch_labels.py
[2022-11-05T14:43:01.117+1300] {processor.py:766} INFO - DAG(s) dict_keys(['example_branch_labels']) retrieved from /Users/hirenpatel/Documents/airflow_tutoral/py_env/lib/python3.8/site-packages/airflow/example_dags/example_branch_labels.py
[2022-11-05T14:43:01.238+1300] {logging_mixin.py:120} INFO - [2022-11-05T14:43:01.237+1300] {dag.py:2585} INFO - Sync 1 DAGs
[2022-11-05T14:43:01.249+1300] {logging_mixin.py:120} INFO - [2022-11-05T14:43:01.249+1300] {dag.py:3336} INFO - Setting next_dagrun for example_branch_labels to 2022-11-04T00:00:00+00:00, run_after=2022-11-05T00:00:00+00:00
[2022-11-05T14:43:01.262+1300] {processor.py:176} INFO - Processing /Users/hirenpatel/Documents/airflow_tutoral/py_env/lib/python3.8/site-packages/airflow/example_dags/example_branch_labels.py took 0.172 seconds
[2022-11-05T14:54:29.190+1300] {processor.py:154} INFO - Started process (PID=96575) to work on /Users/hirenpatel/Documents/airflow_tutoral/py_env/lib/python3.8/site-packages/airflow/example_dags/example_branch_labels.py
[2022-11-05T14:54:29.196+1300] {processor.py:756} INFO - Processing file /Users/hirenpatel/Documents/airflow_tutoral/py_env/lib/python3.8/site-packages/airflow/example_dags/example_branch_labels.py for tasks to queue
[2022-11-05T14:54:29.196+1300] {logging_mixin.py:120} INFO - [2022-11-05T14:54:29.196+1300] {dagbag.py:537} INFO - Filling up the DagBag from /Users/hirenpatel/Documents/airflow_tutoral/py_env/lib/python3.8/site-packages/airflow/example_dags/example_branch_labels.py
[2022-11-05T14:54:29.226+1300] {processor.py:766} INFO - DAG(s) dict_keys(['example_branch_labels']) retrieved from /Users/hirenpatel/Documents/airflow_tutoral/py_env/lib/python3.8/site-packages/airflow/example_dags/example_branch_labels.py
[2022-11-05T14:54:29.386+1300] {logging_mixin.py:120} INFO - [2022-11-05T14:54:29.386+1300] {dag.py:2585} INFO - Sync 1 DAGs
[2022-11-05T14:54:29.401+1300] {logging_mixin.py:120} INFO - [2022-11-05T14:54:29.401+1300] {dag.py:3336} INFO - Setting next_dagrun for example_branch_labels to 2022-11-04T00:00:00+00:00, run_after=2022-11-05T00:00:00+00:00
[2022-11-05T14:54:29.417+1300] {processor.py:176} INFO - Processing /Users/hirenpatel/Documents/airflow_tutoral/py_env/lib/python3.8/site-packages/airflow/example_dags/example_branch_labels.py took 0.227 seconds
[2022-11-05T15:14:09.591+1300] {processor.py:154} INFO - Started process (PID=96954) to work on /Users/hirenpatel/Documents/airflow_tutoral/py_env/lib/python3.8/site-packages/airflow/example_dags/example_branch_labels.py
[2022-11-05T15:14:09.595+1300] {processor.py:756} INFO - Processing file /Users/hirenpatel/Documents/airflow_tutoral/py_env/lib/python3.8/site-packages/airflow/example_dags/example_branch_labels.py for tasks to queue
[2022-11-05T15:14:09.595+1300] {logging_mixin.py:120} INFO - [2022-11-05T15:14:09.595+1300] {dagbag.py:537} INFO - Filling up the DagBag from /Users/hirenpatel/Documents/airflow_tutoral/py_env/lib/python3.8/site-packages/airflow/example_dags/example_branch_labels.py
[2022-11-05T15:14:09.618+1300] {processor.py:766} INFO - DAG(s) dict_keys(['example_branch_labels']) retrieved from /Users/hirenpatel/Documents/airflow_tutoral/py_env/lib/python3.8/site-packages/airflow/example_dags/example_branch_labels.py
[2022-11-05T15:14:09.736+1300] {logging_mixin.py:120} INFO - [2022-11-05T15:14:09.735+1300] {dag.py:2585} INFO - Sync 1 DAGs
[2022-11-05T15:14:09.746+1300] {logging_mixin.py:120} INFO - [2022-11-05T15:14:09.746+1300] {dag.py:3336} INFO - Setting next_dagrun for example_branch_labels to 2022-11-04T00:00:00+00:00, run_after=2022-11-05T00:00:00+00:00
[2022-11-05T15:14:09.758+1300] {processor.py:176} INFO - Processing /Users/hirenpatel/Documents/airflow_tutoral/py_env/lib/python3.8/site-packages/airflow/example_dags/example_branch_labels.py took 0.168 seconds
[2022-11-05T15:19:22.104+1300] {processor.py:154} INFO - Started process (PID=97143) to work on /Users/hirenpatel/Documents/airflow_tutoral/py_env/lib/python3.8/site-packages/airflow/example_dags/example_branch_labels.py
[2022-11-05T15:19:22.108+1300] {processor.py:756} INFO - Processing file /Users/hirenpatel/Documents/airflow_tutoral/py_env/lib/python3.8/site-packages/airflow/example_dags/example_branch_labels.py for tasks to queue
[2022-11-05T15:19:22.109+1300] {logging_mixin.py:120} INFO - [2022-11-05T15:19:22.109+1300] {dagbag.py:537} INFO - Filling up the DagBag from /Users/hirenpatel/Documents/airflow_tutoral/py_env/lib/python3.8/site-packages/airflow/example_dags/example_branch_labels.py
[2022-11-05T15:19:22.132+1300] {processor.py:766} INFO - DAG(s) dict_keys(['example_branch_labels']) retrieved from /Users/hirenpatel/Documents/airflow_tutoral/py_env/lib/python3.8/site-packages/airflow/example_dags/example_branch_labels.py
[2022-11-05T15:19:22.263+1300] {logging_mixin.py:120} INFO - [2022-11-05T15:19:22.263+1300] {dag.py:2585} INFO - Sync 1 DAGs
[2022-11-05T15:19:22.275+1300] {logging_mixin.py:120} INFO - [2022-11-05T15:19:22.275+1300] {dag.py:3336} INFO - Setting next_dagrun for example_branch_labels to 2022-11-04T00:00:00+00:00, run_after=2022-11-05T00:00:00+00:00
[2022-11-05T15:19:22.288+1300] {processor.py:176} INFO - Processing /Users/hirenpatel/Documents/airflow_tutoral/py_env/lib/python3.8/site-packages/airflow/example_dags/example_branch_labels.py took 0.184 seconds
[2022-11-05T15:35:53.454+1300] {processor.py:154} INFO - Started process (PID=97463) to work on /Users/hirenpatel/Documents/airflow_tutoral/py_env/lib/python3.8/site-packages/airflow/example_dags/example_branch_labels.py
[2022-11-05T15:35:53.458+1300] {processor.py:756} INFO - Processing file /Users/hirenpatel/Documents/airflow_tutoral/py_env/lib/python3.8/site-packages/airflow/example_dags/example_branch_labels.py for tasks to queue
[2022-11-05T15:35:53.458+1300] {logging_mixin.py:120} INFO - [2022-11-05T15:35:53.458+1300] {dagbag.py:537} INFO - Filling up the DagBag from /Users/hirenpatel/Documents/airflow_tutoral/py_env/lib/python3.8/site-packages/airflow/example_dags/example_branch_labels.py
[2022-11-05T15:35:53.482+1300] {processor.py:766} INFO - DAG(s) dict_keys(['example_branch_labels']) retrieved from /Users/hirenpatel/Documents/airflow_tutoral/py_env/lib/python3.8/site-packages/airflow/example_dags/example_branch_labels.py
[2022-11-05T15:35:53.610+1300] {logging_mixin.py:120} INFO - [2022-11-05T15:35:53.610+1300] {dag.py:2585} INFO - Sync 1 DAGs
[2022-11-05T15:35:53.622+1300] {logging_mixin.py:120} INFO - [2022-11-05T15:35:53.622+1300] {dag.py:3336} INFO - Setting next_dagrun for example_branch_labels to 2022-11-04T00:00:00+00:00, run_after=2022-11-05T00:00:00+00:00
[2022-11-05T15:35:53.634+1300] {processor.py:176} INFO - Processing /Users/hirenpatel/Documents/airflow_tutoral/py_env/lib/python3.8/site-packages/airflow/example_dags/example_branch_labels.py took 0.181 seconds
[2022-11-05T15:52:20.088+1300] {processor.py:154} INFO - Started process (PID=97684) to work on /Users/hirenpatel/Documents/airflow_tutoral/py_env/lib/python3.8/site-packages/airflow/example_dags/example_branch_labels.py
[2022-11-05T15:52:20.092+1300] {processor.py:756} INFO - Processing file /Users/hirenpatel/Documents/airflow_tutoral/py_env/lib/python3.8/site-packages/airflow/example_dags/example_branch_labels.py for tasks to queue
[2022-11-05T15:52:20.092+1300] {logging_mixin.py:120} INFO - [2022-11-05T15:52:20.092+1300] {dagbag.py:537} INFO - Filling up the DagBag from /Users/hirenpatel/Documents/airflow_tutoral/py_env/lib/python3.8/site-packages/airflow/example_dags/example_branch_labels.py
[2022-11-05T15:52:20.112+1300] {processor.py:766} INFO - DAG(s) dict_keys(['example_branch_labels']) retrieved from /Users/hirenpatel/Documents/airflow_tutoral/py_env/lib/python3.8/site-packages/airflow/example_dags/example_branch_labels.py
[2022-11-05T15:52:20.226+1300] {logging_mixin.py:120} INFO - [2022-11-05T15:52:20.226+1300] {dag.py:2585} INFO - Sync 1 DAGs
[2022-11-05T15:52:20.237+1300] {logging_mixin.py:120} INFO - [2022-11-05T15:52:20.237+1300] {dag.py:3336} INFO - Setting next_dagrun for example_branch_labels to 2022-11-04T00:00:00+00:00, run_after=2022-11-05T00:00:00+00:00
[2022-11-05T15:52:20.256+1300] {processor.py:176} INFO - Processing /Users/hirenpatel/Documents/airflow_tutoral/py_env/lib/python3.8/site-packages/airflow/example_dags/example_branch_labels.py took 0.168 seconds
[2022-11-05T15:57:57.330+1300] {processor.py:154} INFO - Started process (PID=97938) to work on /Users/hirenpatel/Documents/airflow_tutoral/py_env/lib/python3.8/site-packages/airflow/example_dags/example_branch_labels.py
[2022-11-05T15:57:57.335+1300] {processor.py:756} INFO - Processing file /Users/hirenpatel/Documents/airflow_tutoral/py_env/lib/python3.8/site-packages/airflow/example_dags/example_branch_labels.py for tasks to queue
[2022-11-05T15:57:57.335+1300] {logging_mixin.py:120} INFO - [2022-11-05T15:57:57.335+1300] {dagbag.py:537} INFO - Filling up the DagBag from /Users/hirenpatel/Documents/airflow_tutoral/py_env/lib/python3.8/site-packages/airflow/example_dags/example_branch_labels.py
[2022-11-05T15:57:57.356+1300] {processor.py:766} INFO - DAG(s) dict_keys(['example_branch_labels']) retrieved from /Users/hirenpatel/Documents/airflow_tutoral/py_env/lib/python3.8/site-packages/airflow/example_dags/example_branch_labels.py
[2022-11-05T15:57:57.482+1300] {logging_mixin.py:120} INFO - [2022-11-05T15:57:57.482+1300] {dag.py:2585} INFO - Sync 1 DAGs
[2022-11-05T15:57:57.493+1300] {logging_mixin.py:120} INFO - [2022-11-05T15:57:57.493+1300] {dag.py:3336} INFO - Setting next_dagrun for example_branch_labels to 2022-11-04T00:00:00+00:00, run_after=2022-11-05T00:00:00+00:00
[2022-11-05T15:57:57.506+1300] {processor.py:176} INFO - Processing /Users/hirenpatel/Documents/airflow_tutoral/py_env/lib/python3.8/site-packages/airflow/example_dags/example_branch_labels.py took 0.176 seconds
[2022-11-05T16:09:24.008+1300] {processor.py:154} INFO - Started process (PID=98193) to work on /Users/hirenpatel/Documents/airflow_tutoral/py_env/lib/python3.8/site-packages/airflow/example_dags/example_branch_labels.py
[2022-11-05T16:09:24.012+1300] {processor.py:756} INFO - Processing file /Users/hirenpatel/Documents/airflow_tutoral/py_env/lib/python3.8/site-packages/airflow/example_dags/example_branch_labels.py for tasks to queue
[2022-11-05T16:09:24.013+1300] {logging_mixin.py:120} INFO - [2022-11-05T16:09:24.013+1300] {dagbag.py:537} INFO - Filling up the DagBag from /Users/hirenpatel/Documents/airflow_tutoral/py_env/lib/python3.8/site-packages/airflow/example_dags/example_branch_labels.py
[2022-11-05T16:09:24.034+1300] {processor.py:766} INFO - DAG(s) dict_keys(['example_branch_labels']) retrieved from /Users/hirenpatel/Documents/airflow_tutoral/py_env/lib/python3.8/site-packages/airflow/example_dags/example_branch_labels.py
[2022-11-05T16:09:24.166+1300] {logging_mixin.py:120} INFO - [2022-11-05T16:09:24.166+1300] {dag.py:2585} INFO - Sync 1 DAGs
[2022-11-05T16:09:24.179+1300] {logging_mixin.py:120} INFO - [2022-11-05T16:09:24.179+1300] {dag.py:3336} INFO - Setting next_dagrun for example_branch_labels to 2022-11-04T00:00:00+00:00, run_after=2022-11-05T00:00:00+00:00
[2022-11-05T16:09:24.194+1300] {processor.py:176} INFO - Processing /Users/hirenpatel/Documents/airflow_tutoral/py_env/lib/python3.8/site-packages/airflow/example_dags/example_branch_labels.py took 0.186 seconds
[2022-11-05T17:25:29.500+1300] {processor.py:154} INFO - Started process (PID=98617) to work on /Users/hirenpatel/Documents/airflow_tutoral/py_env/lib/python3.8/site-packages/airflow/example_dags/example_branch_labels.py
[2022-11-05T17:25:29.504+1300] {processor.py:756} INFO - Processing file /Users/hirenpatel/Documents/airflow_tutoral/py_env/lib/python3.8/site-packages/airflow/example_dags/example_branch_labels.py for tasks to queue
[2022-11-05T17:25:29.505+1300] {logging_mixin.py:120} INFO - [2022-11-05T17:25:29.505+1300] {dagbag.py:537} INFO - Filling up the DagBag from /Users/hirenpatel/Documents/airflow_tutoral/py_env/lib/python3.8/site-packages/airflow/example_dags/example_branch_labels.py
[2022-11-05T17:25:29.528+1300] {processor.py:766} INFO - DAG(s) dict_keys(['example_branch_labels']) retrieved from /Users/hirenpatel/Documents/airflow_tutoral/py_env/lib/python3.8/site-packages/airflow/example_dags/example_branch_labels.py
[2022-11-05T17:25:29.673+1300] {logging_mixin.py:120} INFO - [2022-11-05T17:25:29.673+1300] {dag.py:2585} INFO - Sync 1 DAGs
[2022-11-05T17:25:29.688+1300] {logging_mixin.py:120} INFO - [2022-11-05T17:25:29.688+1300] {dag.py:3336} INFO - Setting next_dagrun for example_branch_labels to 2022-11-04T00:00:00+00:00, run_after=2022-11-05T00:00:00+00:00
[2022-11-05T17:25:29.707+1300] {processor.py:176} INFO - Processing /Users/hirenpatel/Documents/airflow_tutoral/py_env/lib/python3.8/site-packages/airflow/example_dags/example_branch_labels.py took 0.206 seconds
[2022-11-05T17:57:04.635+1300] {processor.py:154} INFO - Started process (PID=99028) to work on /Users/hirenpatel/Documents/airflow_tutoral/py_env/lib/python3.8/site-packages/airflow/example_dags/example_branch_labels.py
[2022-11-05T17:57:04.639+1300] {processor.py:756} INFO - Processing file /Users/hirenpatel/Documents/airflow_tutoral/py_env/lib/python3.8/site-packages/airflow/example_dags/example_branch_labels.py for tasks to queue
[2022-11-05T17:57:04.639+1300] {logging_mixin.py:120} INFO - [2022-11-05T17:57:04.639+1300] {dagbag.py:537} INFO - Filling up the DagBag from /Users/hirenpatel/Documents/airflow_tutoral/py_env/lib/python3.8/site-packages/airflow/example_dags/example_branch_labels.py
[2022-11-05T17:57:04.663+1300] {processor.py:766} INFO - DAG(s) dict_keys(['example_branch_labels']) retrieved from /Users/hirenpatel/Documents/airflow_tutoral/py_env/lib/python3.8/site-packages/airflow/example_dags/example_branch_labels.py
[2022-11-05T17:57:04.781+1300] {logging_mixin.py:120} INFO - [2022-11-05T17:57:04.780+1300] {dag.py:2585} INFO - Sync 1 DAGs
[2022-11-05T17:57:04.791+1300] {logging_mixin.py:120} INFO - [2022-11-05T17:57:04.791+1300] {dag.py:3336} INFO - Setting next_dagrun for example_branch_labels to 2022-11-04T00:00:00+00:00, run_after=2022-11-05T00:00:00+00:00
[2022-11-05T17:57:04.803+1300] {processor.py:176} INFO - Processing /Users/hirenpatel/Documents/airflow_tutoral/py_env/lib/python3.8/site-packages/airflow/example_dags/example_branch_labels.py took 0.168 seconds
[2022-11-05T18:01:55.784+1300] {processor.py:154} INFO - Started process (PID=99277) to work on /Users/hirenpatel/Documents/airflow_tutoral/py_env/lib/python3.8/site-packages/airflow/example_dags/example_branch_labels.py
[2022-11-05T18:01:55.788+1300] {processor.py:756} INFO - Processing file /Users/hirenpatel/Documents/airflow_tutoral/py_env/lib/python3.8/site-packages/airflow/example_dags/example_branch_labels.py for tasks to queue
[2022-11-05T18:01:55.788+1300] {logging_mixin.py:120} INFO - [2022-11-05T18:01:55.788+1300] {dagbag.py:537} INFO - Filling up the DagBag from /Users/hirenpatel/Documents/airflow_tutoral/py_env/lib/python3.8/site-packages/airflow/example_dags/example_branch_labels.py
[2022-11-05T18:01:55.808+1300] {processor.py:766} INFO - DAG(s) dict_keys(['example_branch_labels']) retrieved from /Users/hirenpatel/Documents/airflow_tutoral/py_env/lib/python3.8/site-packages/airflow/example_dags/example_branch_labels.py
[2022-11-05T18:01:55.923+1300] {logging_mixin.py:120} INFO - [2022-11-05T18:01:55.923+1300] {dag.py:2585} INFO - Sync 1 DAGs
[2022-11-05T18:01:55.935+1300] {logging_mixin.py:120} INFO - [2022-11-05T18:01:55.935+1300] {dag.py:3336} INFO - Setting next_dagrun for example_branch_labels to 2022-11-04T00:00:00+00:00, run_after=2022-11-05T00:00:00+00:00
[2022-11-05T18:01:55.949+1300] {processor.py:176} INFO - Processing /Users/hirenpatel/Documents/airflow_tutoral/py_env/lib/python3.8/site-packages/airflow/example_dags/example_branch_labels.py took 0.165 seconds
[2022-11-05T18:13:06.678+1300] {processor.py:154} INFO - Started process (PID=505) to work on /Users/hirenpatel/Documents/airflow_tutoral/py_env/lib/python3.8/site-packages/airflow/example_dags/example_branch_labels.py
[2022-11-05T18:13:06.682+1300] {processor.py:756} INFO - Processing file /Users/hirenpatel/Documents/airflow_tutoral/py_env/lib/python3.8/site-packages/airflow/example_dags/example_branch_labels.py for tasks to queue
[2022-11-05T18:13:06.682+1300] {logging_mixin.py:120} INFO - [2022-11-05T18:13:06.682+1300] {dagbag.py:537} INFO - Filling up the DagBag from /Users/hirenpatel/Documents/airflow_tutoral/py_env/lib/python3.8/site-packages/airflow/example_dags/example_branch_labels.py
[2022-11-05T18:13:06.705+1300] {processor.py:766} INFO - DAG(s) dict_keys(['example_branch_labels']) retrieved from /Users/hirenpatel/Documents/airflow_tutoral/py_env/lib/python3.8/site-packages/airflow/example_dags/example_branch_labels.py
[2022-11-05T18:13:06.826+1300] {logging_mixin.py:120} INFO - [2022-11-05T18:13:06.826+1300] {dag.py:2585} INFO - Sync 1 DAGs
[2022-11-05T18:13:06.837+1300] {logging_mixin.py:120} INFO - [2022-11-05T18:13:06.836+1300] {dag.py:3336} INFO - Setting next_dagrun for example_branch_labels to 2022-11-04T00:00:00+00:00, run_after=2022-11-05T00:00:00+00:00
[2022-11-05T18:13:06.850+1300] {processor.py:176} INFO - Processing /Users/hirenpatel/Documents/airflow_tutoral/py_env/lib/python3.8/site-packages/airflow/example_dags/example_branch_labels.py took 0.172 seconds
[2022-11-05T18:16:19.773+1300] {processor.py:154} INFO - Started process (PID=775) to work on /Users/hirenpatel/Documents/airflow_tutoral/py_env/lib/python3.8/site-packages/airflow/example_dags/example_branch_labels.py
[2022-11-05T18:16:19.777+1300] {processor.py:756} INFO - Processing file /Users/hirenpatel/Documents/airflow_tutoral/py_env/lib/python3.8/site-packages/airflow/example_dags/example_branch_labels.py for tasks to queue
[2022-11-05T18:16:19.777+1300] {logging_mixin.py:120} INFO - [2022-11-05T18:16:19.777+1300] {dagbag.py:537} INFO - Filling up the DagBag from /Users/hirenpatel/Documents/airflow_tutoral/py_env/lib/python3.8/site-packages/airflow/example_dags/example_branch_labels.py
[2022-11-05T18:16:19.800+1300] {processor.py:766} INFO - DAG(s) dict_keys(['example_branch_labels']) retrieved from /Users/hirenpatel/Documents/airflow_tutoral/py_env/lib/python3.8/site-packages/airflow/example_dags/example_branch_labels.py
[2022-11-05T18:16:19.919+1300] {logging_mixin.py:120} INFO - [2022-11-05T18:16:19.919+1300] {dag.py:2585} INFO - Sync 1 DAGs
[2022-11-05T18:16:19.929+1300] {logging_mixin.py:120} INFO - [2022-11-05T18:16:19.929+1300] {dag.py:3336} INFO - Setting next_dagrun for example_branch_labels to 2022-11-04T00:00:00+00:00, run_after=2022-11-05T00:00:00+00:00
[2022-11-05T18:16:19.942+1300] {processor.py:176} INFO - Processing /Users/hirenpatel/Documents/airflow_tutoral/py_env/lib/python3.8/site-packages/airflow/example_dags/example_branch_labels.py took 0.170 seconds
[2022-11-05T18:19:16.992+1300] {processor.py:154} INFO - Started process (PID=1028) to work on /Users/hirenpatel/Documents/airflow_tutoral/py_env/lib/python3.8/site-packages/airflow/example_dags/example_branch_labels.py
[2022-11-05T18:19:16.996+1300] {processor.py:756} INFO - Processing file /Users/hirenpatel/Documents/airflow_tutoral/py_env/lib/python3.8/site-packages/airflow/example_dags/example_branch_labels.py for tasks to queue
[2022-11-05T18:19:16.997+1300] {logging_mixin.py:120} INFO - [2022-11-05T18:19:16.996+1300] {dagbag.py:537} INFO - Filling up the DagBag from /Users/hirenpatel/Documents/airflow_tutoral/py_env/lib/python3.8/site-packages/airflow/example_dags/example_branch_labels.py
[2022-11-05T18:19:17.019+1300] {processor.py:766} INFO - DAG(s) dict_keys(['example_branch_labels']) retrieved from /Users/hirenpatel/Documents/airflow_tutoral/py_env/lib/python3.8/site-packages/airflow/example_dags/example_branch_labels.py
[2022-11-05T18:19:17.139+1300] {logging_mixin.py:120} INFO - [2022-11-05T18:19:17.139+1300] {dag.py:2585} INFO - Sync 1 DAGs
[2022-11-05T18:19:17.150+1300] {logging_mixin.py:120} INFO - [2022-11-05T18:19:17.150+1300] {dag.py:3336} INFO - Setting next_dagrun for example_branch_labels to 2022-11-04T00:00:00+00:00, run_after=2022-11-05T00:00:00+00:00
[2022-11-05T18:19:17.163+1300] {processor.py:176} INFO - Processing /Users/hirenpatel/Documents/airflow_tutoral/py_env/lib/python3.8/site-packages/airflow/example_dags/example_branch_labels.py took 0.172 seconds
[2022-11-05T18:41:34.935+1300] {processor.py:154} INFO - Started process (PID=1351) to work on /Users/hirenpatel/Documents/airflow_tutoral/py_env/lib/python3.8/site-packages/airflow/example_dags/example_branch_labels.py
[2022-11-05T18:41:34.939+1300] {processor.py:756} INFO - Processing file /Users/hirenpatel/Documents/airflow_tutoral/py_env/lib/python3.8/site-packages/airflow/example_dags/example_branch_labels.py for tasks to queue
[2022-11-05T18:41:34.939+1300] {logging_mixin.py:120} INFO - [2022-11-05T18:41:34.939+1300] {dagbag.py:537} INFO - Filling up the DagBag from /Users/hirenpatel/Documents/airflow_tutoral/py_env/lib/python3.8/site-packages/airflow/example_dags/example_branch_labels.py
[2022-11-05T18:41:34.961+1300] {processor.py:766} INFO - DAG(s) dict_keys(['example_branch_labels']) retrieved from /Users/hirenpatel/Documents/airflow_tutoral/py_env/lib/python3.8/site-packages/airflow/example_dags/example_branch_labels.py
[2022-11-05T18:41:35.079+1300] {logging_mixin.py:120} INFO - [2022-11-05T18:41:35.079+1300] {dag.py:2585} INFO - Sync 1 DAGs
[2022-11-05T18:41:35.091+1300] {logging_mixin.py:120} INFO - [2022-11-05T18:41:35.091+1300] {dag.py:3336} INFO - Setting next_dagrun for example_branch_labels to 2022-11-04T00:00:00+00:00, run_after=2022-11-05T00:00:00+00:00
[2022-11-05T18:41:35.106+1300] {processor.py:176} INFO - Processing /Users/hirenpatel/Documents/airflow_tutoral/py_env/lib/python3.8/site-packages/airflow/example_dags/example_branch_labels.py took 0.171 seconds
[2022-11-05T18:53:29.580+1300] {processor.py:154} INFO - Started process (PID=1654) to work on /Users/hirenpatel/Documents/airflow_tutoral/py_env/lib/python3.8/site-packages/airflow/example_dags/example_branch_labels.py
[2022-11-05T18:53:29.584+1300] {processor.py:756} INFO - Processing file /Users/hirenpatel/Documents/airflow_tutoral/py_env/lib/python3.8/site-packages/airflow/example_dags/example_branch_labels.py for tasks to queue
[2022-11-05T18:53:29.585+1300] {logging_mixin.py:120} INFO - [2022-11-05T18:53:29.585+1300] {dagbag.py:537} INFO - Filling up the DagBag from /Users/hirenpatel/Documents/airflow_tutoral/py_env/lib/python3.8/site-packages/airflow/example_dags/example_branch_labels.py
[2022-11-05T18:53:29.610+1300] {processor.py:766} INFO - DAG(s) dict_keys(['example_branch_labels']) retrieved from /Users/hirenpatel/Documents/airflow_tutoral/py_env/lib/python3.8/site-packages/airflow/example_dags/example_branch_labels.py
[2022-11-05T18:53:29.737+1300] {logging_mixin.py:120} INFO - [2022-11-05T18:53:29.737+1300] {dag.py:2585} INFO - Sync 1 DAGs
[2022-11-05T18:53:29.749+1300] {logging_mixin.py:120} INFO - [2022-11-05T18:53:29.749+1300] {dag.py:3336} INFO - Setting next_dagrun for example_branch_labels to 2022-11-04T00:00:00+00:00, run_after=2022-11-05T00:00:00+00:00
[2022-11-05T18:53:29.762+1300] {processor.py:176} INFO - Processing /Users/hirenpatel/Documents/airflow_tutoral/py_env/lib/python3.8/site-packages/airflow/example_dags/example_branch_labels.py took 0.182 seconds
[2022-11-05T18:56:47.448+1300] {processor.py:154} INFO - Started process (PID=1947) to work on /Users/hirenpatel/Documents/airflow_tutoral/py_env/lib/python3.8/site-packages/airflow/example_dags/example_branch_labels.py
[2022-11-05T18:56:47.452+1300] {processor.py:756} INFO - Processing file /Users/hirenpatel/Documents/airflow_tutoral/py_env/lib/python3.8/site-packages/airflow/example_dags/example_branch_labels.py for tasks to queue
[2022-11-05T18:56:47.453+1300] {logging_mixin.py:120} INFO - [2022-11-05T18:56:47.452+1300] {dagbag.py:537} INFO - Filling up the DagBag from /Users/hirenpatel/Documents/airflow_tutoral/py_env/lib/python3.8/site-packages/airflow/example_dags/example_branch_labels.py
[2022-11-05T18:56:47.477+1300] {processor.py:766} INFO - DAG(s) dict_keys(['example_branch_labels']) retrieved from /Users/hirenpatel/Documents/airflow_tutoral/py_env/lib/python3.8/site-packages/airflow/example_dags/example_branch_labels.py
[2022-11-05T18:56:47.603+1300] {logging_mixin.py:120} INFO - [2022-11-05T18:56:47.603+1300] {dag.py:2585} INFO - Sync 1 DAGs
[2022-11-05T18:56:47.614+1300] {logging_mixin.py:120} INFO - [2022-11-05T18:56:47.614+1300] {dag.py:3336} INFO - Setting next_dagrun for example_branch_labels to 2022-11-04T00:00:00+00:00, run_after=2022-11-05T00:00:00+00:00
[2022-11-05T18:56:47.627+1300] {processor.py:176} INFO - Processing /Users/hirenpatel/Documents/airflow_tutoral/py_env/lib/python3.8/site-packages/airflow/example_dags/example_branch_labels.py took 0.180 seconds
[2022-11-05T19:02:30.226+1300] {processor.py:154} INFO - Started process (PID=2207) to work on /Users/hirenpatel/Documents/airflow_tutoral/py_env/lib/python3.8/site-packages/airflow/example_dags/example_branch_labels.py
[2022-11-05T19:02:30.230+1300] {processor.py:756} INFO - Processing file /Users/hirenpatel/Documents/airflow_tutoral/py_env/lib/python3.8/site-packages/airflow/example_dags/example_branch_labels.py for tasks to queue
[2022-11-05T19:02:30.231+1300] {logging_mixin.py:120} INFO - [2022-11-05T19:02:30.231+1300] {dagbag.py:537} INFO - Filling up the DagBag from /Users/hirenpatel/Documents/airflow_tutoral/py_env/lib/python3.8/site-packages/airflow/example_dags/example_branch_labels.py
[2022-11-05T19:02:30.253+1300] {processor.py:766} INFO - DAG(s) dict_keys(['example_branch_labels']) retrieved from /Users/hirenpatel/Documents/airflow_tutoral/py_env/lib/python3.8/site-packages/airflow/example_dags/example_branch_labels.py
[2022-11-05T19:02:30.382+1300] {logging_mixin.py:120} INFO - [2022-11-05T19:02:30.381+1300] {dag.py:2585} INFO - Sync 1 DAGs
[2022-11-05T19:02:30.393+1300] {logging_mixin.py:120} INFO - [2022-11-05T19:02:30.393+1300] {dag.py:3336} INFO - Setting next_dagrun for example_branch_labels to 2022-11-04T00:00:00+00:00, run_after=2022-11-05T00:00:00+00:00
[2022-11-05T19:02:30.407+1300] {processor.py:176} INFO - Processing /Users/hirenpatel/Documents/airflow_tutoral/py_env/lib/python3.8/site-packages/airflow/example_dags/example_branch_labels.py took 0.181 seconds
[2022-11-05T19:05:30.114+1300] {processor.py:154} INFO - Started process (PID=2377) to work on /Users/hirenpatel/Documents/airflow_tutoral/py_env/lib/python3.8/site-packages/airflow/example_dags/example_branch_labels.py
[2022-11-05T19:05:30.119+1300] {processor.py:756} INFO - Processing file /Users/hirenpatel/Documents/airflow_tutoral/py_env/lib/python3.8/site-packages/airflow/example_dags/example_branch_labels.py for tasks to queue
[2022-11-05T19:05:30.120+1300] {logging_mixin.py:120} INFO - [2022-11-05T19:05:30.120+1300] {dagbag.py:537} INFO - Filling up the DagBag from /Users/hirenpatel/Documents/airflow_tutoral/py_env/lib/python3.8/site-packages/airflow/example_dags/example_branch_labels.py
[2022-11-05T19:05:30.148+1300] {processor.py:766} INFO - DAG(s) dict_keys(['example_branch_labels']) retrieved from /Users/hirenpatel/Documents/airflow_tutoral/py_env/lib/python3.8/site-packages/airflow/example_dags/example_branch_labels.py
[2022-11-05T19:05:30.272+1300] {logging_mixin.py:120} INFO - [2022-11-05T19:05:30.272+1300] {dag.py:2585} INFO - Sync 1 DAGs
[2022-11-05T19:05:30.284+1300] {logging_mixin.py:120} INFO - [2022-11-05T19:05:30.284+1300] {dag.py:3336} INFO - Setting next_dagrun for example_branch_labels to 2022-11-04T00:00:00+00:00, run_after=2022-11-05T00:00:00+00:00
[2022-11-05T19:05:30.297+1300] {processor.py:176} INFO - Processing /Users/hirenpatel/Documents/airflow_tutoral/py_env/lib/python3.8/site-packages/airflow/example_dags/example_branch_labels.py took 0.184 seconds
[2022-11-05T19:15:27.124+1300] {processor.py:154} INFO - Started process (PID=2655) to work on /Users/hirenpatel/Documents/airflow_tutoral/py_env/lib/python3.8/site-packages/airflow/example_dags/example_branch_labels.py
[2022-11-05T19:15:27.129+1300] {processor.py:756} INFO - Processing file /Users/hirenpatel/Documents/airflow_tutoral/py_env/lib/python3.8/site-packages/airflow/example_dags/example_branch_labels.py for tasks to queue
[2022-11-05T19:15:27.129+1300] {logging_mixin.py:120} INFO - [2022-11-05T19:15:27.129+1300] {dagbag.py:537} INFO - Filling up the DagBag from /Users/hirenpatel/Documents/airflow_tutoral/py_env/lib/python3.8/site-packages/airflow/example_dags/example_branch_labels.py
[2022-11-05T19:15:27.153+1300] {processor.py:766} INFO - DAG(s) dict_keys(['example_branch_labels']) retrieved from /Users/hirenpatel/Documents/airflow_tutoral/py_env/lib/python3.8/site-packages/airflow/example_dags/example_branch_labels.py
[2022-11-05T19:15:27.324+1300] {logging_mixin.py:120} INFO - [2022-11-05T19:15:27.324+1300] {dag.py:2585} INFO - Sync 1 DAGs
[2022-11-05T19:15:27.344+1300] {logging_mixin.py:120} INFO - [2022-11-05T19:15:27.344+1300] {dag.py:3336} INFO - Setting next_dagrun for example_branch_labels to 2022-11-04T00:00:00+00:00, run_after=2022-11-05T00:00:00+00:00
[2022-11-05T19:15:27.358+1300] {processor.py:176} INFO - Processing /Users/hirenpatel/Documents/airflow_tutoral/py_env/lib/python3.8/site-packages/airflow/example_dags/example_branch_labels.py took 0.234 seconds
[2022-11-05T19:22:48.619+1300] {processor.py:154} INFO - Started process (PID=2892) to work on /Users/hirenpatel/Documents/airflow_tutoral/py_env/lib/python3.8/site-packages/airflow/example_dags/example_branch_labels.py
[2022-11-05T19:22:48.623+1300] {processor.py:756} INFO - Processing file /Users/hirenpatel/Documents/airflow_tutoral/py_env/lib/python3.8/site-packages/airflow/example_dags/example_branch_labels.py for tasks to queue
[2022-11-05T19:22:48.624+1300] {logging_mixin.py:120} INFO - [2022-11-05T19:22:48.624+1300] {dagbag.py:537} INFO - Filling up the DagBag from /Users/hirenpatel/Documents/airflow_tutoral/py_env/lib/python3.8/site-packages/airflow/example_dags/example_branch_labels.py
[2022-11-05T19:22:48.644+1300] {processor.py:766} INFO - DAG(s) dict_keys(['example_branch_labels']) retrieved from /Users/hirenpatel/Documents/airflow_tutoral/py_env/lib/python3.8/site-packages/airflow/example_dags/example_branch_labels.py
[2022-11-05T19:22:48.776+1300] {logging_mixin.py:120} INFO - [2022-11-05T19:22:48.776+1300] {dag.py:2585} INFO - Sync 1 DAGs
[2022-11-05T19:22:48.801+1300] {logging_mixin.py:120} INFO - [2022-11-05T19:22:48.801+1300] {dag.py:3336} INFO - Setting next_dagrun for example_branch_labels to 2022-11-04T00:00:00+00:00, run_after=2022-11-05T00:00:00+00:00
[2022-11-05T19:22:48.842+1300] {processor.py:176} INFO - Processing /Users/hirenpatel/Documents/airflow_tutoral/py_env/lib/python3.8/site-packages/airflow/example_dags/example_branch_labels.py took 0.223 seconds
[2022-11-05T19:41:56.323+1300] {processor.py:154} INFO - Started process (PID=3217) to work on /Users/hirenpatel/Documents/airflow_tutoral/py_env/lib/python3.8/site-packages/airflow/example_dags/example_branch_labels.py
[2022-11-05T19:41:56.327+1300] {processor.py:756} INFO - Processing file /Users/hirenpatel/Documents/airflow_tutoral/py_env/lib/python3.8/site-packages/airflow/example_dags/example_branch_labels.py for tasks to queue
[2022-11-05T19:41:56.327+1300] {logging_mixin.py:120} INFO - [2022-11-05T19:41:56.327+1300] {dagbag.py:537} INFO - Filling up the DagBag from /Users/hirenpatel/Documents/airflow_tutoral/py_env/lib/python3.8/site-packages/airflow/example_dags/example_branch_labels.py
[2022-11-05T19:41:56.349+1300] {processor.py:766} INFO - DAG(s) dict_keys(['example_branch_labels']) retrieved from /Users/hirenpatel/Documents/airflow_tutoral/py_env/lib/python3.8/site-packages/airflow/example_dags/example_branch_labels.py
[2022-11-05T19:41:56.462+1300] {logging_mixin.py:120} INFO - [2022-11-05T19:41:56.462+1300] {dag.py:2585} INFO - Sync 1 DAGs
[2022-11-05T19:41:56.474+1300] {logging_mixin.py:120} INFO - [2022-11-05T19:41:56.474+1300] {dag.py:3336} INFO - Setting next_dagrun for example_branch_labels to 2022-11-04T00:00:00+00:00, run_after=2022-11-05T00:00:00+00:00
[2022-11-05T19:41:56.486+1300] {processor.py:176} INFO - Processing /Users/hirenpatel/Documents/airflow_tutoral/py_env/lib/python3.8/site-packages/airflow/example_dags/example_branch_labels.py took 0.163 seconds
[2022-11-05T19:55:42.599+1300] {processor.py:154} INFO - Started process (PID=3422) to work on /Users/hirenpatel/Documents/airflow_tutoral/py_env/lib/python3.8/site-packages/airflow/example_dags/example_branch_labels.py
[2022-11-05T19:55:42.603+1300] {processor.py:756} INFO - Processing file /Users/hirenpatel/Documents/airflow_tutoral/py_env/lib/python3.8/site-packages/airflow/example_dags/example_branch_labels.py for tasks to queue
[2022-11-05T19:55:42.603+1300] {logging_mixin.py:120} INFO - [2022-11-05T19:55:42.603+1300] {dagbag.py:537} INFO - Filling up the DagBag from /Users/hirenpatel/Documents/airflow_tutoral/py_env/lib/python3.8/site-packages/airflow/example_dags/example_branch_labels.py
[2022-11-05T19:55:42.624+1300] {processor.py:766} INFO - DAG(s) dict_keys(['example_branch_labels']) retrieved from /Users/hirenpatel/Documents/airflow_tutoral/py_env/lib/python3.8/site-packages/airflow/example_dags/example_branch_labels.py
[2022-11-05T19:55:42.740+1300] {logging_mixin.py:120} INFO - [2022-11-05T19:55:42.740+1300] {dag.py:2585} INFO - Sync 1 DAGs
[2022-11-05T19:55:42.751+1300] {logging_mixin.py:120} INFO - [2022-11-05T19:55:42.751+1300] {dag.py:3336} INFO - Setting next_dagrun for example_branch_labels to 2022-11-04T00:00:00+00:00, run_after=2022-11-05T00:00:00+00:00
[2022-11-05T19:55:42.763+1300] {processor.py:176} INFO - Processing /Users/hirenpatel/Documents/airflow_tutoral/py_env/lib/python3.8/site-packages/airflow/example_dags/example_branch_labels.py took 0.164 seconds
[2022-11-05T19:58:59.231+1300] {processor.py:154} INFO - Started process (PID=3646) to work on /Users/hirenpatel/Documents/airflow_tutoral/py_env/lib/python3.8/site-packages/airflow/example_dags/example_branch_labels.py
[2022-11-05T19:58:59.235+1300] {processor.py:756} INFO - Processing file /Users/hirenpatel/Documents/airflow_tutoral/py_env/lib/python3.8/site-packages/airflow/example_dags/example_branch_labels.py for tasks to queue
[2022-11-05T19:58:59.235+1300] {logging_mixin.py:120} INFO - [2022-11-05T19:58:59.235+1300] {dagbag.py:537} INFO - Filling up the DagBag from /Users/hirenpatel/Documents/airflow_tutoral/py_env/lib/python3.8/site-packages/airflow/example_dags/example_branch_labels.py
[2022-11-05T19:58:59.258+1300] {processor.py:766} INFO - DAG(s) dict_keys(['example_branch_labels']) retrieved from /Users/hirenpatel/Documents/airflow_tutoral/py_env/lib/python3.8/site-packages/airflow/example_dags/example_branch_labels.py
[2022-11-05T19:58:59.397+1300] {logging_mixin.py:120} INFO - [2022-11-05T19:58:59.397+1300] {dag.py:2585} INFO - Sync 1 DAGs
[2022-11-05T19:58:59.409+1300] {logging_mixin.py:120} INFO - [2022-11-05T19:58:59.409+1300] {dag.py:3336} INFO - Setting next_dagrun for example_branch_labels to 2022-11-04T00:00:00+00:00, run_after=2022-11-05T00:00:00+00:00
[2022-11-05T19:58:59.422+1300] {processor.py:176} INFO - Processing /Users/hirenpatel/Documents/airflow_tutoral/py_env/lib/python3.8/site-packages/airflow/example_dags/example_branch_labels.py took 0.191 seconds
[2022-11-05T20:18:19.088+1300] {processor.py:154} INFO - Started process (PID=3946) to work on /Users/hirenpatel/Documents/airflow_tutoral/py_env/lib/python3.8/site-packages/airflow/example_dags/example_branch_labels.py
[2022-11-05T20:18:19.092+1300] {processor.py:756} INFO - Processing file /Users/hirenpatel/Documents/airflow_tutoral/py_env/lib/python3.8/site-packages/airflow/example_dags/example_branch_labels.py for tasks to queue
[2022-11-05T20:18:19.092+1300] {logging_mixin.py:120} INFO - [2022-11-05T20:18:19.092+1300] {dagbag.py:537} INFO - Filling up the DagBag from /Users/hirenpatel/Documents/airflow_tutoral/py_env/lib/python3.8/site-packages/airflow/example_dags/example_branch_labels.py
[2022-11-05T20:18:19.115+1300] {processor.py:766} INFO - DAG(s) dict_keys(['example_branch_labels']) retrieved from /Users/hirenpatel/Documents/airflow_tutoral/py_env/lib/python3.8/site-packages/airflow/example_dags/example_branch_labels.py
[2022-11-05T20:18:19.234+1300] {logging_mixin.py:120} INFO - [2022-11-05T20:18:19.234+1300] {dag.py:2585} INFO - Sync 1 DAGs
[2022-11-05T20:18:19.245+1300] {logging_mixin.py:120} INFO - [2022-11-05T20:18:19.244+1300] {dag.py:3336} INFO - Setting next_dagrun for example_branch_labels to 2022-11-04T00:00:00+00:00, run_after=2022-11-05T00:00:00+00:00
[2022-11-05T20:18:19.257+1300] {processor.py:176} INFO - Processing /Users/hirenpatel/Documents/airflow_tutoral/py_env/lib/python3.8/site-packages/airflow/example_dags/example_branch_labels.py took 0.169 seconds
[2022-11-05T20:45:26.491+1300] {processor.py:154} INFO - Started process (PID=4279) to work on /Users/hirenpatel/Documents/airflow_tutoral/py_env/lib/python3.8/site-packages/airflow/example_dags/example_branch_labels.py
[2022-11-05T20:45:26.495+1300] {processor.py:756} INFO - Processing file /Users/hirenpatel/Documents/airflow_tutoral/py_env/lib/python3.8/site-packages/airflow/example_dags/example_branch_labels.py for tasks to queue
[2022-11-05T20:45:26.496+1300] {logging_mixin.py:120} INFO - [2022-11-05T20:45:26.496+1300] {dagbag.py:537} INFO - Filling up the DagBag from /Users/hirenpatel/Documents/airflow_tutoral/py_env/lib/python3.8/site-packages/airflow/example_dags/example_branch_labels.py
[2022-11-05T20:45:26.516+1300] {processor.py:766} INFO - DAG(s) dict_keys(['example_branch_labels']) retrieved from /Users/hirenpatel/Documents/airflow_tutoral/py_env/lib/python3.8/site-packages/airflow/example_dags/example_branch_labels.py
[2022-11-05T20:45:26.626+1300] {logging_mixin.py:120} INFO - [2022-11-05T20:45:26.626+1300] {dag.py:2585} INFO - Sync 1 DAGs
[2022-11-05T20:45:26.636+1300] {logging_mixin.py:120} INFO - [2022-11-05T20:45:26.636+1300] {dag.py:3336} INFO - Setting next_dagrun for example_branch_labels to 2022-11-04T00:00:00+00:00, run_after=2022-11-05T00:00:00+00:00
[2022-11-05T20:45:26.651+1300] {processor.py:176} INFO - Processing /Users/hirenpatel/Documents/airflow_tutoral/py_env/lib/python3.8/site-packages/airflow/example_dags/example_branch_labels.py took 0.160 seconds
[2022-11-05T21:02:45.137+1300] {processor.py:154} INFO - Started process (PID=4469) to work on /Users/hirenpatel/Documents/airflow_tutoral/py_env/lib/python3.8/site-packages/airflow/example_dags/example_branch_labels.py
[2022-11-05T21:02:45.142+1300] {processor.py:756} INFO - Processing file /Users/hirenpatel/Documents/airflow_tutoral/py_env/lib/python3.8/site-packages/airflow/example_dags/example_branch_labels.py for tasks to queue
[2022-11-05T21:02:45.143+1300] {logging_mixin.py:120} INFO - [2022-11-05T21:02:45.143+1300] {dagbag.py:537} INFO - Filling up the DagBag from /Users/hirenpatel/Documents/airflow_tutoral/py_env/lib/python3.8/site-packages/airflow/example_dags/example_branch_labels.py
[2022-11-05T21:02:45.174+1300] {processor.py:766} INFO - DAG(s) dict_keys(['example_branch_labels']) retrieved from /Users/hirenpatel/Documents/airflow_tutoral/py_env/lib/python3.8/site-packages/airflow/example_dags/example_branch_labels.py
[2022-11-05T21:02:45.341+1300] {logging_mixin.py:120} INFO - [2022-11-05T21:02:45.341+1300] {dag.py:2585} INFO - Sync 1 DAGs
[2022-11-05T21:02:45.355+1300] {logging_mixin.py:120} INFO - [2022-11-05T21:02:45.354+1300] {dag.py:3336} INFO - Setting next_dagrun for example_branch_labels to 2022-11-04T00:00:00+00:00, run_after=2022-11-05T00:00:00+00:00
[2022-11-05T21:02:45.369+1300] {processor.py:176} INFO - Processing /Users/hirenpatel/Documents/airflow_tutoral/py_env/lib/python3.8/site-packages/airflow/example_dags/example_branch_labels.py took 0.233 seconds
[2022-11-05T21:48:41.810+1300] {processor.py:154} INFO - Started process (PID=4701) to work on /Users/hirenpatel/Documents/airflow_tutoral/py_env/lib/python3.8/site-packages/airflow/example_dags/example_branch_labels.py
[2022-11-05T21:48:41.814+1300] {processor.py:756} INFO - Processing file /Users/hirenpatel/Documents/airflow_tutoral/py_env/lib/python3.8/site-packages/airflow/example_dags/example_branch_labels.py for tasks to queue
[2022-11-05T21:48:41.814+1300] {logging_mixin.py:120} INFO - [2022-11-05T21:48:41.814+1300] {dagbag.py:537} INFO - Filling up the DagBag from /Users/hirenpatel/Documents/airflow_tutoral/py_env/lib/python3.8/site-packages/airflow/example_dags/example_branch_labels.py
[2022-11-05T21:48:41.842+1300] {processor.py:766} INFO - DAG(s) dict_keys(['example_branch_labels']) retrieved from /Users/hirenpatel/Documents/airflow_tutoral/py_env/lib/python3.8/site-packages/airflow/example_dags/example_branch_labels.py
[2022-11-05T21:48:42.017+1300] {logging_mixin.py:120} INFO - [2022-11-05T21:48:42.017+1300] {dag.py:2585} INFO - Sync 1 DAGs
[2022-11-05T21:48:42.035+1300] {logging_mixin.py:120} INFO - [2022-11-05T21:48:42.035+1300] {dag.py:3336} INFO - Setting next_dagrun for example_branch_labels to 2022-11-04T00:00:00+00:00, run_after=2022-11-05T00:00:00+00:00
[2022-11-05T21:48:42.058+1300] {processor.py:176} INFO - Processing /Users/hirenpatel/Documents/airflow_tutoral/py_env/lib/python3.8/site-packages/airflow/example_dags/example_branch_labels.py took 0.249 seconds
[2022-11-05T23:09:42.872+1300] {processor.py:154} INFO - Started process (PID=5123) to work on /Users/hirenpatel/Documents/airflow_tutoral/py_env/lib/python3.8/site-packages/airflow/example_dags/example_branch_labels.py
[2022-11-05T23:09:42.876+1300] {processor.py:756} INFO - Processing file /Users/hirenpatel/Documents/airflow_tutoral/py_env/lib/python3.8/site-packages/airflow/example_dags/example_branch_labels.py for tasks to queue
[2022-11-05T23:09:42.876+1300] {logging_mixin.py:120} INFO - [2022-11-05T23:09:42.876+1300] {dagbag.py:537} INFO - Filling up the DagBag from /Users/hirenpatel/Documents/airflow_tutoral/py_env/lib/python3.8/site-packages/airflow/example_dags/example_branch_labels.py
[2022-11-05T23:09:42.898+1300] {processor.py:766} INFO - DAG(s) dict_keys(['example_branch_labels']) retrieved from /Users/hirenpatel/Documents/airflow_tutoral/py_env/lib/python3.8/site-packages/airflow/example_dags/example_branch_labels.py
[2022-11-05T23:09:43.016+1300] {logging_mixin.py:120} INFO - [2022-11-05T23:09:43.016+1300] {dag.py:2585} INFO - Sync 1 DAGs
[2022-11-05T23:09:43.027+1300] {logging_mixin.py:120} INFO - [2022-11-05T23:09:43.027+1300] {dag.py:3336} INFO - Setting next_dagrun for example_branch_labels to 2022-11-04T00:00:00+00:00, run_after=2022-11-05T00:00:00+00:00
[2022-11-05T23:09:43.040+1300] {processor.py:176} INFO - Processing /Users/hirenpatel/Documents/airflow_tutoral/py_env/lib/python3.8/site-packages/airflow/example_dags/example_branch_labels.py took 0.168 seconds
[2022-11-05T23:32:02.171+1300] {processor.py:154} INFO - Started process (PID=5414) to work on /Users/hirenpatel/Documents/airflow_tutoral/py_env/lib/python3.8/site-packages/airflow/example_dags/example_branch_labels.py
[2022-11-05T23:32:02.175+1300] {processor.py:756} INFO - Processing file /Users/hirenpatel/Documents/airflow_tutoral/py_env/lib/python3.8/site-packages/airflow/example_dags/example_branch_labels.py for tasks to queue
[2022-11-05T23:32:02.175+1300] {logging_mixin.py:120} INFO - [2022-11-05T23:32:02.175+1300] {dagbag.py:537} INFO - Filling up the DagBag from /Users/hirenpatel/Documents/airflow_tutoral/py_env/lib/python3.8/site-packages/airflow/example_dags/example_branch_labels.py
[2022-11-05T23:32:02.197+1300] {processor.py:766} INFO - DAG(s) dict_keys(['example_branch_labels']) retrieved from /Users/hirenpatel/Documents/airflow_tutoral/py_env/lib/python3.8/site-packages/airflow/example_dags/example_branch_labels.py
[2022-11-05T23:32:02.315+1300] {logging_mixin.py:120} INFO - [2022-11-05T23:32:02.315+1300] {dag.py:2585} INFO - Sync 1 DAGs
[2022-11-05T23:32:02.326+1300] {logging_mixin.py:120} INFO - [2022-11-05T23:32:02.326+1300] {dag.py:3336} INFO - Setting next_dagrun for example_branch_labels to 2022-11-04T00:00:00+00:00, run_after=2022-11-05T00:00:00+00:00
[2022-11-05T23:32:02.339+1300] {processor.py:176} INFO - Processing /Users/hirenpatel/Documents/airflow_tutoral/py_env/lib/python3.8/site-packages/airflow/example_dags/example_branch_labels.py took 0.168 seconds
[2022-11-06T00:51:50.155+1300] {processor.py:154} INFO - Started process (PID=5876) to work on /Users/hirenpatel/Documents/airflow_tutoral/py_env/lib/python3.8/site-packages/airflow/example_dags/example_branch_labels.py
[2022-11-06T00:51:50.167+1300] {processor.py:756} INFO - Processing file /Users/hirenpatel/Documents/airflow_tutoral/py_env/lib/python3.8/site-packages/airflow/example_dags/example_branch_labels.py for tasks to queue
[2022-11-06T00:51:50.167+1300] {logging_mixin.py:120} INFO - [2022-11-06T00:51:50.167+1300] {dagbag.py:537} INFO - Filling up the DagBag from /Users/hirenpatel/Documents/airflow_tutoral/py_env/lib/python3.8/site-packages/airflow/example_dags/example_branch_labels.py
[2022-11-06T00:51:50.230+1300] {processor.py:766} INFO - DAG(s) dict_keys(['example_branch_labels']) retrieved from /Users/hirenpatel/Documents/airflow_tutoral/py_env/lib/python3.8/site-packages/airflow/example_dags/example_branch_labels.py
[2022-11-06T00:51:50.509+1300] {logging_mixin.py:120} INFO - [2022-11-06T00:51:50.509+1300] {dag.py:2585} INFO - Sync 1 DAGs
[2022-11-06T00:51:50.525+1300] {logging_mixin.py:120} INFO - [2022-11-06T00:51:50.524+1300] {dag.py:3336} INFO - Setting next_dagrun for example_branch_labels to 2022-11-04T00:00:00+00:00, run_after=2022-11-05T00:00:00+00:00
[2022-11-06T00:51:50.546+1300] {processor.py:176} INFO - Processing /Users/hirenpatel/Documents/airflow_tutoral/py_env/lib/python3.8/site-packages/airflow/example_dags/example_branch_labels.py took 0.391 seconds
[2022-11-06T03:26:56.722+1300] {processor.py:154} INFO - Started process (PID=6322) to work on /Users/hirenpatel/Documents/airflow_tutoral/py_env/lib/python3.8/site-packages/airflow/example_dags/example_branch_labels.py
[2022-11-06T03:26:56.726+1300] {processor.py:756} INFO - Processing file /Users/hirenpatel/Documents/airflow_tutoral/py_env/lib/python3.8/site-packages/airflow/example_dags/example_branch_labels.py for tasks to queue
[2022-11-06T03:26:56.726+1300] {logging_mixin.py:120} INFO - [2022-11-06T03:26:56.726+1300] {dagbag.py:537} INFO - Filling up the DagBag from /Users/hirenpatel/Documents/airflow_tutoral/py_env/lib/python3.8/site-packages/airflow/example_dags/example_branch_labels.py
[2022-11-06T03:26:56.770+1300] {processor.py:766} INFO - DAG(s) dict_keys(['example_branch_labels']) retrieved from /Users/hirenpatel/Documents/airflow_tutoral/py_env/lib/python3.8/site-packages/airflow/example_dags/example_branch_labels.py
[2022-11-06T03:26:57.017+1300] {logging_mixin.py:120} INFO - [2022-11-06T03:26:57.017+1300] {dag.py:2585} INFO - Sync 1 DAGs
[2022-11-06T03:26:57.031+1300] {logging_mixin.py:120} INFO - [2022-11-06T03:26:57.031+1300] {dag.py:3336} INFO - Setting next_dagrun for example_branch_labels to 2022-11-04T00:00:00+00:00, run_after=2022-11-05T00:00:00+00:00
[2022-11-06T03:26:57.045+1300] {processor.py:176} INFO - Processing /Users/hirenpatel/Documents/airflow_tutoral/py_env/lib/python3.8/site-packages/airflow/example_dags/example_branch_labels.py took 0.324 seconds
[2022-11-06T06:25:59.669+1300] {processor.py:154} INFO - Started process (PID=6905) to work on /Users/hirenpatel/Documents/airflow_tutoral/py_env/lib/python3.8/site-packages/airflow/example_dags/example_branch_labels.py
[2022-11-06T06:25:59.673+1300] {processor.py:756} INFO - Processing file /Users/hirenpatel/Documents/airflow_tutoral/py_env/lib/python3.8/site-packages/airflow/example_dags/example_branch_labels.py for tasks to queue
[2022-11-06T06:25:59.673+1300] {logging_mixin.py:120} INFO - [2022-11-06T06:25:59.673+1300] {dagbag.py:537} INFO - Filling up the DagBag from /Users/hirenpatel/Documents/airflow_tutoral/py_env/lib/python3.8/site-packages/airflow/example_dags/example_branch_labels.py
[2022-11-06T06:25:59.695+1300] {processor.py:766} INFO - DAG(s) dict_keys(['example_branch_labels']) retrieved from /Users/hirenpatel/Documents/airflow_tutoral/py_env/lib/python3.8/site-packages/airflow/example_dags/example_branch_labels.py
[2022-11-06T06:25:59.829+1300] {logging_mixin.py:120} INFO - [2022-11-06T06:25:59.829+1300] {dag.py:2585} INFO - Sync 1 DAGs
[2022-11-06T06:25:59.842+1300] {logging_mixin.py:120} INFO - [2022-11-06T06:25:59.841+1300] {dag.py:3336} INFO - Setting next_dagrun for example_branch_labels to 2022-11-04T00:00:00+00:00, run_after=2022-11-05T00:00:00+00:00
[2022-11-06T06:25:59.855+1300] {processor.py:176} INFO - Processing /Users/hirenpatel/Documents/airflow_tutoral/py_env/lib/python3.8/site-packages/airflow/example_dags/example_branch_labels.py took 0.187 seconds
[2022-11-06T08:50:01.967+1300] {processor.py:154} INFO - Started process (PID=7372) to work on /Users/hirenpatel/Documents/airflow_tutoral/py_env/lib/python3.8/site-packages/airflow/example_dags/example_branch_labels.py
[2022-11-06T08:50:01.979+1300] {processor.py:756} INFO - Processing file /Users/hirenpatel/Documents/airflow_tutoral/py_env/lib/python3.8/site-packages/airflow/example_dags/example_branch_labels.py for tasks to queue
[2022-11-06T08:50:01.980+1300] {logging_mixin.py:120} INFO - [2022-11-06T08:50:01.979+1300] {dagbag.py:537} INFO - Filling up the DagBag from /Users/hirenpatel/Documents/airflow_tutoral/py_env/lib/python3.8/site-packages/airflow/example_dags/example_branch_labels.py
[2022-11-06T08:50:02.048+1300] {processor.py:766} INFO - DAG(s) dict_keys(['example_branch_labels']) retrieved from /Users/hirenpatel/Documents/airflow_tutoral/py_env/lib/python3.8/site-packages/airflow/example_dags/example_branch_labels.py
[2022-11-06T08:50:02.324+1300] {logging_mixin.py:120} INFO - [2022-11-06T08:50:02.324+1300] {dag.py:2585} INFO - Sync 1 DAGs
[2022-11-06T08:50:02.337+1300] {logging_mixin.py:120} INFO - [2022-11-06T08:50:02.337+1300] {dag.py:3336} INFO - Setting next_dagrun for example_branch_labels to 2022-11-04T00:00:00+00:00, run_after=2022-11-05T00:00:00+00:00
[2022-11-06T08:50:02.365+1300] {processor.py:176} INFO - Processing /Users/hirenpatel/Documents/airflow_tutoral/py_env/lib/python3.8/site-packages/airflow/example_dags/example_branch_labels.py took 0.399 seconds
[2022-11-06T10:05:47.451+1300] {processor.py:154} INFO - Started process (PID=7769) to work on /Users/hirenpatel/Documents/airflow_tutoral/py_env/lib/python3.8/site-packages/airflow/example_dags/example_branch_labels.py
[2022-11-06T10:05:47.455+1300] {processor.py:756} INFO - Processing file /Users/hirenpatel/Documents/airflow_tutoral/py_env/lib/python3.8/site-packages/airflow/example_dags/example_branch_labels.py for tasks to queue
[2022-11-06T10:05:47.456+1300] {logging_mixin.py:120} INFO - [2022-11-06T10:05:47.456+1300] {dagbag.py:537} INFO - Filling up the DagBag from /Users/hirenpatel/Documents/airflow_tutoral/py_env/lib/python3.8/site-packages/airflow/example_dags/example_branch_labels.py
[2022-11-06T10:05:47.486+1300] {processor.py:766} INFO - DAG(s) dict_keys(['example_branch_labels']) retrieved from /Users/hirenpatel/Documents/airflow_tutoral/py_env/lib/python3.8/site-packages/airflow/example_dags/example_branch_labels.py
[2022-11-06T10:05:47.870+1300] {logging_mixin.py:120} INFO - [2022-11-06T10:05:47.870+1300] {dag.py:2585} INFO - Sync 1 DAGs
[2022-11-06T10:05:47.884+1300] {logging_mixin.py:120} INFO - [2022-11-06T10:05:47.884+1300] {dag.py:3336} INFO - Setting next_dagrun for example_branch_labels to 2022-11-04T00:00:00+00:00, run_after=2022-11-05T00:00:00+00:00
[2022-11-06T10:05:47.989+1300] {processor.py:176} INFO - Processing /Users/hirenpatel/Documents/airflow_tutoral/py_env/lib/python3.8/site-packages/airflow/example_dags/example_branch_labels.py took 0.539 seconds
[2022-11-06T10:42:44.697+1300] {processor.py:154} INFO - Started process (PID=8206) to work on /Users/hirenpatel/Documents/airflow_tutoral/py_env/lib/python3.8/site-packages/airflow/example_dags/example_branch_labels.py
[2022-11-06T10:42:44.702+1300] {processor.py:756} INFO - Processing file /Users/hirenpatel/Documents/airflow_tutoral/py_env/lib/python3.8/site-packages/airflow/example_dags/example_branch_labels.py for tasks to queue
[2022-11-06T10:42:44.702+1300] {logging_mixin.py:120} INFO - [2022-11-06T10:42:44.702+1300] {dagbag.py:537} INFO - Filling up the DagBag from /Users/hirenpatel/Documents/airflow_tutoral/py_env/lib/python3.8/site-packages/airflow/example_dags/example_branch_labels.py
[2022-11-06T10:42:44.729+1300] {processor.py:766} INFO - DAG(s) dict_keys(['example_branch_labels']) retrieved from /Users/hirenpatel/Documents/airflow_tutoral/py_env/lib/python3.8/site-packages/airflow/example_dags/example_branch_labels.py
[2022-11-06T10:42:44.857+1300] {logging_mixin.py:120} INFO - [2022-11-06T10:42:44.856+1300] {dag.py:2585} INFO - Sync 1 DAGs
[2022-11-06T10:42:44.868+1300] {logging_mixin.py:120} INFO - [2022-11-06T10:42:44.868+1300] {dag.py:3336} INFO - Setting next_dagrun for example_branch_labels to 2022-11-04T00:00:00+00:00, run_after=2022-11-05T00:00:00+00:00
[2022-11-06T10:42:44.880+1300] {processor.py:176} INFO - Processing /Users/hirenpatel/Documents/airflow_tutoral/py_env/lib/python3.8/site-packages/airflow/example_dags/example_branch_labels.py took 0.183 seconds
[2022-11-06T11:29:25.768+1300] {processor.py:154} INFO - Started process (PID=8555) to work on /Users/hirenpatel/Documents/airflow_tutoral/py_env/lib/python3.8/site-packages/airflow/example_dags/example_branch_labels.py
[2022-11-06T11:29:25.772+1300] {processor.py:756} INFO - Processing file /Users/hirenpatel/Documents/airflow_tutoral/py_env/lib/python3.8/site-packages/airflow/example_dags/example_branch_labels.py for tasks to queue
[2022-11-06T11:29:25.773+1300] {logging_mixin.py:120} INFO - [2022-11-06T11:29:25.773+1300] {dagbag.py:537} INFO - Filling up the DagBag from /Users/hirenpatel/Documents/airflow_tutoral/py_env/lib/python3.8/site-packages/airflow/example_dags/example_branch_labels.py
[2022-11-06T11:29:25.793+1300] {processor.py:766} INFO - DAG(s) dict_keys(['example_branch_labels']) retrieved from /Users/hirenpatel/Documents/airflow_tutoral/py_env/lib/python3.8/site-packages/airflow/example_dags/example_branch_labels.py
[2022-11-06T11:29:25.904+1300] {logging_mixin.py:120} INFO - [2022-11-06T11:29:25.904+1300] {dag.py:2585} INFO - Sync 1 DAGs
[2022-11-06T11:29:25.915+1300] {logging_mixin.py:120} INFO - [2022-11-06T11:29:25.915+1300] {dag.py:3336} INFO - Setting next_dagrun for example_branch_labels to 2022-11-04T00:00:00+00:00, run_after=2022-11-05T00:00:00+00:00
[2022-11-06T11:29:25.927+1300] {processor.py:176} INFO - Processing /Users/hirenpatel/Documents/airflow_tutoral/py_env/lib/python3.8/site-packages/airflow/example_dags/example_branch_labels.py took 0.159 seconds
