[2022-11-05T13:12:36.566+1300] {processor.py:154} INFO - Started process (PID=93755) to work on /Users/hirenpatel/Documents/airflow_tutoral/py_env/lib/python3.8/site-packages/airflow/example_dags/example_latest_only.py
[2022-11-05T13:12:36.570+1300] {processor.py:756} INFO - Processing file /Users/hirenpatel/Documents/airflow_tutoral/py_env/lib/python3.8/site-packages/airflow/example_dags/example_latest_only.py for tasks to queue
[2022-11-05T13:12:36.570+1300] {logging_mixin.py:120} INFO - [2022-11-05T13:12:36.570+1300] {dagbag.py:537} INFO - Filling up the DagBag from /Users/hirenpatel/Documents/airflow_tutoral/py_env/lib/python3.8/site-packages/airflow/example_dags/example_latest_only.py
[2022-11-05T13:12:36.592+1300] {processor.py:766} INFO - DAG(s) dict_keys(['latest_only']) retrieved from /Users/hirenpatel/Documents/airflow_tutoral/py_env/lib/python3.8/site-packages/airflow/example_dags/example_latest_only.py
[2022-11-05T13:12:36.713+1300] {logging_mixin.py:120} INFO - [2022-11-05T13:12:36.713+1300] {dag.py:2585} INFO - Sync 1 DAGs
[2022-11-05T13:12:36.724+1300] {logging_mixin.py:120} INFO - [2022-11-05T13:12:36.724+1300] {dag.py:3336} INFO - Setting next_dagrun for latest_only to 2022-11-04T20:12:36.724308+00:00, run_after=2022-11-05T00:12:36.724308+00:00
[2022-11-05T13:12:36.739+1300] {processor.py:176} INFO - Processing /Users/hirenpatel/Documents/airflow_tutoral/py_env/lib/python3.8/site-packages/airflow/example_dags/example_latest_only.py took 0.174 seconds
[2022-11-05T13:14:41.075+1300] {processor.py:154} INFO - Started process (PID=93918) to work on /Users/hirenpatel/Documents/airflow_tutoral/py_env/lib/python3.8/site-packages/airflow/example_dags/example_latest_only.py
[2022-11-05T13:14:41.079+1300] {processor.py:756} INFO - Processing file /Users/hirenpatel/Documents/airflow_tutoral/py_env/lib/python3.8/site-packages/airflow/example_dags/example_latest_only.py for tasks to queue
[2022-11-05T13:14:41.079+1300] {logging_mixin.py:120} INFO - [2022-11-05T13:14:41.079+1300] {dagbag.py:537} INFO - Filling up the DagBag from /Users/hirenpatel/Documents/airflow_tutoral/py_env/lib/python3.8/site-packages/airflow/example_dags/example_latest_only.py
[2022-11-05T13:14:41.102+1300] {processor.py:766} INFO - DAG(s) dict_keys(['latest_only']) retrieved from /Users/hirenpatel/Documents/airflow_tutoral/py_env/lib/python3.8/site-packages/airflow/example_dags/example_latest_only.py
[2022-11-05T13:14:41.230+1300] {logging_mixin.py:120} INFO - [2022-11-05T13:14:41.230+1300] {dag.py:2585} INFO - Sync 1 DAGs
[2022-11-05T13:14:41.240+1300] {logging_mixin.py:120} INFO - [2022-11-05T13:14:41.240+1300] {dag.py:3336} INFO - Setting next_dagrun for latest_only to 2022-11-04T20:14:41.240678+00:00, run_after=2022-11-05T00:14:41.240678+00:00
[2022-11-05T13:14:41.255+1300] {processor.py:176} INFO - Processing /Users/hirenpatel/Documents/airflow_tutoral/py_env/lib/python3.8/site-packages/airflow/example_dags/example_latest_only.py took 0.181 seconds
[2022-11-05T13:19:00.550+1300] {processor.py:154} INFO - Started process (PID=94220) to work on /Users/hirenpatel/Documents/airflow_tutoral/py_env/lib/python3.8/site-packages/airflow/example_dags/example_latest_only.py
[2022-11-05T13:19:00.555+1300] {processor.py:756} INFO - Processing file /Users/hirenpatel/Documents/airflow_tutoral/py_env/lib/python3.8/site-packages/airflow/example_dags/example_latest_only.py for tasks to queue
[2022-11-05T13:19:00.555+1300] {logging_mixin.py:120} INFO - [2022-11-05T13:19:00.555+1300] {dagbag.py:537} INFO - Filling up the DagBag from /Users/hirenpatel/Documents/airflow_tutoral/py_env/lib/python3.8/site-packages/airflow/example_dags/example_latest_only.py
[2022-11-05T13:19:00.577+1300] {processor.py:766} INFO - DAG(s) dict_keys(['latest_only']) retrieved from /Users/hirenpatel/Documents/airflow_tutoral/py_env/lib/python3.8/site-packages/airflow/example_dags/example_latest_only.py
[2022-11-05T13:19:00.697+1300] {logging_mixin.py:120} INFO - [2022-11-05T13:19:00.696+1300] {dag.py:2585} INFO - Sync 1 DAGs
[2022-11-05T13:19:00.707+1300] {logging_mixin.py:120} INFO - [2022-11-05T13:19:00.706+1300] {dag.py:3336} INFO - Setting next_dagrun for latest_only to 2022-11-04T20:19:00.706836+00:00, run_after=2022-11-05T00:19:00.706836+00:00
[2022-11-05T13:19:00.720+1300] {processor.py:176} INFO - Processing /Users/hirenpatel/Documents/airflow_tutoral/py_env/lib/python3.8/site-packages/airflow/example_dags/example_latest_only.py took 0.169 seconds
[2022-11-05T13:22:05.293+1300] {processor.py:154} INFO - Started process (PID=94372) to work on /Users/hirenpatel/Documents/airflow_tutoral/py_env/lib/python3.8/site-packages/airflow/example_dags/example_latest_only.py
[2022-11-05T13:22:05.298+1300] {processor.py:756} INFO - Processing file /Users/hirenpatel/Documents/airflow_tutoral/py_env/lib/python3.8/site-packages/airflow/example_dags/example_latest_only.py for tasks to queue
[2022-11-05T13:22:05.299+1300] {logging_mixin.py:120} INFO - [2022-11-05T13:22:05.298+1300] {dagbag.py:537} INFO - Filling up the DagBag from /Users/hirenpatel/Documents/airflow_tutoral/py_env/lib/python3.8/site-packages/airflow/example_dags/example_latest_only.py
[2022-11-05T13:22:05.327+1300] {processor.py:766} INFO - DAG(s) dict_keys(['latest_only']) retrieved from /Users/hirenpatel/Documents/airflow_tutoral/py_env/lib/python3.8/site-packages/airflow/example_dags/example_latest_only.py
[2022-11-05T13:22:05.480+1300] {logging_mixin.py:120} INFO - [2022-11-05T13:22:05.480+1300] {dag.py:2585} INFO - Sync 1 DAGs
[2022-11-05T13:22:05.494+1300] {logging_mixin.py:120} INFO - [2022-11-05T13:22:05.494+1300] {dag.py:3336} INFO - Setting next_dagrun for latest_only to 2022-11-04T20:22:05.493900+00:00, run_after=2022-11-05T00:22:05.493900+00:00
[2022-11-05T13:22:05.510+1300] {processor.py:176} INFO - Processing /Users/hirenpatel/Documents/airflow_tutoral/py_env/lib/python3.8/site-packages/airflow/example_dags/example_latest_only.py took 0.217 seconds
[2022-11-05T13:25:15.017+1300] {processor.py:154} INFO - Started process (PID=94608) to work on /Users/hirenpatel/Documents/airflow_tutoral/py_env/lib/python3.8/site-packages/airflow/example_dags/example_latest_only.py
[2022-11-05T13:25:15.021+1300] {processor.py:756} INFO - Processing file /Users/hirenpatel/Documents/airflow_tutoral/py_env/lib/python3.8/site-packages/airflow/example_dags/example_latest_only.py for tasks to queue
[2022-11-05T13:25:15.021+1300] {logging_mixin.py:120} INFO - [2022-11-05T13:25:15.021+1300] {dagbag.py:537} INFO - Filling up the DagBag from /Users/hirenpatel/Documents/airflow_tutoral/py_env/lib/python3.8/site-packages/airflow/example_dags/example_latest_only.py
[2022-11-05T13:25:15.042+1300] {processor.py:766} INFO - DAG(s) dict_keys(['latest_only']) retrieved from /Users/hirenpatel/Documents/airflow_tutoral/py_env/lib/python3.8/site-packages/airflow/example_dags/example_latest_only.py
[2022-11-05T13:25:15.155+1300] {logging_mixin.py:120} INFO - [2022-11-05T13:25:15.155+1300] {dag.py:2585} INFO - Sync 1 DAGs
[2022-11-05T13:25:15.165+1300] {logging_mixin.py:120} INFO - [2022-11-05T13:25:15.165+1300] {dag.py:3336} INFO - Setting next_dagrun for latest_only to 2022-11-04T20:25:15.165185+00:00, run_after=2022-11-05T00:25:15.165185+00:00
[2022-11-05T13:25:15.177+1300] {processor.py:176} INFO - Processing /Users/hirenpatel/Documents/airflow_tutoral/py_env/lib/python3.8/site-packages/airflow/example_dags/example_latest_only.py took 0.160 seconds
[2022-11-05T13:42:41.053+1300] {processor.py:154} INFO - Started process (PID=94849) to work on /Users/hirenpatel/Documents/airflow_tutoral/py_env/lib/python3.8/site-packages/airflow/example_dags/example_latest_only.py
[2022-11-05T13:42:41.057+1300] {processor.py:756} INFO - Processing file /Users/hirenpatel/Documents/airflow_tutoral/py_env/lib/python3.8/site-packages/airflow/example_dags/example_latest_only.py for tasks to queue
[2022-11-05T13:42:41.057+1300] {logging_mixin.py:120} INFO - [2022-11-05T13:42:41.057+1300] {dagbag.py:537} INFO - Filling up the DagBag from /Users/hirenpatel/Documents/airflow_tutoral/py_env/lib/python3.8/site-packages/airflow/example_dags/example_latest_only.py
[2022-11-05T13:42:41.080+1300] {processor.py:766} INFO - DAG(s) dict_keys(['latest_only']) retrieved from /Users/hirenpatel/Documents/airflow_tutoral/py_env/lib/python3.8/site-packages/airflow/example_dags/example_latest_only.py
[2022-11-05T13:42:41.207+1300] {logging_mixin.py:120} INFO - [2022-11-05T13:42:41.207+1300] {dag.py:2585} INFO - Sync 1 DAGs
[2022-11-05T13:42:41.218+1300] {logging_mixin.py:120} INFO - [2022-11-05T13:42:41.218+1300] {dag.py:3336} INFO - Setting next_dagrun for latest_only to 2022-11-04T20:42:41.217930+00:00, run_after=2022-11-05T00:42:41.217930+00:00
[2022-11-05T13:42:41.232+1300] {processor.py:176} INFO - Processing /Users/hirenpatel/Documents/airflow_tutoral/py_env/lib/python3.8/site-packages/airflow/example_dags/example_latest_only.py took 0.180 seconds
[2022-11-05T13:55:40.243+1300] {processor.py:154} INFO - Started process (PID=94996) to work on /Users/hirenpatel/Documents/airflow_tutoral/py_env/lib/python3.8/site-packages/airflow/example_dags/example_latest_only.py
[2022-11-05T13:55:40.247+1300] {processor.py:756} INFO - Processing file /Users/hirenpatel/Documents/airflow_tutoral/py_env/lib/python3.8/site-packages/airflow/example_dags/example_latest_only.py for tasks to queue
[2022-11-05T13:55:40.248+1300] {logging_mixin.py:120} INFO - [2022-11-05T13:55:40.248+1300] {dagbag.py:537} INFO - Filling up the DagBag from /Users/hirenpatel/Documents/airflow_tutoral/py_env/lib/python3.8/site-packages/airflow/example_dags/example_latest_only.py
[2022-11-05T13:55:40.275+1300] {processor.py:766} INFO - DAG(s) dict_keys(['latest_only']) retrieved from /Users/hirenpatel/Documents/airflow_tutoral/py_env/lib/python3.8/site-packages/airflow/example_dags/example_latest_only.py
[2022-11-05T13:55:40.420+1300] {logging_mixin.py:120} INFO - [2022-11-05T13:55:40.420+1300] {dag.py:2585} INFO - Sync 1 DAGs
[2022-11-05T13:55:40.431+1300] {logging_mixin.py:120} INFO - [2022-11-05T13:55:40.431+1300] {dag.py:3336} INFO - Setting next_dagrun for latest_only to 2022-11-04T20:55:40.431009+00:00, run_after=2022-11-05T00:55:40.431009+00:00
[2022-11-05T13:55:40.444+1300] {processor.py:176} INFO - Processing /Users/hirenpatel/Documents/airflow_tutoral/py_env/lib/python3.8/site-packages/airflow/example_dags/example_latest_only.py took 0.201 seconds
[2022-11-05T14:03:46.319+1300] {processor.py:154} INFO - Started process (PID=95168) to work on /Users/hirenpatel/Documents/airflow_tutoral/py_env/lib/python3.8/site-packages/airflow/example_dags/example_latest_only.py
[2022-11-05T14:03:46.323+1300] {processor.py:756} INFO - Processing file /Users/hirenpatel/Documents/airflow_tutoral/py_env/lib/python3.8/site-packages/airflow/example_dags/example_latest_only.py for tasks to queue
[2022-11-05T14:03:46.323+1300] {logging_mixin.py:120} INFO - [2022-11-05T14:03:46.323+1300] {dagbag.py:537} INFO - Filling up the DagBag from /Users/hirenpatel/Documents/airflow_tutoral/py_env/lib/python3.8/site-packages/airflow/example_dags/example_latest_only.py
[2022-11-05T14:03:46.346+1300] {processor.py:766} INFO - DAG(s) dict_keys(['latest_only']) retrieved from /Users/hirenpatel/Documents/airflow_tutoral/py_env/lib/python3.8/site-packages/airflow/example_dags/example_latest_only.py
[2022-11-05T14:03:46.478+1300] {logging_mixin.py:120} INFO - [2022-11-05T14:03:46.478+1300] {dag.py:2585} INFO - Sync 1 DAGs
[2022-11-05T14:03:46.489+1300] {logging_mixin.py:120} INFO - [2022-11-05T14:03:46.488+1300] {dag.py:3336} INFO - Setting next_dagrun for latest_only to 2022-11-04T21:03:46.488827+00:00, run_after=2022-11-05T01:03:46.488827+00:00
[2022-11-05T14:03:46.502+1300] {processor.py:176} INFO - Processing /Users/hirenpatel/Documents/airflow_tutoral/py_env/lib/python3.8/site-packages/airflow/example_dags/example_latest_only.py took 0.184 seconds
[2022-11-05T14:12:49.427+1300] {processor.py:154} INFO - Started process (PID=95332) to work on /Users/hirenpatel/Documents/airflow_tutoral/py_env/lib/python3.8/site-packages/airflow/example_dags/example_latest_only.py
[2022-11-05T14:12:49.431+1300] {processor.py:756} INFO - Processing file /Users/hirenpatel/Documents/airflow_tutoral/py_env/lib/python3.8/site-packages/airflow/example_dags/example_latest_only.py for tasks to queue
[2022-11-05T14:12:49.432+1300] {logging_mixin.py:120} INFO - [2022-11-05T14:12:49.432+1300] {dagbag.py:537} INFO - Filling up the DagBag from /Users/hirenpatel/Documents/airflow_tutoral/py_env/lib/python3.8/site-packages/airflow/example_dags/example_latest_only.py
[2022-11-05T14:12:49.453+1300] {processor.py:766} INFO - DAG(s) dict_keys(['latest_only']) retrieved from /Users/hirenpatel/Documents/airflow_tutoral/py_env/lib/python3.8/site-packages/airflow/example_dags/example_latest_only.py
[2022-11-05T14:12:49.572+1300] {logging_mixin.py:120} INFO - [2022-11-05T14:12:49.571+1300] {dag.py:2585} INFO - Sync 1 DAGs
[2022-11-05T14:12:49.582+1300] {logging_mixin.py:120} INFO - [2022-11-05T14:12:49.582+1300] {dag.py:3336} INFO - Setting next_dagrun for latest_only to 2022-11-04T21:12:49.582692+00:00, run_after=2022-11-05T01:12:49.582692+00:00
[2022-11-05T14:12:49.596+1300] {processor.py:176} INFO - Processing /Users/hirenpatel/Documents/airflow_tutoral/py_env/lib/python3.8/site-packages/airflow/example_dags/example_latest_only.py took 0.169 seconds
[2022-11-05T14:15:10.227+1300] {processor.py:154} INFO - Started process (PID=95496) to work on /Users/hirenpatel/Documents/airflow_tutoral/py_env/lib/python3.8/site-packages/airflow/example_dags/example_latest_only.py
[2022-11-05T14:15:10.231+1300] {processor.py:756} INFO - Processing file /Users/hirenpatel/Documents/airflow_tutoral/py_env/lib/python3.8/site-packages/airflow/example_dags/example_latest_only.py for tasks to queue
[2022-11-05T14:15:10.231+1300] {logging_mixin.py:120} INFO - [2022-11-05T14:15:10.231+1300] {dagbag.py:537} INFO - Filling up the DagBag from /Users/hirenpatel/Documents/airflow_tutoral/py_env/lib/python3.8/site-packages/airflow/example_dags/example_latest_only.py
[2022-11-05T14:15:10.255+1300] {processor.py:766} INFO - DAG(s) dict_keys(['latest_only']) retrieved from /Users/hirenpatel/Documents/airflow_tutoral/py_env/lib/python3.8/site-packages/airflow/example_dags/example_latest_only.py
[2022-11-05T14:15:21.795+1300] {logging_mixin.py:120} INFO - [2022-11-05T14:15:21.795+1300] {dag.py:2585} INFO - Sync 1 DAGs
[2022-11-05T14:15:21.805+1300] {logging_mixin.py:120} INFO - [2022-11-05T14:15:21.805+1300] {dag.py:3336} INFO - Setting next_dagrun for latest_only to 2022-11-04T21:15:21.805626+00:00, run_after=2022-11-05T01:15:21.805626+00:00
[2022-11-05T14:15:21.818+1300] {processor.py:176} INFO - Processing /Users/hirenpatel/Documents/airflow_tutoral/py_env/lib/python3.8/site-packages/airflow/example_dags/example_latest_only.py took 0.532 seconds
[2022-11-05T14:32:43.254+1300] {processor.py:154} INFO - Started process (PID=95859) to work on /Users/hirenpatel/Documents/airflow_tutoral/py_env/lib/python3.8/site-packages/airflow/example_dags/example_latest_only.py
[2022-11-05T14:32:43.257+1300] {processor.py:756} INFO - Processing file /Users/hirenpatel/Documents/airflow_tutoral/py_env/lib/python3.8/site-packages/airflow/example_dags/example_latest_only.py for tasks to queue
[2022-11-05T14:32:43.258+1300] {logging_mixin.py:120} INFO - [2022-11-05T14:32:43.258+1300] {dagbag.py:537} INFO - Filling up the DagBag from /Users/hirenpatel/Documents/airflow_tutoral/py_env/lib/python3.8/site-packages/airflow/example_dags/example_latest_only.py
[2022-11-05T14:32:43.278+1300] {processor.py:766} INFO - DAG(s) dict_keys(['latest_only']) retrieved from /Users/hirenpatel/Documents/airflow_tutoral/py_env/lib/python3.8/site-packages/airflow/example_dags/example_latest_only.py
[2022-11-05T14:32:43.398+1300] {logging_mixin.py:120} INFO - [2022-11-05T14:32:43.398+1300] {dag.py:2585} INFO - Sync 1 DAGs
[2022-11-05T14:32:43.408+1300] {logging_mixin.py:120} INFO - [2022-11-05T14:32:43.407+1300] {dag.py:3336} INFO - Setting next_dagrun for latest_only to 2022-11-04T21:32:43.407859+00:00, run_after=2022-11-05T01:32:43.407859+00:00
[2022-11-05T14:32:43.421+1300] {processor.py:176} INFO - Processing /Users/hirenpatel/Documents/airflow_tutoral/py_env/lib/python3.8/site-packages/airflow/example_dags/example_latest_only.py took 0.168 seconds
[2022-11-05T14:36:24.878+1300] {processor.py:154} INFO - Started process (PID=96083) to work on /Users/hirenpatel/Documents/airflow_tutoral/py_env/lib/python3.8/site-packages/airflow/example_dags/example_latest_only.py
[2022-11-05T14:36:24.881+1300] {processor.py:756} INFO - Processing file /Users/hirenpatel/Documents/airflow_tutoral/py_env/lib/python3.8/site-packages/airflow/example_dags/example_latest_only.py for tasks to queue
[2022-11-05T14:36:24.882+1300] {logging_mixin.py:120} INFO - [2022-11-05T14:36:24.882+1300] {dagbag.py:537} INFO - Filling up the DagBag from /Users/hirenpatel/Documents/airflow_tutoral/py_env/lib/python3.8/site-packages/airflow/example_dags/example_latest_only.py
[2022-11-05T14:36:24.904+1300] {processor.py:766} INFO - DAG(s) dict_keys(['latest_only']) retrieved from /Users/hirenpatel/Documents/airflow_tutoral/py_env/lib/python3.8/site-packages/airflow/example_dags/example_latest_only.py
[2022-11-05T14:36:25.028+1300] {logging_mixin.py:120} INFO - [2022-11-05T14:36:25.027+1300] {dag.py:2585} INFO - Sync 1 DAGs
[2022-11-05T14:36:25.038+1300] {logging_mixin.py:120} INFO - [2022-11-05T14:36:25.038+1300] {dag.py:3336} INFO - Setting next_dagrun for latest_only to 2022-11-04T21:36:25.038088+00:00, run_after=2022-11-05T01:36:25.038088+00:00
[2022-11-05T14:36:25.050+1300] {processor.py:176} INFO - Processing /Users/hirenpatel/Documents/airflow_tutoral/py_env/lib/python3.8/site-packages/airflow/example_dags/example_latest_only.py took 0.173 seconds
[2022-11-05T14:42:47.387+1300] {processor.py:154} INFO - Started process (PID=96258) to work on /Users/hirenpatel/Documents/airflow_tutoral/py_env/lib/python3.8/site-packages/airflow/example_dags/example_latest_only.py
[2022-11-05T14:42:47.391+1300] {processor.py:756} INFO - Processing file /Users/hirenpatel/Documents/airflow_tutoral/py_env/lib/python3.8/site-packages/airflow/example_dags/example_latest_only.py for tasks to queue
[2022-11-05T14:42:47.391+1300] {logging_mixin.py:120} INFO - [2022-11-05T14:42:47.391+1300] {dagbag.py:537} INFO - Filling up the DagBag from /Users/hirenpatel/Documents/airflow_tutoral/py_env/lib/python3.8/site-packages/airflow/example_dags/example_latest_only.py
[2022-11-05T14:42:47.412+1300] {processor.py:766} INFO - DAG(s) dict_keys(['latest_only']) retrieved from /Users/hirenpatel/Documents/airflow_tutoral/py_env/lib/python3.8/site-packages/airflow/example_dags/example_latest_only.py
[2022-11-05T14:42:47.535+1300] {logging_mixin.py:120} INFO - [2022-11-05T14:42:47.535+1300] {dag.py:2585} INFO - Sync 1 DAGs
[2022-11-05T14:42:47.545+1300] {logging_mixin.py:120} INFO - [2022-11-05T14:42:47.545+1300] {dag.py:3336} INFO - Setting next_dagrun for latest_only to 2022-11-04T21:42:47.545060+00:00, run_after=2022-11-05T01:42:47.545060+00:00
[2022-11-05T14:42:47.591+1300] {processor.py:176} INFO - Processing /Users/hirenpatel/Documents/airflow_tutoral/py_env/lib/python3.8/site-packages/airflow/example_dags/example_latest_only.py took 0.204 seconds
[2022-11-05T14:47:49.683+1300] {processor.py:154} INFO - Started process (PID=96424) to work on /Users/hirenpatel/Documents/airflow_tutoral/py_env/lib/python3.8/site-packages/airflow/example_dags/example_latest_only.py
[2022-11-05T14:47:49.687+1300] {processor.py:756} INFO - Processing file /Users/hirenpatel/Documents/airflow_tutoral/py_env/lib/python3.8/site-packages/airflow/example_dags/example_latest_only.py for tasks to queue
[2022-11-05T14:47:49.687+1300] {logging_mixin.py:120} INFO - [2022-11-05T14:47:49.687+1300] {dagbag.py:537} INFO - Filling up the DagBag from /Users/hirenpatel/Documents/airflow_tutoral/py_env/lib/python3.8/site-packages/airflow/example_dags/example_latest_only.py
[2022-11-05T14:47:49.707+1300] {processor.py:766} INFO - DAG(s) dict_keys(['latest_only']) retrieved from /Users/hirenpatel/Documents/airflow_tutoral/py_env/lib/python3.8/site-packages/airflow/example_dags/example_latest_only.py
[2022-11-05T14:47:49.836+1300] {logging_mixin.py:120} INFO - [2022-11-05T14:47:49.836+1300] {dag.py:2585} INFO - Sync 1 DAGs
[2022-11-05T14:47:49.846+1300] {logging_mixin.py:120} INFO - [2022-11-05T14:47:49.846+1300] {dag.py:3336} INFO - Setting next_dagrun for latest_only to 2022-11-04T21:47:49.846679+00:00, run_after=2022-11-05T01:47:49.846679+00:00
[2022-11-05T14:47:49.860+1300] {processor.py:176} INFO - Processing /Users/hirenpatel/Documents/airflow_tutoral/py_env/lib/python3.8/site-packages/airflow/example_dags/example_latest_only.py took 0.177 seconds
[2022-11-05T14:55:48.948+1300] {processor.py:154} INFO - Started process (PID=96705) to work on /Users/hirenpatel/Documents/airflow_tutoral/py_env/lib/python3.8/site-packages/airflow/example_dags/example_latest_only.py
[2022-11-05T14:55:48.952+1300] {processor.py:756} INFO - Processing file /Users/hirenpatel/Documents/airflow_tutoral/py_env/lib/python3.8/site-packages/airflow/example_dags/example_latest_only.py for tasks to queue
[2022-11-05T14:55:48.953+1300] {logging_mixin.py:120} INFO - [2022-11-05T14:55:48.953+1300] {dagbag.py:537} INFO - Filling up the DagBag from /Users/hirenpatel/Documents/airflow_tutoral/py_env/lib/python3.8/site-packages/airflow/example_dags/example_latest_only.py
[2022-11-05T14:55:48.974+1300] {processor.py:766} INFO - DAG(s) dict_keys(['latest_only']) retrieved from /Users/hirenpatel/Documents/airflow_tutoral/py_env/lib/python3.8/site-packages/airflow/example_dags/example_latest_only.py
[2022-11-05T14:55:49.093+1300] {logging_mixin.py:120} INFO - [2022-11-05T14:55:49.093+1300] {dag.py:2585} INFO - Sync 1 DAGs
[2022-11-05T14:55:49.104+1300] {logging_mixin.py:120} INFO - [2022-11-05T14:55:49.104+1300] {dag.py:3336} INFO - Setting next_dagrun for latest_only to 2022-11-04T21:55:49.104481+00:00, run_after=2022-11-05T01:55:49.104481+00:00
[2022-11-05T14:55:49.118+1300] {processor.py:176} INFO - Processing /Users/hirenpatel/Documents/airflow_tutoral/py_env/lib/python3.8/site-packages/airflow/example_dags/example_latest_only.py took 0.170 seconds
[2022-11-05T15:13:40.458+1300] {processor.py:154} INFO - Started process (PID=96915) to work on /Users/hirenpatel/Documents/airflow_tutoral/py_env/lib/python3.8/site-packages/airflow/example_dags/example_latest_only.py
[2022-11-05T15:13:40.469+1300] {processor.py:756} INFO - Processing file /Users/hirenpatel/Documents/airflow_tutoral/py_env/lib/python3.8/site-packages/airflow/example_dags/example_latest_only.py for tasks to queue
[2022-11-05T15:13:40.470+1300] {logging_mixin.py:120} INFO - [2022-11-05T15:13:40.470+1300] {dagbag.py:537} INFO - Filling up the DagBag from /Users/hirenpatel/Documents/airflow_tutoral/py_env/lib/python3.8/site-packages/airflow/example_dags/example_latest_only.py
[2022-11-05T15:13:40.529+1300] {processor.py:766} INFO - DAG(s) dict_keys(['latest_only']) retrieved from /Users/hirenpatel/Documents/airflow_tutoral/py_env/lib/python3.8/site-packages/airflow/example_dags/example_latest_only.py
[2022-11-05T15:13:40.791+1300] {logging_mixin.py:120} INFO - [2022-11-05T15:13:40.791+1300] {dag.py:2585} INFO - Sync 1 DAGs
[2022-11-05T15:13:40.803+1300] {logging_mixin.py:120} INFO - [2022-11-05T15:13:40.803+1300] {dag.py:3336} INFO - Setting next_dagrun for latest_only to 2022-11-04T22:13:40.803336+00:00, run_after=2022-11-05T02:13:40.803336+00:00
[2022-11-05T15:13:40.822+1300] {processor.py:176} INFO - Processing /Users/hirenpatel/Documents/airflow_tutoral/py_env/lib/python3.8/site-packages/airflow/example_dags/example_latest_only.py took 0.365 seconds
[2022-11-05T15:16:37.041+1300] {processor.py:154} INFO - Started process (PID=97076) to work on /Users/hirenpatel/Documents/airflow_tutoral/py_env/lib/python3.8/site-packages/airflow/example_dags/example_latest_only.py
[2022-11-05T15:16:37.045+1300] {processor.py:756} INFO - Processing file /Users/hirenpatel/Documents/airflow_tutoral/py_env/lib/python3.8/site-packages/airflow/example_dags/example_latest_only.py for tasks to queue
[2022-11-05T15:16:37.045+1300] {logging_mixin.py:120} INFO - [2022-11-05T15:16:37.045+1300] {dagbag.py:537} INFO - Filling up the DagBag from /Users/hirenpatel/Documents/airflow_tutoral/py_env/lib/python3.8/site-packages/airflow/example_dags/example_latest_only.py
[2022-11-05T15:16:37.063+1300] {processor.py:766} INFO - DAG(s) dict_keys(['latest_only']) retrieved from /Users/hirenpatel/Documents/airflow_tutoral/py_env/lib/python3.8/site-packages/airflow/example_dags/example_latest_only.py
[2022-11-05T15:16:37.175+1300] {logging_mixin.py:120} INFO - [2022-11-05T15:16:37.175+1300] {dag.py:2585} INFO - Sync 1 DAGs
[2022-11-05T15:16:37.185+1300] {logging_mixin.py:120} INFO - [2022-11-05T15:16:37.185+1300] {dag.py:3336} INFO - Setting next_dagrun for latest_only to 2022-11-04T22:16:37.185215+00:00, run_after=2022-11-05T02:16:37.185215+00:00
[2022-11-05T15:16:37.197+1300] {processor.py:176} INFO - Processing /Users/hirenpatel/Documents/airflow_tutoral/py_env/lib/python3.8/site-packages/airflow/example_dags/example_latest_only.py took 0.156 seconds
[2022-11-05T15:32:47.238+1300] {processor.py:154} INFO - Started process (PID=97295) to work on /Users/hirenpatel/Documents/airflow_tutoral/py_env/lib/python3.8/site-packages/airflow/example_dags/example_latest_only.py
[2022-11-05T15:32:47.242+1300] {processor.py:756} INFO - Processing file /Users/hirenpatel/Documents/airflow_tutoral/py_env/lib/python3.8/site-packages/airflow/example_dags/example_latest_only.py for tasks to queue
[2022-11-05T15:32:47.242+1300] {logging_mixin.py:120} INFO - [2022-11-05T15:32:47.242+1300] {dagbag.py:537} INFO - Filling up the DagBag from /Users/hirenpatel/Documents/airflow_tutoral/py_env/lib/python3.8/site-packages/airflow/example_dags/example_latest_only.py
[2022-11-05T15:32:47.265+1300] {processor.py:766} INFO - DAG(s) dict_keys(['latest_only']) retrieved from /Users/hirenpatel/Documents/airflow_tutoral/py_env/lib/python3.8/site-packages/airflow/example_dags/example_latest_only.py
[2022-11-05T15:32:47.386+1300] {logging_mixin.py:120} INFO - [2022-11-05T15:32:47.385+1300] {dag.py:2585} INFO - Sync 1 DAGs
[2022-11-05T15:32:47.395+1300] {logging_mixin.py:120} INFO - [2022-11-05T15:32:47.395+1300] {dag.py:3336} INFO - Setting next_dagrun for latest_only to 2022-11-04T22:32:47.395692+00:00, run_after=2022-11-05T02:32:47.395692+00:00
[2022-11-05T15:32:47.409+1300] {processor.py:176} INFO - Processing /Users/hirenpatel/Documents/airflow_tutoral/py_env/lib/python3.8/site-packages/airflow/example_dags/example_latest_only.py took 0.172 seconds
[2022-11-05T15:34:49.327+1300] {processor.py:154} INFO - Started process (PID=97434) to work on /Users/hirenpatel/Documents/airflow_tutoral/py_env/lib/python3.8/site-packages/airflow/example_dags/example_latest_only.py
[2022-11-05T15:34:49.332+1300] {processor.py:756} INFO - Processing file /Users/hirenpatel/Documents/airflow_tutoral/py_env/lib/python3.8/site-packages/airflow/example_dags/example_latest_only.py for tasks to queue
[2022-11-05T15:34:49.333+1300] {logging_mixin.py:120} INFO - [2022-11-05T15:34:49.333+1300] {dagbag.py:537} INFO - Filling up the DagBag from /Users/hirenpatel/Documents/airflow_tutoral/py_env/lib/python3.8/site-packages/airflow/example_dags/example_latest_only.py
[2022-11-05T15:34:49.357+1300] {processor.py:766} INFO - DAG(s) dict_keys(['latest_only']) retrieved from /Users/hirenpatel/Documents/airflow_tutoral/py_env/lib/python3.8/site-packages/airflow/example_dags/example_latest_only.py
[2022-11-05T15:34:49.482+1300] {logging_mixin.py:120} INFO - [2022-11-05T15:34:49.482+1300] {dag.py:2585} INFO - Sync 1 DAGs
[2022-11-05T15:34:49.493+1300] {logging_mixin.py:120} INFO - [2022-11-05T15:34:49.493+1300] {dag.py:3336} INFO - Setting next_dagrun for latest_only to 2022-11-04T22:34:49.493364+00:00, run_after=2022-11-05T02:34:49.493364+00:00
[2022-11-05T15:34:49.507+1300] {processor.py:176} INFO - Processing /Users/hirenpatel/Documents/airflow_tutoral/py_env/lib/python3.8/site-packages/airflow/example_dags/example_latest_only.py took 0.180 seconds
[2022-11-05T15:51:19.533+1300] {processor.py:154} INFO - Started process (PID=97633) to work on /Users/hirenpatel/Documents/airflow_tutoral/py_env/lib/python3.8/site-packages/airflow/example_dags/example_latest_only.py
[2022-11-05T15:51:19.537+1300] {processor.py:756} INFO - Processing file /Users/hirenpatel/Documents/airflow_tutoral/py_env/lib/python3.8/site-packages/airflow/example_dags/example_latest_only.py for tasks to queue
[2022-11-05T15:51:19.537+1300] {logging_mixin.py:120} INFO - [2022-11-05T15:51:19.537+1300] {dagbag.py:537} INFO - Filling up the DagBag from /Users/hirenpatel/Documents/airflow_tutoral/py_env/lib/python3.8/site-packages/airflow/example_dags/example_latest_only.py
[2022-11-05T15:51:19.557+1300] {processor.py:766} INFO - DAG(s) dict_keys(['latest_only']) retrieved from /Users/hirenpatel/Documents/airflow_tutoral/py_env/lib/python3.8/site-packages/airflow/example_dags/example_latest_only.py
[2022-11-05T15:51:19.672+1300] {logging_mixin.py:120} INFO - [2022-11-05T15:51:19.672+1300] {dag.py:2585} INFO - Sync 1 DAGs
[2022-11-05T15:51:19.682+1300] {logging_mixin.py:120} INFO - [2022-11-05T15:51:19.682+1300] {dag.py:3336} INFO - Setting next_dagrun for latest_only to 2022-11-04T22:51:19.682338+00:00, run_after=2022-11-05T02:51:19.682338+00:00
[2022-11-05T15:51:19.696+1300] {processor.py:176} INFO - Processing /Users/hirenpatel/Documents/airflow_tutoral/py_env/lib/python3.8/site-packages/airflow/example_dags/example_latest_only.py took 0.163 seconds
[2022-11-05T15:56:05.148+1300] {processor.py:154} INFO - Started process (PID=97803) to work on /Users/hirenpatel/Documents/airflow_tutoral/py_env/lib/python3.8/site-packages/airflow/example_dags/example_latest_only.py
[2022-11-05T15:56:05.152+1300] {processor.py:756} INFO - Processing file /Users/hirenpatel/Documents/airflow_tutoral/py_env/lib/python3.8/site-packages/airflow/example_dags/example_latest_only.py for tasks to queue
[2022-11-05T15:56:05.152+1300] {logging_mixin.py:120} INFO - [2022-11-05T15:56:05.152+1300] {dagbag.py:537} INFO - Filling up the DagBag from /Users/hirenpatel/Documents/airflow_tutoral/py_env/lib/python3.8/site-packages/airflow/example_dags/example_latest_only.py
[2022-11-05T15:56:05.173+1300] {processor.py:766} INFO - DAG(s) dict_keys(['latest_only']) retrieved from /Users/hirenpatel/Documents/airflow_tutoral/py_env/lib/python3.8/site-packages/airflow/example_dags/example_latest_only.py
[2022-11-05T15:56:05.299+1300] {logging_mixin.py:120} INFO - [2022-11-05T15:56:05.299+1300] {dag.py:2585} INFO - Sync 1 DAGs
[2022-11-05T15:56:05.309+1300] {logging_mixin.py:120} INFO - [2022-11-05T15:56:05.309+1300] {dag.py:3336} INFO - Setting next_dagrun for latest_only to 2022-11-04T22:56:05.309039+00:00, run_after=2022-11-05T02:56:05.309039+00:00
[2022-11-05T15:56:05.322+1300] {processor.py:176} INFO - Processing /Users/hirenpatel/Documents/airflow_tutoral/py_env/lib/python3.8/site-packages/airflow/example_dags/example_latest_only.py took 0.175 seconds
[2022-11-05T16:07:39.715+1300] {processor.py:154} INFO - Started process (PID=98075) to work on /Users/hirenpatel/Documents/airflow_tutoral/py_env/lib/python3.8/site-packages/airflow/example_dags/example_latest_only.py
[2022-11-05T16:07:39.719+1300] {processor.py:756} INFO - Processing file /Users/hirenpatel/Documents/airflow_tutoral/py_env/lib/python3.8/site-packages/airflow/example_dags/example_latest_only.py for tasks to queue
[2022-11-05T16:07:39.719+1300] {logging_mixin.py:120} INFO - [2022-11-05T16:07:39.719+1300] {dagbag.py:537} INFO - Filling up the DagBag from /Users/hirenpatel/Documents/airflow_tutoral/py_env/lib/python3.8/site-packages/airflow/example_dags/example_latest_only.py
[2022-11-05T16:07:39.742+1300] {processor.py:766} INFO - DAG(s) dict_keys(['latest_only']) retrieved from /Users/hirenpatel/Documents/airflow_tutoral/py_env/lib/python3.8/site-packages/airflow/example_dags/example_latest_only.py
[2022-11-05T16:07:39.861+1300] {logging_mixin.py:120} INFO - [2022-11-05T16:07:39.861+1300] {dag.py:2585} INFO - Sync 1 DAGs
[2022-11-05T16:07:39.872+1300] {logging_mixin.py:120} INFO - [2022-11-05T16:07:39.872+1300] {dag.py:3336} INFO - Setting next_dagrun for latest_only to 2022-11-04T23:07:39.872105+00:00, run_after=2022-11-05T03:07:39.872105+00:00
[2022-11-05T16:07:39.885+1300] {processor.py:176} INFO - Processing /Users/hirenpatel/Documents/airflow_tutoral/py_env/lib/python3.8/site-packages/airflow/example_dags/example_latest_only.py took 0.171 seconds
[2022-11-05T16:21:11.465+1300] {processor.py:154} INFO - Started process (PID=98338) to work on /Users/hirenpatel/Documents/airflow_tutoral/py_env/lib/python3.8/site-packages/airflow/example_dags/example_latest_only.py
[2022-11-05T16:21:11.469+1300] {processor.py:756} INFO - Processing file /Users/hirenpatel/Documents/airflow_tutoral/py_env/lib/python3.8/site-packages/airflow/example_dags/example_latest_only.py for tasks to queue
[2022-11-05T16:21:11.469+1300] {logging_mixin.py:120} INFO - [2022-11-05T16:21:11.469+1300] {dagbag.py:537} INFO - Filling up the DagBag from /Users/hirenpatel/Documents/airflow_tutoral/py_env/lib/python3.8/site-packages/airflow/example_dags/example_latest_only.py
[2022-11-05T16:21:11.489+1300] {processor.py:766} INFO - DAG(s) dict_keys(['latest_only']) retrieved from /Users/hirenpatel/Documents/airflow_tutoral/py_env/lib/python3.8/site-packages/airflow/example_dags/example_latest_only.py
[2022-11-05T16:21:11.609+1300] {logging_mixin.py:120} INFO - [2022-11-05T16:21:11.609+1300] {dag.py:2585} INFO - Sync 1 DAGs
[2022-11-05T16:21:11.620+1300] {logging_mixin.py:120} INFO - [2022-11-05T16:21:11.620+1300] {dag.py:3336} INFO - Setting next_dagrun for latest_only to 2022-11-04T23:21:11.619995+00:00, run_after=2022-11-05T03:21:11.619995+00:00
[2022-11-05T16:21:11.633+1300] {processor.py:176} INFO - Processing /Users/hirenpatel/Documents/airflow_tutoral/py_env/lib/python3.8/site-packages/airflow/example_dags/example_latest_only.py took 0.169 seconds
[2022-11-05T17:03:05.470+1300] {processor.py:154} INFO - Started process (PID=98548) to work on /Users/hirenpatel/Documents/airflow_tutoral/py_env/lib/python3.8/site-packages/airflow/example_dags/example_latest_only.py
[2022-11-05T17:03:05.475+1300] {processor.py:756} INFO - Processing file /Users/hirenpatel/Documents/airflow_tutoral/py_env/lib/python3.8/site-packages/airflow/example_dags/example_latest_only.py for tasks to queue
[2022-11-05T17:03:05.475+1300] {logging_mixin.py:120} INFO - [2022-11-05T17:03:05.475+1300] {dagbag.py:537} INFO - Filling up the DagBag from /Users/hirenpatel/Documents/airflow_tutoral/py_env/lib/python3.8/site-packages/airflow/example_dags/example_latest_only.py
[2022-11-05T17:03:05.497+1300] {processor.py:766} INFO - DAG(s) dict_keys(['latest_only']) retrieved from /Users/hirenpatel/Documents/airflow_tutoral/py_env/lib/python3.8/site-packages/airflow/example_dags/example_latest_only.py
[2022-11-05T17:03:05.635+1300] {logging_mixin.py:120} INFO - [2022-11-05T17:03:05.635+1300] {dag.py:2585} INFO - Sync 1 DAGs
[2022-11-05T17:03:05.646+1300] {logging_mixin.py:120} INFO - [2022-11-05T17:03:05.646+1300] {dag.py:3336} INFO - Setting next_dagrun for latest_only to 2022-11-05T00:03:05.646218+00:00, run_after=2022-11-05T04:03:05.646218+00:00
[2022-11-05T17:03:05.660+1300] {processor.py:176} INFO - Processing /Users/hirenpatel/Documents/airflow_tutoral/py_env/lib/python3.8/site-packages/airflow/example_dags/example_latest_only.py took 0.190 seconds
[2022-11-05T17:32:42.419+1300] {processor.py:154} INFO - Started process (PID=98762) to work on /Users/hirenpatel/Documents/airflow_tutoral/py_env/lib/python3.8/site-packages/airflow/example_dags/example_latest_only.py
[2022-11-05T17:32:42.422+1300] {processor.py:756} INFO - Processing file /Users/hirenpatel/Documents/airflow_tutoral/py_env/lib/python3.8/site-packages/airflow/example_dags/example_latest_only.py for tasks to queue
[2022-11-05T17:32:42.423+1300] {logging_mixin.py:120} INFO - [2022-11-05T17:32:42.423+1300] {dagbag.py:537} INFO - Filling up the DagBag from /Users/hirenpatel/Documents/airflow_tutoral/py_env/lib/python3.8/site-packages/airflow/example_dags/example_latest_only.py
[2022-11-05T17:32:42.444+1300] {processor.py:766} INFO - DAG(s) dict_keys(['latest_only']) retrieved from /Users/hirenpatel/Documents/airflow_tutoral/py_env/lib/python3.8/site-packages/airflow/example_dags/example_latest_only.py
[2022-11-05T17:32:42.561+1300] {logging_mixin.py:120} INFO - [2022-11-05T17:32:42.561+1300] {dag.py:2585} INFO - Sync 1 DAGs
[2022-11-05T17:32:42.571+1300] {logging_mixin.py:120} INFO - [2022-11-05T17:32:42.571+1300] {dag.py:3336} INFO - Setting next_dagrun for latest_only to 2022-11-05T00:32:42.571278+00:00, run_after=2022-11-05T04:32:42.571278+00:00
[2022-11-05T17:32:42.583+1300] {processor.py:176} INFO - Processing /Users/hirenpatel/Documents/airflow_tutoral/py_env/lib/python3.8/site-packages/airflow/example_dags/example_latest_only.py took 0.165 seconds
[2022-11-05T17:56:43.439+1300] {processor.py:154} INFO - Started process (PID=98992) to work on /Users/hirenpatel/Documents/airflow_tutoral/py_env/lib/python3.8/site-packages/airflow/example_dags/example_latest_only.py
[2022-11-05T17:56:43.443+1300] {processor.py:756} INFO - Processing file /Users/hirenpatel/Documents/airflow_tutoral/py_env/lib/python3.8/site-packages/airflow/example_dags/example_latest_only.py for tasks to queue
[2022-11-05T17:56:43.443+1300] {logging_mixin.py:120} INFO - [2022-11-05T17:56:43.443+1300] {dagbag.py:537} INFO - Filling up the DagBag from /Users/hirenpatel/Documents/airflow_tutoral/py_env/lib/python3.8/site-packages/airflow/example_dags/example_latest_only.py
[2022-11-05T17:56:43.466+1300] {processor.py:766} INFO - DAG(s) dict_keys(['latest_only']) retrieved from /Users/hirenpatel/Documents/airflow_tutoral/py_env/lib/python3.8/site-packages/airflow/example_dags/example_latest_only.py
[2022-11-05T17:56:43.616+1300] {logging_mixin.py:120} INFO - [2022-11-05T17:56:43.615+1300] {dag.py:2585} INFO - Sync 1 DAGs
[2022-11-05T17:56:43.631+1300] {logging_mixin.py:120} INFO - [2022-11-05T17:56:43.631+1300] {dag.py:3336} INFO - Setting next_dagrun for latest_only to 2022-11-05T00:56:43.631139+00:00, run_after=2022-11-05T04:56:43.631139+00:00
[2022-11-05T17:56:43.645+1300] {processor.py:176} INFO - Processing /Users/hirenpatel/Documents/airflow_tutoral/py_env/lib/python3.8/site-packages/airflow/example_dags/example_latest_only.py took 0.207 seconds
[2022-11-05T18:01:18.011+1300] {processor.py:154} INFO - Started process (PID=99239) to work on /Users/hirenpatel/Documents/airflow_tutoral/py_env/lib/python3.8/site-packages/airflow/example_dags/example_latest_only.py
[2022-11-05T18:01:18.015+1300] {processor.py:756} INFO - Processing file /Users/hirenpatel/Documents/airflow_tutoral/py_env/lib/python3.8/site-packages/airflow/example_dags/example_latest_only.py for tasks to queue
[2022-11-05T18:01:18.015+1300] {logging_mixin.py:120} INFO - [2022-11-05T18:01:18.015+1300] {dagbag.py:537} INFO - Filling up the DagBag from /Users/hirenpatel/Documents/airflow_tutoral/py_env/lib/python3.8/site-packages/airflow/example_dags/example_latest_only.py
[2022-11-05T18:01:18.037+1300] {processor.py:766} INFO - DAG(s) dict_keys(['latest_only']) retrieved from /Users/hirenpatel/Documents/airflow_tutoral/py_env/lib/python3.8/site-packages/airflow/example_dags/example_latest_only.py
[2022-11-05T18:01:18.155+1300] {logging_mixin.py:120} INFO - [2022-11-05T18:01:18.155+1300] {dag.py:2585} INFO - Sync 1 DAGs
[2022-11-05T18:01:18.165+1300] {logging_mixin.py:120} INFO - [2022-11-05T18:01:18.164+1300] {dag.py:3336} INFO - Setting next_dagrun for latest_only to 2022-11-05T01:01:18.164836+00:00, run_after=2022-11-05T05:01:18.164836+00:00
[2022-11-05T18:01:18.177+1300] {processor.py:176} INFO - Processing /Users/hirenpatel/Documents/airflow_tutoral/py_env/lib/python3.8/site-packages/airflow/example_dags/example_latest_only.py took 0.166 seconds
[2022-11-05T18:10:45.672+1300] {processor.py:154} INFO - Started process (PID=99423) to work on /Users/hirenpatel/Documents/airflow_tutoral/py_env/lib/python3.8/site-packages/airflow/example_dags/example_latest_only.py
[2022-11-05T18:10:45.676+1300] {processor.py:756} INFO - Processing file /Users/hirenpatel/Documents/airflow_tutoral/py_env/lib/python3.8/site-packages/airflow/example_dags/example_latest_only.py for tasks to queue
[2022-11-05T18:10:45.677+1300] {logging_mixin.py:120} INFO - [2022-11-05T18:10:45.677+1300] {dagbag.py:537} INFO - Filling up the DagBag from /Users/hirenpatel/Documents/airflow_tutoral/py_env/lib/python3.8/site-packages/airflow/example_dags/example_latest_only.py
[2022-11-05T18:10:45.695+1300] {processor.py:766} INFO - DAG(s) dict_keys(['latest_only']) retrieved from /Users/hirenpatel/Documents/airflow_tutoral/py_env/lib/python3.8/site-packages/airflow/example_dags/example_latest_only.py
[2022-11-05T18:10:45.807+1300] {logging_mixin.py:120} INFO - [2022-11-05T18:10:45.807+1300] {dag.py:2585} INFO - Sync 1 DAGs
[2022-11-05T18:10:45.817+1300] {logging_mixin.py:120} INFO - [2022-11-05T18:10:45.817+1300] {dag.py:3336} INFO - Setting next_dagrun for latest_only to 2022-11-05T01:10:45.817404+00:00, run_after=2022-11-05T05:10:45.817404+00:00
[2022-11-05T18:10:45.829+1300] {processor.py:176} INFO - Processing /Users/hirenpatel/Documents/airflow_tutoral/py_env/lib/python3.8/site-packages/airflow/example_dags/example_latest_only.py took 0.157 seconds
[2022-11-05T18:12:50.566+1300] {processor.py:154} INFO - Started process (PID=458) to work on /Users/hirenpatel/Documents/airflow_tutoral/py_env/lib/python3.8/site-packages/airflow/example_dags/example_latest_only.py
[2022-11-05T18:12:50.570+1300] {processor.py:756} INFO - Processing file /Users/hirenpatel/Documents/airflow_tutoral/py_env/lib/python3.8/site-packages/airflow/example_dags/example_latest_only.py for tasks to queue
[2022-11-05T18:12:50.570+1300] {logging_mixin.py:120} INFO - [2022-11-05T18:12:50.570+1300] {dagbag.py:537} INFO - Filling up the DagBag from /Users/hirenpatel/Documents/airflow_tutoral/py_env/lib/python3.8/site-packages/airflow/example_dags/example_latest_only.py
[2022-11-05T18:12:50.592+1300] {processor.py:766} INFO - DAG(s) dict_keys(['latest_only']) retrieved from /Users/hirenpatel/Documents/airflow_tutoral/py_env/lib/python3.8/site-packages/airflow/example_dags/example_latest_only.py
[2022-11-05T18:12:50.710+1300] {logging_mixin.py:120} INFO - [2022-11-05T18:12:50.709+1300] {dag.py:2585} INFO - Sync 1 DAGs
[2022-11-05T18:12:50.719+1300] {logging_mixin.py:120} INFO - [2022-11-05T18:12:50.719+1300] {dag.py:3336} INFO - Setting next_dagrun for latest_only to 2022-11-05T01:12:50.719739+00:00, run_after=2022-11-05T05:12:50.719739+00:00
[2022-11-05T18:12:50.736+1300] {processor.py:176} INFO - Processing /Users/hirenpatel/Documents/airflow_tutoral/py_env/lib/python3.8/site-packages/airflow/example_dags/example_latest_only.py took 0.170 seconds
[2022-11-05T18:14:52.770+1300] {processor.py:154} INFO - Started process (PID=730) to work on /Users/hirenpatel/Documents/airflow_tutoral/py_env/lib/python3.8/site-packages/airflow/example_dags/example_latest_only.py
[2022-11-05T18:14:52.774+1300] {processor.py:756} INFO - Processing file /Users/hirenpatel/Documents/airflow_tutoral/py_env/lib/python3.8/site-packages/airflow/example_dags/example_latest_only.py for tasks to queue
[2022-11-05T18:14:52.774+1300] {logging_mixin.py:120} INFO - [2022-11-05T18:14:52.774+1300] {dagbag.py:537} INFO - Filling up the DagBag from /Users/hirenpatel/Documents/airflow_tutoral/py_env/lib/python3.8/site-packages/airflow/example_dags/example_latest_only.py
[2022-11-05T18:14:52.794+1300] {processor.py:766} INFO - DAG(s) dict_keys(['latest_only']) retrieved from /Users/hirenpatel/Documents/airflow_tutoral/py_env/lib/python3.8/site-packages/airflow/example_dags/example_latest_only.py
[2022-11-05T18:14:52.915+1300] {logging_mixin.py:120} INFO - [2022-11-05T18:14:52.914+1300] {dag.py:2585} INFO - Sync 1 DAGs
[2022-11-05T18:14:52.924+1300] {logging_mixin.py:120} INFO - [2022-11-05T18:14:52.924+1300] {dag.py:3336} INFO - Setting next_dagrun for latest_only to 2022-11-05T01:14:52.924641+00:00, run_after=2022-11-05T05:14:52.924641+00:00
[2022-11-05T18:14:52.937+1300] {processor.py:176} INFO - Processing /Users/hirenpatel/Documents/airflow_tutoral/py_env/lib/python3.8/site-packages/airflow/example_dags/example_latest_only.py took 0.168 seconds
[2022-11-05T18:18:03.630+1300] {processor.py:154} INFO - Started process (PID=896) to work on /Users/hirenpatel/Documents/airflow_tutoral/py_env/lib/python3.8/site-packages/airflow/example_dags/example_latest_only.py
[2022-11-05T18:18:03.634+1300] {processor.py:756} INFO - Processing file /Users/hirenpatel/Documents/airflow_tutoral/py_env/lib/python3.8/site-packages/airflow/example_dags/example_latest_only.py for tasks to queue
[2022-11-05T18:18:03.635+1300] {logging_mixin.py:120} INFO - [2022-11-05T18:18:03.635+1300] {dagbag.py:537} INFO - Filling up the DagBag from /Users/hirenpatel/Documents/airflow_tutoral/py_env/lib/python3.8/site-packages/airflow/example_dags/example_latest_only.py
[2022-11-05T18:18:03.656+1300] {processor.py:766} INFO - DAG(s) dict_keys(['latest_only']) retrieved from /Users/hirenpatel/Documents/airflow_tutoral/py_env/lib/python3.8/site-packages/airflow/example_dags/example_latest_only.py
[2022-11-05T18:18:03.783+1300] {logging_mixin.py:120} INFO - [2022-11-05T18:18:03.783+1300] {dag.py:2585} INFO - Sync 1 DAGs
[2022-11-05T18:18:03.793+1300] {logging_mixin.py:120} INFO - [2022-11-05T18:18:03.793+1300] {dag.py:3336} INFO - Setting next_dagrun for latest_only to 2022-11-05T01:18:03.793154+00:00, run_after=2022-11-05T05:18:03.793154+00:00
[2022-11-05T18:18:03.806+1300] {processor.py:176} INFO - Processing /Users/hirenpatel/Documents/airflow_tutoral/py_env/lib/python3.8/site-packages/airflow/example_dags/example_latest_only.py took 0.177 seconds
[2022-11-05T18:28:06.642+1300] {processor.py:154} INFO - Started process (PID=1154) to work on /Users/hirenpatel/Documents/airflow_tutoral/py_env/lib/python3.8/site-packages/airflow/example_dags/example_latest_only.py
[2022-11-05T18:28:06.646+1300] {processor.py:756} INFO - Processing file /Users/hirenpatel/Documents/airflow_tutoral/py_env/lib/python3.8/site-packages/airflow/example_dags/example_latest_only.py for tasks to queue
[2022-11-05T18:28:06.646+1300] {logging_mixin.py:120} INFO - [2022-11-05T18:28:06.646+1300] {dagbag.py:537} INFO - Filling up the DagBag from /Users/hirenpatel/Documents/airflow_tutoral/py_env/lib/python3.8/site-packages/airflow/example_dags/example_latest_only.py
[2022-11-05T18:28:06.668+1300] {processor.py:766} INFO - DAG(s) dict_keys(['latest_only']) retrieved from /Users/hirenpatel/Documents/airflow_tutoral/py_env/lib/python3.8/site-packages/airflow/example_dags/example_latest_only.py
[2022-11-05T18:28:06.788+1300] {logging_mixin.py:120} INFO - [2022-11-05T18:28:06.788+1300] {dag.py:2585} INFO - Sync 1 DAGs
[2022-11-05T18:28:06.799+1300] {logging_mixin.py:120} INFO - [2022-11-05T18:28:06.799+1300] {dag.py:3336} INFO - Setting next_dagrun for latest_only to 2022-11-05T01:28:06.799231+00:00, run_after=2022-11-05T05:28:06.799231+00:00
[2022-11-05T18:28:06.812+1300] {processor.py:176} INFO - Processing /Users/hirenpatel/Documents/airflow_tutoral/py_env/lib/python3.8/site-packages/airflow/example_dags/example_latest_only.py took 0.171 seconds
[2022-11-05T18:40:40.451+1300] {processor.py:154} INFO - Started process (PID=1307) to work on /Users/hirenpatel/Documents/airflow_tutoral/py_env/lib/python3.8/site-packages/airflow/example_dags/example_latest_only.py
[2022-11-05T18:40:40.455+1300] {processor.py:756} INFO - Processing file /Users/hirenpatel/Documents/airflow_tutoral/py_env/lib/python3.8/site-packages/airflow/example_dags/example_latest_only.py for tasks to queue
[2022-11-05T18:40:40.455+1300] {logging_mixin.py:120} INFO - [2022-11-05T18:40:40.455+1300] {dagbag.py:537} INFO - Filling up the DagBag from /Users/hirenpatel/Documents/airflow_tutoral/py_env/lib/python3.8/site-packages/airflow/example_dags/example_latest_only.py
[2022-11-05T18:40:40.474+1300] {processor.py:766} INFO - DAG(s) dict_keys(['latest_only']) retrieved from /Users/hirenpatel/Documents/airflow_tutoral/py_env/lib/python3.8/site-packages/airflow/example_dags/example_latest_only.py
[2022-11-05T18:40:40.594+1300] {logging_mixin.py:120} INFO - [2022-11-05T18:40:40.594+1300] {dag.py:2585} INFO - Sync 1 DAGs
[2022-11-05T18:40:40.605+1300] {logging_mixin.py:120} INFO - [2022-11-05T18:40:40.605+1300] {dag.py:3336} INFO - Setting next_dagrun for latest_only to 2022-11-05T01:40:40.605432+00:00, run_after=2022-11-05T05:40:40.605432+00:00
[2022-11-05T18:40:40.618+1300] {processor.py:176} INFO - Processing /Users/hirenpatel/Documents/airflow_tutoral/py_env/lib/python3.8/site-packages/airflow/example_dags/example_latest_only.py took 0.167 seconds
[2022-11-05T18:51:22.568+1300] {processor.py:154} INFO - Started process (PID=1500) to work on /Users/hirenpatel/Documents/airflow_tutoral/py_env/lib/python3.8/site-packages/airflow/example_dags/example_latest_only.py
[2022-11-05T18:51:22.573+1300] {processor.py:756} INFO - Processing file /Users/hirenpatel/Documents/airflow_tutoral/py_env/lib/python3.8/site-packages/airflow/example_dags/example_latest_only.py for tasks to queue
[2022-11-05T18:51:22.573+1300] {logging_mixin.py:120} INFO - [2022-11-05T18:51:22.573+1300] {dagbag.py:537} INFO - Filling up the DagBag from /Users/hirenpatel/Documents/airflow_tutoral/py_env/lib/python3.8/site-packages/airflow/example_dags/example_latest_only.py
[2022-11-05T18:51:22.620+1300] {processor.py:766} INFO - DAG(s) dict_keys(['latest_only']) retrieved from /Users/hirenpatel/Documents/airflow_tutoral/py_env/lib/python3.8/site-packages/airflow/example_dags/example_latest_only.py
[2022-11-05T18:51:22.773+1300] {logging_mixin.py:120} INFO - [2022-11-05T18:51:22.772+1300] {dag.py:2585} INFO - Sync 1 DAGs
[2022-11-05T18:51:22.784+1300] {logging_mixin.py:120} INFO - [2022-11-05T18:51:22.784+1300] {dag.py:3336} INFO - Setting next_dagrun for latest_only to 2022-11-05T01:51:22.784126+00:00, run_after=2022-11-05T05:51:22.784126+00:00
[2022-11-05T18:51:22.799+1300] {processor.py:176} INFO - Processing /Users/hirenpatel/Documents/airflow_tutoral/py_env/lib/python3.8/site-packages/airflow/example_dags/example_latest_only.py took 0.231 seconds
[2022-11-05T18:54:48.230+1300] {processor.py:154} INFO - Started process (PID=1767) to work on /Users/hirenpatel/Documents/airflow_tutoral/py_env/lib/python3.8/site-packages/airflow/example_dags/example_latest_only.py
[2022-11-05T18:54:48.233+1300] {processor.py:756} INFO - Processing file /Users/hirenpatel/Documents/airflow_tutoral/py_env/lib/python3.8/site-packages/airflow/example_dags/example_latest_only.py for tasks to queue
[2022-11-05T18:54:48.234+1300] {logging_mixin.py:120} INFO - [2022-11-05T18:54:48.234+1300] {dagbag.py:537} INFO - Filling up the DagBag from /Users/hirenpatel/Documents/airflow_tutoral/py_env/lib/python3.8/site-packages/airflow/example_dags/example_latest_only.py
[2022-11-05T18:54:48.255+1300] {processor.py:766} INFO - DAG(s) dict_keys(['latest_only']) retrieved from /Users/hirenpatel/Documents/airflow_tutoral/py_env/lib/python3.8/site-packages/airflow/example_dags/example_latest_only.py
[2022-11-05T18:54:48.375+1300] {logging_mixin.py:120} INFO - [2022-11-05T18:54:48.375+1300] {dag.py:2585} INFO - Sync 1 DAGs
[2022-11-05T18:54:48.385+1300] {logging_mixin.py:120} INFO - [2022-11-05T18:54:48.385+1300] {dag.py:3336} INFO - Setting next_dagrun for latest_only to 2022-11-05T01:54:48.385737+00:00, run_after=2022-11-05T05:54:48.385737+00:00
[2022-11-05T18:54:48.398+1300] {processor.py:176} INFO - Processing /Users/hirenpatel/Documents/airflow_tutoral/py_env/lib/python3.8/site-packages/airflow/example_dags/example_latest_only.py took 0.168 seconds
[2022-11-05T18:56:26.303+1300] {processor.py:154} INFO - Started process (PID=1913) to work on /Users/hirenpatel/Documents/airflow_tutoral/py_env/lib/python3.8/site-packages/airflow/example_dags/example_latest_only.py
[2022-11-05T18:56:26.306+1300] {processor.py:756} INFO - Processing file /Users/hirenpatel/Documents/airflow_tutoral/py_env/lib/python3.8/site-packages/airflow/example_dags/example_latest_only.py for tasks to queue
[2022-11-05T18:56:26.307+1300] {logging_mixin.py:120} INFO - [2022-11-05T18:56:26.307+1300] {dagbag.py:537} INFO - Filling up the DagBag from /Users/hirenpatel/Documents/airflow_tutoral/py_env/lib/python3.8/site-packages/airflow/example_dags/example_latest_only.py
[2022-11-05T18:56:26.328+1300] {processor.py:766} INFO - DAG(s) dict_keys(['latest_only']) retrieved from /Users/hirenpatel/Documents/airflow_tutoral/py_env/lib/python3.8/site-packages/airflow/example_dags/example_latest_only.py
[2022-11-05T18:56:26.450+1300] {logging_mixin.py:120} INFO - [2022-11-05T18:56:26.450+1300] {dag.py:2585} INFO - Sync 1 DAGs
[2022-11-05T18:56:26.461+1300] {logging_mixin.py:120} INFO - [2022-11-05T18:56:26.461+1300] {dag.py:3336} INFO - Setting next_dagrun for latest_only to 2022-11-05T01:56:26.460952+00:00, run_after=2022-11-05T05:56:26.460952+00:00
[2022-11-05T18:56:26.474+1300] {processor.py:176} INFO - Processing /Users/hirenpatel/Documents/airflow_tutoral/py_env/lib/python3.8/site-packages/airflow/example_dags/example_latest_only.py took 0.171 seconds
[2022-11-05T19:02:08.646+1300] {processor.py:154} INFO - Started process (PID=2170) to work on /Users/hirenpatel/Documents/airflow_tutoral/py_env/lib/python3.8/site-packages/airflow/example_dags/example_latest_only.py
[2022-11-05T19:02:08.650+1300] {processor.py:756} INFO - Processing file /Users/hirenpatel/Documents/airflow_tutoral/py_env/lib/python3.8/site-packages/airflow/example_dags/example_latest_only.py for tasks to queue
[2022-11-05T19:02:08.650+1300] {logging_mixin.py:120} INFO - [2022-11-05T19:02:08.650+1300] {dagbag.py:537} INFO - Filling up the DagBag from /Users/hirenpatel/Documents/airflow_tutoral/py_env/lib/python3.8/site-packages/airflow/example_dags/example_latest_only.py
[2022-11-05T19:02:08.671+1300] {processor.py:766} INFO - DAG(s) dict_keys(['latest_only']) retrieved from /Users/hirenpatel/Documents/airflow_tutoral/py_env/lib/python3.8/site-packages/airflow/example_dags/example_latest_only.py
[2022-11-05T19:02:08.786+1300] {logging_mixin.py:120} INFO - [2022-11-05T19:02:08.786+1300] {dag.py:2585} INFO - Sync 1 DAGs
[2022-11-05T19:02:08.796+1300] {logging_mixin.py:120} INFO - [2022-11-05T19:02:08.796+1300] {dag.py:3336} INFO - Setting next_dagrun for latest_only to 2022-11-05T02:02:08.796232+00:00, run_after=2022-11-05T06:02:08.796232+00:00
[2022-11-05T19:02:08.808+1300] {processor.py:176} INFO - Processing /Users/hirenpatel/Documents/airflow_tutoral/py_env/lib/python3.8/site-packages/airflow/example_dags/example_latest_only.py took 0.163 seconds
[2022-11-05T19:05:09.137+1300] {processor.py:154} INFO - Started process (PID=2336) to work on /Users/hirenpatel/Documents/airflow_tutoral/py_env/lib/python3.8/site-packages/airflow/example_dags/example_latest_only.py
[2022-11-05T19:05:09.141+1300] {processor.py:756} INFO - Processing file /Users/hirenpatel/Documents/airflow_tutoral/py_env/lib/python3.8/site-packages/airflow/example_dags/example_latest_only.py for tasks to queue
[2022-11-05T19:05:09.141+1300] {logging_mixin.py:120} INFO - [2022-11-05T19:05:09.141+1300] {dagbag.py:537} INFO - Filling up the DagBag from /Users/hirenpatel/Documents/airflow_tutoral/py_env/lib/python3.8/site-packages/airflow/example_dags/example_latest_only.py
[2022-11-05T19:05:09.161+1300] {processor.py:766} INFO - DAG(s) dict_keys(['latest_only']) retrieved from /Users/hirenpatel/Documents/airflow_tutoral/py_env/lib/python3.8/site-packages/airflow/example_dags/example_latest_only.py
[2022-11-05T19:05:09.283+1300] {logging_mixin.py:120} INFO - [2022-11-05T19:05:09.282+1300] {dag.py:2585} INFO - Sync 1 DAGs
[2022-11-05T19:05:09.294+1300] {logging_mixin.py:120} INFO - [2022-11-05T19:05:09.293+1300] {dag.py:3336} INFO - Setting next_dagrun for latest_only to 2022-11-05T02:05:09.293804+00:00, run_after=2022-11-05T06:05:09.293804+00:00
[2022-11-05T19:05:09.308+1300] {processor.py:176} INFO - Processing /Users/hirenpatel/Documents/airflow_tutoral/py_env/lib/python3.8/site-packages/airflow/example_dags/example_latest_only.py took 0.171 seconds
[2022-11-05T19:14:50.663+1300] {processor.py:154} INFO - Started process (PID=2612) to work on /Users/hirenpatel/Documents/airflow_tutoral/py_env/lib/python3.8/site-packages/airflow/example_dags/example_latest_only.py
[2022-11-05T19:14:50.667+1300] {processor.py:756} INFO - Processing file /Users/hirenpatel/Documents/airflow_tutoral/py_env/lib/python3.8/site-packages/airflow/example_dags/example_latest_only.py for tasks to queue
[2022-11-05T19:14:50.667+1300] {logging_mixin.py:120} INFO - [2022-11-05T19:14:50.667+1300] {dagbag.py:537} INFO - Filling up the DagBag from /Users/hirenpatel/Documents/airflow_tutoral/py_env/lib/python3.8/site-packages/airflow/example_dags/example_latest_only.py
[2022-11-05T19:14:50.689+1300] {processor.py:766} INFO - DAG(s) dict_keys(['latest_only']) retrieved from /Users/hirenpatel/Documents/airflow_tutoral/py_env/lib/python3.8/site-packages/airflow/example_dags/example_latest_only.py
[2022-11-05T19:14:50.816+1300] {logging_mixin.py:120} INFO - [2022-11-05T19:14:50.816+1300] {dag.py:2585} INFO - Sync 1 DAGs
[2022-11-05T19:14:50.826+1300] {logging_mixin.py:120} INFO - [2022-11-05T19:14:50.826+1300] {dag.py:3336} INFO - Setting next_dagrun for latest_only to 2022-11-05T02:14:50.825993+00:00, run_after=2022-11-05T06:14:50.825993+00:00
[2022-11-05T19:14:50.840+1300] {processor.py:176} INFO - Processing /Users/hirenpatel/Documents/airflow_tutoral/py_env/lib/python3.8/site-packages/airflow/example_dags/example_latest_only.py took 0.177 seconds
[2022-11-05T19:21:06.752+1300] {processor.py:154} INFO - Started process (PID=2828) to work on /Users/hirenpatel/Documents/airflow_tutoral/py_env/lib/python3.8/site-packages/airflow/example_dags/example_latest_only.py
[2022-11-05T19:21:06.757+1300] {processor.py:756} INFO - Processing file /Users/hirenpatel/Documents/airflow_tutoral/py_env/lib/python3.8/site-packages/airflow/example_dags/example_latest_only.py for tasks to queue
[2022-11-05T19:21:06.757+1300] {logging_mixin.py:120} INFO - [2022-11-05T19:21:06.757+1300] {dagbag.py:537} INFO - Filling up the DagBag from /Users/hirenpatel/Documents/airflow_tutoral/py_env/lib/python3.8/site-packages/airflow/example_dags/example_latest_only.py
[2022-11-05T19:21:06.778+1300] {processor.py:766} INFO - DAG(s) dict_keys(['latest_only']) retrieved from /Users/hirenpatel/Documents/airflow_tutoral/py_env/lib/python3.8/site-packages/airflow/example_dags/example_latest_only.py
[2022-11-05T19:21:06.899+1300] {logging_mixin.py:120} INFO - [2022-11-05T19:21:06.899+1300] {dag.py:2585} INFO - Sync 1 DAGs
[2022-11-05T19:21:06.909+1300] {logging_mixin.py:120} INFO - [2022-11-05T19:21:06.908+1300] {dag.py:3336} INFO - Setting next_dagrun for latest_only to 2022-11-05T02:21:06.908839+00:00, run_after=2022-11-05T06:21:06.908839+00:00
[2022-11-05T19:21:06.922+1300] {processor.py:176} INFO - Processing /Users/hirenpatel/Documents/airflow_tutoral/py_env/lib/python3.8/site-packages/airflow/example_dags/example_latest_only.py took 0.170 seconds
[2022-11-05T19:27:49.091+1300] {processor.py:154} INFO - Started process (PID=3028) to work on /Users/hirenpatel/Documents/airflow_tutoral/py_env/lib/python3.8/site-packages/airflow/example_dags/example_latest_only.py
[2022-11-05T19:27:49.102+1300] {processor.py:756} INFO - Processing file /Users/hirenpatel/Documents/airflow_tutoral/py_env/lib/python3.8/site-packages/airflow/example_dags/example_latest_only.py for tasks to queue
[2022-11-05T19:27:49.102+1300] {logging_mixin.py:120} INFO - [2022-11-05T19:27:49.102+1300] {dagbag.py:537} INFO - Filling up the DagBag from /Users/hirenpatel/Documents/airflow_tutoral/py_env/lib/python3.8/site-packages/airflow/example_dags/example_latest_only.py
[2022-11-05T19:27:49.147+1300] {processor.py:766} INFO - DAG(s) dict_keys(['latest_only']) retrieved from /Users/hirenpatel/Documents/airflow_tutoral/py_env/lib/python3.8/site-packages/airflow/example_dags/example_latest_only.py
[2022-11-05T19:27:49.374+1300] {logging_mixin.py:120} INFO - [2022-11-05T19:27:49.373+1300] {dag.py:2585} INFO - Sync 1 DAGs
[2022-11-05T19:27:49.392+1300] {logging_mixin.py:120} INFO - [2022-11-05T19:27:49.391+1300] {dag.py:3336} INFO - Setting next_dagrun for latest_only to 2022-11-05T02:27:49.391770+00:00, run_after=2022-11-05T06:27:49.391770+00:00
[2022-11-05T19:27:49.413+1300] {processor.py:176} INFO - Processing /Users/hirenpatel/Documents/airflow_tutoral/py_env/lib/python3.8/site-packages/airflow/example_dags/example_latest_only.py took 0.324 seconds
[2022-11-05T19:55:08.271+1300] {processor.py:154} INFO - Started process (PID=3376) to work on /Users/hirenpatel/Documents/airflow_tutoral/py_env/lib/python3.8/site-packages/airflow/example_dags/example_latest_only.py
[2022-11-05T19:55:08.274+1300] {processor.py:756} INFO - Processing file /Users/hirenpatel/Documents/airflow_tutoral/py_env/lib/python3.8/site-packages/airflow/example_dags/example_latest_only.py for tasks to queue
[2022-11-05T19:55:08.275+1300] {logging_mixin.py:120} INFO - [2022-11-05T19:55:08.275+1300] {dagbag.py:537} INFO - Filling up the DagBag from /Users/hirenpatel/Documents/airflow_tutoral/py_env/lib/python3.8/site-packages/airflow/example_dags/example_latest_only.py
[2022-11-05T19:55:08.295+1300] {processor.py:766} INFO - DAG(s) dict_keys(['latest_only']) retrieved from /Users/hirenpatel/Documents/airflow_tutoral/py_env/lib/python3.8/site-packages/airflow/example_dags/example_latest_only.py
[2022-11-05T19:55:08.423+1300] {logging_mixin.py:120} INFO - [2022-11-05T19:55:08.423+1300] {dag.py:2585} INFO - Sync 1 DAGs
[2022-11-05T19:55:08.434+1300] {logging_mixin.py:120} INFO - [2022-11-05T19:55:08.434+1300] {dag.py:3336} INFO - Setting next_dagrun for latest_only to 2022-11-05T02:55:08.433928+00:00, run_after=2022-11-05T06:55:08.433928+00:00
[2022-11-05T19:55:08.448+1300] {processor.py:176} INFO - Processing /Users/hirenpatel/Documents/airflow_tutoral/py_env/lib/python3.8/site-packages/airflow/example_dags/example_latest_only.py took 0.178 seconds
[2022-11-05T19:56:43.843+1300] {processor.py:154} INFO - Started process (PID=3537) to work on /Users/hirenpatel/Documents/airflow_tutoral/py_env/lib/python3.8/site-packages/airflow/example_dags/example_latest_only.py
[2022-11-05T19:56:43.847+1300] {processor.py:756} INFO - Processing file /Users/hirenpatel/Documents/airflow_tutoral/py_env/lib/python3.8/site-packages/airflow/example_dags/example_latest_only.py for tasks to queue
[2022-11-05T19:56:43.848+1300] {logging_mixin.py:120} INFO - [2022-11-05T19:56:43.847+1300] {dagbag.py:537} INFO - Filling up the DagBag from /Users/hirenpatel/Documents/airflow_tutoral/py_env/lib/python3.8/site-packages/airflow/example_dags/example_latest_only.py
[2022-11-05T19:56:43.868+1300] {processor.py:766} INFO - DAG(s) dict_keys(['latest_only']) retrieved from /Users/hirenpatel/Documents/airflow_tutoral/py_env/lib/python3.8/site-packages/airflow/example_dags/example_latest_only.py
[2022-11-05T19:56:43.987+1300] {logging_mixin.py:120} INFO - [2022-11-05T19:56:43.987+1300] {dag.py:2585} INFO - Sync 1 DAGs
[2022-11-05T19:56:43.998+1300] {logging_mixin.py:120} INFO - [2022-11-05T19:56:43.998+1300] {dag.py:3336} INFO - Setting next_dagrun for latest_only to 2022-11-05T02:56:43.998481+00:00, run_after=2022-11-05T06:56:43.998481+00:00
[2022-11-05T19:56:44.017+1300] {processor.py:176} INFO - Processing /Users/hirenpatel/Documents/airflow_tutoral/py_env/lib/python3.8/site-packages/airflow/example_dags/example_latest_only.py took 0.174 seconds
[2022-11-05T20:06:49.757+1300] {processor.py:154} INFO - Started process (PID=3776) to work on /Users/hirenpatel/Documents/airflow_tutoral/py_env/lib/python3.8/site-packages/airflow/example_dags/example_latest_only.py
[2022-11-05T20:06:49.761+1300] {processor.py:756} INFO - Processing file /Users/hirenpatel/Documents/airflow_tutoral/py_env/lib/python3.8/site-packages/airflow/example_dags/example_latest_only.py for tasks to queue
[2022-11-05T20:06:49.761+1300] {logging_mixin.py:120} INFO - [2022-11-05T20:06:49.761+1300] {dagbag.py:537} INFO - Filling up the DagBag from /Users/hirenpatel/Documents/airflow_tutoral/py_env/lib/python3.8/site-packages/airflow/example_dags/example_latest_only.py
[2022-11-05T20:06:49.784+1300] {processor.py:766} INFO - DAG(s) dict_keys(['latest_only']) retrieved from /Users/hirenpatel/Documents/airflow_tutoral/py_env/lib/python3.8/site-packages/airflow/example_dags/example_latest_only.py
[2022-11-05T20:06:49.916+1300] {logging_mixin.py:120} INFO - [2022-11-05T20:06:49.916+1300] {dag.py:2585} INFO - Sync 1 DAGs
[2022-11-05T20:06:49.927+1300] {logging_mixin.py:120} INFO - [2022-11-05T20:06:49.926+1300] {dag.py:3336} INFO - Setting next_dagrun for latest_only to 2022-11-05T03:06:49.926774+00:00, run_after=2022-11-05T07:06:49.926774+00:00
[2022-11-05T20:06:49.940+1300] {processor.py:176} INFO - Processing /Users/hirenpatel/Documents/airflow_tutoral/py_env/lib/python3.8/site-packages/airflow/example_dags/example_latest_only.py took 0.184 seconds
[2022-11-05T20:19:49.750+1300] {processor.py:154} INFO - Started process (PID=4057) to work on /Users/hirenpatel/Documents/airflow_tutoral/py_env/lib/python3.8/site-packages/airflow/example_dags/example_latest_only.py
[2022-11-05T20:19:49.754+1300] {processor.py:756} INFO - Processing file /Users/hirenpatel/Documents/airflow_tutoral/py_env/lib/python3.8/site-packages/airflow/example_dags/example_latest_only.py for tasks to queue
[2022-11-05T20:19:49.754+1300] {logging_mixin.py:120} INFO - [2022-11-05T20:19:49.754+1300] {dagbag.py:537} INFO - Filling up the DagBag from /Users/hirenpatel/Documents/airflow_tutoral/py_env/lib/python3.8/site-packages/airflow/example_dags/example_latest_only.py
[2022-11-05T20:19:49.774+1300] {processor.py:766} INFO - DAG(s) dict_keys(['latest_only']) retrieved from /Users/hirenpatel/Documents/airflow_tutoral/py_env/lib/python3.8/site-packages/airflow/example_dags/example_latest_only.py
[2022-11-05T20:19:49.897+1300] {logging_mixin.py:120} INFO - [2022-11-05T20:19:49.897+1300] {dag.py:2585} INFO - Sync 1 DAGs
[2022-11-05T20:19:49.909+1300] {logging_mixin.py:120} INFO - [2022-11-05T20:19:49.909+1300] {dag.py:3336} INFO - Setting next_dagrun for latest_only to 2022-11-05T03:19:49.909139+00:00, run_after=2022-11-05T07:19:49.909139+00:00
[2022-11-05T20:19:49.923+1300] {processor.py:176} INFO - Processing /Users/hirenpatel/Documents/airflow_tutoral/py_env/lib/python3.8/site-packages/airflow/example_dags/example_latest_only.py took 0.173 seconds
[2022-11-05T20:43:05.458+1300] {processor.py:154} INFO - Started process (PID=4225) to work on /Users/hirenpatel/Documents/airflow_tutoral/py_env/lib/python3.8/site-packages/airflow/example_dags/example_latest_only.py
[2022-11-05T20:43:05.463+1300] {processor.py:756} INFO - Processing file /Users/hirenpatel/Documents/airflow_tutoral/py_env/lib/python3.8/site-packages/airflow/example_dags/example_latest_only.py for tasks to queue
[2022-11-05T20:43:05.463+1300] {logging_mixin.py:120} INFO - [2022-11-05T20:43:05.463+1300] {dagbag.py:537} INFO - Filling up the DagBag from /Users/hirenpatel/Documents/airflow_tutoral/py_env/lib/python3.8/site-packages/airflow/example_dags/example_latest_only.py
[2022-11-05T20:43:05.485+1300] {processor.py:766} INFO - DAG(s) dict_keys(['latest_only']) retrieved from /Users/hirenpatel/Documents/airflow_tutoral/py_env/lib/python3.8/site-packages/airflow/example_dags/example_latest_only.py
[2022-11-05T20:43:05.613+1300] {logging_mixin.py:120} INFO - [2022-11-05T20:43:05.613+1300] {dag.py:2585} INFO - Sync 1 DAGs
[2022-11-05T20:43:05.625+1300] {logging_mixin.py:120} INFO - [2022-11-05T20:43:05.625+1300] {dag.py:3336} INFO - Setting next_dagrun for latest_only to 2022-11-05T03:43:05.625029+00:00, run_after=2022-11-05T07:43:05.625029+00:00
[2022-11-05T20:43:05.650+1300] {processor.py:176} INFO - Processing /Users/hirenpatel/Documents/airflow_tutoral/py_env/lib/python3.8/site-packages/airflow/example_dags/example_latest_only.py took 0.192 seconds
[2022-11-05T21:02:11.003+1300] {processor.py:154} INFO - Started process (PID=4425) to work on /Users/hirenpatel/Documents/airflow_tutoral/py_env/lib/python3.8/site-packages/airflow/example_dags/example_latest_only.py
[2022-11-05T21:02:11.008+1300] {processor.py:756} INFO - Processing file /Users/hirenpatel/Documents/airflow_tutoral/py_env/lib/python3.8/site-packages/airflow/example_dags/example_latest_only.py for tasks to queue
[2022-11-05T21:02:11.008+1300] {logging_mixin.py:120} INFO - [2022-11-05T21:02:11.008+1300] {dagbag.py:537} INFO - Filling up the DagBag from /Users/hirenpatel/Documents/airflow_tutoral/py_env/lib/python3.8/site-packages/airflow/example_dags/example_latest_only.py
[2022-11-05T21:02:11.027+1300] {processor.py:766} INFO - DAG(s) dict_keys(['latest_only']) retrieved from /Users/hirenpatel/Documents/airflow_tutoral/py_env/lib/python3.8/site-packages/airflow/example_dags/example_latest_only.py
[2022-11-05T21:02:11.138+1300] {logging_mixin.py:120} INFO - [2022-11-05T21:02:11.138+1300] {dag.py:2585} INFO - Sync 1 DAGs
[2022-11-05T21:02:11.149+1300] {logging_mixin.py:120} INFO - [2022-11-05T21:02:11.149+1300] {dag.py:3336} INFO - Setting next_dagrun for latest_only to 2022-11-05T04:02:11.149115+00:00, run_after=2022-11-05T08:02:11.149115+00:00
[2022-11-05T21:02:11.161+1300] {processor.py:176} INFO - Processing /Users/hirenpatel/Documents/airflow_tutoral/py_env/lib/python3.8/site-packages/airflow/example_dags/example_latest_only.py took 0.158 seconds
[2022-11-05T21:26:58.274+1300] {processor.py:154} INFO - Started process (PID=4639) to work on /Users/hirenpatel/Documents/airflow_tutoral/py_env/lib/python3.8/site-packages/airflow/example_dags/example_latest_only.py
[2022-11-05T21:26:58.277+1300] {processor.py:756} INFO - Processing file /Users/hirenpatel/Documents/airflow_tutoral/py_env/lib/python3.8/site-packages/airflow/example_dags/example_latest_only.py for tasks to queue
[2022-11-05T21:26:58.278+1300] {logging_mixin.py:120} INFO - [2022-11-05T21:26:58.278+1300] {dagbag.py:537} INFO - Filling up the DagBag from /Users/hirenpatel/Documents/airflow_tutoral/py_env/lib/python3.8/site-packages/airflow/example_dags/example_latest_only.py
[2022-11-05T21:26:58.298+1300] {processor.py:766} INFO - DAG(s) dict_keys(['latest_only']) retrieved from /Users/hirenpatel/Documents/airflow_tutoral/py_env/lib/python3.8/site-packages/airflow/example_dags/example_latest_only.py
[2022-11-05T21:26:58.420+1300] {logging_mixin.py:120} INFO - [2022-11-05T21:26:58.419+1300] {dag.py:2585} INFO - Sync 1 DAGs
[2022-11-05T21:26:58.430+1300] {logging_mixin.py:120} INFO - [2022-11-05T21:26:58.430+1300] {dag.py:3336} INFO - Setting next_dagrun for latest_only to 2022-11-05T04:26:58.430509+00:00, run_after=2022-11-05T08:26:58.430509+00:00
[2022-11-05T21:26:58.444+1300] {processor.py:176} INFO - Processing /Users/hirenpatel/Documents/airflow_tutoral/py_env/lib/python3.8/site-packages/airflow/example_dags/example_latest_only.py took 0.171 seconds
[2022-11-05T22:43:31.318+1300] {processor.py:154} INFO - Started process (PID=4888) to work on /Users/hirenpatel/Documents/airflow_tutoral/py_env/lib/python3.8/site-packages/airflow/example_dags/example_latest_only.py
[2022-11-05T22:43:31.322+1300] {processor.py:756} INFO - Processing file /Users/hirenpatel/Documents/airflow_tutoral/py_env/lib/python3.8/site-packages/airflow/example_dags/example_latest_only.py for tasks to queue
[2022-11-05T22:43:31.322+1300] {logging_mixin.py:120} INFO - [2022-11-05T22:43:31.322+1300] {dagbag.py:537} INFO - Filling up the DagBag from /Users/hirenpatel/Documents/airflow_tutoral/py_env/lib/python3.8/site-packages/airflow/example_dags/example_latest_only.py
[2022-11-05T22:43:31.344+1300] {processor.py:766} INFO - DAG(s) dict_keys(['latest_only']) retrieved from /Users/hirenpatel/Documents/airflow_tutoral/py_env/lib/python3.8/site-packages/airflow/example_dags/example_latest_only.py
[2022-11-05T22:43:31.463+1300] {logging_mixin.py:120} INFO - [2022-11-05T22:43:31.463+1300] {dag.py:2585} INFO - Sync 1 DAGs
[2022-11-05T22:43:31.473+1300] {logging_mixin.py:120} INFO - [2022-11-05T22:43:31.473+1300] {dag.py:3336} INFO - Setting next_dagrun for latest_only to 2022-11-05T05:43:31.473304+00:00, run_after=2022-11-05T09:43:31.473304+00:00
[2022-11-05T22:43:31.486+1300] {processor.py:176} INFO - Processing /Users/hirenpatel/Documents/airflow_tutoral/py_env/lib/python3.8/site-packages/airflow/example_dags/example_latest_only.py took 0.168 seconds
[2022-11-05T23:09:36.138+1300] {processor.py:154} INFO - Started process (PID=5109) to work on /Users/hirenpatel/Documents/airflow_tutoral/py_env/lib/python3.8/site-packages/airflow/example_dags/example_latest_only.py
[2022-11-05T23:09:36.142+1300] {processor.py:756} INFO - Processing file /Users/hirenpatel/Documents/airflow_tutoral/py_env/lib/python3.8/site-packages/airflow/example_dags/example_latest_only.py for tasks to queue
[2022-11-05T23:09:36.142+1300] {logging_mixin.py:120} INFO - [2022-11-05T23:09:36.142+1300] {dagbag.py:537} INFO - Filling up the DagBag from /Users/hirenpatel/Documents/airflow_tutoral/py_env/lib/python3.8/site-packages/airflow/example_dags/example_latest_only.py
[2022-11-05T23:09:36.161+1300] {processor.py:766} INFO - DAG(s) dict_keys(['latest_only']) retrieved from /Users/hirenpatel/Documents/airflow_tutoral/py_env/lib/python3.8/site-packages/airflow/example_dags/example_latest_only.py
[2022-11-05T23:09:36.282+1300] {logging_mixin.py:120} INFO - [2022-11-05T23:09:36.282+1300] {dag.py:2585} INFO - Sync 1 DAGs
[2022-11-05T23:09:36.293+1300] {logging_mixin.py:120} INFO - [2022-11-05T23:09:36.293+1300] {dag.py:3336} INFO - Setting next_dagrun for latest_only to 2022-11-05T06:09:36.293278+00:00, run_after=2022-11-05T10:09:36.293278+00:00
[2022-11-05T23:09:36.307+1300] {processor.py:176} INFO - Processing /Users/hirenpatel/Documents/airflow_tutoral/py_env/lib/python3.8/site-packages/airflow/example_dags/example_latest_only.py took 0.169 seconds
[2022-11-05T23:31:56.424+1300] {processor.py:154} INFO - Started process (PID=5403) to work on /Users/hirenpatel/Documents/airflow_tutoral/py_env/lib/python3.8/site-packages/airflow/example_dags/example_latest_only.py
[2022-11-05T23:31:56.428+1300] {processor.py:756} INFO - Processing file /Users/hirenpatel/Documents/airflow_tutoral/py_env/lib/python3.8/site-packages/airflow/example_dags/example_latest_only.py for tasks to queue
[2022-11-05T23:31:56.428+1300] {logging_mixin.py:120} INFO - [2022-11-05T23:31:56.428+1300] {dagbag.py:537} INFO - Filling up the DagBag from /Users/hirenpatel/Documents/airflow_tutoral/py_env/lib/python3.8/site-packages/airflow/example_dags/example_latest_only.py
[2022-11-05T23:31:56.448+1300] {processor.py:766} INFO - DAG(s) dict_keys(['latest_only']) retrieved from /Users/hirenpatel/Documents/airflow_tutoral/py_env/lib/python3.8/site-packages/airflow/example_dags/example_latest_only.py
[2022-11-05T23:31:56.569+1300] {logging_mixin.py:120} INFO - [2022-11-05T23:31:56.569+1300] {dag.py:2585} INFO - Sync 1 DAGs
[2022-11-05T23:31:56.580+1300] {logging_mixin.py:120} INFO - [2022-11-05T23:31:56.580+1300] {dag.py:3336} INFO - Setting next_dagrun for latest_only to 2022-11-05T06:31:56.579982+00:00, run_after=2022-11-05T10:31:56.579982+00:00
[2022-11-05T23:31:56.593+1300] {processor.py:176} INFO - Processing /Users/hirenpatel/Documents/airflow_tutoral/py_env/lib/python3.8/site-packages/airflow/example_dags/example_latest_only.py took 0.169 seconds
[2022-11-06T00:27:54.650+1300] {processor.py:154} INFO - Started process (PID=5777) to work on /Users/hirenpatel/Documents/airflow_tutoral/py_env/lib/python3.8/site-packages/airflow/example_dags/example_latest_only.py
[2022-11-06T00:27:54.654+1300] {processor.py:756} INFO - Processing file /Users/hirenpatel/Documents/airflow_tutoral/py_env/lib/python3.8/site-packages/airflow/example_dags/example_latest_only.py for tasks to queue
[2022-11-06T00:27:54.654+1300] {logging_mixin.py:120} INFO - [2022-11-06T00:27:54.654+1300] {dagbag.py:537} INFO - Filling up the DagBag from /Users/hirenpatel/Documents/airflow_tutoral/py_env/lib/python3.8/site-packages/airflow/example_dags/example_latest_only.py
[2022-11-06T00:27:54.678+1300] {processor.py:766} INFO - DAG(s) dict_keys(['latest_only']) retrieved from /Users/hirenpatel/Documents/airflow_tutoral/py_env/lib/python3.8/site-packages/airflow/example_dags/example_latest_only.py
[2022-11-06T00:27:54.819+1300] {logging_mixin.py:120} INFO - [2022-11-06T00:27:54.819+1300] {dag.py:2585} INFO - Sync 1 DAGs
[2022-11-06T00:27:54.832+1300] {logging_mixin.py:120} INFO - [2022-11-06T00:27:54.832+1300] {dag.py:3336} INFO - Setting next_dagrun for latest_only to 2022-11-05T07:27:54.832443+00:00, run_after=2022-11-05T11:27:54.832443+00:00
[2022-11-06T00:27:54.847+1300] {processor.py:176} INFO - Processing /Users/hirenpatel/Documents/airflow_tutoral/py_env/lib/python3.8/site-packages/airflow/example_dags/example_latest_only.py took 0.198 seconds
[2022-11-06T01:17:33.275+1300] {processor.py:154} INFO - Started process (PID=6007) to work on /Users/hirenpatel/Documents/airflow_tutoral/py_env/lib/python3.8/site-packages/airflow/example_dags/example_latest_only.py
[2022-11-06T01:17:33.279+1300] {processor.py:756} INFO - Processing file /Users/hirenpatel/Documents/airflow_tutoral/py_env/lib/python3.8/site-packages/airflow/example_dags/example_latest_only.py for tasks to queue
[2022-11-06T01:17:33.280+1300] {logging_mixin.py:120} INFO - [2022-11-06T01:17:33.280+1300] {dagbag.py:537} INFO - Filling up the DagBag from /Users/hirenpatel/Documents/airflow_tutoral/py_env/lib/python3.8/site-packages/airflow/example_dags/example_latest_only.py
[2022-11-06T01:17:33.309+1300] {processor.py:766} INFO - DAG(s) dict_keys(['latest_only']) retrieved from /Users/hirenpatel/Documents/airflow_tutoral/py_env/lib/python3.8/site-packages/airflow/example_dags/example_latest_only.py
[2022-11-06T01:17:33.524+1300] {logging_mixin.py:120} INFO - [2022-11-06T01:17:33.523+1300] {dag.py:2585} INFO - Sync 1 DAGs
[2022-11-06T01:17:33.538+1300] {logging_mixin.py:120} INFO - [2022-11-06T01:17:33.538+1300] {dag.py:3336} INFO - Setting next_dagrun for latest_only to 2022-11-05T08:17:33.538517+00:00, run_after=2022-11-05T12:17:33.538517+00:00
[2022-11-06T01:17:33.565+1300] {processor.py:176} INFO - Processing /Users/hirenpatel/Documents/airflow_tutoral/py_env/lib/python3.8/site-packages/airflow/example_dags/example_latest_only.py took 0.290 seconds
[2022-11-06T02:37:14.397+1300] {processor.py:154} INFO - Started process (PID=6244) to work on /Users/hirenpatel/Documents/airflow_tutoral/py_env/lib/python3.8/site-packages/airflow/example_dags/example_latest_only.py
[2022-11-06T02:37:14.401+1300] {processor.py:756} INFO - Processing file /Users/hirenpatel/Documents/airflow_tutoral/py_env/lib/python3.8/site-packages/airflow/example_dags/example_latest_only.py for tasks to queue
[2022-11-06T02:37:14.401+1300] {logging_mixin.py:120} INFO - [2022-11-06T02:37:14.401+1300] {dagbag.py:537} INFO - Filling up the DagBag from /Users/hirenpatel/Documents/airflow_tutoral/py_env/lib/python3.8/site-packages/airflow/example_dags/example_latest_only.py
[2022-11-06T02:37:14.425+1300] {processor.py:766} INFO - DAG(s) dict_keys(['latest_only']) retrieved from /Users/hirenpatel/Documents/airflow_tutoral/py_env/lib/python3.8/site-packages/airflow/example_dags/example_latest_only.py
[2022-11-06T02:37:14.557+1300] {logging_mixin.py:120} INFO - [2022-11-06T02:37:14.557+1300] {dag.py:2585} INFO - Sync 1 DAGs
[2022-11-06T02:37:14.569+1300] {logging_mixin.py:120} INFO - [2022-11-06T02:37:14.569+1300] {dag.py:3336} INFO - Setting next_dagrun for latest_only to 2022-11-05T09:37:14.569125+00:00, run_after=2022-11-05T13:37:14.569125+00:00
[2022-11-06T02:37:14.583+1300] {processor.py:176} INFO - Processing /Users/hirenpatel/Documents/airflow_tutoral/py_env/lib/python3.8/site-packages/airflow/example_dags/example_latest_only.py took 0.187 seconds
[2022-11-06T05:04:16.540+1300] {processor.py:154} INFO - Started process (PID=6570) to work on /Users/hirenpatel/Documents/airflow_tutoral/py_env/lib/python3.8/site-packages/airflow/example_dags/example_latest_only.py
[2022-11-06T05:04:16.544+1300] {processor.py:756} INFO - Processing file /Users/hirenpatel/Documents/airflow_tutoral/py_env/lib/python3.8/site-packages/airflow/example_dags/example_latest_only.py for tasks to queue
[2022-11-06T05:04:16.544+1300] {logging_mixin.py:120} INFO - [2022-11-06T05:04:16.544+1300] {dagbag.py:537} INFO - Filling up the DagBag from /Users/hirenpatel/Documents/airflow_tutoral/py_env/lib/python3.8/site-packages/airflow/example_dags/example_latest_only.py
[2022-11-06T05:04:16.569+1300] {processor.py:766} INFO - DAG(s) dict_keys(['latest_only']) retrieved from /Users/hirenpatel/Documents/airflow_tutoral/py_env/lib/python3.8/site-packages/airflow/example_dags/example_latest_only.py
[2022-11-06T05:04:16.751+1300] {logging_mixin.py:120} INFO - [2022-11-06T05:04:16.751+1300] {dag.py:2585} INFO - Sync 1 DAGs
[2022-11-06T05:04:16.764+1300] {logging_mixin.py:120} INFO - [2022-11-06T05:04:16.764+1300] {dag.py:3336} INFO - Setting next_dagrun for latest_only to 2022-11-05T12:04:16.764497+00:00, run_after=2022-11-05T16:04:16.764497+00:00
[2022-11-06T05:04:16.780+1300] {processor.py:176} INFO - Processing /Users/hirenpatel/Documents/airflow_tutoral/py_env/lib/python3.8/site-packages/airflow/example_dags/example_latest_only.py took 0.240 seconds
[2022-11-06T06:23:20.458+1300] {processor.py:154} INFO - Started process (PID=6859) to work on /Users/hirenpatel/Documents/airflow_tutoral/py_env/lib/python3.8/site-packages/airflow/example_dags/example_latest_only.py
[2022-11-06T06:23:20.462+1300] {processor.py:756} INFO - Processing file /Users/hirenpatel/Documents/airflow_tutoral/py_env/lib/python3.8/site-packages/airflow/example_dags/example_latest_only.py for tasks to queue
[2022-11-06T06:23:20.462+1300] {logging_mixin.py:120} INFO - [2022-11-06T06:23:20.462+1300] {dagbag.py:537} INFO - Filling up the DagBag from /Users/hirenpatel/Documents/airflow_tutoral/py_env/lib/python3.8/site-packages/airflow/example_dags/example_latest_only.py
[2022-11-06T06:23:20.485+1300] {processor.py:766} INFO - DAG(s) dict_keys(['latest_only']) retrieved from /Users/hirenpatel/Documents/airflow_tutoral/py_env/lib/python3.8/site-packages/airflow/example_dags/example_latest_only.py
[2022-11-06T06:23:20.619+1300] {logging_mixin.py:120} INFO - [2022-11-06T06:23:20.619+1300] {dag.py:2585} INFO - Sync 1 DAGs
[2022-11-06T06:23:20.630+1300] {logging_mixin.py:120} INFO - [2022-11-06T06:23:20.630+1300] {dag.py:3336} INFO - Setting next_dagrun for latest_only to 2022-11-05T13:23:20.629963+00:00, run_after=2022-11-05T17:23:20.629963+00:00
[2022-11-06T06:23:20.643+1300] {processor.py:176} INFO - Processing /Users/hirenpatel/Documents/airflow_tutoral/py_env/lib/python3.8/site-packages/airflow/example_dags/example_latest_only.py took 0.186 seconds
[2022-11-06T08:00:59.867+1300] {processor.py:154} INFO - Started process (PID=7118) to work on /Users/hirenpatel/Documents/airflow_tutoral/py_env/lib/python3.8/site-packages/airflow/example_dags/example_latest_only.py
[2022-11-06T08:00:59.871+1300] {processor.py:756} INFO - Processing file /Users/hirenpatel/Documents/airflow_tutoral/py_env/lib/python3.8/site-packages/airflow/example_dags/example_latest_only.py for tasks to queue
[2022-11-06T08:00:59.871+1300] {logging_mixin.py:120} INFO - [2022-11-06T08:00:59.871+1300] {dagbag.py:537} INFO - Filling up the DagBag from /Users/hirenpatel/Documents/airflow_tutoral/py_env/lib/python3.8/site-packages/airflow/example_dags/example_latest_only.py
[2022-11-06T08:00:59.894+1300] {processor.py:766} INFO - DAG(s) dict_keys(['latest_only']) retrieved from /Users/hirenpatel/Documents/airflow_tutoral/py_env/lib/python3.8/site-packages/airflow/example_dags/example_latest_only.py
[2022-11-06T08:01:00.013+1300] {logging_mixin.py:120} INFO - [2022-11-06T08:01:00.012+1300] {dag.py:2585} INFO - Sync 1 DAGs
[2022-11-06T08:01:00.022+1300] {logging_mixin.py:120} INFO - [2022-11-06T08:01:00.022+1300] {dag.py:3336} INFO - Setting next_dagrun for latest_only to 2022-11-05T15:01:00.022683+00:00, run_after=2022-11-05T19:01:00.022683+00:00
[2022-11-06T08:01:00.036+1300] {processor.py:176} INFO - Processing /Users/hirenpatel/Documents/airflow_tutoral/py_env/lib/python3.8/site-packages/airflow/example_dags/example_latest_only.py took 0.169 seconds
[2022-11-06T08:32:14.816+1300] {processor.py:154} INFO - Started process (PID=7327) to work on /Users/hirenpatel/Documents/airflow_tutoral/py_env/lib/python3.8/site-packages/airflow/example_dags/example_latest_only.py
[2022-11-06T08:32:14.822+1300] {processor.py:756} INFO - Processing file /Users/hirenpatel/Documents/airflow_tutoral/py_env/lib/python3.8/site-packages/airflow/example_dags/example_latest_only.py for tasks to queue
[2022-11-06T08:32:14.822+1300] {logging_mixin.py:120} INFO - [2022-11-06T08:32:14.822+1300] {dagbag.py:537} INFO - Filling up the DagBag from /Users/hirenpatel/Documents/airflow_tutoral/py_env/lib/python3.8/site-packages/airflow/example_dags/example_latest_only.py
[2022-11-06T08:32:14.843+1300] {processor.py:766} INFO - DAG(s) dict_keys(['latest_only']) retrieved from /Users/hirenpatel/Documents/airflow_tutoral/py_env/lib/python3.8/site-packages/airflow/example_dags/example_latest_only.py
[2022-11-06T08:32:14.988+1300] {logging_mixin.py:120} INFO - [2022-11-06T08:32:14.988+1300] {dag.py:2585} INFO - Sync 1 DAGs
[2022-11-06T08:32:14.998+1300] {logging_mixin.py:120} INFO - [2022-11-06T08:32:14.998+1300] {dag.py:3336} INFO - Setting next_dagrun for latest_only to 2022-11-05T15:32:14.998159+00:00, run_after=2022-11-05T19:32:14.998159+00:00
[2022-11-06T08:32:15.011+1300] {processor.py:176} INFO - Processing /Users/hirenpatel/Documents/airflow_tutoral/py_env/lib/python3.8/site-packages/airflow/example_dags/example_latest_only.py took 0.195 seconds
[2022-11-06T09:44:31.767+1300] {processor.py:154} INFO - Started process (PID=7563) to work on /Users/hirenpatel/Documents/airflow_tutoral/py_env/lib/python3.8/site-packages/airflow/example_dags/example_latest_only.py
[2022-11-06T09:44:31.772+1300] {processor.py:756} INFO - Processing file /Users/hirenpatel/Documents/airflow_tutoral/py_env/lib/python3.8/site-packages/airflow/example_dags/example_latest_only.py for tasks to queue
[2022-11-06T09:44:31.772+1300] {logging_mixin.py:120} INFO - [2022-11-06T09:44:31.772+1300] {dagbag.py:537} INFO - Filling up the DagBag from /Users/hirenpatel/Documents/airflow_tutoral/py_env/lib/python3.8/site-packages/airflow/example_dags/example_latest_only.py
[2022-11-06T09:44:31.805+1300] {processor.py:766} INFO - DAG(s) dict_keys(['latest_only']) retrieved from /Users/hirenpatel/Documents/airflow_tutoral/py_env/lib/python3.8/site-packages/airflow/example_dags/example_latest_only.py
[2022-11-06T09:44:32.023+1300] {logging_mixin.py:120} INFO - [2022-11-06T09:44:32.023+1300] {dag.py:2585} INFO - Sync 1 DAGs
[2022-11-06T09:44:32.039+1300] {logging_mixin.py:120} INFO - [2022-11-06T09:44:32.038+1300] {dag.py:3336} INFO - Setting next_dagrun for latest_only to 2022-11-05T16:44:32.038724+00:00, run_after=2022-11-05T20:44:32.038724+00:00
[2022-11-06T09:44:32.066+1300] {processor.py:176} INFO - Processing /Users/hirenpatel/Documents/airflow_tutoral/py_env/lib/python3.8/site-packages/airflow/example_dags/example_latest_only.py took 0.300 seconds
[2022-11-06T10:12:24.240+1300] {processor.py:154} INFO - Started process (PID=7938) to work on /Users/hirenpatel/Documents/airflow_tutoral/py_env/lib/python3.8/site-packages/airflow/example_dags/example_latest_only.py
[2022-11-06T10:12:24.248+1300] {processor.py:756} INFO - Processing file /Users/hirenpatel/Documents/airflow_tutoral/py_env/lib/python3.8/site-packages/airflow/example_dags/example_latest_only.py for tasks to queue
[2022-11-06T10:12:24.249+1300] {logging_mixin.py:120} INFO - [2022-11-06T10:12:24.249+1300] {dagbag.py:537} INFO - Filling up the DagBag from /Users/hirenpatel/Documents/airflow_tutoral/py_env/lib/python3.8/site-packages/airflow/example_dags/example_latest_only.py
[2022-11-06T10:12:24.291+1300] {processor.py:766} INFO - DAG(s) dict_keys(['latest_only']) retrieved from /Users/hirenpatel/Documents/airflow_tutoral/py_env/lib/python3.8/site-packages/airflow/example_dags/example_latest_only.py
[2022-11-06T10:12:24.546+1300] {logging_mixin.py:120} INFO - [2022-11-06T10:12:24.545+1300] {dag.py:2585} INFO - Sync 1 DAGs
[2022-11-06T10:12:24.570+1300] {logging_mixin.py:120} INFO - [2022-11-06T10:12:24.569+1300] {dag.py:3336} INFO - Setting next_dagrun for latest_only to 2022-11-05T17:12:24.569779+00:00, run_after=2022-11-05T21:12:24.569779+00:00
[2022-11-06T10:12:24.600+1300] {processor.py:176} INFO - Processing /Users/hirenpatel/Documents/airflow_tutoral/py_env/lib/python3.8/site-packages/airflow/example_dags/example_latest_only.py took 0.362 seconds
[2022-11-06T10:42:24.318+1300] {processor.py:154} INFO - Started process (PID=8172) to work on /Users/hirenpatel/Documents/airflow_tutoral/py_env/lib/python3.8/site-packages/airflow/example_dags/example_latest_only.py
[2022-11-06T10:42:24.321+1300] {processor.py:756} INFO - Processing file /Users/hirenpatel/Documents/airflow_tutoral/py_env/lib/python3.8/site-packages/airflow/example_dags/example_latest_only.py for tasks to queue
[2022-11-06T10:42:24.322+1300] {logging_mixin.py:120} INFO - [2022-11-06T10:42:24.322+1300] {dagbag.py:537} INFO - Filling up the DagBag from /Users/hirenpatel/Documents/airflow_tutoral/py_env/lib/python3.8/site-packages/airflow/example_dags/example_latest_only.py
[2022-11-06T10:42:24.341+1300] {processor.py:766} INFO - DAG(s) dict_keys(['latest_only']) retrieved from /Users/hirenpatel/Documents/airflow_tutoral/py_env/lib/python3.8/site-packages/airflow/example_dags/example_latest_only.py
[2022-11-06T10:42:24.460+1300] {logging_mixin.py:120} INFO - [2022-11-06T10:42:24.460+1300] {dag.py:2585} INFO - Sync 1 DAGs
[2022-11-06T10:42:24.470+1300] {logging_mixin.py:120} INFO - [2022-11-06T10:42:24.469+1300] {dag.py:3336} INFO - Setting next_dagrun for latest_only to 2022-11-05T17:42:24.469778+00:00, run_after=2022-11-05T21:42:24.469778+00:00
[2022-11-06T10:42:24.482+1300] {processor.py:176} INFO - Processing /Users/hirenpatel/Documents/airflow_tutoral/py_env/lib/python3.8/site-packages/airflow/example_dags/example_latest_only.py took 0.164 seconds
[2022-11-06T11:09:30.912+1300] {processor.py:154} INFO - Started process (PID=8475) to work on /Users/hirenpatel/Documents/airflow_tutoral/py_env/lib/python3.8/site-packages/airflow/example_dags/example_latest_only.py
[2022-11-06T11:09:30.916+1300] {processor.py:756} INFO - Processing file /Users/hirenpatel/Documents/airflow_tutoral/py_env/lib/python3.8/site-packages/airflow/example_dags/example_latest_only.py for tasks to queue
[2022-11-06T11:09:30.916+1300] {logging_mixin.py:120} INFO - [2022-11-06T11:09:30.916+1300] {dagbag.py:537} INFO - Filling up the DagBag from /Users/hirenpatel/Documents/airflow_tutoral/py_env/lib/python3.8/site-packages/airflow/example_dags/example_latest_only.py
[2022-11-06T11:09:30.937+1300] {processor.py:766} INFO - DAG(s) dict_keys(['latest_only']) retrieved from /Users/hirenpatel/Documents/airflow_tutoral/py_env/lib/python3.8/site-packages/airflow/example_dags/example_latest_only.py
[2022-11-06T11:09:31.057+1300] {logging_mixin.py:120} INFO - [2022-11-06T11:09:31.057+1300] {dag.py:2585} INFO - Sync 1 DAGs
[2022-11-06T11:09:31.068+1300] {logging_mixin.py:120} INFO - [2022-11-06T11:09:31.068+1300] {dag.py:3336} INFO - Setting next_dagrun for latest_only to 2022-11-05T18:09:31.067998+00:00, run_after=2022-11-05T22:09:31.067998+00:00
[2022-11-06T11:09:31.081+1300] {processor.py:176} INFO - Processing /Users/hirenpatel/Documents/airflow_tutoral/py_env/lib/python3.8/site-packages/airflow/example_dags/example_latest_only.py took 0.169 seconds
[2022-11-06T12:02:07.453+1300] {processor.py:154} INFO - Started process (PID=8711) to work on /Users/hirenpatel/Documents/airflow_tutoral/py_env/lib/python3.8/site-packages/airflow/example_dags/example_latest_only.py
[2022-11-06T12:02:07.458+1300] {processor.py:756} INFO - Processing file /Users/hirenpatel/Documents/airflow_tutoral/py_env/lib/python3.8/site-packages/airflow/example_dags/example_latest_only.py for tasks to queue
[2022-11-06T12:02:07.458+1300] {logging_mixin.py:120} INFO - [2022-11-06T12:02:07.458+1300] {dagbag.py:537} INFO - Filling up the DagBag from /Users/hirenpatel/Documents/airflow_tutoral/py_env/lib/python3.8/site-packages/airflow/example_dags/example_latest_only.py
[2022-11-06T12:02:07.488+1300] {processor.py:766} INFO - DAG(s) dict_keys(['latest_only']) retrieved from /Users/hirenpatel/Documents/airflow_tutoral/py_env/lib/python3.8/site-packages/airflow/example_dags/example_latest_only.py
[2022-11-06T12:02:07.683+1300] {logging_mixin.py:120} INFO - [2022-11-06T12:02:07.683+1300] {dag.py:2585} INFO - Sync 1 DAGs
[2022-11-06T12:02:07.699+1300] {logging_mixin.py:120} INFO - [2022-11-06T12:02:07.699+1300] {dag.py:3336} INFO - Setting next_dagrun for latest_only to 2022-11-05T19:02:07.698883+00:00, run_after=2022-11-05T23:02:07.698883+00:00
[2022-11-06T12:02:07.726+1300] {processor.py:176} INFO - Processing /Users/hirenpatel/Documents/airflow_tutoral/py_env/lib/python3.8/site-packages/airflow/example_dags/example_latest_only.py took 0.273 seconds
