[2022-11-05T13:13:10.151+1300] {processor.py:154} INFO - Started process (PID=93793) to work on /Users/hirenpatel/Documents/airflow_tutoral/py_env/lib/python3.8/site-packages/airflow/example_dags/example_branch_operator.py
[2022-11-05T13:13:10.154+1300] {processor.py:756} INFO - Processing file /Users/hirenpatel/Documents/airflow_tutoral/py_env/lib/python3.8/site-packages/airflow/example_dags/example_branch_operator.py for tasks to queue
[2022-11-05T13:13:10.154+1300] {logging_mixin.py:120} INFO - [2022-11-05T13:13:10.154+1300] {dagbag.py:537} INFO - Filling up the DagBag from /Users/hirenpatel/Documents/airflow_tutoral/py_env/lib/python3.8/site-packages/airflow/example_dags/example_branch_operator.py
[2022-11-05T13:13:10.189+1300] {processor.py:766} INFO - DAG(s) dict_keys(['example_branch_operator']) retrieved from /Users/hirenpatel/Documents/airflow_tutoral/py_env/lib/python3.8/site-packages/airflow/example_dags/example_branch_operator.py
[2022-11-05T13:13:10.302+1300] {logging_mixin.py:120} INFO - [2022-11-05T13:13:10.302+1300] {dag.py:2585} INFO - Sync 1 DAGs
[2022-11-05T13:13:10.313+1300] {logging_mixin.py:120} INFO - [2022-11-05T13:13:10.313+1300] {dag.py:3336} INFO - Setting next_dagrun for example_branch_operator to 2022-11-04T00:00:00+00:00, run_after=2022-11-05T00:00:00+00:00
[2022-11-05T13:13:10.327+1300] {processor.py:176} INFO - Processing /Users/hirenpatel/Documents/airflow_tutoral/py_env/lib/python3.8/site-packages/airflow/example_dags/example_branch_operator.py took 0.177 seconds
[2022-11-05T13:16:15.144+1300] {processor.py:154} INFO - Started process (PID=94085) to work on /Users/hirenpatel/Documents/airflow_tutoral/py_env/lib/python3.8/site-packages/airflow/example_dags/example_branch_operator.py
[2022-11-05T13:16:15.148+1300] {processor.py:756} INFO - Processing file /Users/hirenpatel/Documents/airflow_tutoral/py_env/lib/python3.8/site-packages/airflow/example_dags/example_branch_operator.py for tasks to queue
[2022-11-05T13:16:15.148+1300] {logging_mixin.py:120} INFO - [2022-11-05T13:16:15.148+1300] {dagbag.py:537} INFO - Filling up the DagBag from /Users/hirenpatel/Documents/airflow_tutoral/py_env/lib/python3.8/site-packages/airflow/example_dags/example_branch_operator.py
[2022-11-05T13:16:15.182+1300] {processor.py:766} INFO - DAG(s) dict_keys(['example_branch_operator']) retrieved from /Users/hirenpatel/Documents/airflow_tutoral/py_env/lib/python3.8/site-packages/airflow/example_dags/example_branch_operator.py
[2022-11-05T13:16:15.298+1300] {logging_mixin.py:120} INFO - [2022-11-05T13:16:15.298+1300] {dag.py:2585} INFO - Sync 1 DAGs
[2022-11-05T13:17:01.756+1300] {logging_mixin.py:120} INFO - [2022-11-05T13:17:01.755+1300] {dag.py:3336} INFO - Setting next_dagrun for example_branch_operator to 2022-11-04T00:00:00+00:00, run_after=2022-11-05T00:00:00+00:00
[2022-11-05T13:17:01.904+1300] {processor.py:176} INFO - Processing /Users/hirenpatel/Documents/airflow_tutoral/py_env/lib/python3.8/site-packages/airflow/example_dags/example_branch_operator.py took 0.616 seconds
[2022-11-05T13:22:18.015+1300] {processor.py:154} INFO - Started process (PID=94397) to work on /Users/hirenpatel/Documents/airflow_tutoral/py_env/lib/python3.8/site-packages/airflow/example_dags/example_branch_operator.py
[2022-11-05T13:22:18.019+1300] {processor.py:756} INFO - Processing file /Users/hirenpatel/Documents/airflow_tutoral/py_env/lib/python3.8/site-packages/airflow/example_dags/example_branch_operator.py for tasks to queue
[2022-11-05T13:22:18.019+1300] {logging_mixin.py:120} INFO - [2022-11-05T13:22:18.019+1300] {dagbag.py:537} INFO - Filling up the DagBag from /Users/hirenpatel/Documents/airflow_tutoral/py_env/lib/python3.8/site-packages/airflow/example_dags/example_branch_operator.py
[2022-11-05T13:22:18.059+1300] {processor.py:766} INFO - DAG(s) dict_keys(['example_branch_operator']) retrieved from /Users/hirenpatel/Documents/airflow_tutoral/py_env/lib/python3.8/site-packages/airflow/example_dags/example_branch_operator.py
[2022-11-05T13:22:18.179+1300] {logging_mixin.py:120} INFO - [2022-11-05T13:22:18.179+1300] {dag.py:2585} INFO - Sync 1 DAGs
[2022-11-05T13:22:18.190+1300] {logging_mixin.py:120} INFO - [2022-11-05T13:22:18.190+1300] {dag.py:3336} INFO - Setting next_dagrun for example_branch_operator to 2022-11-04T00:00:00+00:00, run_after=2022-11-05T00:00:00+00:00
[2022-11-05T13:22:18.206+1300] {processor.py:176} INFO - Processing /Users/hirenpatel/Documents/airflow_tutoral/py_env/lib/python3.8/site-packages/airflow/example_dags/example_branch_operator.py took 0.192 seconds
[2022-11-05T13:25:23.719+1300] {processor.py:154} INFO - Started process (PID=94628) to work on /Users/hirenpatel/Documents/airflow_tutoral/py_env/lib/python3.8/site-packages/airflow/example_dags/example_branch_operator.py
[2022-11-05T13:25:23.723+1300] {processor.py:756} INFO - Processing file /Users/hirenpatel/Documents/airflow_tutoral/py_env/lib/python3.8/site-packages/airflow/example_dags/example_branch_operator.py for tasks to queue
[2022-11-05T13:25:23.723+1300] {logging_mixin.py:120} INFO - [2022-11-05T13:25:23.723+1300] {dagbag.py:537} INFO - Filling up the DagBag from /Users/hirenpatel/Documents/airflow_tutoral/py_env/lib/python3.8/site-packages/airflow/example_dags/example_branch_operator.py
[2022-11-05T13:25:23.756+1300] {processor.py:766} INFO - DAG(s) dict_keys(['example_branch_operator']) retrieved from /Users/hirenpatel/Documents/airflow_tutoral/py_env/lib/python3.8/site-packages/airflow/example_dags/example_branch_operator.py
[2022-11-05T13:25:23.870+1300] {logging_mixin.py:120} INFO - [2022-11-05T13:25:23.870+1300] {dag.py:2585} INFO - Sync 1 DAGs
[2022-11-05T13:25:23.880+1300] {logging_mixin.py:120} INFO - [2022-11-05T13:25:23.880+1300] {dag.py:3336} INFO - Setting next_dagrun for example_branch_operator to 2022-11-04T00:00:00+00:00, run_after=2022-11-05T00:00:00+00:00
[2022-11-05T13:25:23.909+1300] {processor.py:176} INFO - Processing /Users/hirenpatel/Documents/airflow_tutoral/py_env/lib/python3.8/site-packages/airflow/example_dags/example_branch_operator.py took 0.191 seconds
[2022-11-05T13:42:48.889+1300] {processor.py:154} INFO - Started process (PID=94866) to work on /Users/hirenpatel/Documents/airflow_tutoral/py_env/lib/python3.8/site-packages/airflow/example_dags/example_branch_operator.py
[2022-11-05T13:42:48.893+1300] {processor.py:756} INFO - Processing file /Users/hirenpatel/Documents/airflow_tutoral/py_env/lib/python3.8/site-packages/airflow/example_dags/example_branch_operator.py for tasks to queue
[2022-11-05T13:42:48.893+1300] {logging_mixin.py:120} INFO - [2022-11-05T13:42:48.893+1300] {dagbag.py:537} INFO - Filling up the DagBag from /Users/hirenpatel/Documents/airflow_tutoral/py_env/lib/python3.8/site-packages/airflow/example_dags/example_branch_operator.py
[2022-11-05T13:42:48.929+1300] {processor.py:766} INFO - DAG(s) dict_keys(['example_branch_operator']) retrieved from /Users/hirenpatel/Documents/airflow_tutoral/py_env/lib/python3.8/site-packages/airflow/example_dags/example_branch_operator.py
[2022-11-05T13:45:25.200+1300] {logging_mixin.py:120} INFO - [2022-11-05T13:45:25.200+1300] {dag.py:2585} INFO - Sync 1 DAGs
[2022-11-05T13:45:25.211+1300] {logging_mixin.py:120} INFO - [2022-11-05T13:45:25.211+1300] {dag.py:3336} INFO - Setting next_dagrun for example_branch_operator to 2022-11-04T00:00:00+00:00, run_after=2022-11-05T00:00:00+00:00
[2022-11-05T13:45:25.224+1300] {processor.py:176} INFO - Processing /Users/hirenpatel/Documents/airflow_tutoral/py_env/lib/python3.8/site-packages/airflow/example_dags/example_branch_operator.py took 0.483 seconds
[2022-11-05T14:05:32.967+1300] {processor.py:154} INFO - Started process (PID=95177) to work on /Users/hirenpatel/Documents/airflow_tutoral/py_env/lib/python3.8/site-packages/airflow/example_dags/example_branch_operator.py
[2022-11-05T14:05:32.973+1300] {processor.py:756} INFO - Processing file /Users/hirenpatel/Documents/airflow_tutoral/py_env/lib/python3.8/site-packages/airflow/example_dags/example_branch_operator.py for tasks to queue
[2022-11-05T14:05:32.973+1300] {logging_mixin.py:120} INFO - [2022-11-05T14:05:32.973+1300] {dagbag.py:537} INFO - Filling up the DagBag from /Users/hirenpatel/Documents/airflow_tutoral/py_env/lib/python3.8/site-packages/airflow/example_dags/example_branch_operator.py
[2022-11-05T14:05:33.043+1300] {processor.py:766} INFO - DAG(s) dict_keys(['example_branch_operator']) retrieved from /Users/hirenpatel/Documents/airflow_tutoral/py_env/lib/python3.8/site-packages/airflow/example_dags/example_branch_operator.py
[2022-11-05T14:05:33.243+1300] {logging_mixin.py:120} INFO - [2022-11-05T14:05:33.242+1300] {dag.py:2585} INFO - Sync 1 DAGs
[2022-11-05T14:05:33.258+1300] {logging_mixin.py:120} INFO - [2022-11-05T14:05:33.258+1300] {dag.py:3336} INFO - Setting next_dagrun for example_branch_operator to 2022-11-04T00:00:00+00:00, run_after=2022-11-05T00:00:00+00:00
[2022-11-05T14:05:33.281+1300] {processor.py:176} INFO - Processing /Users/hirenpatel/Documents/airflow_tutoral/py_env/lib/python3.8/site-packages/airflow/example_dags/example_branch_operator.py took 0.315 seconds
[2022-11-05T14:15:33.720+1300] {processor.py:154} INFO - Started process (PID=95522) to work on /Users/hirenpatel/Documents/airflow_tutoral/py_env/lib/python3.8/site-packages/airflow/example_dags/example_branch_operator.py
[2022-11-05T14:15:33.724+1300] {processor.py:756} INFO - Processing file /Users/hirenpatel/Documents/airflow_tutoral/py_env/lib/python3.8/site-packages/airflow/example_dags/example_branch_operator.py for tasks to queue
[2022-11-05T14:15:33.724+1300] {logging_mixin.py:120} INFO - [2022-11-05T14:15:33.724+1300] {dagbag.py:537} INFO - Filling up the DagBag from /Users/hirenpatel/Documents/airflow_tutoral/py_env/lib/python3.8/site-packages/airflow/example_dags/example_branch_operator.py
[2022-11-05T14:15:33.758+1300] {processor.py:766} INFO - DAG(s) dict_keys(['example_branch_operator']) retrieved from /Users/hirenpatel/Documents/airflow_tutoral/py_env/lib/python3.8/site-packages/airflow/example_dags/example_branch_operator.py
[2022-11-05T14:15:33.871+1300] {logging_mixin.py:120} INFO - [2022-11-05T14:15:33.871+1300] {dag.py:2585} INFO - Sync 1 DAGs
[2022-11-05T14:15:33.884+1300] {logging_mixin.py:120} INFO - [2022-11-05T14:15:33.884+1300] {dag.py:3336} INFO - Setting next_dagrun for example_branch_operator to 2022-11-04T00:00:00+00:00, run_after=2022-11-05T00:00:00+00:00
[2022-11-05T14:15:33.901+1300] {processor.py:176} INFO - Processing /Users/hirenpatel/Documents/airflow_tutoral/py_env/lib/python3.8/site-packages/airflow/example_dags/example_branch_operator.py took 0.181 seconds
[2022-11-05T14:33:03.216+1300] {processor.py:154} INFO - Started process (PID=95894) to work on /Users/hirenpatel/Documents/airflow_tutoral/py_env/lib/python3.8/site-packages/airflow/example_dags/example_branch_operator.py
[2022-11-05T14:33:03.221+1300] {processor.py:756} INFO - Processing file /Users/hirenpatel/Documents/airflow_tutoral/py_env/lib/python3.8/site-packages/airflow/example_dags/example_branch_operator.py for tasks to queue
[2022-11-05T14:33:03.223+1300] {logging_mixin.py:120} INFO - [2022-11-05T14:33:03.222+1300] {dagbag.py:537} INFO - Filling up the DagBag from /Users/hirenpatel/Documents/airflow_tutoral/py_env/lib/python3.8/site-packages/airflow/example_dags/example_branch_operator.py
[2022-11-05T14:33:03.266+1300] {processor.py:766} INFO - DAG(s) dict_keys(['example_branch_operator']) retrieved from /Users/hirenpatel/Documents/airflow_tutoral/py_env/lib/python3.8/site-packages/airflow/example_dags/example_branch_operator.py
[2022-11-05T14:33:03.387+1300] {logging_mixin.py:120} INFO - [2022-11-05T14:33:03.387+1300] {dag.py:2585} INFO - Sync 1 DAGs
[2022-11-05T14:33:03.399+1300] {logging_mixin.py:120} INFO - [2022-11-05T14:33:03.399+1300] {dag.py:3336} INFO - Setting next_dagrun for example_branch_operator to 2022-11-04T00:00:00+00:00, run_after=2022-11-05T00:00:00+00:00
[2022-11-05T14:33:03.413+1300] {processor.py:176} INFO - Processing /Users/hirenpatel/Documents/airflow_tutoral/py_env/lib/python3.8/site-packages/airflow/example_dags/example_branch_operator.py took 0.197 seconds
[2022-11-05T14:41:42.535+1300] {processor.py:154} INFO - Started process (PID=96146) to work on /Users/hirenpatel/Documents/airflow_tutoral/py_env/lib/python3.8/site-packages/airflow/example_dags/example_branch_operator.py
[2022-11-05T14:41:42.543+1300] {processor.py:756} INFO - Processing file /Users/hirenpatel/Documents/airflow_tutoral/py_env/lib/python3.8/site-packages/airflow/example_dags/example_branch_operator.py for tasks to queue
[2022-11-05T14:41:42.544+1300] {logging_mixin.py:120} INFO - [2022-11-05T14:41:42.543+1300] {dagbag.py:537} INFO - Filling up the DagBag from /Users/hirenpatel/Documents/airflow_tutoral/py_env/lib/python3.8/site-packages/airflow/example_dags/example_branch_operator.py
[2022-11-05T14:41:42.601+1300] {processor.py:766} INFO - DAG(s) dict_keys(['example_branch_operator']) retrieved from /Users/hirenpatel/Documents/airflow_tutoral/py_env/lib/python3.8/site-packages/airflow/example_dags/example_branch_operator.py
[2022-11-05T14:41:42.768+1300] {logging_mixin.py:120} INFO - [2022-11-05T14:41:42.768+1300] {dag.py:2585} INFO - Sync 1 DAGs
[2022-11-05T14:41:42.780+1300] {logging_mixin.py:120} INFO - [2022-11-05T14:41:42.780+1300] {dag.py:3336} INFO - Setting next_dagrun for example_branch_operator to 2022-11-04T00:00:00+00:00, run_after=2022-11-05T00:00:00+00:00
[2022-11-05T14:41:42.794+1300] {processor.py:176} INFO - Processing /Users/hirenpatel/Documents/airflow_tutoral/py_env/lib/python3.8/site-packages/airflow/example_dags/example_branch_operator.py took 0.259 seconds
[2022-11-05T14:48:04.524+1300] {processor.py:154} INFO - Started process (PID=96444) to work on /Users/hirenpatel/Documents/airflow_tutoral/py_env/lib/python3.8/site-packages/airflow/example_dags/example_branch_operator.py
[2022-11-05T14:48:04.527+1300] {processor.py:756} INFO - Processing file /Users/hirenpatel/Documents/airflow_tutoral/py_env/lib/python3.8/site-packages/airflow/example_dags/example_branch_operator.py for tasks to queue
[2022-11-05T14:48:04.527+1300] {logging_mixin.py:120} INFO - [2022-11-05T14:48:04.527+1300] {dagbag.py:537} INFO - Filling up the DagBag from /Users/hirenpatel/Documents/airflow_tutoral/py_env/lib/python3.8/site-packages/airflow/example_dags/example_branch_operator.py
[2022-11-05T14:48:04.558+1300] {processor.py:766} INFO - DAG(s) dict_keys(['example_branch_operator']) retrieved from /Users/hirenpatel/Documents/airflow_tutoral/py_env/lib/python3.8/site-packages/airflow/example_dags/example_branch_operator.py
[2022-11-05T14:48:04.666+1300] {logging_mixin.py:120} INFO - [2022-11-05T14:48:04.666+1300] {dag.py:2585} INFO - Sync 1 DAGs
[2022-11-05T14:48:04.678+1300] {logging_mixin.py:120} INFO - [2022-11-05T14:48:04.678+1300] {dag.py:3336} INFO - Setting next_dagrun for example_branch_operator to 2022-11-04T00:00:00+00:00, run_after=2022-11-05T00:00:00+00:00
[2022-11-05T14:48:04.691+1300] {processor.py:176} INFO - Processing /Users/hirenpatel/Documents/airflow_tutoral/py_env/lib/python3.8/site-packages/airflow/example_dags/example_branch_operator.py took 0.168 seconds
[2022-11-05T15:05:05.009+1300] {processor.py:154} INFO - Started process (PID=96775) to work on /Users/hirenpatel/Documents/airflow_tutoral/py_env/lib/python3.8/site-packages/airflow/example_dags/example_branch_operator.py
[2022-11-05T15:05:05.012+1300] {processor.py:756} INFO - Processing file /Users/hirenpatel/Documents/airflow_tutoral/py_env/lib/python3.8/site-packages/airflow/example_dags/example_branch_operator.py for tasks to queue
[2022-11-05T15:05:05.013+1300] {logging_mixin.py:120} INFO - [2022-11-05T15:05:05.013+1300] {dagbag.py:537} INFO - Filling up the DagBag from /Users/hirenpatel/Documents/airflow_tutoral/py_env/lib/python3.8/site-packages/airflow/example_dags/example_branch_operator.py
[2022-11-05T15:05:05.047+1300] {processor.py:766} INFO - DAG(s) dict_keys(['example_branch_operator']) retrieved from /Users/hirenpatel/Documents/airflow_tutoral/py_env/lib/python3.8/site-packages/airflow/example_dags/example_branch_operator.py
[2022-11-05T15:05:05.161+1300] {logging_mixin.py:120} INFO - [2022-11-05T15:05:05.161+1300] {dag.py:2585} INFO - Sync 1 DAGs
[2022-11-05T15:05:05.173+1300] {logging_mixin.py:120} INFO - [2022-11-05T15:05:05.172+1300] {dag.py:3336} INFO - Setting next_dagrun for example_branch_operator to 2022-11-04T00:00:00+00:00, run_after=2022-11-05T00:00:00+00:00
[2022-11-05T15:05:05.187+1300] {processor.py:176} INFO - Processing /Users/hirenpatel/Documents/airflow_tutoral/py_env/lib/python3.8/site-packages/airflow/example_dags/example_branch_operator.py took 0.179 seconds
[2022-11-05T15:19:20.028+1300] {processor.py:154} INFO - Started process (PID=97137) to work on /Users/hirenpatel/Documents/airflow_tutoral/py_env/lib/python3.8/site-packages/airflow/example_dags/example_branch_operator.py
[2022-11-05T15:19:20.032+1300] {processor.py:756} INFO - Processing file /Users/hirenpatel/Documents/airflow_tutoral/py_env/lib/python3.8/site-packages/airflow/example_dags/example_branch_operator.py for tasks to queue
[2022-11-05T15:19:20.033+1300] {logging_mixin.py:120} INFO - [2022-11-05T15:19:20.033+1300] {dagbag.py:537} INFO - Filling up the DagBag from /Users/hirenpatel/Documents/airflow_tutoral/py_env/lib/python3.8/site-packages/airflow/example_dags/example_branch_operator.py
[2022-11-05T15:19:20.100+1300] {processor.py:766} INFO - DAG(s) dict_keys(['example_branch_operator']) retrieved from /Users/hirenpatel/Documents/airflow_tutoral/py_env/lib/python3.8/site-packages/airflow/example_dags/example_branch_operator.py
[2022-11-05T15:19:20.285+1300] {logging_mixin.py:120} INFO - [2022-11-05T15:19:20.285+1300] {dag.py:2585} INFO - Sync 1 DAGs
[2022-11-05T15:19:20.311+1300] {logging_mixin.py:120} INFO - [2022-11-05T15:19:20.311+1300] {dag.py:3336} INFO - Setting next_dagrun for example_branch_operator to 2022-11-04T00:00:00+00:00, run_after=2022-11-05T00:00:00+00:00
[2022-11-05T15:19:20.336+1300] {processor.py:176} INFO - Processing /Users/hirenpatel/Documents/airflow_tutoral/py_env/lib/python3.8/site-packages/airflow/example_dags/example_branch_operator.py took 0.309 seconds
[2022-11-05T15:35:51.767+1300] {processor.py:154} INFO - Started process (PID=97454) to work on /Users/hirenpatel/Documents/airflow_tutoral/py_env/lib/python3.8/site-packages/airflow/example_dags/example_branch_operator.py
[2022-11-05T15:35:51.771+1300] {processor.py:756} INFO - Processing file /Users/hirenpatel/Documents/airflow_tutoral/py_env/lib/python3.8/site-packages/airflow/example_dags/example_branch_operator.py for tasks to queue
[2022-11-05T15:35:51.771+1300] {logging_mixin.py:120} INFO - [2022-11-05T15:35:51.771+1300] {dagbag.py:537} INFO - Filling up the DagBag from /Users/hirenpatel/Documents/airflow_tutoral/py_env/lib/python3.8/site-packages/airflow/example_dags/example_branch_operator.py
[2022-11-05T15:35:51.825+1300] {processor.py:766} INFO - DAG(s) dict_keys(['example_branch_operator']) retrieved from /Users/hirenpatel/Documents/airflow_tutoral/py_env/lib/python3.8/site-packages/airflow/example_dags/example_branch_operator.py
[2022-11-05T15:35:52.013+1300] {logging_mixin.py:120} INFO - [2022-11-05T15:35:52.013+1300] {dag.py:2585} INFO - Sync 1 DAGs
[2022-11-05T15:35:52.039+1300] {logging_mixin.py:120} INFO - [2022-11-05T15:35:52.039+1300] {dag.py:3336} INFO - Setting next_dagrun for example_branch_operator to 2022-11-04T00:00:00+00:00, run_after=2022-11-05T00:00:00+00:00
[2022-11-05T15:35:52.063+1300] {processor.py:176} INFO - Processing /Users/hirenpatel/Documents/airflow_tutoral/py_env/lib/python3.8/site-packages/airflow/example_dags/example_branch_operator.py took 0.297 seconds
[2022-11-05T15:52:18.412+1300] {processor.py:154} INFO - Started process (PID=97675) to work on /Users/hirenpatel/Documents/airflow_tutoral/py_env/lib/python3.8/site-packages/airflow/example_dags/example_branch_operator.py
[2022-11-05T15:52:18.416+1300] {processor.py:756} INFO - Processing file /Users/hirenpatel/Documents/airflow_tutoral/py_env/lib/python3.8/site-packages/airflow/example_dags/example_branch_operator.py for tasks to queue
[2022-11-05T15:52:18.416+1300] {logging_mixin.py:120} INFO - [2022-11-05T15:52:18.416+1300] {dagbag.py:537} INFO - Filling up the DagBag from /Users/hirenpatel/Documents/airflow_tutoral/py_env/lib/python3.8/site-packages/airflow/example_dags/example_branch_operator.py
[2022-11-05T15:52:18.447+1300] {processor.py:766} INFO - DAG(s) dict_keys(['example_branch_operator']) retrieved from /Users/hirenpatel/Documents/airflow_tutoral/py_env/lib/python3.8/site-packages/airflow/example_dags/example_branch_operator.py
[2022-11-05T15:52:18.557+1300] {logging_mixin.py:120} INFO - [2022-11-05T15:52:18.557+1300] {dag.py:2585} INFO - Sync 1 DAGs
[2022-11-05T15:52:18.568+1300] {logging_mixin.py:120} INFO - [2022-11-05T15:52:18.568+1300] {dag.py:3336} INFO - Setting next_dagrun for example_branch_operator to 2022-11-04T00:00:00+00:00, run_after=2022-11-05T00:00:00+00:00
[2022-11-05T15:52:18.611+1300] {processor.py:176} INFO - Processing /Users/hirenpatel/Documents/airflow_tutoral/py_env/lib/python3.8/site-packages/airflow/example_dags/example_branch_operator.py took 0.200 seconds
[2022-11-05T15:57:47.897+1300] {processor.py:154} INFO - Started process (PID=97931) to work on /Users/hirenpatel/Documents/airflow_tutoral/py_env/lib/python3.8/site-packages/airflow/example_dags/example_branch_operator.py
[2022-11-05T15:57:47.901+1300] {processor.py:756} INFO - Processing file /Users/hirenpatel/Documents/airflow_tutoral/py_env/lib/python3.8/site-packages/airflow/example_dags/example_branch_operator.py for tasks to queue
[2022-11-05T15:57:47.901+1300] {logging_mixin.py:120} INFO - [2022-11-05T15:57:47.901+1300] {dagbag.py:537} INFO - Filling up the DagBag from /Users/hirenpatel/Documents/airflow_tutoral/py_env/lib/python3.8/site-packages/airflow/example_dags/example_branch_operator.py
[2022-11-05T15:57:47.933+1300] {processor.py:766} INFO - DAG(s) dict_keys(['example_branch_operator']) retrieved from /Users/hirenpatel/Documents/airflow_tutoral/py_env/lib/python3.8/site-packages/airflow/example_dags/example_branch_operator.py
[2022-11-05T15:57:48.047+1300] {logging_mixin.py:120} INFO - [2022-11-05T15:57:48.046+1300] {dag.py:2585} INFO - Sync 1 DAGs
[2022-11-05T15:57:48.058+1300] {logging_mixin.py:120} INFO - [2022-11-05T15:57:48.057+1300] {dag.py:3336} INFO - Setting next_dagrun for example_branch_operator to 2022-11-04T00:00:00+00:00, run_after=2022-11-05T00:00:00+00:00
[2022-11-05T15:57:48.071+1300] {processor.py:176} INFO - Processing /Users/hirenpatel/Documents/airflow_tutoral/py_env/lib/python3.8/site-packages/airflow/example_dags/example_branch_operator.py took 0.175 seconds
[2022-11-05T16:09:22.088+1300] {processor.py:154} INFO - Started process (PID=98189) to work on /Users/hirenpatel/Documents/airflow_tutoral/py_env/lib/python3.8/site-packages/airflow/example_dags/example_branch_operator.py
[2022-11-05T16:09:22.091+1300] {processor.py:756} INFO - Processing file /Users/hirenpatel/Documents/airflow_tutoral/py_env/lib/python3.8/site-packages/airflow/example_dags/example_branch_operator.py for tasks to queue
[2022-11-05T16:09:22.092+1300] {logging_mixin.py:120} INFO - [2022-11-05T16:09:22.092+1300] {dagbag.py:537} INFO - Filling up the DagBag from /Users/hirenpatel/Documents/airflow_tutoral/py_env/lib/python3.8/site-packages/airflow/example_dags/example_branch_operator.py
[2022-11-05T16:09:22.122+1300] {processor.py:766} INFO - DAG(s) dict_keys(['example_branch_operator']) retrieved from /Users/hirenpatel/Documents/airflow_tutoral/py_env/lib/python3.8/site-packages/airflow/example_dags/example_branch_operator.py
[2022-11-05T16:09:22.226+1300] {logging_mixin.py:120} INFO - [2022-11-05T16:09:22.226+1300] {dag.py:2585} INFO - Sync 1 DAGs
[2022-11-05T16:09:22.237+1300] {logging_mixin.py:120} INFO - [2022-11-05T16:09:22.237+1300] {dag.py:3336} INFO - Setting next_dagrun for example_branch_operator to 2022-11-04T00:00:00+00:00, run_after=2022-11-05T00:00:00+00:00
[2022-11-05T16:09:22.250+1300] {processor.py:176} INFO - Processing /Users/hirenpatel/Documents/airflow_tutoral/py_env/lib/python3.8/site-packages/airflow/example_dags/example_branch_operator.py took 0.163 seconds
[2022-11-05T17:25:27.104+1300] {processor.py:154} INFO - Started process (PID=98605) to work on /Users/hirenpatel/Documents/airflow_tutoral/py_env/lib/python3.8/site-packages/airflow/example_dags/example_branch_operator.py
[2022-11-05T17:25:27.110+1300] {processor.py:756} INFO - Processing file /Users/hirenpatel/Documents/airflow_tutoral/py_env/lib/python3.8/site-packages/airflow/example_dags/example_branch_operator.py for tasks to queue
[2022-11-05T17:25:27.111+1300] {logging_mixin.py:120} INFO - [2022-11-05T17:25:27.111+1300] {dagbag.py:537} INFO - Filling up the DagBag from /Users/hirenpatel/Documents/airflow_tutoral/py_env/lib/python3.8/site-packages/airflow/example_dags/example_branch_operator.py
[2022-11-05T17:25:27.174+1300] {processor.py:766} INFO - DAG(s) dict_keys(['example_branch_operator']) retrieved from /Users/hirenpatel/Documents/airflow_tutoral/py_env/lib/python3.8/site-packages/airflow/example_dags/example_branch_operator.py
[2022-11-05T17:25:27.403+1300] {logging_mixin.py:120} INFO - [2022-11-05T17:25:27.403+1300] {dag.py:2585} INFO - Sync 1 DAGs
[2022-11-05T17:25:27.419+1300] {logging_mixin.py:120} INFO - [2022-11-05T17:25:27.419+1300] {dag.py:3336} INFO - Setting next_dagrun for example_branch_operator to 2022-11-04T00:00:00+00:00, run_after=2022-11-05T00:00:00+00:00
[2022-11-05T17:25:27.442+1300] {processor.py:176} INFO - Processing /Users/hirenpatel/Documents/airflow_tutoral/py_env/lib/python3.8/site-packages/airflow/example_dags/example_branch_operator.py took 0.339 seconds
[2022-11-05T17:57:03.533+1300] {processor.py:154} INFO - Started process (PID=99026) to work on /Users/hirenpatel/Documents/airflow_tutoral/py_env/lib/python3.8/site-packages/airflow/example_dags/example_branch_operator.py
[2022-11-05T17:57:03.537+1300] {processor.py:756} INFO - Processing file /Users/hirenpatel/Documents/airflow_tutoral/py_env/lib/python3.8/site-packages/airflow/example_dags/example_branch_operator.py for tasks to queue
[2022-11-05T17:57:03.537+1300] {logging_mixin.py:120} INFO - [2022-11-05T17:57:03.537+1300] {dagbag.py:537} INFO - Filling up the DagBag from /Users/hirenpatel/Documents/airflow_tutoral/py_env/lib/python3.8/site-packages/airflow/example_dags/example_branch_operator.py
[2022-11-05T17:57:03.570+1300] {processor.py:766} INFO - DAG(s) dict_keys(['example_branch_operator']) retrieved from /Users/hirenpatel/Documents/airflow_tutoral/py_env/lib/python3.8/site-packages/airflow/example_dags/example_branch_operator.py
[2022-11-05T17:57:03.683+1300] {logging_mixin.py:120} INFO - [2022-11-05T17:57:03.683+1300] {dag.py:2585} INFO - Sync 1 DAGs
[2022-11-05T17:57:03.693+1300] {logging_mixin.py:120} INFO - [2022-11-05T17:57:03.693+1300] {dag.py:3336} INFO - Setting next_dagrun for example_branch_operator to 2022-11-04T00:00:00+00:00, run_after=2022-11-05T00:00:00+00:00
[2022-11-05T17:57:03.708+1300] {processor.py:176} INFO - Processing /Users/hirenpatel/Documents/airflow_tutoral/py_env/lib/python3.8/site-packages/airflow/example_dags/example_branch_operator.py took 0.175 seconds
[2022-11-05T18:01:53.848+1300] {processor.py:154} INFO - Started process (PID=99271) to work on /Users/hirenpatel/Documents/airflow_tutoral/py_env/lib/python3.8/site-packages/airflow/example_dags/example_branch_operator.py
[2022-11-05T18:01:53.852+1300] {processor.py:756} INFO - Processing file /Users/hirenpatel/Documents/airflow_tutoral/py_env/lib/python3.8/site-packages/airflow/example_dags/example_branch_operator.py for tasks to queue
[2022-11-05T18:01:53.852+1300] {logging_mixin.py:120} INFO - [2022-11-05T18:01:53.852+1300] {dagbag.py:537} INFO - Filling up the DagBag from /Users/hirenpatel/Documents/airflow_tutoral/py_env/lib/python3.8/site-packages/airflow/example_dags/example_branch_operator.py
[2022-11-05T18:01:53.904+1300] {processor.py:766} INFO - DAG(s) dict_keys(['example_branch_operator']) retrieved from /Users/hirenpatel/Documents/airflow_tutoral/py_env/lib/python3.8/site-packages/airflow/example_dags/example_branch_operator.py
[2022-11-05T18:01:54.028+1300] {logging_mixin.py:120} INFO - [2022-11-05T18:01:54.028+1300] {dag.py:2585} INFO - Sync 1 DAGs
[2022-11-05T18:01:54.040+1300] {logging_mixin.py:120} INFO - [2022-11-05T18:01:54.040+1300] {dag.py:3336} INFO - Setting next_dagrun for example_branch_operator to 2022-11-04T00:00:00+00:00, run_after=2022-11-05T00:00:00+00:00
[2022-11-05T18:01:54.068+1300] {processor.py:176} INFO - Processing /Users/hirenpatel/Documents/airflow_tutoral/py_env/lib/python3.8/site-packages/airflow/example_dags/example_branch_operator.py took 0.220 seconds
[2022-11-05T18:13:04.699+1300] {processor.py:154} INFO - Started process (PID=494) to work on /Users/hirenpatel/Documents/airflow_tutoral/py_env/lib/python3.8/site-packages/airflow/example_dags/example_branch_operator.py
[2022-11-05T18:13:04.703+1300] {processor.py:756} INFO - Processing file /Users/hirenpatel/Documents/airflow_tutoral/py_env/lib/python3.8/site-packages/airflow/example_dags/example_branch_operator.py for tasks to queue
[2022-11-05T18:13:04.703+1300] {logging_mixin.py:120} INFO - [2022-11-05T18:13:04.703+1300] {dagbag.py:537} INFO - Filling up the DagBag from /Users/hirenpatel/Documents/airflow_tutoral/py_env/lib/python3.8/site-packages/airflow/example_dags/example_branch_operator.py
[2022-11-05T18:13:04.737+1300] {processor.py:766} INFO - DAG(s) dict_keys(['example_branch_operator']) retrieved from /Users/hirenpatel/Documents/airflow_tutoral/py_env/lib/python3.8/site-packages/airflow/example_dags/example_branch_operator.py
[2022-11-05T18:13:04.848+1300] {logging_mixin.py:120} INFO - [2022-11-05T18:13:04.848+1300] {dag.py:2585} INFO - Sync 1 DAGs
[2022-11-05T18:13:04.859+1300] {logging_mixin.py:120} INFO - [2022-11-05T18:13:04.859+1300] {dag.py:3336} INFO - Setting next_dagrun for example_branch_operator to 2022-11-04T00:00:00+00:00, run_after=2022-11-05T00:00:00+00:00
[2022-11-05T18:13:04.873+1300] {processor.py:176} INFO - Processing /Users/hirenpatel/Documents/airflow_tutoral/py_env/lib/python3.8/site-packages/airflow/example_dags/example_branch_operator.py took 0.175 seconds
[2022-11-05T18:16:18.412+1300] {processor.py:154} INFO - Started process (PID=768) to work on /Users/hirenpatel/Documents/airflow_tutoral/py_env/lib/python3.8/site-packages/airflow/example_dags/example_branch_operator.py
[2022-11-05T18:16:18.416+1300] {processor.py:756} INFO - Processing file /Users/hirenpatel/Documents/airflow_tutoral/py_env/lib/python3.8/site-packages/airflow/example_dags/example_branch_operator.py for tasks to queue
[2022-11-05T18:16:18.417+1300] {logging_mixin.py:120} INFO - [2022-11-05T18:16:18.417+1300] {dagbag.py:537} INFO - Filling up the DagBag from /Users/hirenpatel/Documents/airflow_tutoral/py_env/lib/python3.8/site-packages/airflow/example_dags/example_branch_operator.py
[2022-11-05T18:16:18.451+1300] {processor.py:766} INFO - DAG(s) dict_keys(['example_branch_operator']) retrieved from /Users/hirenpatel/Documents/airflow_tutoral/py_env/lib/python3.8/site-packages/airflow/example_dags/example_branch_operator.py
[2022-11-05T18:16:18.569+1300] {logging_mixin.py:120} INFO - [2022-11-05T18:16:18.569+1300] {dag.py:2585} INFO - Sync 1 DAGs
[2022-11-05T18:16:18.580+1300] {logging_mixin.py:120} INFO - [2022-11-05T18:16:18.580+1300] {dag.py:3336} INFO - Setting next_dagrun for example_branch_operator to 2022-11-04T00:00:00+00:00, run_after=2022-11-05T00:00:00+00:00
[2022-11-05T18:16:18.594+1300] {processor.py:176} INFO - Processing /Users/hirenpatel/Documents/airflow_tutoral/py_env/lib/python3.8/site-packages/airflow/example_dags/example_branch_operator.py took 0.182 seconds
[2022-11-05T18:19:04.643+1300] {processor.py:154} INFO - Started process (PID=1024) to work on /Users/hirenpatel/Documents/airflow_tutoral/py_env/lib/python3.8/site-packages/airflow/example_dags/example_branch_operator.py
[2022-11-05T18:19:04.647+1300] {processor.py:756} INFO - Processing file /Users/hirenpatel/Documents/airflow_tutoral/py_env/lib/python3.8/site-packages/airflow/example_dags/example_branch_operator.py for tasks to queue
[2022-11-05T18:19:04.647+1300] {logging_mixin.py:120} INFO - [2022-11-05T18:19:04.647+1300] {dagbag.py:537} INFO - Filling up the DagBag from /Users/hirenpatel/Documents/airflow_tutoral/py_env/lib/python3.8/site-packages/airflow/example_dags/example_branch_operator.py
[2022-11-05T18:19:04.682+1300] {processor.py:766} INFO - DAG(s) dict_keys(['example_branch_operator']) retrieved from /Users/hirenpatel/Documents/airflow_tutoral/py_env/lib/python3.8/site-packages/airflow/example_dags/example_branch_operator.py
[2022-11-05T18:19:15.151+1300] {logging_mixin.py:120} INFO - [2022-11-05T18:19:15.150+1300] {dag.py:2585} INFO - Sync 1 DAGs
[2022-11-05T18:19:15.169+1300] {logging_mixin.py:120} INFO - [2022-11-05T18:19:15.169+1300] {dag.py:3336} INFO - Setting next_dagrun for example_branch_operator to 2022-11-04T00:00:00+00:00, run_after=2022-11-05T00:00:00+00:00
[2022-11-05T18:19:15.220+1300] {processor.py:176} INFO - Processing /Users/hirenpatel/Documents/airflow_tutoral/py_env/lib/python3.8/site-packages/airflow/example_dags/example_branch_operator.py took 0.486 seconds
[2022-11-05T18:41:33.009+1300] {processor.py:154} INFO - Started process (PID=1341) to work on /Users/hirenpatel/Documents/airflow_tutoral/py_env/lib/python3.8/site-packages/airflow/example_dags/example_branch_operator.py
[2022-11-05T18:41:33.013+1300] {processor.py:756} INFO - Processing file /Users/hirenpatel/Documents/airflow_tutoral/py_env/lib/python3.8/site-packages/airflow/example_dags/example_branch_operator.py for tasks to queue
[2022-11-05T18:41:33.014+1300] {logging_mixin.py:120} INFO - [2022-11-05T18:41:33.014+1300] {dagbag.py:537} INFO - Filling up the DagBag from /Users/hirenpatel/Documents/airflow_tutoral/py_env/lib/python3.8/site-packages/airflow/example_dags/example_branch_operator.py
[2022-11-05T18:41:33.048+1300] {processor.py:766} INFO - DAG(s) dict_keys(['example_branch_operator']) retrieved from /Users/hirenpatel/Documents/airflow_tutoral/py_env/lib/python3.8/site-packages/airflow/example_dags/example_branch_operator.py
[2022-11-05T18:41:33.166+1300] {logging_mixin.py:120} INFO - [2022-11-05T18:41:33.166+1300] {dag.py:2585} INFO - Sync 1 DAGs
[2022-11-05T18:41:33.178+1300] {logging_mixin.py:120} INFO - [2022-11-05T18:41:33.178+1300] {dag.py:3336} INFO - Setting next_dagrun for example_branch_operator to 2022-11-04T00:00:00+00:00, run_after=2022-11-05T00:00:00+00:00
[2022-11-05T18:41:33.192+1300] {processor.py:176} INFO - Processing /Users/hirenpatel/Documents/airflow_tutoral/py_env/lib/python3.8/site-packages/airflow/example_dags/example_branch_operator.py took 0.183 seconds
[2022-11-05T18:53:27.629+1300] {processor.py:154} INFO - Started process (PID=1647) to work on /Users/hirenpatel/Documents/airflow_tutoral/py_env/lib/python3.8/site-packages/airflow/example_dags/example_branch_operator.py
[2022-11-05T18:53:27.633+1300] {processor.py:756} INFO - Processing file /Users/hirenpatel/Documents/airflow_tutoral/py_env/lib/python3.8/site-packages/airflow/example_dags/example_branch_operator.py for tasks to queue
[2022-11-05T18:53:27.633+1300] {logging_mixin.py:120} INFO - [2022-11-05T18:53:27.633+1300] {dagbag.py:537} INFO - Filling up the DagBag from /Users/hirenpatel/Documents/airflow_tutoral/py_env/lib/python3.8/site-packages/airflow/example_dags/example_branch_operator.py
[2022-11-05T18:53:27.666+1300] {processor.py:766} INFO - DAG(s) dict_keys(['example_branch_operator']) retrieved from /Users/hirenpatel/Documents/airflow_tutoral/py_env/lib/python3.8/site-packages/airflow/example_dags/example_branch_operator.py
[2022-11-05T18:53:27.778+1300] {logging_mixin.py:120} INFO - [2022-11-05T18:53:27.778+1300] {dag.py:2585} INFO - Sync 1 DAGs
[2022-11-05T18:53:27.789+1300] {logging_mixin.py:120} INFO - [2022-11-05T18:53:27.789+1300] {dag.py:3336} INFO - Setting next_dagrun for example_branch_operator to 2022-11-04T00:00:00+00:00, run_after=2022-11-05T00:00:00+00:00
[2022-11-05T18:53:27.804+1300] {processor.py:176} INFO - Processing /Users/hirenpatel/Documents/airflow_tutoral/py_env/lib/python3.8/site-packages/airflow/example_dags/example_branch_operator.py took 0.176 seconds
[2022-11-05T18:56:46.580+1300] {processor.py:154} INFO - Started process (PID=1943) to work on /Users/hirenpatel/Documents/airflow_tutoral/py_env/lib/python3.8/site-packages/airflow/example_dags/example_branch_operator.py
[2022-11-05T18:56:46.584+1300] {processor.py:756} INFO - Processing file /Users/hirenpatel/Documents/airflow_tutoral/py_env/lib/python3.8/site-packages/airflow/example_dags/example_branch_operator.py for tasks to queue
[2022-11-05T18:56:46.584+1300] {logging_mixin.py:120} INFO - [2022-11-05T18:56:46.584+1300] {dagbag.py:537} INFO - Filling up the DagBag from /Users/hirenpatel/Documents/airflow_tutoral/py_env/lib/python3.8/site-packages/airflow/example_dags/example_branch_operator.py
[2022-11-05T18:56:46.619+1300] {processor.py:766} INFO - DAG(s) dict_keys(['example_branch_operator']) retrieved from /Users/hirenpatel/Documents/airflow_tutoral/py_env/lib/python3.8/site-packages/airflow/example_dags/example_branch_operator.py
[2022-11-05T18:56:46.730+1300] {logging_mixin.py:120} INFO - [2022-11-05T18:56:46.730+1300] {dag.py:2585} INFO - Sync 1 DAGs
[2022-11-05T18:56:46.741+1300] {logging_mixin.py:120} INFO - [2022-11-05T18:56:46.741+1300] {dag.py:3336} INFO - Setting next_dagrun for example_branch_operator to 2022-11-04T00:00:00+00:00, run_after=2022-11-05T00:00:00+00:00
[2022-11-05T18:56:46.754+1300] {processor.py:176} INFO - Processing /Users/hirenpatel/Documents/airflow_tutoral/py_env/lib/python3.8/site-packages/airflow/example_dags/example_branch_operator.py took 0.175 seconds
[2022-11-05T19:02:28.261+1300] {processor.py:154} INFO - Started process (PID=2202) to work on /Users/hirenpatel/Documents/airflow_tutoral/py_env/lib/python3.8/site-packages/airflow/example_dags/example_branch_operator.py
[2022-11-05T19:02:28.266+1300] {processor.py:756} INFO - Processing file /Users/hirenpatel/Documents/airflow_tutoral/py_env/lib/python3.8/site-packages/airflow/example_dags/example_branch_operator.py for tasks to queue
[2022-11-05T19:02:28.266+1300] {logging_mixin.py:120} INFO - [2022-11-05T19:02:28.266+1300] {dagbag.py:537} INFO - Filling up the DagBag from /Users/hirenpatel/Documents/airflow_tutoral/py_env/lib/python3.8/site-packages/airflow/example_dags/example_branch_operator.py
[2022-11-05T19:02:28.308+1300] {processor.py:766} INFO - DAG(s) dict_keys(['example_branch_operator']) retrieved from /Users/hirenpatel/Documents/airflow_tutoral/py_env/lib/python3.8/site-packages/airflow/example_dags/example_branch_operator.py
[2022-11-05T19:02:28.419+1300] {logging_mixin.py:120} INFO - [2022-11-05T19:02:28.419+1300] {dag.py:2585} INFO - Sync 1 DAGs
[2022-11-05T19:02:28.430+1300] {logging_mixin.py:120} INFO - [2022-11-05T19:02:28.430+1300] {dag.py:3336} INFO - Setting next_dagrun for example_branch_operator to 2022-11-04T00:00:00+00:00, run_after=2022-11-05T00:00:00+00:00
[2022-11-05T19:02:28.444+1300] {processor.py:176} INFO - Processing /Users/hirenpatel/Documents/airflow_tutoral/py_env/lib/python3.8/site-packages/airflow/example_dags/example_branch_operator.py took 0.183 seconds
[2022-11-05T19:05:28.660+1300] {processor.py:154} INFO - Started process (PID=2375) to work on /Users/hirenpatel/Documents/airflow_tutoral/py_env/lib/python3.8/site-packages/airflow/example_dags/example_branch_operator.py
[2022-11-05T19:05:28.665+1300] {processor.py:756} INFO - Processing file /Users/hirenpatel/Documents/airflow_tutoral/py_env/lib/python3.8/site-packages/airflow/example_dags/example_branch_operator.py for tasks to queue
[2022-11-05T19:05:28.665+1300] {logging_mixin.py:120} INFO - [2022-11-05T19:05:28.665+1300] {dagbag.py:537} INFO - Filling up the DagBag from /Users/hirenpatel/Documents/airflow_tutoral/py_env/lib/python3.8/site-packages/airflow/example_dags/example_branch_operator.py
[2022-11-05T19:05:28.701+1300] {processor.py:766} INFO - DAG(s) dict_keys(['example_branch_operator']) retrieved from /Users/hirenpatel/Documents/airflow_tutoral/py_env/lib/python3.8/site-packages/airflow/example_dags/example_branch_operator.py
[2022-11-05T19:05:28.825+1300] {logging_mixin.py:120} INFO - [2022-11-05T19:05:28.825+1300] {dag.py:2585} INFO - Sync 1 DAGs
[2022-11-05T19:05:28.837+1300] {logging_mixin.py:120} INFO - [2022-11-05T19:05:28.837+1300] {dag.py:3336} INFO - Setting next_dagrun for example_branch_operator to 2022-11-04T00:00:00+00:00, run_after=2022-11-05T00:00:00+00:00
[2022-11-05T19:05:28.851+1300] {processor.py:176} INFO - Processing /Users/hirenpatel/Documents/airflow_tutoral/py_env/lib/python3.8/site-packages/airflow/example_dags/example_branch_operator.py took 0.191 seconds
[2022-11-05T19:15:25.177+1300] {processor.py:154} INFO - Started process (PID=2647) to work on /Users/hirenpatel/Documents/airflow_tutoral/py_env/lib/python3.8/site-packages/airflow/example_dags/example_branch_operator.py
[2022-11-05T19:15:25.181+1300] {processor.py:756} INFO - Processing file /Users/hirenpatel/Documents/airflow_tutoral/py_env/lib/python3.8/site-packages/airflow/example_dags/example_branch_operator.py for tasks to queue
[2022-11-05T19:15:25.182+1300] {logging_mixin.py:120} INFO - [2022-11-05T19:15:25.182+1300] {dagbag.py:537} INFO - Filling up the DagBag from /Users/hirenpatel/Documents/airflow_tutoral/py_env/lib/python3.8/site-packages/airflow/example_dags/example_branch_operator.py
[2022-11-05T19:15:25.214+1300] {processor.py:766} INFO - DAG(s) dict_keys(['example_branch_operator']) retrieved from /Users/hirenpatel/Documents/airflow_tutoral/py_env/lib/python3.8/site-packages/airflow/example_dags/example_branch_operator.py
[2022-11-05T19:15:25.330+1300] {logging_mixin.py:120} INFO - [2022-11-05T19:15:25.329+1300] {dag.py:2585} INFO - Sync 1 DAGs
[2022-11-05T19:15:25.342+1300] {logging_mixin.py:120} INFO - [2022-11-05T19:15:25.342+1300] {dag.py:3336} INFO - Setting next_dagrun for example_branch_operator to 2022-11-04T00:00:00+00:00, run_after=2022-11-05T00:00:00+00:00
[2022-11-05T19:15:25.356+1300] {processor.py:176} INFO - Processing /Users/hirenpatel/Documents/airflow_tutoral/py_env/lib/python3.8/site-packages/airflow/example_dags/example_branch_operator.py took 0.179 seconds
[2022-11-05T19:22:47.556+1300] {processor.py:154} INFO - Started process (PID=2886) to work on /Users/hirenpatel/Documents/airflow_tutoral/py_env/lib/python3.8/site-packages/airflow/example_dags/example_branch_operator.py
[2022-11-05T19:22:47.560+1300] {processor.py:756} INFO - Processing file /Users/hirenpatel/Documents/airflow_tutoral/py_env/lib/python3.8/site-packages/airflow/example_dags/example_branch_operator.py for tasks to queue
[2022-11-05T19:22:47.561+1300] {logging_mixin.py:120} INFO - [2022-11-05T19:22:47.561+1300] {dagbag.py:537} INFO - Filling up the DagBag from /Users/hirenpatel/Documents/airflow_tutoral/py_env/lib/python3.8/site-packages/airflow/example_dags/example_branch_operator.py
[2022-11-05T19:22:47.596+1300] {processor.py:766} INFO - DAG(s) dict_keys(['example_branch_operator']) retrieved from /Users/hirenpatel/Documents/airflow_tutoral/py_env/lib/python3.8/site-packages/airflow/example_dags/example_branch_operator.py
[2022-11-05T19:22:47.739+1300] {logging_mixin.py:120} INFO - [2022-11-05T19:22:47.739+1300] {dag.py:2585} INFO - Sync 1 DAGs
[2022-11-05T19:22:47.752+1300] {logging_mixin.py:120} INFO - [2022-11-05T19:22:47.752+1300] {dag.py:3336} INFO - Setting next_dagrun for example_branch_operator to 2022-11-04T00:00:00+00:00, run_after=2022-11-05T00:00:00+00:00
[2022-11-05T19:22:47.768+1300] {processor.py:176} INFO - Processing /Users/hirenpatel/Documents/airflow_tutoral/py_env/lib/python3.8/site-packages/airflow/example_dags/example_branch_operator.py took 0.212 seconds
[2022-11-05T19:41:54.418+1300] {processor.py:154} INFO - Started process (PID=3212) to work on /Users/hirenpatel/Documents/airflow_tutoral/py_env/lib/python3.8/site-packages/airflow/example_dags/example_branch_operator.py
[2022-11-05T19:41:54.423+1300] {processor.py:756} INFO - Processing file /Users/hirenpatel/Documents/airflow_tutoral/py_env/lib/python3.8/site-packages/airflow/example_dags/example_branch_operator.py for tasks to queue
[2022-11-05T19:41:54.423+1300] {logging_mixin.py:120} INFO - [2022-11-05T19:41:54.423+1300] {dagbag.py:537} INFO - Filling up the DagBag from /Users/hirenpatel/Documents/airflow_tutoral/py_env/lib/python3.8/site-packages/airflow/example_dags/example_branch_operator.py
[2022-11-05T19:41:54.455+1300] {processor.py:766} INFO - DAG(s) dict_keys(['example_branch_operator']) retrieved from /Users/hirenpatel/Documents/airflow_tutoral/py_env/lib/python3.8/site-packages/airflow/example_dags/example_branch_operator.py
[2022-11-05T19:41:54.566+1300] {logging_mixin.py:120} INFO - [2022-11-05T19:41:54.566+1300] {dag.py:2585} INFO - Sync 1 DAGs
[2022-11-05T19:41:54.578+1300] {logging_mixin.py:120} INFO - [2022-11-05T19:41:54.578+1300] {dag.py:3336} INFO - Setting next_dagrun for example_branch_operator to 2022-11-04T00:00:00+00:00, run_after=2022-11-05T00:00:00+00:00
[2022-11-05T19:41:54.591+1300] {processor.py:176} INFO - Processing /Users/hirenpatel/Documents/airflow_tutoral/py_env/lib/python3.8/site-packages/airflow/example_dags/example_branch_operator.py took 0.173 seconds
[2022-11-05T19:55:26.692+1300] {processor.py:154} INFO - Started process (PID=3415) to work on /Users/hirenpatel/Documents/airflow_tutoral/py_env/lib/python3.8/site-packages/airflow/example_dags/example_branch_operator.py
[2022-11-05T19:55:26.696+1300] {processor.py:756} INFO - Processing file /Users/hirenpatel/Documents/airflow_tutoral/py_env/lib/python3.8/site-packages/airflow/example_dags/example_branch_operator.py for tasks to queue
[2022-11-05T19:55:26.696+1300] {logging_mixin.py:120} INFO - [2022-11-05T19:55:26.696+1300] {dagbag.py:537} INFO - Filling up the DagBag from /Users/hirenpatel/Documents/airflow_tutoral/py_env/lib/python3.8/site-packages/airflow/example_dags/example_branch_operator.py
[2022-11-05T19:55:26.727+1300] {processor.py:766} INFO - DAG(s) dict_keys(['example_branch_operator']) retrieved from /Users/hirenpatel/Documents/airflow_tutoral/py_env/lib/python3.8/site-packages/airflow/example_dags/example_branch_operator.py
[2022-11-05T19:55:26.836+1300] {logging_mixin.py:120} INFO - [2022-11-05T19:55:26.836+1300] {dag.py:2585} INFO - Sync 1 DAGs
[2022-11-05T19:55:26.847+1300] {logging_mixin.py:120} INFO - [2022-11-05T19:55:26.847+1300] {dag.py:3336} INFO - Setting next_dagrun for example_branch_operator to 2022-11-04T00:00:00+00:00, run_after=2022-11-05T00:00:00+00:00
[2022-11-05T19:55:26.860+1300] {processor.py:176} INFO - Processing /Users/hirenpatel/Documents/airflow_tutoral/py_env/lib/python3.8/site-packages/airflow/example_dags/example_branch_operator.py took 0.168 seconds
[2022-11-05T19:58:57.197+1300] {processor.py:154} INFO - Started process (PID=3638) to work on /Users/hirenpatel/Documents/airflow_tutoral/py_env/lib/python3.8/site-packages/airflow/example_dags/example_branch_operator.py
[2022-11-05T19:58:57.203+1300] {processor.py:756} INFO - Processing file /Users/hirenpatel/Documents/airflow_tutoral/py_env/lib/python3.8/site-packages/airflow/example_dags/example_branch_operator.py for tasks to queue
[2022-11-05T19:58:57.203+1300] {logging_mixin.py:120} INFO - [2022-11-05T19:58:57.203+1300] {dagbag.py:537} INFO - Filling up the DagBag from /Users/hirenpatel/Documents/airflow_tutoral/py_env/lib/python3.8/site-packages/airflow/example_dags/example_branch_operator.py
[2022-11-05T19:58:57.266+1300] {processor.py:766} INFO - DAG(s) dict_keys(['example_branch_operator']) retrieved from /Users/hirenpatel/Documents/airflow_tutoral/py_env/lib/python3.8/site-packages/airflow/example_dags/example_branch_operator.py
[2022-11-05T19:58:57.437+1300] {logging_mixin.py:120} INFO - [2022-11-05T19:58:57.437+1300] {dag.py:2585} INFO - Sync 1 DAGs
[2022-11-05T19:58:57.449+1300] {logging_mixin.py:120} INFO - [2022-11-05T19:58:57.449+1300] {dag.py:3336} INFO - Setting next_dagrun for example_branch_operator to 2022-11-04T00:00:00+00:00, run_after=2022-11-05T00:00:00+00:00
[2022-11-05T19:58:57.464+1300] {processor.py:176} INFO - Processing /Users/hirenpatel/Documents/airflow_tutoral/py_env/lib/python3.8/site-packages/airflow/example_dags/example_branch_operator.py took 0.267 seconds
[2022-11-05T20:18:17.173+1300] {processor.py:154} INFO - Started process (PID=3942) to work on /Users/hirenpatel/Documents/airflow_tutoral/py_env/lib/python3.8/site-packages/airflow/example_dags/example_branch_operator.py
[2022-11-05T20:18:17.177+1300] {processor.py:756} INFO - Processing file /Users/hirenpatel/Documents/airflow_tutoral/py_env/lib/python3.8/site-packages/airflow/example_dags/example_branch_operator.py for tasks to queue
[2022-11-05T20:18:17.177+1300] {logging_mixin.py:120} INFO - [2022-11-05T20:18:17.177+1300] {dagbag.py:537} INFO - Filling up the DagBag from /Users/hirenpatel/Documents/airflow_tutoral/py_env/lib/python3.8/site-packages/airflow/example_dags/example_branch_operator.py
[2022-11-05T20:18:17.211+1300] {processor.py:766} INFO - DAG(s) dict_keys(['example_branch_operator']) retrieved from /Users/hirenpatel/Documents/airflow_tutoral/py_env/lib/python3.8/site-packages/airflow/example_dags/example_branch_operator.py
[2022-11-05T20:18:17.325+1300] {logging_mixin.py:120} INFO - [2022-11-05T20:18:17.325+1300] {dag.py:2585} INFO - Sync 1 DAGs
[2022-11-05T20:18:17.337+1300] {logging_mixin.py:120} INFO - [2022-11-05T20:18:17.337+1300] {dag.py:3336} INFO - Setting next_dagrun for example_branch_operator to 2022-11-04T00:00:00+00:00, run_after=2022-11-05T00:00:00+00:00
[2022-11-05T20:18:17.350+1300] {processor.py:176} INFO - Processing /Users/hirenpatel/Documents/airflow_tutoral/py_env/lib/python3.8/site-packages/airflow/example_dags/example_branch_operator.py took 0.178 seconds
[2022-11-05T20:45:25.049+1300] {processor.py:154} INFO - Started process (PID=4274) to work on /Users/hirenpatel/Documents/airflow_tutoral/py_env/lib/python3.8/site-packages/airflow/example_dags/example_branch_operator.py
[2022-11-05T20:45:25.053+1300] {processor.py:756} INFO - Processing file /Users/hirenpatel/Documents/airflow_tutoral/py_env/lib/python3.8/site-packages/airflow/example_dags/example_branch_operator.py for tasks to queue
[2022-11-05T20:45:25.053+1300] {logging_mixin.py:120} INFO - [2022-11-05T20:45:25.053+1300] {dagbag.py:537} INFO - Filling up the DagBag from /Users/hirenpatel/Documents/airflow_tutoral/py_env/lib/python3.8/site-packages/airflow/example_dags/example_branch_operator.py
[2022-11-05T20:45:25.089+1300] {processor.py:766} INFO - DAG(s) dict_keys(['example_branch_operator']) retrieved from /Users/hirenpatel/Documents/airflow_tutoral/py_env/lib/python3.8/site-packages/airflow/example_dags/example_branch_operator.py
[2022-11-05T20:45:25.210+1300] {logging_mixin.py:120} INFO - [2022-11-05T20:45:25.210+1300] {dag.py:2585} INFO - Sync 1 DAGs
[2022-11-05T20:45:25.222+1300] {logging_mixin.py:120} INFO - [2022-11-05T20:45:25.222+1300] {dag.py:3336} INFO - Setting next_dagrun for example_branch_operator to 2022-11-04T00:00:00+00:00, run_after=2022-11-05T00:00:00+00:00
[2022-11-05T20:45:25.235+1300] {processor.py:176} INFO - Processing /Users/hirenpatel/Documents/airflow_tutoral/py_env/lib/python3.8/site-packages/airflow/example_dags/example_branch_operator.py took 0.187 seconds
[2022-11-05T21:02:42.836+1300] {processor.py:154} INFO - Started process (PID=4461) to work on /Users/hirenpatel/Documents/airflow_tutoral/py_env/lib/python3.8/site-packages/airflow/example_dags/example_branch_operator.py
[2022-11-05T21:02:42.841+1300] {processor.py:756} INFO - Processing file /Users/hirenpatel/Documents/airflow_tutoral/py_env/lib/python3.8/site-packages/airflow/example_dags/example_branch_operator.py for tasks to queue
[2022-11-05T21:02:42.841+1300] {logging_mixin.py:120} INFO - [2022-11-05T21:02:42.841+1300] {dagbag.py:537} INFO - Filling up the DagBag from /Users/hirenpatel/Documents/airflow_tutoral/py_env/lib/python3.8/site-packages/airflow/example_dags/example_branch_operator.py
[2022-11-05T21:02:42.873+1300] {processor.py:766} INFO - DAG(s) dict_keys(['example_branch_operator']) retrieved from /Users/hirenpatel/Documents/airflow_tutoral/py_env/lib/python3.8/site-packages/airflow/example_dags/example_branch_operator.py
[2022-11-05T21:02:42.987+1300] {logging_mixin.py:120} INFO - [2022-11-05T21:02:42.987+1300] {dag.py:2585} INFO - Sync 1 DAGs
[2022-11-05T21:02:42.998+1300] {logging_mixin.py:120} INFO - [2022-11-05T21:02:42.998+1300] {dag.py:3336} INFO - Setting next_dagrun for example_branch_operator to 2022-11-04T00:00:00+00:00, run_after=2022-11-05T00:00:00+00:00
[2022-11-05T21:02:43.012+1300] {processor.py:176} INFO - Processing /Users/hirenpatel/Documents/airflow_tutoral/py_env/lib/python3.8/site-packages/airflow/example_dags/example_branch_operator.py took 0.176 seconds
[2022-11-05T21:43:32.726+1300] {processor.py:154} INFO - Started process (PID=4694) to work on /Users/hirenpatel/Documents/airflow_tutoral/py_env/lib/python3.8/site-packages/airflow/example_dags/example_branch_operator.py
[2022-11-05T21:43:32.730+1300] {processor.py:756} INFO - Processing file /Users/hirenpatel/Documents/airflow_tutoral/py_env/lib/python3.8/site-packages/airflow/example_dags/example_branch_operator.py for tasks to queue
[2022-11-05T21:43:32.731+1300] {logging_mixin.py:120} INFO - [2022-11-05T21:43:32.731+1300] {dagbag.py:537} INFO - Filling up the DagBag from /Users/hirenpatel/Documents/airflow_tutoral/py_env/lib/python3.8/site-packages/airflow/example_dags/example_branch_operator.py
[2022-11-05T21:43:32.767+1300] {processor.py:766} INFO - DAG(s) dict_keys(['example_branch_operator']) retrieved from /Users/hirenpatel/Documents/airflow_tutoral/py_env/lib/python3.8/site-packages/airflow/example_dags/example_branch_operator.py
[2022-11-05T21:43:32.926+1300] {logging_mixin.py:120} INFO - [2022-11-05T21:43:32.925+1300] {dag.py:2585} INFO - Sync 1 DAGs
[2022-11-05T21:43:32.939+1300] {logging_mixin.py:120} INFO - [2022-11-05T21:43:32.938+1300] {dag.py:3336} INFO - Setting next_dagrun for example_branch_operator to 2022-11-04T00:00:00+00:00, run_after=2022-11-05T00:00:00+00:00
[2022-11-05T21:43:32.958+1300] {processor.py:176} INFO - Processing /Users/hirenpatel/Documents/airflow_tutoral/py_env/lib/python3.8/site-packages/airflow/example_dags/example_branch_operator.py took 0.232 seconds
[2022-11-05T22:46:07.898+1300] {processor.py:154} INFO - Started process (PID=4937) to work on /Users/hirenpatel/Documents/airflow_tutoral/py_env/lib/python3.8/site-packages/airflow/example_dags/example_branch_operator.py
[2022-11-05T22:46:07.902+1300] {processor.py:756} INFO - Processing file /Users/hirenpatel/Documents/airflow_tutoral/py_env/lib/python3.8/site-packages/airflow/example_dags/example_branch_operator.py for tasks to queue
[2022-11-05T22:46:07.902+1300] {logging_mixin.py:120} INFO - [2022-11-05T22:46:07.902+1300] {dagbag.py:537} INFO - Filling up the DagBag from /Users/hirenpatel/Documents/airflow_tutoral/py_env/lib/python3.8/site-packages/airflow/example_dags/example_branch_operator.py
[2022-11-05T22:46:07.936+1300] {processor.py:766} INFO - DAG(s) dict_keys(['example_branch_operator']) retrieved from /Users/hirenpatel/Documents/airflow_tutoral/py_env/lib/python3.8/site-packages/airflow/example_dags/example_branch_operator.py
[2022-11-05T22:46:08.048+1300] {logging_mixin.py:120} INFO - [2022-11-05T22:46:08.048+1300] {dag.py:2585} INFO - Sync 1 DAGs
[2022-11-05T22:46:08.059+1300] {logging_mixin.py:120} INFO - [2022-11-05T22:46:08.059+1300] {dag.py:3336} INFO - Setting next_dagrun for example_branch_operator to 2022-11-04T00:00:00+00:00, run_after=2022-11-05T00:00:00+00:00
[2022-11-05T22:46:08.074+1300] {processor.py:176} INFO - Processing /Users/hirenpatel/Documents/airflow_tutoral/py_env/lib/python3.8/site-packages/airflow/example_dags/example_branch_operator.py took 0.177 seconds
[2022-11-05T23:14:47.130+1300] {processor.py:154} INFO - Started process (PID=5260) to work on /Users/hirenpatel/Documents/airflow_tutoral/py_env/lib/python3.8/site-packages/airflow/example_dags/example_branch_operator.py
[2022-11-05T23:14:47.134+1300] {processor.py:756} INFO - Processing file /Users/hirenpatel/Documents/airflow_tutoral/py_env/lib/python3.8/site-packages/airflow/example_dags/example_branch_operator.py for tasks to queue
[2022-11-05T23:14:47.135+1300] {logging_mixin.py:120} INFO - [2022-11-05T23:14:47.135+1300] {dagbag.py:537} INFO - Filling up the DagBag from /Users/hirenpatel/Documents/airflow_tutoral/py_env/lib/python3.8/site-packages/airflow/example_dags/example_branch_operator.py
[2022-11-05T23:14:47.168+1300] {processor.py:766} INFO - DAG(s) dict_keys(['example_branch_operator']) retrieved from /Users/hirenpatel/Documents/airflow_tutoral/py_env/lib/python3.8/site-packages/airflow/example_dags/example_branch_operator.py
[2022-11-05T23:14:47.281+1300] {logging_mixin.py:120} INFO - [2022-11-05T23:14:47.281+1300] {dag.py:2585} INFO - Sync 1 DAGs
[2022-11-05T23:14:47.292+1300] {logging_mixin.py:120} INFO - [2022-11-05T23:14:47.292+1300] {dag.py:3336} INFO - Setting next_dagrun for example_branch_operator to 2022-11-04T00:00:00+00:00, run_after=2022-11-05T00:00:00+00:00
[2022-11-05T23:14:47.305+1300] {processor.py:176} INFO - Processing /Users/hirenpatel/Documents/airflow_tutoral/py_env/lib/python3.8/site-packages/airflow/example_dags/example_branch_operator.py took 0.175 seconds
[2022-11-05T23:41:12.205+1300] {processor.py:154} INFO - Started process (PID=5569) to work on /Users/hirenpatel/Documents/airflow_tutoral/py_env/lib/python3.8/site-packages/airflow/example_dags/example_branch_operator.py
[2022-11-05T23:41:12.210+1300] {processor.py:756} INFO - Processing file /Users/hirenpatel/Documents/airflow_tutoral/py_env/lib/python3.8/site-packages/airflow/example_dags/example_branch_operator.py for tasks to queue
[2022-11-05T23:41:12.210+1300] {logging_mixin.py:120} INFO - [2022-11-05T23:41:12.210+1300] {dagbag.py:537} INFO - Filling up the DagBag from /Users/hirenpatel/Documents/airflow_tutoral/py_env/lib/python3.8/site-packages/airflow/example_dags/example_branch_operator.py
[2022-11-05T23:41:12.244+1300] {processor.py:766} INFO - DAG(s) dict_keys(['example_branch_operator']) retrieved from /Users/hirenpatel/Documents/airflow_tutoral/py_env/lib/python3.8/site-packages/airflow/example_dags/example_branch_operator.py
[2022-11-05T23:41:12.356+1300] {logging_mixin.py:120} INFO - [2022-11-05T23:41:12.356+1300] {dag.py:2585} INFO - Sync 1 DAGs
[2022-11-05T23:41:12.368+1300] {logging_mixin.py:120} INFO - [2022-11-05T23:41:12.368+1300] {dag.py:3336} INFO - Setting next_dagrun for example_branch_operator to 2022-11-04T00:00:00+00:00, run_after=2022-11-05T00:00:00+00:00
[2022-11-05T23:41:12.384+1300] {processor.py:176} INFO - Processing /Users/hirenpatel/Documents/airflow_tutoral/py_env/lib/python3.8/site-packages/airflow/example_dags/example_branch_operator.py took 0.179 seconds
[2022-11-06T00:51:48.263+1300] {processor.py:154} INFO - Started process (PID=5861) to work on /Users/hirenpatel/Documents/airflow_tutoral/py_env/lib/python3.8/site-packages/airflow/example_dags/example_branch_operator.py
[2022-11-06T00:51:48.267+1300] {processor.py:756} INFO - Processing file /Users/hirenpatel/Documents/airflow_tutoral/py_env/lib/python3.8/site-packages/airflow/example_dags/example_branch_operator.py for tasks to queue
[2022-11-06T00:51:48.268+1300] {logging_mixin.py:120} INFO - [2022-11-06T00:51:48.268+1300] {dagbag.py:537} INFO - Filling up the DagBag from /Users/hirenpatel/Documents/airflow_tutoral/py_env/lib/python3.8/site-packages/airflow/example_dags/example_branch_operator.py
[2022-11-06T00:51:48.312+1300] {processor.py:766} INFO - DAG(s) dict_keys(['example_branch_operator']) retrieved from /Users/hirenpatel/Documents/airflow_tutoral/py_env/lib/python3.8/site-packages/airflow/example_dags/example_branch_operator.py
[2022-11-06T00:51:48.487+1300] {logging_mixin.py:120} INFO - [2022-11-06T00:51:48.486+1300] {dag.py:2585} INFO - Sync 1 DAGs
[2022-11-06T00:51:48.503+1300] {logging_mixin.py:120} INFO - [2022-11-06T00:51:48.503+1300] {dag.py:3336} INFO - Setting next_dagrun for example_branch_operator to 2022-11-04T00:00:00+00:00, run_after=2022-11-05T00:00:00+00:00
[2022-11-06T00:51:48.528+1300] {processor.py:176} INFO - Processing /Users/hirenpatel/Documents/airflow_tutoral/py_env/lib/python3.8/site-packages/airflow/example_dags/example_branch_operator.py took 0.265 seconds
[2022-11-06T03:26:54.956+1300] {processor.py:154} INFO - Started process (PID=6310) to work on /Users/hirenpatel/Documents/airflow_tutoral/py_env/lib/python3.8/site-packages/airflow/example_dags/example_branch_operator.py
[2022-11-06T03:26:54.960+1300] {processor.py:756} INFO - Processing file /Users/hirenpatel/Documents/airflow_tutoral/py_env/lib/python3.8/site-packages/airflow/example_dags/example_branch_operator.py for tasks to queue
[2022-11-06T03:26:54.961+1300] {logging_mixin.py:120} INFO - [2022-11-06T03:26:54.961+1300] {dagbag.py:537} INFO - Filling up the DagBag from /Users/hirenpatel/Documents/airflow_tutoral/py_env/lib/python3.8/site-packages/airflow/example_dags/example_branch_operator.py
[2022-11-06T03:26:54.994+1300] {processor.py:766} INFO - DAG(s) dict_keys(['example_branch_operator']) retrieved from /Users/hirenpatel/Documents/airflow_tutoral/py_env/lib/python3.8/site-packages/airflow/example_dags/example_branch_operator.py
[2022-11-06T03:26:55.123+1300] {logging_mixin.py:120} INFO - [2022-11-06T03:26:55.123+1300] {dag.py:2585} INFO - Sync 1 DAGs
[2022-11-06T03:26:55.135+1300] {logging_mixin.py:120} INFO - [2022-11-06T03:26:55.135+1300] {dag.py:3336} INFO - Setting next_dagrun for example_branch_operator to 2022-11-04T00:00:00+00:00, run_after=2022-11-05T00:00:00+00:00
[2022-11-06T03:26:55.148+1300] {processor.py:176} INFO - Processing /Users/hirenpatel/Documents/airflow_tutoral/py_env/lib/python3.8/site-packages/airflow/example_dags/example_branch_operator.py took 0.193 seconds
[2022-11-06T06:25:57.407+1300] {processor.py:154} INFO - Started process (PID=6893) to work on /Users/hirenpatel/Documents/airflow_tutoral/py_env/lib/python3.8/site-packages/airflow/example_dags/example_branch_operator.py
[2022-11-06T06:25:57.412+1300] {processor.py:756} INFO - Processing file /Users/hirenpatel/Documents/airflow_tutoral/py_env/lib/python3.8/site-packages/airflow/example_dags/example_branch_operator.py for tasks to queue
[2022-11-06T06:25:57.412+1300] {logging_mixin.py:120} INFO - [2022-11-06T06:25:57.412+1300] {dagbag.py:537} INFO - Filling up the DagBag from /Users/hirenpatel/Documents/airflow_tutoral/py_env/lib/python3.8/site-packages/airflow/example_dags/example_branch_operator.py
[2022-11-06T06:25:57.453+1300] {processor.py:766} INFO - DAG(s) dict_keys(['example_branch_operator']) retrieved from /Users/hirenpatel/Documents/airflow_tutoral/py_env/lib/python3.8/site-packages/airflow/example_dags/example_branch_operator.py
[2022-11-06T06:25:57.625+1300] {logging_mixin.py:120} INFO - [2022-11-06T06:25:57.625+1300] {dag.py:2585} INFO - Sync 1 DAGs
[2022-11-06T06:25:57.643+1300] {logging_mixin.py:120} INFO - [2022-11-06T06:25:57.643+1300] {dag.py:3336} INFO - Setting next_dagrun for example_branch_operator to 2022-11-04T00:00:00+00:00, run_after=2022-11-05T00:00:00+00:00
[2022-11-06T06:25:57.668+1300] {processor.py:176} INFO - Processing /Users/hirenpatel/Documents/airflow_tutoral/py_env/lib/python3.8/site-packages/airflow/example_dags/example_branch_operator.py took 0.261 seconds
[2022-11-06T08:33:03.184+1300] {processor.py:154} INFO - Started process (PID=7370) to work on /Users/hirenpatel/Documents/airflow_tutoral/py_env/lib/python3.8/site-packages/airflow/example_dags/example_branch_operator.py
[2022-11-06T08:33:03.189+1300] {processor.py:756} INFO - Processing file /Users/hirenpatel/Documents/airflow_tutoral/py_env/lib/python3.8/site-packages/airflow/example_dags/example_branch_operator.py for tasks to queue
[2022-11-06T08:33:03.189+1300] {logging_mixin.py:120} INFO - [2022-11-06T08:33:03.189+1300] {dagbag.py:537} INFO - Filling up the DagBag from /Users/hirenpatel/Documents/airflow_tutoral/py_env/lib/python3.8/site-packages/airflow/example_dags/example_branch_operator.py
[2022-11-06T08:33:03.220+1300] {processor.py:766} INFO - DAG(s) dict_keys(['example_branch_operator']) retrieved from /Users/hirenpatel/Documents/airflow_tutoral/py_env/lib/python3.8/site-packages/airflow/example_dags/example_branch_operator.py
[2022-11-06T08:33:03.327+1300] {logging_mixin.py:120} INFO - [2022-11-06T08:33:03.327+1300] {dag.py:2585} INFO - Sync 1 DAGs
[2022-11-06T08:33:03.338+1300] {logging_mixin.py:120} INFO - [2022-11-06T08:33:03.338+1300] {dag.py:3336} INFO - Setting next_dagrun for example_branch_operator to 2022-11-04T00:00:00+00:00, run_after=2022-11-05T00:00:00+00:00
[2022-11-06T08:33:03.352+1300] {processor.py:176} INFO - Processing /Users/hirenpatel/Documents/airflow_tutoral/py_env/lib/python3.8/site-packages/airflow/example_dags/example_branch_operator.py took 0.168 seconds
[2022-11-06T09:44:47.106+1300] {processor.py:154} INFO - Started process (PID=7615) to work on /Users/hirenpatel/Documents/airflow_tutoral/py_env/lib/python3.8/site-packages/airflow/example_dags/example_branch_operator.py
[2022-11-06T09:44:47.110+1300] {processor.py:756} INFO - Processing file /Users/hirenpatel/Documents/airflow_tutoral/py_env/lib/python3.8/site-packages/airflow/example_dags/example_branch_operator.py for tasks to queue
[2022-11-06T09:44:47.111+1300] {logging_mixin.py:120} INFO - [2022-11-06T09:44:47.111+1300] {dagbag.py:537} INFO - Filling up the DagBag from /Users/hirenpatel/Documents/airflow_tutoral/py_env/lib/python3.8/site-packages/airflow/example_dags/example_branch_operator.py
[2022-11-06T09:44:47.142+1300] {processor.py:766} INFO - DAG(s) dict_keys(['example_branch_operator']) retrieved from /Users/hirenpatel/Documents/airflow_tutoral/py_env/lib/python3.8/site-packages/airflow/example_dags/example_branch_operator.py
[2022-11-06T09:44:47.253+1300] {logging_mixin.py:120} INFO - [2022-11-06T09:44:47.253+1300] {dag.py:2585} INFO - Sync 1 DAGs
[2022-11-06T09:44:47.266+1300] {logging_mixin.py:120} INFO - [2022-11-06T09:44:47.265+1300] {dag.py:3336} INFO - Setting next_dagrun for example_branch_operator to 2022-11-04T00:00:00+00:00, run_after=2022-11-05T00:00:00+00:00
[2022-11-06T09:44:47.279+1300] {processor.py:176} INFO - Processing /Users/hirenpatel/Documents/airflow_tutoral/py_env/lib/python3.8/site-packages/airflow/example_dags/example_branch_operator.py took 0.173 seconds
[2022-11-06T10:13:09.148+1300] {processor.py:154} INFO - Started process (PID=7992) to work on /Users/hirenpatel/Documents/airflow_tutoral/py_env/lib/python3.8/site-packages/airflow/example_dags/example_branch_operator.py
[2022-11-06T10:13:09.152+1300] {processor.py:756} INFO - Processing file /Users/hirenpatel/Documents/airflow_tutoral/py_env/lib/python3.8/site-packages/airflow/example_dags/example_branch_operator.py for tasks to queue
[2022-11-06T10:13:09.152+1300] {logging_mixin.py:120} INFO - [2022-11-06T10:13:09.152+1300] {dagbag.py:537} INFO - Filling up the DagBag from /Users/hirenpatel/Documents/airflow_tutoral/py_env/lib/python3.8/site-packages/airflow/example_dags/example_branch_operator.py
[2022-11-06T10:13:09.185+1300] {processor.py:766} INFO - DAG(s) dict_keys(['example_branch_operator']) retrieved from /Users/hirenpatel/Documents/airflow_tutoral/py_env/lib/python3.8/site-packages/airflow/example_dags/example_branch_operator.py
[2022-11-06T10:13:09.311+1300] {logging_mixin.py:120} INFO - [2022-11-06T10:13:09.311+1300] {dag.py:2585} INFO - Sync 1 DAGs
[2022-11-06T10:13:09.324+1300] {logging_mixin.py:120} INFO - [2022-11-06T10:13:09.324+1300] {dag.py:3336} INFO - Setting next_dagrun for example_branch_operator to 2022-11-04T00:00:00+00:00, run_after=2022-11-05T00:00:00+00:00
[2022-11-06T10:13:09.355+1300] {processor.py:176} INFO - Processing /Users/hirenpatel/Documents/airflow_tutoral/py_env/lib/python3.8/site-packages/airflow/example_dags/example_branch_operator.py took 0.207 seconds
[2022-11-06T11:06:02.339+1300] {processor.py:154} INFO - Started process (PID=8343) to work on /Users/hirenpatel/Documents/airflow_tutoral/py_env/lib/python3.8/site-packages/airflow/example_dags/example_branch_operator.py
[2022-11-06T11:06:02.346+1300] {processor.py:756} INFO - Processing file /Users/hirenpatel/Documents/airflow_tutoral/py_env/lib/python3.8/site-packages/airflow/example_dags/example_branch_operator.py for tasks to queue
[2022-11-06T11:06:02.346+1300] {logging_mixin.py:120} INFO - [2022-11-06T11:06:02.346+1300] {dagbag.py:537} INFO - Filling up the DagBag from /Users/hirenpatel/Documents/airflow_tutoral/py_env/lib/python3.8/site-packages/airflow/example_dags/example_branch_operator.py
[2022-11-06T11:06:02.404+1300] {processor.py:766} INFO - DAG(s) dict_keys(['example_branch_operator']) retrieved from /Users/hirenpatel/Documents/airflow_tutoral/py_env/lib/python3.8/site-packages/airflow/example_dags/example_branch_operator.py
[2022-11-06T11:06:02.602+1300] {logging_mixin.py:120} INFO - [2022-11-06T11:06:02.602+1300] {dag.py:2585} INFO - Sync 1 DAGs
[2022-11-06T11:06:02.623+1300] {logging_mixin.py:120} INFO - [2022-11-06T11:06:02.622+1300] {dag.py:3336} INFO - Setting next_dagrun for example_branch_operator to 2022-11-04T00:00:00+00:00, run_after=2022-11-05T00:00:00+00:00
[2022-11-06T11:06:02.644+1300] {processor.py:176} INFO - Processing /Users/hirenpatel/Documents/airflow_tutoral/py_env/lib/python3.8/site-packages/airflow/example_dags/example_branch_operator.py took 0.306 seconds
[2022-11-06T11:29:23.531+1300] {processor.py:154} INFO - Started process (PID=8542) to work on /Users/hirenpatel/Documents/airflow_tutoral/py_env/lib/python3.8/site-packages/airflow/example_dags/example_branch_operator.py
[2022-11-06T11:29:23.540+1300] {processor.py:756} INFO - Processing file /Users/hirenpatel/Documents/airflow_tutoral/py_env/lib/python3.8/site-packages/airflow/example_dags/example_branch_operator.py for tasks to queue
[2022-11-06T11:29:23.541+1300] {logging_mixin.py:120} INFO - [2022-11-06T11:29:23.541+1300] {dagbag.py:537} INFO - Filling up the DagBag from /Users/hirenpatel/Documents/airflow_tutoral/py_env/lib/python3.8/site-packages/airflow/example_dags/example_branch_operator.py
[2022-11-06T11:29:23.631+1300] {processor.py:766} INFO - DAG(s) dict_keys(['example_branch_operator']) retrieved from /Users/hirenpatel/Documents/airflow_tutoral/py_env/lib/python3.8/site-packages/airflow/example_dags/example_branch_operator.py
[2022-11-06T11:29:23.906+1300] {logging_mixin.py:120} INFO - [2022-11-06T11:29:23.906+1300] {dag.py:2585} INFO - Sync 1 DAGs
[2022-11-06T11:29:23.930+1300] {logging_mixin.py:120} INFO - [2022-11-06T11:29:23.929+1300] {dag.py:3336} INFO - Setting next_dagrun for example_branch_operator to 2022-11-04T00:00:00+00:00, run_after=2022-11-05T00:00:00+00:00
[2022-11-06T11:29:23.958+1300] {processor.py:176} INFO - Processing /Users/hirenpatel/Documents/airflow_tutoral/py_env/lib/python3.8/site-packages/airflow/example_dags/example_branch_operator.py took 0.429 seconds
