[2022-11-05T13:14:46.983+1300] {processor.py:154} INFO - Started process (PID=93930) to work on /Users/hirenpatel/Documents/airflow_tutoral/py_env/lib/python3.8/site-packages/airflow/example_dags/example_bash_operator.py
[2022-11-05T13:14:46.987+1300] {processor.py:756} INFO - Processing file /Users/hirenpatel/Documents/airflow_tutoral/py_env/lib/python3.8/site-packages/airflow/example_dags/example_bash_operator.py for tasks to queue
[2022-11-05T13:14:46.987+1300] {logging_mixin.py:120} INFO - [2022-11-05T13:14:46.987+1300] {dagbag.py:537} INFO - Filling up the DagBag from /Users/hirenpatel/Documents/airflow_tutoral/py_env/lib/python3.8/site-packages/airflow/example_dags/example_bash_operator.py
[2022-11-05T13:14:47.041+1300] {processor.py:766} INFO - DAG(s) dict_keys(['example_bash_operator']) retrieved from /Users/hirenpatel/Documents/airflow_tutoral/py_env/lib/python3.8/site-packages/airflow/example_dags/example_bash_operator.py
[2022-11-05T13:14:47.151+1300] {logging_mixin.py:120} INFO - [2022-11-05T13:14:47.151+1300] {dag.py:2585} INFO - Sync 1 DAGs
[2022-11-05T13:14:47.163+1300] {logging_mixin.py:120} INFO - [2022-11-05T13:14:47.163+1300] {dag.py:3336} INFO - Setting next_dagrun for example_bash_operator to 2022-11-04T00:00:00+00:00, run_after=2022-11-05T00:00:00+00:00
[2022-11-05T13:14:47.177+1300] {processor.py:176} INFO - Processing /Users/hirenpatel/Documents/airflow_tutoral/py_env/lib/python3.8/site-packages/airflow/example_dags/example_bash_operator.py took 0.194 seconds
[2022-11-05T13:20:03.030+1300] {processor.py:154} INFO - Started process (PID=94264) to work on /Users/hirenpatel/Documents/airflow_tutoral/py_env/lib/python3.8/site-packages/airflow/example_dags/example_bash_operator.py
[2022-11-05T13:20:03.034+1300] {processor.py:756} INFO - Processing file /Users/hirenpatel/Documents/airflow_tutoral/py_env/lib/python3.8/site-packages/airflow/example_dags/example_bash_operator.py for tasks to queue
[2022-11-05T13:20:03.035+1300] {logging_mixin.py:120} INFO - [2022-11-05T13:20:03.034+1300] {dagbag.py:537} INFO - Filling up the DagBag from /Users/hirenpatel/Documents/airflow_tutoral/py_env/lib/python3.8/site-packages/airflow/example_dags/example_bash_operator.py
[2022-11-05T13:20:03.104+1300] {processor.py:766} INFO - DAG(s) dict_keys(['example_bash_operator']) retrieved from /Users/hirenpatel/Documents/airflow_tutoral/py_env/lib/python3.8/site-packages/airflow/example_dags/example_bash_operator.py
[2022-11-05T13:20:03.211+1300] {logging_mixin.py:120} INFO - [2022-11-05T13:20:03.211+1300] {dag.py:2585} INFO - Sync 1 DAGs
[2022-11-05T13:20:03.224+1300] {logging_mixin.py:120} INFO - [2022-11-05T13:20:03.224+1300] {dag.py:3336} INFO - Setting next_dagrun for example_bash_operator to 2022-11-04T00:00:00+00:00, run_after=2022-11-05T00:00:00+00:00
[2022-11-05T13:20:03.240+1300] {processor.py:176} INFO - Processing /Users/hirenpatel/Documents/airflow_tutoral/py_env/lib/python3.8/site-packages/airflow/example_dags/example_bash_operator.py took 0.210 seconds
[2022-11-05T13:23:52.603+1300] {processor.py:154} INFO - Started process (PID=94519) to work on /Users/hirenpatel/Documents/airflow_tutoral/py_env/lib/python3.8/site-packages/airflow/example_dags/example_bash_operator.py
[2022-11-05T13:23:52.607+1300] {processor.py:756} INFO - Processing file /Users/hirenpatel/Documents/airflow_tutoral/py_env/lib/python3.8/site-packages/airflow/example_dags/example_bash_operator.py for tasks to queue
[2022-11-05T13:23:52.607+1300] {logging_mixin.py:120} INFO - [2022-11-05T13:23:52.607+1300] {dagbag.py:537} INFO - Filling up the DagBag from /Users/hirenpatel/Documents/airflow_tutoral/py_env/lib/python3.8/site-packages/airflow/example_dags/example_bash_operator.py
[2022-11-05T13:23:52.653+1300] {processor.py:766} INFO - DAG(s) dict_keys(['example_bash_operator']) retrieved from /Users/hirenpatel/Documents/airflow_tutoral/py_env/lib/python3.8/site-packages/airflow/example_dags/example_bash_operator.py
[2022-11-05T13:23:52.744+1300] {logging_mixin.py:120} INFO - [2022-11-05T13:23:52.744+1300] {dag.py:2585} INFO - Sync 1 DAGs
[2022-11-05T13:23:52.756+1300] {logging_mixin.py:120} INFO - [2022-11-05T13:23:52.755+1300] {dag.py:3336} INFO - Setting next_dagrun for example_bash_operator to 2022-11-04T00:00:00+00:00, run_after=2022-11-05T00:00:00+00:00
[2022-11-05T13:23:52.769+1300] {processor.py:176} INFO - Processing /Users/hirenpatel/Documents/airflow_tutoral/py_env/lib/python3.8/site-packages/airflow/example_dags/example_bash_operator.py took 0.166 seconds
[2022-11-05T13:34:54.775+1300] {processor.py:154} INFO - Started process (PID=94753) to work on /Users/hirenpatel/Documents/airflow_tutoral/py_env/lib/python3.8/site-packages/airflow/example_dags/example_bash_operator.py
[2022-11-05T13:34:54.778+1300] {processor.py:756} INFO - Processing file /Users/hirenpatel/Documents/airflow_tutoral/py_env/lib/python3.8/site-packages/airflow/example_dags/example_bash_operator.py for tasks to queue
[2022-11-05T13:34:54.779+1300] {logging_mixin.py:120} INFO - [2022-11-05T13:34:54.778+1300] {dagbag.py:537} INFO - Filling up the DagBag from /Users/hirenpatel/Documents/airflow_tutoral/py_env/lib/python3.8/site-packages/airflow/example_dags/example_bash_operator.py
[2022-11-05T13:34:54.848+1300] {processor.py:766} INFO - DAG(s) dict_keys(['example_bash_operator']) retrieved from /Users/hirenpatel/Documents/airflow_tutoral/py_env/lib/python3.8/site-packages/airflow/example_dags/example_bash_operator.py
[2022-11-05T13:34:54.942+1300] {logging_mixin.py:120} INFO - [2022-11-05T13:34:54.942+1300] {dag.py:2585} INFO - Sync 1 DAGs
[2022-11-05T13:34:54.953+1300] {logging_mixin.py:120} INFO - [2022-11-05T13:34:54.952+1300] {dag.py:3336} INFO - Setting next_dagrun for example_bash_operator to 2022-11-04T00:00:00+00:00, run_after=2022-11-05T00:00:00+00:00
[2022-11-05T13:34:54.969+1300] {processor.py:176} INFO - Processing /Users/hirenpatel/Documents/airflow_tutoral/py_env/lib/python3.8/site-packages/airflow/example_dags/example_bash_operator.py took 0.195 seconds
[2022-11-05T13:56:08.194+1300] {processor.py:154} INFO - Started process (PID=95051) to work on /Users/hirenpatel/Documents/airflow_tutoral/py_env/lib/python3.8/site-packages/airflow/example_dags/example_bash_operator.py
[2022-11-05T13:56:08.198+1300] {processor.py:756} INFO - Processing file /Users/hirenpatel/Documents/airflow_tutoral/py_env/lib/python3.8/site-packages/airflow/example_dags/example_bash_operator.py for tasks to queue
[2022-11-05T13:56:08.198+1300] {logging_mixin.py:120} INFO - [2022-11-05T13:56:08.198+1300] {dagbag.py:537} INFO - Filling up the DagBag from /Users/hirenpatel/Documents/airflow_tutoral/py_env/lib/python3.8/site-packages/airflow/example_dags/example_bash_operator.py
[2022-11-05T13:56:08.252+1300] {processor.py:766} INFO - DAG(s) dict_keys(['example_bash_operator']) retrieved from /Users/hirenpatel/Documents/airflow_tutoral/py_env/lib/python3.8/site-packages/airflow/example_dags/example_bash_operator.py
[2022-11-05T13:56:08.348+1300] {logging_mixin.py:120} INFO - [2022-11-05T13:56:08.348+1300] {dag.py:2585} INFO - Sync 1 DAGs
[2022-11-05T13:56:08.359+1300] {logging_mixin.py:120} INFO - [2022-11-05T13:56:08.359+1300] {dag.py:3336} INFO - Setting next_dagrun for example_bash_operator to 2022-11-04T00:00:00+00:00, run_after=2022-11-05T00:00:00+00:00
[2022-11-05T13:56:08.373+1300] {processor.py:176} INFO - Processing /Users/hirenpatel/Documents/airflow_tutoral/py_env/lib/python3.8/site-packages/airflow/example_dags/example_bash_operator.py took 0.179 seconds
[2022-11-05T14:13:35.399+1300] {processor.py:154} INFO - Started process (PID=95375) to work on /Users/hirenpatel/Documents/airflow_tutoral/py_env/lib/python3.8/site-packages/airflow/example_dags/example_bash_operator.py
[2022-11-05T14:13:35.402+1300] {processor.py:756} INFO - Processing file /Users/hirenpatel/Documents/airflow_tutoral/py_env/lib/python3.8/site-packages/airflow/example_dags/example_bash_operator.py for tasks to queue
[2022-11-05T14:13:35.402+1300] {logging_mixin.py:120} INFO - [2022-11-05T14:13:35.402+1300] {dagbag.py:537} INFO - Filling up the DagBag from /Users/hirenpatel/Documents/airflow_tutoral/py_env/lib/python3.8/site-packages/airflow/example_dags/example_bash_operator.py
[2022-11-05T14:13:35.455+1300] {processor.py:766} INFO - DAG(s) dict_keys(['example_bash_operator']) retrieved from /Users/hirenpatel/Documents/airflow_tutoral/py_env/lib/python3.8/site-packages/airflow/example_dags/example_bash_operator.py
[2022-11-05T14:13:35.551+1300] {logging_mixin.py:120} INFO - [2022-11-05T14:13:35.551+1300] {dag.py:2585} INFO - Sync 1 DAGs
[2022-11-05T14:13:35.561+1300] {logging_mixin.py:120} INFO - [2022-11-05T14:13:35.561+1300] {dag.py:3336} INFO - Setting next_dagrun for example_bash_operator to 2022-11-04T00:00:00+00:00, run_after=2022-11-05T00:00:00+00:00
[2022-11-05T14:13:35.577+1300] {processor.py:176} INFO - Processing /Users/hirenpatel/Documents/airflow_tutoral/py_env/lib/python3.8/site-packages/airflow/example_dags/example_bash_operator.py took 0.178 seconds
[2022-11-05T14:25:04.361+1300] {processor.py:154} INFO - Started process (PID=95674) to work on /Users/hirenpatel/Documents/airflow_tutoral/py_env/lib/python3.8/site-packages/airflow/example_dags/example_bash_operator.py
[2022-11-05T14:25:04.365+1300] {processor.py:756} INFO - Processing file /Users/hirenpatel/Documents/airflow_tutoral/py_env/lib/python3.8/site-packages/airflow/example_dags/example_bash_operator.py for tasks to queue
[2022-11-05T14:25:04.365+1300] {logging_mixin.py:120} INFO - [2022-11-05T14:25:04.365+1300] {dagbag.py:537} INFO - Filling up the DagBag from /Users/hirenpatel/Documents/airflow_tutoral/py_env/lib/python3.8/site-packages/airflow/example_dags/example_bash_operator.py
[2022-11-05T14:25:04.441+1300] {processor.py:766} INFO - DAG(s) dict_keys(['example_bash_operator']) retrieved from /Users/hirenpatel/Documents/airflow_tutoral/py_env/lib/python3.8/site-packages/airflow/example_dags/example_bash_operator.py
[2022-11-05T14:25:04.582+1300] {logging_mixin.py:120} INFO - [2022-11-05T14:25:04.581+1300] {dag.py:2585} INFO - Sync 1 DAGs
[2022-11-05T14:25:04.597+1300] {logging_mixin.py:120} INFO - [2022-11-05T14:25:04.596+1300] {dag.py:3336} INFO - Setting next_dagrun for example_bash_operator to 2022-11-04T00:00:00+00:00, run_after=2022-11-05T00:00:00+00:00
[2022-11-05T14:25:04.612+1300] {processor.py:176} INFO - Processing /Users/hirenpatel/Documents/airflow_tutoral/py_env/lib/python3.8/site-packages/airflow/example_dags/example_bash_operator.py took 0.252 seconds
[2022-11-05T14:33:55.709+1300] {processor.py:154} INFO - Started process (PID=96000) to work on /Users/hirenpatel/Documents/airflow_tutoral/py_env/lib/python3.8/site-packages/airflow/example_dags/example_bash_operator.py
[2022-11-05T14:33:55.713+1300] {processor.py:756} INFO - Processing file /Users/hirenpatel/Documents/airflow_tutoral/py_env/lib/python3.8/site-packages/airflow/example_dags/example_bash_operator.py for tasks to queue
[2022-11-05T14:33:55.713+1300] {logging_mixin.py:120} INFO - [2022-11-05T14:33:55.713+1300] {dagbag.py:537} INFO - Filling up the DagBag from /Users/hirenpatel/Documents/airflow_tutoral/py_env/lib/python3.8/site-packages/airflow/example_dags/example_bash_operator.py
[2022-11-05T14:33:55.767+1300] {processor.py:766} INFO - DAG(s) dict_keys(['example_bash_operator']) retrieved from /Users/hirenpatel/Documents/airflow_tutoral/py_env/lib/python3.8/site-packages/airflow/example_dags/example_bash_operator.py
[2022-11-05T14:33:55.874+1300] {logging_mixin.py:120} INFO - [2022-11-05T14:33:55.873+1300] {dag.py:2585} INFO - Sync 1 DAGs
[2022-11-05T14:33:55.885+1300] {logging_mixin.py:120} INFO - [2022-11-05T14:33:55.885+1300] {dag.py:3336} INFO - Setting next_dagrun for example_bash_operator to 2022-11-04T00:00:00+00:00, run_after=2022-11-05T00:00:00+00:00
[2022-11-05T14:33:55.898+1300] {processor.py:176} INFO - Processing /Users/hirenpatel/Documents/airflow_tutoral/py_env/lib/python3.8/site-packages/airflow/example_dags/example_bash_operator.py took 0.190 seconds
[2022-11-05T14:43:20.749+1300] {processor.py:154} INFO - Started process (PID=96294) to work on /Users/hirenpatel/Documents/airflow_tutoral/py_env/lib/python3.8/site-packages/airflow/example_dags/example_bash_operator.py
[2022-11-05T14:43:20.755+1300] {processor.py:756} INFO - Processing file /Users/hirenpatel/Documents/airflow_tutoral/py_env/lib/python3.8/site-packages/airflow/example_dags/example_bash_operator.py for tasks to queue
[2022-11-05T14:43:20.755+1300] {logging_mixin.py:120} INFO - [2022-11-05T14:43:20.755+1300] {dagbag.py:537} INFO - Filling up the DagBag from /Users/hirenpatel/Documents/airflow_tutoral/py_env/lib/python3.8/site-packages/airflow/example_dags/example_bash_operator.py
[2022-11-05T14:43:20.814+1300] {processor.py:766} INFO - DAG(s) dict_keys(['example_bash_operator']) retrieved from /Users/hirenpatel/Documents/airflow_tutoral/py_env/lib/python3.8/site-packages/airflow/example_dags/example_bash_operator.py
[2022-11-05T14:43:20.910+1300] {logging_mixin.py:120} INFO - [2022-11-05T14:43:20.910+1300] {dag.py:2585} INFO - Sync 1 DAGs
[2022-11-05T14:43:20.921+1300] {logging_mixin.py:120} INFO - [2022-11-05T14:43:20.921+1300] {dag.py:3336} INFO - Setting next_dagrun for example_bash_operator to 2022-11-04T00:00:00+00:00, run_after=2022-11-05T00:00:00+00:00
[2022-11-05T14:43:20.934+1300] {processor.py:176} INFO - Processing /Users/hirenpatel/Documents/airflow_tutoral/py_env/lib/python3.8/site-packages/airflow/example_dags/example_bash_operator.py took 0.186 seconds
[2022-11-05T14:54:32.787+1300] {processor.py:154} INFO - Started process (PID=96595) to work on /Users/hirenpatel/Documents/airflow_tutoral/py_env/lib/python3.8/site-packages/airflow/example_dags/example_bash_operator.py
[2022-11-05T14:54:32.790+1300] {processor.py:756} INFO - Processing file /Users/hirenpatel/Documents/airflow_tutoral/py_env/lib/python3.8/site-packages/airflow/example_dags/example_bash_operator.py for tasks to queue
[2022-11-05T14:54:32.791+1300] {logging_mixin.py:120} INFO - [2022-11-05T14:54:32.791+1300] {dagbag.py:537} INFO - Filling up the DagBag from /Users/hirenpatel/Documents/airflow_tutoral/py_env/lib/python3.8/site-packages/airflow/example_dags/example_bash_operator.py
[2022-11-05T14:54:32.841+1300] {processor.py:766} INFO - DAG(s) dict_keys(['example_bash_operator']) retrieved from /Users/hirenpatel/Documents/airflow_tutoral/py_env/lib/python3.8/site-packages/airflow/example_dags/example_bash_operator.py
[2022-11-05T14:54:32.938+1300] {logging_mixin.py:120} INFO - [2022-11-05T14:54:32.938+1300] {dag.py:2585} INFO - Sync 1 DAGs
[2022-11-05T14:54:32.950+1300] {logging_mixin.py:120} INFO - [2022-11-05T14:54:32.949+1300] {dag.py:3336} INFO - Setting next_dagrun for example_bash_operator to 2022-11-04T00:00:00+00:00, run_after=2022-11-05T00:00:00+00:00
[2022-11-05T14:54:32.963+1300] {processor.py:176} INFO - Processing /Users/hirenpatel/Documents/airflow_tutoral/py_env/lib/python3.8/site-packages/airflow/example_dags/example_bash_operator.py took 0.177 seconds
[2022-11-05T15:14:13.450+1300] {processor.py:154} INFO - Started process (PID=96962) to work on /Users/hirenpatel/Documents/airflow_tutoral/py_env/lib/python3.8/site-packages/airflow/example_dags/example_bash_operator.py
[2022-11-05T15:14:13.454+1300] {processor.py:756} INFO - Processing file /Users/hirenpatel/Documents/airflow_tutoral/py_env/lib/python3.8/site-packages/airflow/example_dags/example_bash_operator.py for tasks to queue
[2022-11-05T15:14:13.454+1300] {logging_mixin.py:120} INFO - [2022-11-05T15:14:13.454+1300] {dagbag.py:537} INFO - Filling up the DagBag from /Users/hirenpatel/Documents/airflow_tutoral/py_env/lib/python3.8/site-packages/airflow/example_dags/example_bash_operator.py
[2022-11-05T15:14:13.509+1300] {processor.py:766} INFO - DAG(s) dict_keys(['example_bash_operator']) retrieved from /Users/hirenpatel/Documents/airflow_tutoral/py_env/lib/python3.8/site-packages/airflow/example_dags/example_bash_operator.py
[2022-11-05T15:14:13.605+1300] {logging_mixin.py:120} INFO - [2022-11-05T15:14:13.604+1300] {dag.py:2585} INFO - Sync 1 DAGs
[2022-11-05T15:14:13.617+1300] {logging_mixin.py:120} INFO - [2022-11-05T15:14:13.617+1300] {dag.py:3336} INFO - Setting next_dagrun for example_bash_operator to 2022-11-04T00:00:00+00:00, run_after=2022-11-05T00:00:00+00:00
[2022-11-05T15:14:13.631+1300] {processor.py:176} INFO - Processing /Users/hirenpatel/Documents/airflow_tutoral/py_env/lib/python3.8/site-packages/airflow/example_dags/example_bash_operator.py took 0.181 seconds
[2022-11-05T15:19:34.477+1300] {processor.py:154} INFO - Started process (PID=97163) to work on /Users/hirenpatel/Documents/airflow_tutoral/py_env/lib/python3.8/site-packages/airflow/example_dags/example_bash_operator.py
[2022-11-05T15:19:34.481+1300] {processor.py:756} INFO - Processing file /Users/hirenpatel/Documents/airflow_tutoral/py_env/lib/python3.8/site-packages/airflow/example_dags/example_bash_operator.py for tasks to queue
[2022-11-05T15:19:34.482+1300] {logging_mixin.py:120} INFO - [2022-11-05T15:19:34.481+1300] {dagbag.py:537} INFO - Filling up the DagBag from /Users/hirenpatel/Documents/airflow_tutoral/py_env/lib/python3.8/site-packages/airflow/example_dags/example_bash_operator.py
[2022-11-05T15:19:34.535+1300] {processor.py:766} INFO - DAG(s) dict_keys(['example_bash_operator']) retrieved from /Users/hirenpatel/Documents/airflow_tutoral/py_env/lib/python3.8/site-packages/airflow/example_dags/example_bash_operator.py
[2022-11-05T15:19:34.634+1300] {logging_mixin.py:120} INFO - [2022-11-05T15:19:34.634+1300] {dag.py:2585} INFO - Sync 1 DAGs
[2022-11-05T15:19:34.646+1300] {logging_mixin.py:120} INFO - [2022-11-05T15:19:34.646+1300] {dag.py:3336} INFO - Setting next_dagrun for example_bash_operator to 2022-11-04T00:00:00+00:00, run_after=2022-11-05T00:00:00+00:00
[2022-11-05T15:19:34.667+1300] {processor.py:176} INFO - Processing /Users/hirenpatel/Documents/airflow_tutoral/py_env/lib/python3.8/site-packages/airflow/example_dags/example_bash_operator.py took 0.191 seconds
[2022-11-05T15:46:01.597+1300] {processor.py:154} INFO - Started process (PID=97486) to work on /Users/hirenpatel/Documents/airflow_tutoral/py_env/lib/python3.8/site-packages/airflow/example_dags/example_bash_operator.py
[2022-11-05T15:46:01.601+1300] {processor.py:756} INFO - Processing file /Users/hirenpatel/Documents/airflow_tutoral/py_env/lib/python3.8/site-packages/airflow/example_dags/example_bash_operator.py for tasks to queue
[2022-11-05T15:46:01.601+1300] {logging_mixin.py:120} INFO - [2022-11-05T15:46:01.601+1300] {dagbag.py:537} INFO - Filling up the DagBag from /Users/hirenpatel/Documents/airflow_tutoral/py_env/lib/python3.8/site-packages/airflow/example_dags/example_bash_operator.py
[2022-11-05T15:46:01.664+1300] {processor.py:766} INFO - DAG(s) dict_keys(['example_bash_operator']) retrieved from /Users/hirenpatel/Documents/airflow_tutoral/py_env/lib/python3.8/site-packages/airflow/example_dags/example_bash_operator.py
[2022-11-05T15:46:01.863+1300] {logging_mixin.py:120} INFO - [2022-11-05T15:46:01.863+1300] {dag.py:2585} INFO - Sync 1 DAGs
[2022-11-05T15:46:01.879+1300] {logging_mixin.py:120} INFO - [2022-11-05T15:46:01.879+1300] {dag.py:3336} INFO - Setting next_dagrun for example_bash_operator to 2022-11-04T00:00:00+00:00, run_after=2022-11-05T00:00:00+00:00
[2022-11-05T15:46:01.894+1300] {processor.py:176} INFO - Processing /Users/hirenpatel/Documents/airflow_tutoral/py_env/lib/python3.8/site-packages/airflow/example_dags/example_bash_operator.py took 0.297 seconds
[2022-11-05T15:56:14.124+1300] {processor.py:154} INFO - Started process (PID=97824) to work on /Users/hirenpatel/Documents/airflow_tutoral/py_env/lib/python3.8/site-packages/airflow/example_dags/example_bash_operator.py
[2022-11-05T15:56:14.128+1300] {processor.py:756} INFO - Processing file /Users/hirenpatel/Documents/airflow_tutoral/py_env/lib/python3.8/site-packages/airflow/example_dags/example_bash_operator.py for tasks to queue
[2022-11-05T15:56:14.128+1300] {logging_mixin.py:120} INFO - [2022-11-05T15:56:14.128+1300] {dagbag.py:537} INFO - Filling up the DagBag from /Users/hirenpatel/Documents/airflow_tutoral/py_env/lib/python3.8/site-packages/airflow/example_dags/example_bash_operator.py
[2022-11-05T15:56:14.175+1300] {processor.py:766} INFO - DAG(s) dict_keys(['example_bash_operator']) retrieved from /Users/hirenpatel/Documents/airflow_tutoral/py_env/lib/python3.8/site-packages/airflow/example_dags/example_bash_operator.py
[2022-11-05T15:56:14.271+1300] {logging_mixin.py:120} INFO - [2022-11-05T15:56:14.271+1300] {dag.py:2585} INFO - Sync 1 DAGs
[2022-11-05T15:56:14.283+1300] {logging_mixin.py:120} INFO - [2022-11-05T15:56:14.283+1300] {dag.py:3336} INFO - Setting next_dagrun for example_bash_operator to 2022-11-04T00:00:00+00:00, run_after=2022-11-05T00:00:00+00:00
[2022-11-05T15:56:14.297+1300] {processor.py:176} INFO - Processing /Users/hirenpatel/Documents/airflow_tutoral/py_env/lib/python3.8/site-packages/airflow/example_dags/example_bash_operator.py took 0.173 seconds
[2022-11-05T16:07:55.063+1300] {processor.py:154} INFO - Started process (PID=98091) to work on /Users/hirenpatel/Documents/airflow_tutoral/py_env/lib/python3.8/site-packages/airflow/example_dags/example_bash_operator.py
[2022-11-05T16:07:55.067+1300] {processor.py:756} INFO - Processing file /Users/hirenpatel/Documents/airflow_tutoral/py_env/lib/python3.8/site-packages/airflow/example_dags/example_bash_operator.py for tasks to queue
[2022-11-05T16:07:55.067+1300] {logging_mixin.py:120} INFO - [2022-11-05T16:07:55.067+1300] {dagbag.py:537} INFO - Filling up the DagBag from /Users/hirenpatel/Documents/airflow_tutoral/py_env/lib/python3.8/site-packages/airflow/example_dags/example_bash_operator.py
[2022-11-05T16:07:55.119+1300] {processor.py:766} INFO - DAG(s) dict_keys(['example_bash_operator']) retrieved from /Users/hirenpatel/Documents/airflow_tutoral/py_env/lib/python3.8/site-packages/airflow/example_dags/example_bash_operator.py
[2022-11-05T16:07:55.226+1300] {logging_mixin.py:120} INFO - [2022-11-05T16:07:55.226+1300] {dag.py:2585} INFO - Sync 1 DAGs
[2022-11-05T16:07:55.238+1300] {logging_mixin.py:120} INFO - [2022-11-05T16:07:55.238+1300] {dag.py:3336} INFO - Setting next_dagrun for example_bash_operator to 2022-11-04T00:00:00+00:00, run_after=2022-11-05T00:00:00+00:00
[2022-11-05T16:07:55.252+1300] {processor.py:176} INFO - Processing /Users/hirenpatel/Documents/airflow_tutoral/py_env/lib/python3.8/site-packages/airflow/example_dags/example_bash_operator.py took 0.190 seconds
[2022-11-05T16:23:08.355+1300] {processor.py:154} INFO - Started process (PID=98365) to work on /Users/hirenpatel/Documents/airflow_tutoral/py_env/lib/python3.8/site-packages/airflow/example_dags/example_bash_operator.py
[2022-11-05T16:23:08.359+1300] {processor.py:756} INFO - Processing file /Users/hirenpatel/Documents/airflow_tutoral/py_env/lib/python3.8/site-packages/airflow/example_dags/example_bash_operator.py for tasks to queue
[2022-11-05T16:23:08.359+1300] {logging_mixin.py:120} INFO - [2022-11-05T16:23:08.359+1300] {dagbag.py:537} INFO - Filling up the DagBag from /Users/hirenpatel/Documents/airflow_tutoral/py_env/lib/python3.8/site-packages/airflow/example_dags/example_bash_operator.py
[2022-11-05T16:23:08.420+1300] {processor.py:766} INFO - DAG(s) dict_keys(['example_bash_operator']) retrieved from /Users/hirenpatel/Documents/airflow_tutoral/py_env/lib/python3.8/site-packages/airflow/example_dags/example_bash_operator.py
[2022-11-05T16:23:08.531+1300] {logging_mixin.py:120} INFO - [2022-11-05T16:23:08.531+1300] {dag.py:2585} INFO - Sync 1 DAGs
[2022-11-05T16:23:08.544+1300] {logging_mixin.py:120} INFO - [2022-11-05T16:23:08.543+1300] {dag.py:3336} INFO - Setting next_dagrun for example_bash_operator to 2022-11-04T00:00:00+00:00, run_after=2022-11-05T00:00:00+00:00
[2022-11-05T16:23:08.561+1300] {processor.py:176} INFO - Processing /Users/hirenpatel/Documents/airflow_tutoral/py_env/lib/python3.8/site-packages/airflow/example_dags/example_bash_operator.py took 0.206 seconds
[2022-11-05T17:44:19.334+1300] {processor.py:154} INFO - Started process (PID=98821) to work on /Users/hirenpatel/Documents/airflow_tutoral/py_env/lib/python3.8/site-packages/airflow/example_dags/example_bash_operator.py
[2022-11-05T17:44:19.338+1300] {processor.py:756} INFO - Processing file /Users/hirenpatel/Documents/airflow_tutoral/py_env/lib/python3.8/site-packages/airflow/example_dags/example_bash_operator.py for tasks to queue
[2022-11-05T17:44:19.338+1300] {logging_mixin.py:120} INFO - [2022-11-05T17:44:19.338+1300] {dagbag.py:537} INFO - Filling up the DagBag from /Users/hirenpatel/Documents/airflow_tutoral/py_env/lib/python3.8/site-packages/airflow/example_dags/example_bash_operator.py
[2022-11-05T17:44:19.399+1300] {processor.py:766} INFO - DAG(s) dict_keys(['example_bash_operator']) retrieved from /Users/hirenpatel/Documents/airflow_tutoral/py_env/lib/python3.8/site-packages/airflow/example_dags/example_bash_operator.py
[2022-11-05T17:44:19.533+1300] {logging_mixin.py:120} INFO - [2022-11-05T17:44:19.532+1300] {dag.py:2585} INFO - Sync 1 DAGs
[2022-11-05T17:44:19.548+1300] {logging_mixin.py:120} INFO - [2022-11-05T17:44:19.548+1300] {dag.py:3336} INFO - Setting next_dagrun for example_bash_operator to 2022-11-04T00:00:00+00:00, run_after=2022-11-05T00:00:00+00:00
[2022-11-05T17:44:19.572+1300] {processor.py:176} INFO - Processing /Users/hirenpatel/Documents/airflow_tutoral/py_env/lib/python3.8/site-packages/airflow/example_dags/example_bash_operator.py took 0.238 seconds
[2022-11-05T17:58:44.536+1300] {processor.py:154} INFO - Started process (PID=99139) to work on /Users/hirenpatel/Documents/airflow_tutoral/py_env/lib/python3.8/site-packages/airflow/example_dags/example_bash_operator.py
[2022-11-05T17:58:44.540+1300] {processor.py:756} INFO - Processing file /Users/hirenpatel/Documents/airflow_tutoral/py_env/lib/python3.8/site-packages/airflow/example_dags/example_bash_operator.py for tasks to queue
[2022-11-05T17:58:44.540+1300] {logging_mixin.py:120} INFO - [2022-11-05T17:58:44.540+1300] {dagbag.py:537} INFO - Filling up the DagBag from /Users/hirenpatel/Documents/airflow_tutoral/py_env/lib/python3.8/site-packages/airflow/example_dags/example_bash_operator.py
[2022-11-05T17:58:44.591+1300] {processor.py:766} INFO - DAG(s) dict_keys(['example_bash_operator']) retrieved from /Users/hirenpatel/Documents/airflow_tutoral/py_env/lib/python3.8/site-packages/airflow/example_dags/example_bash_operator.py
[2022-11-05T17:58:44.690+1300] {logging_mixin.py:120} INFO - [2022-11-05T17:58:44.690+1300] {dag.py:2585} INFO - Sync 1 DAGs
[2022-11-05T17:58:44.702+1300] {logging_mixin.py:120} INFO - [2022-11-05T17:58:44.702+1300] {dag.py:3336} INFO - Setting next_dagrun for example_bash_operator to 2022-11-04T00:00:00+00:00, run_after=2022-11-05T00:00:00+00:00
[2022-11-05T17:58:44.717+1300] {processor.py:176} INFO - Processing /Users/hirenpatel/Documents/airflow_tutoral/py_env/lib/python3.8/site-packages/airflow/example_dags/example_bash_operator.py took 0.181 seconds
[2022-11-05T18:11:50.705+1300] {processor.py:154} INFO - Started process (PID=99463) to work on /Users/hirenpatel/Documents/airflow_tutoral/py_env/lib/python3.8/site-packages/airflow/example_dags/example_bash_operator.py
[2022-11-05T18:11:50.710+1300] {processor.py:756} INFO - Processing file /Users/hirenpatel/Documents/airflow_tutoral/py_env/lib/python3.8/site-packages/airflow/example_dags/example_bash_operator.py for tasks to queue
[2022-11-05T18:11:50.710+1300] {logging_mixin.py:120} INFO - [2022-11-05T18:11:50.710+1300] {dagbag.py:537} INFO - Filling up the DagBag from /Users/hirenpatel/Documents/airflow_tutoral/py_env/lib/python3.8/site-packages/airflow/example_dags/example_bash_operator.py
[2022-11-05T18:11:50.811+1300] {processor.py:766} INFO - DAG(s) dict_keys(['example_bash_operator']) retrieved from /Users/hirenpatel/Documents/airflow_tutoral/py_env/lib/python3.8/site-packages/airflow/example_dags/example_bash_operator.py
[2022-11-05T18:11:50.960+1300] {logging_mixin.py:120} INFO - [2022-11-05T18:11:50.960+1300] {dag.py:2585} INFO - Sync 1 DAGs
[2022-11-05T18:11:50.973+1300] {logging_mixin.py:120} INFO - [2022-11-05T18:11:50.972+1300] {dag.py:3336} INFO - Setting next_dagrun for example_bash_operator to 2022-11-04T00:00:00+00:00, run_after=2022-11-05T00:00:00+00:00
[2022-11-05T18:11:50.989+1300] {processor.py:176} INFO - Processing /Users/hirenpatel/Documents/airflow_tutoral/py_env/lib/python3.8/site-packages/airflow/example_dags/example_bash_operator.py took 0.285 seconds
[2022-11-05T18:14:24.117+1300] {processor.py:154} INFO - Started process (PID=643) to work on /Users/hirenpatel/Documents/airflow_tutoral/py_env/lib/python3.8/site-packages/airflow/example_dags/example_bash_operator.py
[2022-11-05T18:14:24.121+1300] {processor.py:756} INFO - Processing file /Users/hirenpatel/Documents/airflow_tutoral/py_env/lib/python3.8/site-packages/airflow/example_dags/example_bash_operator.py for tasks to queue
[2022-11-05T18:14:24.121+1300] {logging_mixin.py:120} INFO - [2022-11-05T18:14:24.121+1300] {dagbag.py:537} INFO - Filling up the DagBag from /Users/hirenpatel/Documents/airflow_tutoral/py_env/lib/python3.8/site-packages/airflow/example_dags/example_bash_operator.py
[2022-11-05T18:14:24.173+1300] {processor.py:766} INFO - DAG(s) dict_keys(['example_bash_operator']) retrieved from /Users/hirenpatel/Documents/airflow_tutoral/py_env/lib/python3.8/site-packages/airflow/example_dags/example_bash_operator.py
[2022-11-05T18:14:24.269+1300] {logging_mixin.py:120} INFO - [2022-11-05T18:14:24.269+1300] {dag.py:2585} INFO - Sync 1 DAGs
[2022-11-05T18:14:24.280+1300] {logging_mixin.py:120} INFO - [2022-11-05T18:14:24.280+1300] {dag.py:3336} INFO - Setting next_dagrun for example_bash_operator to 2022-11-04T00:00:00+00:00, run_after=2022-11-05T00:00:00+00:00
[2022-11-05T18:14:24.293+1300] {processor.py:176} INFO - Processing /Users/hirenpatel/Documents/airflow_tutoral/py_env/lib/python3.8/site-packages/airflow/example_dags/example_bash_operator.py took 0.177 seconds
[2022-11-05T18:18:17.968+1300] {processor.py:154} INFO - Started process (PID=935) to work on /Users/hirenpatel/Documents/airflow_tutoral/py_env/lib/python3.8/site-packages/airflow/example_dags/example_bash_operator.py
[2022-11-05T18:18:17.973+1300] {processor.py:756} INFO - Processing file /Users/hirenpatel/Documents/airflow_tutoral/py_env/lib/python3.8/site-packages/airflow/example_dags/example_bash_operator.py for tasks to queue
[2022-11-05T18:18:17.973+1300] {logging_mixin.py:120} INFO - [2022-11-05T18:18:17.973+1300] {dagbag.py:537} INFO - Filling up the DagBag from /Users/hirenpatel/Documents/airflow_tutoral/py_env/lib/python3.8/site-packages/airflow/example_dags/example_bash_operator.py
[2022-11-05T18:18:18.025+1300] {processor.py:766} INFO - DAG(s) dict_keys(['example_bash_operator']) retrieved from /Users/hirenpatel/Documents/airflow_tutoral/py_env/lib/python3.8/site-packages/airflow/example_dags/example_bash_operator.py
[2022-11-05T18:18:18.125+1300] {logging_mixin.py:120} INFO - [2022-11-05T18:18:18.125+1300] {dag.py:2585} INFO - Sync 1 DAGs
[2022-11-05T18:18:18.137+1300] {logging_mixin.py:120} INFO - [2022-11-05T18:18:18.136+1300] {dag.py:3336} INFO - Setting next_dagrun for example_bash_operator to 2022-11-04T00:00:00+00:00, run_after=2022-11-05T00:00:00+00:00
[2022-11-05T18:18:18.152+1300] {processor.py:176} INFO - Processing /Users/hirenpatel/Documents/airflow_tutoral/py_env/lib/python3.8/site-packages/airflow/example_dags/example_bash_operator.py took 0.184 seconds
[2022-11-05T18:33:52.521+1300] {processor.py:154} INFO - Started process (PID=1190) to work on /Users/hirenpatel/Documents/airflow_tutoral/py_env/lib/python3.8/site-packages/airflow/example_dags/example_bash_operator.py
[2022-11-05T18:33:52.526+1300] {processor.py:756} INFO - Processing file /Users/hirenpatel/Documents/airflow_tutoral/py_env/lib/python3.8/site-packages/airflow/example_dags/example_bash_operator.py for tasks to queue
[2022-11-05T18:33:52.526+1300] {logging_mixin.py:120} INFO - [2022-11-05T18:33:52.526+1300] {dagbag.py:537} INFO - Filling up the DagBag from /Users/hirenpatel/Documents/airflow_tutoral/py_env/lib/python3.8/site-packages/airflow/example_dags/example_bash_operator.py
[2022-11-05T18:33:52.637+1300] {processor.py:766} INFO - DAG(s) dict_keys(['example_bash_operator']) retrieved from /Users/hirenpatel/Documents/airflow_tutoral/py_env/lib/python3.8/site-packages/airflow/example_dags/example_bash_operator.py
[2022-11-05T18:33:52.827+1300] {logging_mixin.py:120} INFO - [2022-11-05T18:33:52.827+1300] {dag.py:2585} INFO - Sync 1 DAGs
[2022-11-05T18:33:52.840+1300] {logging_mixin.py:120} INFO - [2022-11-05T18:33:52.840+1300] {dag.py:3336} INFO - Setting next_dagrun for example_bash_operator to 2022-11-04T00:00:00+00:00, run_after=2022-11-05T00:00:00+00:00
[2022-11-05T18:33:52.858+1300] {processor.py:176} INFO - Processing /Users/hirenpatel/Documents/airflow_tutoral/py_env/lib/python3.8/site-packages/airflow/example_dags/example_bash_operator.py took 0.337 seconds
[2022-11-05T18:51:45.398+1300] {processor.py:154} INFO - Started process (PID=1554) to work on /Users/hirenpatel/Documents/airflow_tutoral/py_env/lib/python3.8/site-packages/airflow/example_dags/example_bash_operator.py
[2022-11-05T18:51:45.402+1300] {processor.py:756} INFO - Processing file /Users/hirenpatel/Documents/airflow_tutoral/py_env/lib/python3.8/site-packages/airflow/example_dags/example_bash_operator.py for tasks to queue
[2022-11-05T18:51:45.402+1300] {logging_mixin.py:120} INFO - [2022-11-05T18:51:45.402+1300] {dagbag.py:537} INFO - Filling up the DagBag from /Users/hirenpatel/Documents/airflow_tutoral/py_env/lib/python3.8/site-packages/airflow/example_dags/example_bash_operator.py
[2022-11-05T18:51:45.456+1300] {processor.py:766} INFO - DAG(s) dict_keys(['example_bash_operator']) retrieved from /Users/hirenpatel/Documents/airflow_tutoral/py_env/lib/python3.8/site-packages/airflow/example_dags/example_bash_operator.py
[2022-11-05T18:51:45.554+1300] {logging_mixin.py:120} INFO - [2022-11-05T18:51:45.554+1300] {dag.py:2585} INFO - Sync 1 DAGs
[2022-11-05T18:51:45.564+1300] {logging_mixin.py:120} INFO - [2022-11-05T18:51:45.564+1300] {dag.py:3336} INFO - Setting next_dagrun for example_bash_operator to 2022-11-04T00:00:00+00:00, run_after=2022-11-05T00:00:00+00:00
[2022-11-05T18:51:45.578+1300] {processor.py:176} INFO - Processing /Users/hirenpatel/Documents/airflow_tutoral/py_env/lib/python3.8/site-packages/airflow/example_dags/example_bash_operator.py took 0.181 seconds
[2022-11-05T18:55:33.375+1300] {processor.py:154} INFO - Started process (PID=1805) to work on /Users/hirenpatel/Documents/airflow_tutoral/py_env/lib/python3.8/site-packages/airflow/example_dags/example_bash_operator.py
[2022-11-05T18:55:33.379+1300] {processor.py:756} INFO - Processing file /Users/hirenpatel/Documents/airflow_tutoral/py_env/lib/python3.8/site-packages/airflow/example_dags/example_bash_operator.py for tasks to queue
[2022-11-05T18:55:33.379+1300] {logging_mixin.py:120} INFO - [2022-11-05T18:55:33.379+1300] {dagbag.py:537} INFO - Filling up the DagBag from /Users/hirenpatel/Documents/airflow_tutoral/py_env/lib/python3.8/site-packages/airflow/example_dags/example_bash_operator.py
[2022-11-05T18:55:33.441+1300] {processor.py:766} INFO - DAG(s) dict_keys(['example_bash_operator']) retrieved from /Users/hirenpatel/Documents/airflow_tutoral/py_env/lib/python3.8/site-packages/airflow/example_dags/example_bash_operator.py
[2022-11-05T18:55:33.548+1300] {logging_mixin.py:120} INFO - [2022-11-05T18:55:33.548+1300] {dag.py:2585} INFO - Sync 1 DAGs
[2022-11-05T18:55:33.561+1300] {logging_mixin.py:120} INFO - [2022-11-05T18:55:33.561+1300] {dag.py:3336} INFO - Setting next_dagrun for example_bash_operator to 2022-11-04T00:00:00+00:00, run_after=2022-11-05T00:00:00+00:00
[2022-11-05T18:55:33.577+1300] {processor.py:176} INFO - Processing /Users/hirenpatel/Documents/airflow_tutoral/py_env/lib/python3.8/site-packages/airflow/example_dags/example_bash_operator.py took 0.202 seconds
[2022-11-05T18:58:11.154+1300] {processor.py:154} INFO - Started process (PID=2071) to work on /Users/hirenpatel/Documents/airflow_tutoral/py_env/lib/python3.8/site-packages/airflow/example_dags/example_bash_operator.py
[2022-11-05T18:58:11.157+1300] {processor.py:756} INFO - Processing file /Users/hirenpatel/Documents/airflow_tutoral/py_env/lib/python3.8/site-packages/airflow/example_dags/example_bash_operator.py for tasks to queue
[2022-11-05T18:58:11.158+1300] {logging_mixin.py:120} INFO - [2022-11-05T18:58:11.158+1300] {dagbag.py:537} INFO - Filling up the DagBag from /Users/hirenpatel/Documents/airflow_tutoral/py_env/lib/python3.8/site-packages/airflow/example_dags/example_bash_operator.py
[2022-11-05T18:58:11.209+1300] {processor.py:766} INFO - DAG(s) dict_keys(['example_bash_operator']) retrieved from /Users/hirenpatel/Documents/airflow_tutoral/py_env/lib/python3.8/site-packages/airflow/example_dags/example_bash_operator.py
[2022-11-05T18:58:11.306+1300] {logging_mixin.py:120} INFO - [2022-11-05T18:58:11.306+1300] {dag.py:2585} INFO - Sync 1 DAGs
[2022-11-05T18:58:11.317+1300] {logging_mixin.py:120} INFO - [2022-11-05T18:58:11.317+1300] {dag.py:3336} INFO - Setting next_dagrun for example_bash_operator to 2022-11-04T00:00:00+00:00, run_after=2022-11-05T00:00:00+00:00
[2022-11-05T18:58:11.331+1300] {processor.py:176} INFO - Processing /Users/hirenpatel/Documents/airflow_tutoral/py_env/lib/python3.8/site-packages/airflow/example_dags/example_bash_operator.py took 0.177 seconds
[2022-11-05T19:05:33.449+1300] {processor.py:154} INFO - Started process (PID=2386) to work on /Users/hirenpatel/Documents/airflow_tutoral/py_env/lib/python3.8/site-packages/airflow/example_dags/example_bash_operator.py
[2022-11-05T19:05:33.453+1300] {processor.py:756} INFO - Processing file /Users/hirenpatel/Documents/airflow_tutoral/py_env/lib/python3.8/site-packages/airflow/example_dags/example_bash_operator.py for tasks to queue
[2022-11-05T19:05:33.453+1300] {logging_mixin.py:120} INFO - [2022-11-05T19:05:33.453+1300] {dagbag.py:537} INFO - Filling up the DagBag from /Users/hirenpatel/Documents/airflow_tutoral/py_env/lib/python3.8/site-packages/airflow/example_dags/example_bash_operator.py
[2022-11-05T19:05:33.507+1300] {processor.py:766} INFO - DAG(s) dict_keys(['example_bash_operator']) retrieved from /Users/hirenpatel/Documents/airflow_tutoral/py_env/lib/python3.8/site-packages/airflow/example_dags/example_bash_operator.py
[2022-11-05T19:05:33.603+1300] {logging_mixin.py:120} INFO - [2022-11-05T19:05:33.602+1300] {dag.py:2585} INFO - Sync 1 DAGs
[2022-11-05T19:05:33.614+1300] {logging_mixin.py:120} INFO - [2022-11-05T19:05:33.614+1300] {dag.py:3336} INFO - Setting next_dagrun for example_bash_operator to 2022-11-04T00:00:00+00:00, run_after=2022-11-05T00:00:00+00:00
[2022-11-05T19:05:33.627+1300] {processor.py:176} INFO - Processing /Users/hirenpatel/Documents/airflow_tutoral/py_env/lib/python3.8/site-packages/airflow/example_dags/example_bash_operator.py took 0.179 seconds
[2022-11-05T19:16:42.969+1300] {processor.py:154} INFO - Started process (PID=2667) to work on /Users/hirenpatel/Documents/airflow_tutoral/py_env/lib/python3.8/site-packages/airflow/example_dags/example_bash_operator.py
[2022-11-05T19:16:42.973+1300] {processor.py:756} INFO - Processing file /Users/hirenpatel/Documents/airflow_tutoral/py_env/lib/python3.8/site-packages/airflow/example_dags/example_bash_operator.py for tasks to queue
[2022-11-05T19:16:42.973+1300] {logging_mixin.py:120} INFO - [2022-11-05T19:16:42.973+1300] {dagbag.py:537} INFO - Filling up the DagBag from /Users/hirenpatel/Documents/airflow_tutoral/py_env/lib/python3.8/site-packages/airflow/example_dags/example_bash_operator.py
[2022-11-05T19:16:43.039+1300] {processor.py:766} INFO - DAG(s) dict_keys(['example_bash_operator']) retrieved from /Users/hirenpatel/Documents/airflow_tutoral/py_env/lib/python3.8/site-packages/airflow/example_dags/example_bash_operator.py
[2022-11-05T19:16:43.141+1300] {logging_mixin.py:120} INFO - [2022-11-05T19:16:43.141+1300] {dag.py:2585} INFO - Sync 1 DAGs
[2022-11-05T19:16:43.154+1300] {logging_mixin.py:120} INFO - [2022-11-05T19:16:43.154+1300] {dag.py:3336} INFO - Setting next_dagrun for example_bash_operator to 2022-11-04T00:00:00+00:00, run_after=2022-11-05T00:00:00+00:00
[2022-11-05T19:16:43.170+1300] {processor.py:176} INFO - Processing /Users/hirenpatel/Documents/airflow_tutoral/py_env/lib/python3.8/site-packages/airflow/example_dags/example_bash_operator.py took 0.202 seconds
[2022-11-05T19:28:14.961+1300] {processor.py:154} INFO - Started process (PID=3063) to work on /Users/hirenpatel/Documents/airflow_tutoral/py_env/lib/python3.8/site-packages/airflow/example_dags/example_bash_operator.py
[2022-11-05T19:28:14.964+1300] {processor.py:756} INFO - Processing file /Users/hirenpatel/Documents/airflow_tutoral/py_env/lib/python3.8/site-packages/airflow/example_dags/example_bash_operator.py for tasks to queue
[2022-11-05T19:28:14.965+1300] {logging_mixin.py:120} INFO - [2022-11-05T19:28:14.965+1300] {dagbag.py:537} INFO - Filling up the DagBag from /Users/hirenpatel/Documents/airflow_tutoral/py_env/lib/python3.8/site-packages/airflow/example_dags/example_bash_operator.py
[2022-11-05T19:28:15.014+1300] {processor.py:766} INFO - DAG(s) dict_keys(['example_bash_operator']) retrieved from /Users/hirenpatel/Documents/airflow_tutoral/py_env/lib/python3.8/site-packages/airflow/example_dags/example_bash_operator.py
[2022-11-05T19:28:15.111+1300] {logging_mixin.py:120} INFO - [2022-11-05T19:28:15.111+1300] {dag.py:2585} INFO - Sync 1 DAGs
[2022-11-05T19:28:15.122+1300] {logging_mixin.py:120} INFO - [2022-11-05T19:28:15.121+1300] {dag.py:3336} INFO - Setting next_dagrun for example_bash_operator to 2022-11-04T00:00:00+00:00, run_after=2022-11-05T00:00:00+00:00
[2022-11-05T19:28:15.135+1300] {processor.py:176} INFO - Processing /Users/hirenpatel/Documents/airflow_tutoral/py_env/lib/python3.8/site-packages/airflow/example_dags/example_bash_operator.py took 0.174 seconds
[2022-11-05T19:55:46.022+1300] {processor.py:154} INFO - Started process (PID=3428) to work on /Users/hirenpatel/Documents/airflow_tutoral/py_env/lib/python3.8/site-packages/airflow/example_dags/example_bash_operator.py
[2022-11-05T19:55:46.026+1300] {processor.py:756} INFO - Processing file /Users/hirenpatel/Documents/airflow_tutoral/py_env/lib/python3.8/site-packages/airflow/example_dags/example_bash_operator.py for tasks to queue
[2022-11-05T19:55:46.026+1300] {logging_mixin.py:120} INFO - [2022-11-05T19:55:46.026+1300] {dagbag.py:537} INFO - Filling up the DagBag from /Users/hirenpatel/Documents/airflow_tutoral/py_env/lib/python3.8/site-packages/airflow/example_dags/example_bash_operator.py
[2022-11-05T19:55:46.080+1300] {processor.py:766} INFO - DAG(s) dict_keys(['example_bash_operator']) retrieved from /Users/hirenpatel/Documents/airflow_tutoral/py_env/lib/python3.8/site-packages/airflow/example_dags/example_bash_operator.py
[2022-11-05T19:55:46.179+1300] {logging_mixin.py:120} INFO - [2022-11-05T19:55:46.178+1300] {dag.py:2585} INFO - Sync 1 DAGs
[2022-11-05T19:55:46.190+1300] {logging_mixin.py:120} INFO - [2022-11-05T19:55:46.190+1300] {dag.py:3336} INFO - Setting next_dagrun for example_bash_operator to 2022-11-04T00:00:00+00:00, run_after=2022-11-05T00:00:00+00:00
[2022-11-05T19:55:46.203+1300] {processor.py:176} INFO - Processing /Users/hirenpatel/Documents/airflow_tutoral/py_env/lib/python3.8/site-packages/airflow/example_dags/example_bash_operator.py took 0.181 seconds
[2022-11-05T19:59:03.141+1300] {processor.py:154} INFO - Started process (PID=3654) to work on /Users/hirenpatel/Documents/airflow_tutoral/py_env/lib/python3.8/site-packages/airflow/example_dags/example_bash_operator.py
[2022-11-05T19:59:03.145+1300] {processor.py:756} INFO - Processing file /Users/hirenpatel/Documents/airflow_tutoral/py_env/lib/python3.8/site-packages/airflow/example_dags/example_bash_operator.py for tasks to queue
[2022-11-05T19:59:03.145+1300] {logging_mixin.py:120} INFO - [2022-11-05T19:59:03.145+1300] {dagbag.py:537} INFO - Filling up the DagBag from /Users/hirenpatel/Documents/airflow_tutoral/py_env/lib/python3.8/site-packages/airflow/example_dags/example_bash_operator.py
[2022-11-05T19:59:03.197+1300] {processor.py:766} INFO - DAG(s) dict_keys(['example_bash_operator']) retrieved from /Users/hirenpatel/Documents/airflow_tutoral/py_env/lib/python3.8/site-packages/airflow/example_dags/example_bash_operator.py
[2022-11-05T19:59:03.295+1300] {logging_mixin.py:120} INFO - [2022-11-05T19:59:03.294+1300] {dag.py:2585} INFO - Sync 1 DAGs
[2022-11-05T19:59:03.305+1300] {logging_mixin.py:120} INFO - [2022-11-05T19:59:03.305+1300] {dag.py:3336} INFO - Setting next_dagrun for example_bash_operator to 2022-11-04T00:00:00+00:00, run_after=2022-11-05T00:00:00+00:00
[2022-11-05T19:59:03.319+1300] {processor.py:176} INFO - Processing /Users/hirenpatel/Documents/airflow_tutoral/py_env/lib/python3.8/site-packages/airflow/example_dags/example_bash_operator.py took 0.178 seconds
[2022-11-05T20:18:23.050+1300] {processor.py:154} INFO - Started process (PID=3957) to work on /Users/hirenpatel/Documents/airflow_tutoral/py_env/lib/python3.8/site-packages/airflow/example_dags/example_bash_operator.py
[2022-11-05T20:18:23.054+1300] {processor.py:756} INFO - Processing file /Users/hirenpatel/Documents/airflow_tutoral/py_env/lib/python3.8/site-packages/airflow/example_dags/example_bash_operator.py for tasks to queue
[2022-11-05T20:18:23.054+1300] {logging_mixin.py:120} INFO - [2022-11-05T20:18:23.054+1300] {dagbag.py:537} INFO - Filling up the DagBag from /Users/hirenpatel/Documents/airflow_tutoral/py_env/lib/python3.8/site-packages/airflow/example_dags/example_bash_operator.py
[2022-11-05T20:18:23.107+1300] {processor.py:766} INFO - DAG(s) dict_keys(['example_bash_operator']) retrieved from /Users/hirenpatel/Documents/airflow_tutoral/py_env/lib/python3.8/site-packages/airflow/example_dags/example_bash_operator.py
[2022-11-05T20:18:23.205+1300] {logging_mixin.py:120} INFO - [2022-11-05T20:18:23.205+1300] {dag.py:2585} INFO - Sync 1 DAGs
[2022-11-05T20:18:23.217+1300] {logging_mixin.py:120} INFO - [2022-11-05T20:18:23.216+1300] {dag.py:3336} INFO - Setting next_dagrun for example_bash_operator to 2022-11-04T00:00:00+00:00, run_after=2022-11-05T00:00:00+00:00
[2022-11-05T20:18:23.230+1300] {processor.py:176} INFO - Processing /Users/hirenpatel/Documents/airflow_tutoral/py_env/lib/python3.8/site-packages/airflow/example_dags/example_bash_operator.py took 0.180 seconds
[2022-11-05T20:49:08.964+1300] {processor.py:154} INFO - Started process (PID=4289) to work on /Users/hirenpatel/Documents/airflow_tutoral/py_env/lib/python3.8/site-packages/airflow/example_dags/example_bash_operator.py
[2022-11-05T20:49:08.968+1300] {processor.py:756} INFO - Processing file /Users/hirenpatel/Documents/airflow_tutoral/py_env/lib/python3.8/site-packages/airflow/example_dags/example_bash_operator.py for tasks to queue
[2022-11-05T20:49:08.969+1300] {logging_mixin.py:120} INFO - [2022-11-05T20:49:08.969+1300] {dagbag.py:537} INFO - Filling up the DagBag from /Users/hirenpatel/Documents/airflow_tutoral/py_env/lib/python3.8/site-packages/airflow/example_dags/example_bash_operator.py
[2022-11-05T20:49:09.080+1300] {processor.py:766} INFO - DAG(s) dict_keys(['example_bash_operator']) retrieved from /Users/hirenpatel/Documents/airflow_tutoral/py_env/lib/python3.8/site-packages/airflow/example_dags/example_bash_operator.py
[2022-11-05T20:49:09.216+1300] {logging_mixin.py:120} INFO - [2022-11-05T20:49:09.216+1300] {dag.py:2585} INFO - Sync 1 DAGs
[2022-11-05T20:49:09.228+1300] {logging_mixin.py:120} INFO - [2022-11-05T20:49:09.228+1300] {dag.py:3336} INFO - Setting next_dagrun for example_bash_operator to 2022-11-04T00:00:00+00:00, run_after=2022-11-05T00:00:00+00:00
[2022-11-05T20:49:09.244+1300] {processor.py:176} INFO - Processing /Users/hirenpatel/Documents/airflow_tutoral/py_env/lib/python3.8/site-packages/airflow/example_dags/example_bash_operator.py took 0.281 seconds
[2022-11-05T21:48:44.372+1300] {processor.py:154} INFO - Started process (PID=4714) to work on /Users/hirenpatel/Documents/airflow_tutoral/py_env/lib/python3.8/site-packages/airflow/example_dags/example_bash_operator.py
[2022-11-05T21:48:44.378+1300] {processor.py:756} INFO - Processing file /Users/hirenpatel/Documents/airflow_tutoral/py_env/lib/python3.8/site-packages/airflow/example_dags/example_bash_operator.py for tasks to queue
[2022-11-05T21:48:44.379+1300] {logging_mixin.py:120} INFO - [2022-11-05T21:48:44.379+1300] {dagbag.py:537} INFO - Filling up the DagBag from /Users/hirenpatel/Documents/airflow_tutoral/py_env/lib/python3.8/site-packages/airflow/example_dags/example_bash_operator.py
[2022-11-05T21:48:44.461+1300] {processor.py:766} INFO - DAG(s) dict_keys(['example_bash_operator']) retrieved from /Users/hirenpatel/Documents/airflow_tutoral/py_env/lib/python3.8/site-packages/airflow/example_dags/example_bash_operator.py
[2022-11-05T21:48:44.576+1300] {logging_mixin.py:120} INFO - [2022-11-05T21:48:44.575+1300] {dag.py:2585} INFO - Sync 1 DAGs
[2022-11-05T21:48:44.592+1300] {logging_mixin.py:120} INFO - [2022-11-05T21:48:44.592+1300] {dag.py:3336} INFO - Setting next_dagrun for example_bash_operator to 2022-11-04T00:00:00+00:00, run_after=2022-11-05T00:00:00+00:00
[2022-11-05T21:48:44.611+1300] {processor.py:176} INFO - Processing /Users/hirenpatel/Documents/airflow_tutoral/py_env/lib/python3.8/site-packages/airflow/example_dags/example_bash_operator.py took 0.240 seconds
[2022-11-05T23:09:44.314+1300] {processor.py:154} INFO - Started process (PID=5125) to work on /Users/hirenpatel/Documents/airflow_tutoral/py_env/lib/python3.8/site-packages/airflow/example_dags/example_bash_operator.py
[2022-11-05T23:09:44.318+1300] {processor.py:756} INFO - Processing file /Users/hirenpatel/Documents/airflow_tutoral/py_env/lib/python3.8/site-packages/airflow/example_dags/example_bash_operator.py for tasks to queue
[2022-11-05T23:09:44.318+1300] {logging_mixin.py:120} INFO - [2022-11-05T23:09:44.318+1300] {dagbag.py:537} INFO - Filling up the DagBag from /Users/hirenpatel/Documents/airflow_tutoral/py_env/lib/python3.8/site-packages/airflow/example_dags/example_bash_operator.py
[2022-11-05T23:09:44.372+1300] {processor.py:766} INFO - DAG(s) dict_keys(['example_bash_operator']) retrieved from /Users/hirenpatel/Documents/airflow_tutoral/py_env/lib/python3.8/site-packages/airflow/example_dags/example_bash_operator.py
[2022-11-05T23:09:44.473+1300] {logging_mixin.py:120} INFO - [2022-11-05T23:09:44.473+1300] {dag.py:2585} INFO - Sync 1 DAGs
[2022-11-05T23:09:44.484+1300] {logging_mixin.py:120} INFO - [2022-11-05T23:09:44.484+1300] {dag.py:3336} INFO - Setting next_dagrun for example_bash_operator to 2022-11-04T00:00:00+00:00, run_after=2022-11-05T00:00:00+00:00
[2022-11-05T23:09:44.498+1300] {processor.py:176} INFO - Processing /Users/hirenpatel/Documents/airflow_tutoral/py_env/lib/python3.8/site-packages/airflow/example_dags/example_bash_operator.py took 0.184 seconds
[2022-11-05T23:32:04.133+1300] {processor.py:154} INFO - Started process (PID=5417) to work on /Users/hirenpatel/Documents/airflow_tutoral/py_env/lib/python3.8/site-packages/airflow/example_dags/example_bash_operator.py
[2022-11-05T23:32:04.137+1300] {processor.py:756} INFO - Processing file /Users/hirenpatel/Documents/airflow_tutoral/py_env/lib/python3.8/site-packages/airflow/example_dags/example_bash_operator.py for tasks to queue
[2022-11-05T23:32:04.137+1300] {logging_mixin.py:120} INFO - [2022-11-05T23:32:04.137+1300] {dagbag.py:537} INFO - Filling up the DagBag from /Users/hirenpatel/Documents/airflow_tutoral/py_env/lib/python3.8/site-packages/airflow/example_dags/example_bash_operator.py
[2022-11-05T23:32:04.195+1300] {processor.py:766} INFO - DAG(s) dict_keys(['example_bash_operator']) retrieved from /Users/hirenpatel/Documents/airflow_tutoral/py_env/lib/python3.8/site-packages/airflow/example_dags/example_bash_operator.py
[2022-11-05T23:32:04.302+1300] {logging_mixin.py:120} INFO - [2022-11-05T23:32:04.302+1300] {dag.py:2585} INFO - Sync 1 DAGs
[2022-11-05T23:32:04.314+1300] {logging_mixin.py:120} INFO - [2022-11-05T23:32:04.314+1300] {dag.py:3336} INFO - Setting next_dagrun for example_bash_operator to 2022-11-04T00:00:00+00:00, run_after=2022-11-05T00:00:00+00:00
[2022-11-05T23:32:04.329+1300] {processor.py:176} INFO - Processing /Users/hirenpatel/Documents/airflow_tutoral/py_env/lib/python3.8/site-packages/airflow/example_dags/example_bash_operator.py took 0.196 seconds
[2022-11-06T00:51:51.735+1300] {processor.py:154} INFO - Started process (PID=5882) to work on /Users/hirenpatel/Documents/airflow_tutoral/py_env/lib/python3.8/site-packages/airflow/example_dags/example_bash_operator.py
[2022-11-06T00:51:51.739+1300] {processor.py:756} INFO - Processing file /Users/hirenpatel/Documents/airflow_tutoral/py_env/lib/python3.8/site-packages/airflow/example_dags/example_bash_operator.py for tasks to queue
[2022-11-06T00:51:51.739+1300] {logging_mixin.py:120} INFO - [2022-11-06T00:51:51.739+1300] {dagbag.py:537} INFO - Filling up the DagBag from /Users/hirenpatel/Documents/airflow_tutoral/py_env/lib/python3.8/site-packages/airflow/example_dags/example_bash_operator.py
[2022-11-06T00:51:51.833+1300] {processor.py:766} INFO - DAG(s) dict_keys(['example_bash_operator']) retrieved from /Users/hirenpatel/Documents/airflow_tutoral/py_env/lib/python3.8/site-packages/airflow/example_dags/example_bash_operator.py
[2022-11-06T00:51:51.956+1300] {logging_mixin.py:120} INFO - [2022-11-06T00:51:51.956+1300] {dag.py:2585} INFO - Sync 1 DAGs
[2022-11-06T00:51:51.969+1300] {logging_mixin.py:120} INFO - [2022-11-06T00:51:51.968+1300] {dag.py:3336} INFO - Setting next_dagrun for example_bash_operator to 2022-11-04T00:00:00+00:00, run_after=2022-11-05T00:00:00+00:00
[2022-11-06T00:51:51.993+1300] {processor.py:176} INFO - Processing /Users/hirenpatel/Documents/airflow_tutoral/py_env/lib/python3.8/site-packages/airflow/example_dags/example_bash_operator.py took 0.259 seconds
[2022-11-06T03:26:58.978+1300] {processor.py:154} INFO - Started process (PID=6327) to work on /Users/hirenpatel/Documents/airflow_tutoral/py_env/lib/python3.8/site-packages/airflow/example_dags/example_bash_operator.py
[2022-11-06T03:26:58.982+1300] {processor.py:756} INFO - Processing file /Users/hirenpatel/Documents/airflow_tutoral/py_env/lib/python3.8/site-packages/airflow/example_dags/example_bash_operator.py for tasks to queue
[2022-11-06T03:26:58.983+1300] {logging_mixin.py:120} INFO - [2022-11-06T03:26:58.983+1300] {dagbag.py:537} INFO - Filling up the DagBag from /Users/hirenpatel/Documents/airflow_tutoral/py_env/lib/python3.8/site-packages/airflow/example_dags/example_bash_operator.py
[2022-11-06T03:26:59.065+1300] {processor.py:766} INFO - DAG(s) dict_keys(['example_bash_operator']) retrieved from /Users/hirenpatel/Documents/airflow_tutoral/py_env/lib/python3.8/site-packages/airflow/example_dags/example_bash_operator.py
[2022-11-06T03:26:59.199+1300] {logging_mixin.py:120} INFO - [2022-11-06T03:26:59.199+1300] {dag.py:2585} INFO - Sync 1 DAGs
[2022-11-06T03:26:59.216+1300] {logging_mixin.py:120} INFO - [2022-11-06T03:26:59.216+1300] {dag.py:3336} INFO - Setting next_dagrun for example_bash_operator to 2022-11-04T00:00:00+00:00, run_after=2022-11-05T00:00:00+00:00
[2022-11-06T03:26:59.234+1300] {processor.py:176} INFO - Processing /Users/hirenpatel/Documents/airflow_tutoral/py_env/lib/python3.8/site-packages/airflow/example_dags/example_bash_operator.py took 0.255 seconds
[2022-11-06T06:26:01.698+1300] {processor.py:154} INFO - Started process (PID=6909) to work on /Users/hirenpatel/Documents/airflow_tutoral/py_env/lib/python3.8/site-packages/airflow/example_dags/example_bash_operator.py
[2022-11-06T06:26:01.703+1300] {processor.py:756} INFO - Processing file /Users/hirenpatel/Documents/airflow_tutoral/py_env/lib/python3.8/site-packages/airflow/example_dags/example_bash_operator.py for tasks to queue
[2022-11-06T06:26:01.703+1300] {logging_mixin.py:120} INFO - [2022-11-06T06:26:01.703+1300] {dagbag.py:537} INFO - Filling up the DagBag from /Users/hirenpatel/Documents/airflow_tutoral/py_env/lib/python3.8/site-packages/airflow/example_dags/example_bash_operator.py
[2022-11-06T06:26:01.773+1300] {processor.py:766} INFO - DAG(s) dict_keys(['example_bash_operator']) retrieved from /Users/hirenpatel/Documents/airflow_tutoral/py_env/lib/python3.8/site-packages/airflow/example_dags/example_bash_operator.py
[2022-11-06T06:26:01.900+1300] {logging_mixin.py:120} INFO - [2022-11-06T06:26:01.900+1300] {dag.py:2585} INFO - Sync 1 DAGs
[2022-11-06T06:26:01.916+1300] {logging_mixin.py:120} INFO - [2022-11-06T06:26:01.916+1300] {dag.py:3336} INFO - Setting next_dagrun for example_bash_operator to 2022-11-04T00:00:00+00:00, run_after=2022-11-05T00:00:00+00:00
[2022-11-06T06:26:01.934+1300] {processor.py:176} INFO - Processing /Users/hirenpatel/Documents/airflow_tutoral/py_env/lib/python3.8/site-packages/airflow/example_dags/example_bash_operator.py took 0.237 seconds
[2022-11-06T08:50:04.383+1300] {processor.py:154} INFO - Started process (PID=7389) to work on /Users/hirenpatel/Documents/airflow_tutoral/py_env/lib/python3.8/site-packages/airflow/example_dags/example_bash_operator.py
[2022-11-06T08:50:04.394+1300] {processor.py:756} INFO - Processing file /Users/hirenpatel/Documents/airflow_tutoral/py_env/lib/python3.8/site-packages/airflow/example_dags/example_bash_operator.py for tasks to queue
[2022-11-06T08:50:04.394+1300] {logging_mixin.py:120} INFO - [2022-11-06T08:50:04.394+1300] {dagbag.py:537} INFO - Filling up the DagBag from /Users/hirenpatel/Documents/airflow_tutoral/py_env/lib/python3.8/site-packages/airflow/example_dags/example_bash_operator.py
[2022-11-06T08:50:04.524+1300] {processor.py:766} INFO - DAG(s) dict_keys(['example_bash_operator']) retrieved from /Users/hirenpatel/Documents/airflow_tutoral/py_env/lib/python3.8/site-packages/airflow/example_dags/example_bash_operator.py
[2022-11-06T08:50:04.753+1300] {logging_mixin.py:120} INFO - [2022-11-06T08:50:04.753+1300] {dag.py:2585} INFO - Sync 1 DAGs
[2022-11-06T08:50:04.776+1300] {logging_mixin.py:120} INFO - [2022-11-06T08:50:04.776+1300] {dag.py:3336} INFO - Setting next_dagrun for example_bash_operator to 2022-11-04T00:00:00+00:00, run_after=2022-11-05T00:00:00+00:00
[2022-11-06T08:50:04.800+1300] {processor.py:176} INFO - Processing /Users/hirenpatel/Documents/airflow_tutoral/py_env/lib/python3.8/site-packages/airflow/example_dags/example_bash_operator.py took 0.419 seconds
[2022-11-06T10:05:50.285+1300] {processor.py:154} INFO - Started process (PID=7788) to work on /Users/hirenpatel/Documents/airflow_tutoral/py_env/lib/python3.8/site-packages/airflow/example_dags/example_bash_operator.py
[2022-11-06T10:05:50.297+1300] {processor.py:756} INFO - Processing file /Users/hirenpatel/Documents/airflow_tutoral/py_env/lib/python3.8/site-packages/airflow/example_dags/example_bash_operator.py for tasks to queue
[2022-11-06T10:05:50.297+1300] {logging_mixin.py:120} INFO - [2022-11-06T10:05:50.297+1300] {dagbag.py:537} INFO - Filling up the DagBag from /Users/hirenpatel/Documents/airflow_tutoral/py_env/lib/python3.8/site-packages/airflow/example_dags/example_bash_operator.py
[2022-11-06T10:05:50.432+1300] {processor.py:766} INFO - DAG(s) dict_keys(['example_bash_operator']) retrieved from /Users/hirenpatel/Documents/airflow_tutoral/py_env/lib/python3.8/site-packages/airflow/example_dags/example_bash_operator.py
[2022-11-06T10:05:50.634+1300] {logging_mixin.py:120} INFO - [2022-11-06T10:05:50.634+1300] {dag.py:2585} INFO - Sync 1 DAGs
[2022-11-06T10:05:50.652+1300] {logging_mixin.py:120} INFO - [2022-11-06T10:05:50.652+1300] {dag.py:3336} INFO - Setting next_dagrun for example_bash_operator to 2022-11-04T00:00:00+00:00, run_after=2022-11-05T00:00:00+00:00
[2022-11-06T10:05:50.745+1300] {processor.py:176} INFO - Processing /Users/hirenpatel/Documents/airflow_tutoral/py_env/lib/python3.8/site-packages/airflow/example_dags/example_bash_operator.py took 0.463 seconds
[2022-11-06T10:42:46.653+1300] {processor.py:154} INFO - Started process (PID=8211) to work on /Users/hirenpatel/Documents/airflow_tutoral/py_env/lib/python3.8/site-packages/airflow/example_dags/example_bash_operator.py
[2022-11-06T10:42:46.658+1300] {processor.py:756} INFO - Processing file /Users/hirenpatel/Documents/airflow_tutoral/py_env/lib/python3.8/site-packages/airflow/example_dags/example_bash_operator.py for tasks to queue
[2022-11-06T10:42:46.658+1300] {logging_mixin.py:120} INFO - [2022-11-06T10:42:46.658+1300] {dagbag.py:537} INFO - Filling up the DagBag from /Users/hirenpatel/Documents/airflow_tutoral/py_env/lib/python3.8/site-packages/airflow/example_dags/example_bash_operator.py
[2022-11-06T10:42:46.711+1300] {processor.py:766} INFO - DAG(s) dict_keys(['example_bash_operator']) retrieved from /Users/hirenpatel/Documents/airflow_tutoral/py_env/lib/python3.8/site-packages/airflow/example_dags/example_bash_operator.py
[2022-11-06T10:42:46.807+1300] {logging_mixin.py:120} INFO - [2022-11-06T10:42:46.807+1300] {dag.py:2585} INFO - Sync 1 DAGs
[2022-11-06T10:42:46.818+1300] {logging_mixin.py:120} INFO - [2022-11-06T10:42:46.818+1300] {dag.py:3336} INFO - Setting next_dagrun for example_bash_operator to 2022-11-04T00:00:00+00:00, run_after=2022-11-05T00:00:00+00:00
[2022-11-06T10:42:46.831+1300] {processor.py:176} INFO - Processing /Users/hirenpatel/Documents/airflow_tutoral/py_env/lib/python3.8/site-packages/airflow/example_dags/example_bash_operator.py took 0.177 seconds
[2022-11-06T11:29:40.956+1300] {processor.py:154} INFO - Started process (PID=8560) to work on /Users/hirenpatel/Documents/airflow_tutoral/py_env/lib/python3.8/site-packages/airflow/example_dags/example_bash_operator.py
[2022-11-06T11:29:40.960+1300] {processor.py:756} INFO - Processing file /Users/hirenpatel/Documents/airflow_tutoral/py_env/lib/python3.8/site-packages/airflow/example_dags/example_bash_operator.py for tasks to queue
[2022-11-06T11:29:40.960+1300] {logging_mixin.py:120} INFO - [2022-11-06T11:29:40.960+1300] {dagbag.py:537} INFO - Filling up the DagBag from /Users/hirenpatel/Documents/airflow_tutoral/py_env/lib/python3.8/site-packages/airflow/example_dags/example_bash_operator.py
[2022-11-06T11:29:41.013+1300] {processor.py:766} INFO - DAG(s) dict_keys(['example_bash_operator']) retrieved from /Users/hirenpatel/Documents/airflow_tutoral/py_env/lib/python3.8/site-packages/airflow/example_dags/example_bash_operator.py
[2022-11-06T11:29:41.111+1300] {logging_mixin.py:120} INFO - [2022-11-06T11:29:41.110+1300] {dag.py:2585} INFO - Sync 1 DAGs
[2022-11-06T11:29:41.123+1300] {logging_mixin.py:120} INFO - [2022-11-06T11:29:41.123+1300] {dag.py:3336} INFO - Setting next_dagrun for example_bash_operator to 2022-11-04T00:00:00+00:00, run_after=2022-11-05T00:00:00+00:00
[2022-11-06T11:29:41.145+1300] {processor.py:176} INFO - Processing /Users/hirenpatel/Documents/airflow_tutoral/py_env/lib/python3.8/site-packages/airflow/example_dags/example_bash_operator.py took 0.190 seconds
