[2022-11-05T13:13:08.195+1300] {processor.py:154} INFO - Started process (PID=93789) to work on /Users/hirenpatel/Documents/airflow_tutoral/py_env/lib/python3.8/site-packages/airflow/example_dags/example_branch_python_dop_operator_3.py
[2022-11-05T13:13:08.199+1300] {processor.py:756} INFO - Processing file /Users/hirenpatel/Documents/airflow_tutoral/py_env/lib/python3.8/site-packages/airflow/example_dags/example_branch_python_dop_operator_3.py for tasks to queue
[2022-11-05T13:13:08.199+1300] {logging_mixin.py:120} INFO - [2022-11-05T13:13:08.199+1300] {dagbag.py:537} INFO - Filling up the DagBag from /Users/hirenpatel/Documents/airflow_tutoral/py_env/lib/python3.8/site-packages/airflow/example_dags/example_branch_python_dop_operator_3.py
[2022-11-05T13:13:08.244+1300] {processor.py:766} INFO - DAG(s) dict_keys(['example_branch_dop_operator_v3']) retrieved from /Users/hirenpatel/Documents/airflow_tutoral/py_env/lib/python3.8/site-packages/airflow/example_dags/example_branch_python_dop_operator_3.py
[2022-11-05T13:13:08.357+1300] {logging_mixin.py:120} INFO - [2022-11-05T13:13:08.357+1300] {dag.py:2585} INFO - Sync 1 DAGs
[2022-11-05T13:13:08.370+1300] {logging_mixin.py:120} INFO - [2022-11-05T13:13:08.370+1300] {dag.py:3336} INFO - Setting next_dagrun for example_branch_dop_operator_v3 to 2022-11-05T00:12:00+00:00, run_after=2022-11-05T00:13:00+00:00
[2022-11-05T13:13:08.396+1300] {processor.py:176} INFO - Processing /Users/hirenpatel/Documents/airflow_tutoral/py_env/lib/python3.8/site-packages/airflow/example_dags/example_branch_python_dop_operator_3.py took 0.201 seconds
[2022-11-05T13:16:13.193+1300] {processor.py:154} INFO - Started process (PID=94077) to work on /Users/hirenpatel/Documents/airflow_tutoral/py_env/lib/python3.8/site-packages/airflow/example_dags/example_branch_python_dop_operator_3.py
[2022-11-05T13:16:13.197+1300] {processor.py:756} INFO - Processing file /Users/hirenpatel/Documents/airflow_tutoral/py_env/lib/python3.8/site-packages/airflow/example_dags/example_branch_python_dop_operator_3.py for tasks to queue
[2022-11-05T13:16:13.197+1300] {logging_mixin.py:120} INFO - [2022-11-05T13:16:13.197+1300] {dagbag.py:537} INFO - Filling up the DagBag from /Users/hirenpatel/Documents/airflow_tutoral/py_env/lib/python3.8/site-packages/airflow/example_dags/example_branch_python_dop_operator_3.py
[2022-11-05T13:16:13.235+1300] {processor.py:766} INFO - DAG(s) dict_keys(['example_branch_dop_operator_v3']) retrieved from /Users/hirenpatel/Documents/airflow_tutoral/py_env/lib/python3.8/site-packages/airflow/example_dags/example_branch_python_dop_operator_3.py
[2022-11-05T13:16:13.336+1300] {logging_mixin.py:120} INFO - [2022-11-05T13:16:13.336+1300] {dag.py:2585} INFO - Sync 1 DAGs
[2022-11-05T13:16:13.350+1300] {logging_mixin.py:120} INFO - [2022-11-05T13:16:13.350+1300] {dag.py:3336} INFO - Setting next_dagrun for example_branch_dop_operator_v3 to 2022-11-05T00:15:00+00:00, run_after=2022-11-05T00:16:00+00:00
[2022-11-05T13:16:13.362+1300] {processor.py:176} INFO - Processing /Users/hirenpatel/Documents/airflow_tutoral/py_env/lib/python3.8/site-packages/airflow/example_dags/example_branch_python_dop_operator_3.py took 0.169 seconds
[2022-11-05T13:19:52.886+1300] {processor.py:154} INFO - Started process (PID=94245) to work on /Users/hirenpatel/Documents/airflow_tutoral/py_env/lib/python3.8/site-packages/airflow/example_dags/example_branch_python_dop_operator_3.py
[2022-11-05T13:19:52.890+1300] {processor.py:756} INFO - Processing file /Users/hirenpatel/Documents/airflow_tutoral/py_env/lib/python3.8/site-packages/airflow/example_dags/example_branch_python_dop_operator_3.py for tasks to queue
[2022-11-05T13:19:52.890+1300] {logging_mixin.py:120} INFO - [2022-11-05T13:19:52.890+1300] {dagbag.py:537} INFO - Filling up the DagBag from /Users/hirenpatel/Documents/airflow_tutoral/py_env/lib/python3.8/site-packages/airflow/example_dags/example_branch_python_dop_operator_3.py
[2022-11-05T13:19:52.932+1300] {processor.py:766} INFO - DAG(s) dict_keys(['example_branch_dop_operator_v3']) retrieved from /Users/hirenpatel/Documents/airflow_tutoral/py_env/lib/python3.8/site-packages/airflow/example_dags/example_branch_python_dop_operator_3.py
[2022-11-05T13:19:53.047+1300] {logging_mixin.py:120} INFO - [2022-11-05T13:19:53.047+1300] {dag.py:2585} INFO - Sync 1 DAGs
[2022-11-05T13:19:53.061+1300] {logging_mixin.py:120} INFO - [2022-11-05T13:19:53.061+1300] {dag.py:3336} INFO - Setting next_dagrun for example_branch_dop_operator_v3 to 2022-11-05T00:18:00+00:00, run_after=2022-11-05T00:19:00+00:00
[2022-11-05T13:19:53.075+1300] {processor.py:176} INFO - Processing /Users/hirenpatel/Documents/airflow_tutoral/py_env/lib/python3.8/site-packages/airflow/example_dags/example_branch_python_dop_operator_3.py took 0.189 seconds
[2022-11-05T13:23:42.791+1300] {processor.py:154} INFO - Started process (PID=94506) to work on /Users/hirenpatel/Documents/airflow_tutoral/py_env/lib/python3.8/site-packages/airflow/example_dags/example_branch_python_dop_operator_3.py
[2022-11-05T13:23:42.795+1300] {processor.py:756} INFO - Processing file /Users/hirenpatel/Documents/airflow_tutoral/py_env/lib/python3.8/site-packages/airflow/example_dags/example_branch_python_dop_operator_3.py for tasks to queue
[2022-11-05T13:23:42.795+1300] {logging_mixin.py:120} INFO - [2022-11-05T13:23:42.795+1300] {dagbag.py:537} INFO - Filling up the DagBag from /Users/hirenpatel/Documents/airflow_tutoral/py_env/lib/python3.8/site-packages/airflow/example_dags/example_branch_python_dop_operator_3.py
[2022-11-05T13:23:42.836+1300] {processor.py:766} INFO - DAG(s) dict_keys(['example_branch_dop_operator_v3']) retrieved from /Users/hirenpatel/Documents/airflow_tutoral/py_env/lib/python3.8/site-packages/airflow/example_dags/example_branch_python_dop_operator_3.py
[2022-11-05T13:23:42.987+1300] {logging_mixin.py:120} INFO - [2022-11-05T13:23:42.987+1300] {dag.py:2585} INFO - Sync 1 DAGs
[2022-11-05T13:23:43.003+1300] {logging_mixin.py:120} INFO - [2022-11-05T13:23:43.003+1300] {dag.py:3336} INFO - Setting next_dagrun for example_branch_dop_operator_v3 to 2022-11-05T00:22:00+00:00, run_after=2022-11-05T00:23:00+00:00
[2022-11-05T13:23:43.026+1300] {processor.py:176} INFO - Processing /Users/hirenpatel/Documents/airflow_tutoral/py_env/lib/python3.8/site-packages/airflow/example_dags/example_branch_python_dop_operator_3.py took 0.235 seconds
[2022-11-05T13:34:39.206+1300] {processor.py:154} INFO - Started process (PID=94738) to work on /Users/hirenpatel/Documents/airflow_tutoral/py_env/lib/python3.8/site-packages/airflow/example_dags/example_branch_python_dop_operator_3.py
[2022-11-05T13:34:39.211+1300] {processor.py:756} INFO - Processing file /Users/hirenpatel/Documents/airflow_tutoral/py_env/lib/python3.8/site-packages/airflow/example_dags/example_branch_python_dop_operator_3.py for tasks to queue
[2022-11-05T13:34:39.211+1300] {logging_mixin.py:120} INFO - [2022-11-05T13:34:39.211+1300] {dagbag.py:537} INFO - Filling up the DagBag from /Users/hirenpatel/Documents/airflow_tutoral/py_env/lib/python3.8/site-packages/airflow/example_dags/example_branch_python_dop_operator_3.py
[2022-11-05T13:34:39.255+1300] {processor.py:766} INFO - DAG(s) dict_keys(['example_branch_dop_operator_v3']) retrieved from /Users/hirenpatel/Documents/airflow_tutoral/py_env/lib/python3.8/site-packages/airflow/example_dags/example_branch_python_dop_operator_3.py
[2022-11-05T13:34:39.366+1300] {logging_mixin.py:120} INFO - [2022-11-05T13:34:39.366+1300] {dag.py:2585} INFO - Sync 1 DAGs
[2022-11-05T13:34:39.379+1300] {logging_mixin.py:120} INFO - [2022-11-05T13:34:39.379+1300] {dag.py:3336} INFO - Setting next_dagrun for example_branch_dop_operator_v3 to 2022-11-05T00:33:00+00:00, run_after=2022-11-05T00:34:00+00:00
[2022-11-05T13:34:39.392+1300] {processor.py:176} INFO - Processing /Users/hirenpatel/Documents/airflow_tutoral/py_env/lib/python3.8/site-packages/airflow/example_dags/example_branch_python_dop_operator_3.py took 0.187 seconds
[2022-11-05T13:55:59.331+1300] {processor.py:154} INFO - Started process (PID=95029) to work on /Users/hirenpatel/Documents/airflow_tutoral/py_env/lib/python3.8/site-packages/airflow/example_dags/example_branch_python_dop_operator_3.py
[2022-11-05T13:55:59.335+1300] {processor.py:756} INFO - Processing file /Users/hirenpatel/Documents/airflow_tutoral/py_env/lib/python3.8/site-packages/airflow/example_dags/example_branch_python_dop_operator_3.py for tasks to queue
[2022-11-05T13:55:59.335+1300] {logging_mixin.py:120} INFO - [2022-11-05T13:55:59.335+1300] {dagbag.py:537} INFO - Filling up the DagBag from /Users/hirenpatel/Documents/airflow_tutoral/py_env/lib/python3.8/site-packages/airflow/example_dags/example_branch_python_dop_operator_3.py
[2022-11-05T13:55:59.375+1300] {processor.py:766} INFO - DAG(s) dict_keys(['example_branch_dop_operator_v3']) retrieved from /Users/hirenpatel/Documents/airflow_tutoral/py_env/lib/python3.8/site-packages/airflow/example_dags/example_branch_python_dop_operator_3.py
[2022-11-05T13:55:59.483+1300] {logging_mixin.py:120} INFO - [2022-11-05T13:55:59.483+1300] {dag.py:2585} INFO - Sync 1 DAGs
[2022-11-05T13:55:59.497+1300] {logging_mixin.py:120} INFO - [2022-11-05T13:55:59.497+1300] {dag.py:3336} INFO - Setting next_dagrun for example_branch_dop_operator_v3 to 2022-11-05T00:54:00+00:00, run_after=2022-11-05T00:55:00+00:00
[2022-11-05T13:55:59.511+1300] {processor.py:176} INFO - Processing /Users/hirenpatel/Documents/airflow_tutoral/py_env/lib/python3.8/site-packages/airflow/example_dags/example_branch_python_dop_operator_3.py took 0.180 seconds
[2022-11-05T14:13:22.139+1300] {processor.py:154} INFO - Started process (PID=95355) to work on /Users/hirenpatel/Documents/airflow_tutoral/py_env/lib/python3.8/site-packages/airflow/example_dags/example_branch_python_dop_operator_3.py
[2022-11-05T14:13:22.143+1300] {processor.py:756} INFO - Processing file /Users/hirenpatel/Documents/airflow_tutoral/py_env/lib/python3.8/site-packages/airflow/example_dags/example_branch_python_dop_operator_3.py for tasks to queue
[2022-11-05T14:13:22.144+1300] {logging_mixin.py:120} INFO - [2022-11-05T14:13:22.144+1300] {dagbag.py:537} INFO - Filling up the DagBag from /Users/hirenpatel/Documents/airflow_tutoral/py_env/lib/python3.8/site-packages/airflow/example_dags/example_branch_python_dop_operator_3.py
[2022-11-05T14:13:22.198+1300] {processor.py:766} INFO - DAG(s) dict_keys(['example_branch_dop_operator_v3']) retrieved from /Users/hirenpatel/Documents/airflow_tutoral/py_env/lib/python3.8/site-packages/airflow/example_dags/example_branch_python_dop_operator_3.py
[2022-11-05T14:13:22.332+1300] {logging_mixin.py:120} INFO - [2022-11-05T14:13:22.332+1300] {dag.py:2585} INFO - Sync 1 DAGs
[2022-11-05T14:13:22.349+1300] {logging_mixin.py:120} INFO - [2022-11-05T14:13:22.348+1300] {dag.py:3336} INFO - Setting next_dagrun for example_branch_dop_operator_v3 to 2022-11-05T01:12:00+00:00, run_after=2022-11-05T01:13:00+00:00
[2022-11-05T14:13:22.363+1300] {processor.py:176} INFO - Processing /Users/hirenpatel/Documents/airflow_tutoral/py_env/lib/python3.8/site-packages/airflow/example_dags/example_branch_python_dop_operator_3.py took 0.225 seconds
[2022-11-05T14:23:27.967+1300] {processor.py:154} INFO - Started process (PID=95651) to work on /Users/hirenpatel/Documents/airflow_tutoral/py_env/lib/python3.8/site-packages/airflow/example_dags/example_branch_python_dop_operator_3.py
[2022-11-05T14:23:27.971+1300] {processor.py:756} INFO - Processing file /Users/hirenpatel/Documents/airflow_tutoral/py_env/lib/python3.8/site-packages/airflow/example_dags/example_branch_python_dop_operator_3.py for tasks to queue
[2022-11-05T14:23:27.972+1300] {logging_mixin.py:120} INFO - [2022-11-05T14:23:27.972+1300] {dagbag.py:537} INFO - Filling up the DagBag from /Users/hirenpatel/Documents/airflow_tutoral/py_env/lib/python3.8/site-packages/airflow/example_dags/example_branch_python_dop_operator_3.py
[2022-11-05T14:23:28.011+1300] {processor.py:766} INFO - DAG(s) dict_keys(['example_branch_dop_operator_v3']) retrieved from /Users/hirenpatel/Documents/airflow_tutoral/py_env/lib/python3.8/site-packages/airflow/example_dags/example_branch_python_dop_operator_3.py
[2022-11-05T14:23:28.122+1300] {logging_mixin.py:120} INFO - [2022-11-05T14:23:28.122+1300] {dag.py:2585} INFO - Sync 1 DAGs
[2022-11-05T14:23:28.136+1300] {logging_mixin.py:120} INFO - [2022-11-05T14:23:28.136+1300] {dag.py:3336} INFO - Setting next_dagrun for example_branch_dop_operator_v3 to 2022-11-05T01:22:00+00:00, run_after=2022-11-05T01:23:00+00:00
[2022-11-05T14:23:28.152+1300] {processor.py:176} INFO - Processing /Users/hirenpatel/Documents/airflow_tutoral/py_env/lib/python3.8/site-packages/airflow/example_dags/example_branch_python_dop_operator_3.py took 0.185 seconds
[2022-11-05T14:32:59.363+1300] {processor.py:154} INFO - Started process (PID=95885) to work on /Users/hirenpatel/Documents/airflow_tutoral/py_env/lib/python3.8/site-packages/airflow/example_dags/example_branch_python_dop_operator_3.py
[2022-11-05T14:32:59.368+1300] {processor.py:756} INFO - Processing file /Users/hirenpatel/Documents/airflow_tutoral/py_env/lib/python3.8/site-packages/airflow/example_dags/example_branch_python_dop_operator_3.py for tasks to queue
[2022-11-05T14:32:59.368+1300] {logging_mixin.py:120} INFO - [2022-11-05T14:32:59.368+1300] {dagbag.py:537} INFO - Filling up the DagBag from /Users/hirenpatel/Documents/airflow_tutoral/py_env/lib/python3.8/site-packages/airflow/example_dags/example_branch_python_dop_operator_3.py
[2022-11-05T14:32:59.413+1300] {processor.py:766} INFO - DAG(s) dict_keys(['example_branch_dop_operator_v3']) retrieved from /Users/hirenpatel/Documents/airflow_tutoral/py_env/lib/python3.8/site-packages/airflow/example_dags/example_branch_python_dop_operator_3.py
[2022-11-05T14:32:59.523+1300] {logging_mixin.py:120} INFO - [2022-11-05T14:32:59.523+1300] {dag.py:2585} INFO - Sync 1 DAGs
[2022-11-05T14:32:59.536+1300] {logging_mixin.py:120} INFO - [2022-11-05T14:32:59.536+1300] {dag.py:3336} INFO - Setting next_dagrun for example_branch_dop_operator_v3 to 2022-11-05T01:31:00+00:00, run_after=2022-11-05T01:32:00+00:00
[2022-11-05T14:32:59.551+1300] {processor.py:176} INFO - Processing /Users/hirenpatel/Documents/airflow_tutoral/py_env/lib/python3.8/site-packages/airflow/example_dags/example_branch_python_dop_operator_3.py took 0.188 seconds
[2022-11-05T14:37:01.638+1300] {processor.py:154} INFO - Started process (PID=96115) to work on /Users/hirenpatel/Documents/airflow_tutoral/py_env/lib/python3.8/site-packages/airflow/example_dags/example_branch_python_dop_operator_3.py
[2022-11-05T14:37:01.642+1300] {processor.py:756} INFO - Processing file /Users/hirenpatel/Documents/airflow_tutoral/py_env/lib/python3.8/site-packages/airflow/example_dags/example_branch_python_dop_operator_3.py for tasks to queue
[2022-11-05T14:37:01.643+1300] {logging_mixin.py:120} INFO - [2022-11-05T14:37:01.643+1300] {dagbag.py:537} INFO - Filling up the DagBag from /Users/hirenpatel/Documents/airflow_tutoral/py_env/lib/python3.8/site-packages/airflow/example_dags/example_branch_python_dop_operator_3.py
[2022-11-05T14:37:01.684+1300] {processor.py:766} INFO - DAG(s) dict_keys(['example_branch_dop_operator_v3']) retrieved from /Users/hirenpatel/Documents/airflow_tutoral/py_env/lib/python3.8/site-packages/airflow/example_dags/example_branch_python_dop_operator_3.py
[2022-11-05T14:37:01.796+1300] {logging_mixin.py:120} INFO - [2022-11-05T14:37:01.796+1300] {dag.py:2585} INFO - Sync 1 DAGs
[2022-11-05T14:37:01.810+1300] {logging_mixin.py:120} INFO - [2022-11-05T14:37:01.810+1300] {dag.py:3336} INFO - Setting next_dagrun for example_branch_dop_operator_v3 to 2022-11-05T01:36:00+00:00, run_after=2022-11-05T01:37:00+00:00
[2022-11-05T14:37:01.825+1300] {processor.py:176} INFO - Processing /Users/hirenpatel/Documents/airflow_tutoral/py_env/lib/python3.8/site-packages/airflow/example_dags/example_branch_python_dop_operator_3.py took 0.188 seconds
[2022-11-05T14:42:59.134+1300] {processor.py:154} INFO - Started process (PID=96282) to work on /Users/hirenpatel/Documents/airflow_tutoral/py_env/lib/python3.8/site-packages/airflow/example_dags/example_branch_python_dop_operator_3.py
[2022-11-05T14:42:59.138+1300] {processor.py:756} INFO - Processing file /Users/hirenpatel/Documents/airflow_tutoral/py_env/lib/python3.8/site-packages/airflow/example_dags/example_branch_python_dop_operator_3.py for tasks to queue
[2022-11-05T14:42:59.138+1300] {logging_mixin.py:120} INFO - [2022-11-05T14:42:59.138+1300] {dagbag.py:537} INFO - Filling up the DagBag from /Users/hirenpatel/Documents/airflow_tutoral/py_env/lib/python3.8/site-packages/airflow/example_dags/example_branch_python_dop_operator_3.py
[2022-11-05T14:42:59.180+1300] {processor.py:766} INFO - DAG(s) dict_keys(['example_branch_dop_operator_v3']) retrieved from /Users/hirenpatel/Documents/airflow_tutoral/py_env/lib/python3.8/site-packages/airflow/example_dags/example_branch_python_dop_operator_3.py
[2022-11-05T14:42:59.289+1300] {logging_mixin.py:120} INFO - [2022-11-05T14:42:59.289+1300] {dag.py:2585} INFO - Sync 1 DAGs
[2022-11-05T14:42:59.302+1300] {logging_mixin.py:120} INFO - [2022-11-05T14:42:59.302+1300] {dag.py:3336} INFO - Setting next_dagrun for example_branch_dop_operator_v3 to 2022-11-05T01:41:00+00:00, run_after=2022-11-05T01:42:00+00:00
[2022-11-05T14:42:59.315+1300] {processor.py:176} INFO - Processing /Users/hirenpatel/Documents/airflow_tutoral/py_env/lib/python3.8/site-packages/airflow/example_dags/example_branch_python_dop_operator_3.py took 0.182 seconds
[2022-11-05T14:52:10.408+1300] {processor.py:154} INFO - Started process (PID=96569) to work on /Users/hirenpatel/Documents/airflow_tutoral/py_env/lib/python3.8/site-packages/airflow/example_dags/example_branch_python_dop_operator_3.py
[2022-11-05T14:52:10.411+1300] {processor.py:756} INFO - Processing file /Users/hirenpatel/Documents/airflow_tutoral/py_env/lib/python3.8/site-packages/airflow/example_dags/example_branch_python_dop_operator_3.py for tasks to queue
[2022-11-05T14:52:10.411+1300] {logging_mixin.py:120} INFO - [2022-11-05T14:52:10.411+1300] {dagbag.py:537} INFO - Filling up the DagBag from /Users/hirenpatel/Documents/airflow_tutoral/py_env/lib/python3.8/site-packages/airflow/example_dags/example_branch_python_dop_operator_3.py
[2022-11-05T14:52:10.453+1300] {processor.py:766} INFO - DAG(s) dict_keys(['example_branch_dop_operator_v3']) retrieved from /Users/hirenpatel/Documents/airflow_tutoral/py_env/lib/python3.8/site-packages/airflow/example_dags/example_branch_python_dop_operator_3.py
[2022-11-05T14:52:10.572+1300] {logging_mixin.py:120} INFO - [2022-11-05T14:52:10.572+1300] {dag.py:2585} INFO - Sync 1 DAGs
[2022-11-05T14:52:10.585+1300] {logging_mixin.py:120} INFO - [2022-11-05T14:52:10.585+1300] {dag.py:3336} INFO - Setting next_dagrun for example_branch_dop_operator_v3 to 2022-11-05T01:51:00+00:00, run_after=2022-11-05T01:52:00+00:00
[2022-11-05T14:52:10.599+1300] {processor.py:176} INFO - Processing /Users/hirenpatel/Documents/airflow_tutoral/py_env/lib/python3.8/site-packages/airflow/example_dags/example_branch_python_dop_operator_3.py took 0.192 seconds
[2022-11-05T15:05:01.921+1300] {processor.py:154} INFO - Started process (PID=96767) to work on /Users/hirenpatel/Documents/airflow_tutoral/py_env/lib/python3.8/site-packages/airflow/example_dags/example_branch_python_dop_operator_3.py
[2022-11-05T15:05:01.925+1300] {processor.py:756} INFO - Processing file /Users/hirenpatel/Documents/airflow_tutoral/py_env/lib/python3.8/site-packages/airflow/example_dags/example_branch_python_dop_operator_3.py for tasks to queue
[2022-11-05T15:05:01.925+1300] {logging_mixin.py:120} INFO - [2022-11-05T15:05:01.925+1300] {dagbag.py:537} INFO - Filling up the DagBag from /Users/hirenpatel/Documents/airflow_tutoral/py_env/lib/python3.8/site-packages/airflow/example_dags/example_branch_python_dop_operator_3.py
[2022-11-05T15:05:01.966+1300] {processor.py:766} INFO - DAG(s) dict_keys(['example_branch_dop_operator_v3']) retrieved from /Users/hirenpatel/Documents/airflow_tutoral/py_env/lib/python3.8/site-packages/airflow/example_dags/example_branch_python_dop_operator_3.py
[2022-11-05T15:05:02.076+1300] {logging_mixin.py:120} INFO - [2022-11-05T15:05:02.076+1300] {dag.py:2585} INFO - Sync 1 DAGs
[2022-11-05T15:05:02.089+1300] {logging_mixin.py:120} INFO - [2022-11-05T15:05:02.089+1300] {dag.py:3336} INFO - Setting next_dagrun for example_branch_dop_operator_v3 to 2022-11-05T02:04:00+00:00, run_after=2022-11-05T02:05:00+00:00
[2022-11-05T15:05:02.104+1300] {processor.py:176} INFO - Processing /Users/hirenpatel/Documents/airflow_tutoral/py_env/lib/python3.8/site-packages/airflow/example_dags/example_branch_python_dop_operator_3.py took 0.184 seconds
[2022-11-05T15:14:07.636+1300] {processor.py:154} INFO - Started process (PID=96946) to work on /Users/hirenpatel/Documents/airflow_tutoral/py_env/lib/python3.8/site-packages/airflow/example_dags/example_branch_python_dop_operator_3.py
[2022-11-05T15:14:07.640+1300] {processor.py:756} INFO - Processing file /Users/hirenpatel/Documents/airflow_tutoral/py_env/lib/python3.8/site-packages/airflow/example_dags/example_branch_python_dop_operator_3.py for tasks to queue
[2022-11-05T15:14:07.640+1300] {logging_mixin.py:120} INFO - [2022-11-05T15:14:07.640+1300] {dagbag.py:537} INFO - Filling up the DagBag from /Users/hirenpatel/Documents/airflow_tutoral/py_env/lib/python3.8/site-packages/airflow/example_dags/example_branch_python_dop_operator_3.py
[2022-11-05T15:14:07.682+1300] {processor.py:766} INFO - DAG(s) dict_keys(['example_branch_dop_operator_v3']) retrieved from /Users/hirenpatel/Documents/airflow_tutoral/py_env/lib/python3.8/site-packages/airflow/example_dags/example_branch_python_dop_operator_3.py
[2022-11-05T15:14:07.794+1300] {logging_mixin.py:120} INFO - [2022-11-05T15:14:07.793+1300] {dag.py:2585} INFO - Sync 1 DAGs
[2022-11-05T15:14:07.807+1300] {logging_mixin.py:120} INFO - [2022-11-05T15:14:07.807+1300] {dag.py:3336} INFO - Setting next_dagrun for example_branch_dop_operator_v3 to 2022-11-05T02:13:00+00:00, run_after=2022-11-05T02:14:00+00:00
[2022-11-05T15:14:07.821+1300] {processor.py:176} INFO - Processing /Users/hirenpatel/Documents/airflow_tutoral/py_env/lib/python3.8/site-packages/airflow/example_dags/example_branch_python_dop_operator_3.py took 0.185 seconds
[2022-11-05T15:17:16.735+1300] {processor.py:154} INFO - Started process (PID=97116) to work on /Users/hirenpatel/Documents/airflow_tutoral/py_env/lib/python3.8/site-packages/airflow/example_dags/example_branch_python_dop_operator_3.py
[2022-11-05T15:17:16.741+1300] {processor.py:756} INFO - Processing file /Users/hirenpatel/Documents/airflow_tutoral/py_env/lib/python3.8/site-packages/airflow/example_dags/example_branch_python_dop_operator_3.py for tasks to queue
[2022-11-05T15:17:16.741+1300] {logging_mixin.py:120} INFO - [2022-11-05T15:17:16.741+1300] {dagbag.py:537} INFO - Filling up the DagBag from /Users/hirenpatel/Documents/airflow_tutoral/py_env/lib/python3.8/site-packages/airflow/example_dags/example_branch_python_dop_operator_3.py
[2022-11-05T15:17:16.786+1300] {processor.py:766} INFO - DAG(s) dict_keys(['example_branch_dop_operator_v3']) retrieved from /Users/hirenpatel/Documents/airflow_tutoral/py_env/lib/python3.8/site-packages/airflow/example_dags/example_branch_python_dop_operator_3.py
[2022-11-05T15:17:16.923+1300] {logging_mixin.py:120} INFO - [2022-11-05T15:17:16.923+1300] {dag.py:2585} INFO - Sync 1 DAGs
[2022-11-05T15:17:16.937+1300] {logging_mixin.py:120} INFO - [2022-11-05T15:17:16.937+1300] {dag.py:3336} INFO - Setting next_dagrun for example_branch_dop_operator_v3 to 2022-11-05T02:16:00+00:00, run_after=2022-11-05T02:17:00+00:00
[2022-11-05T15:17:16.951+1300] {processor.py:176} INFO - Processing /Users/hirenpatel/Documents/airflow_tutoral/py_env/lib/python3.8/site-packages/airflow/example_dags/example_branch_python_dop_operator_3.py took 0.216 seconds
[2022-11-05T15:33:17.148+1300] {processor.py:154} INFO - Started process (PID=97329) to work on /Users/hirenpatel/Documents/airflow_tutoral/py_env/lib/python3.8/site-packages/airflow/example_dags/example_branch_python_dop_operator_3.py
[2022-11-05T15:33:17.152+1300] {processor.py:756} INFO - Processing file /Users/hirenpatel/Documents/airflow_tutoral/py_env/lib/python3.8/site-packages/airflow/example_dags/example_branch_python_dop_operator_3.py for tasks to queue
[2022-11-05T15:33:17.152+1300] {logging_mixin.py:120} INFO - [2022-11-05T15:33:17.152+1300] {dagbag.py:537} INFO - Filling up the DagBag from /Users/hirenpatel/Documents/airflow_tutoral/py_env/lib/python3.8/site-packages/airflow/example_dags/example_branch_python_dop_operator_3.py
[2022-11-05T15:33:17.197+1300] {processor.py:766} INFO - DAG(s) dict_keys(['example_branch_dop_operator_v3']) retrieved from /Users/hirenpatel/Documents/airflow_tutoral/py_env/lib/python3.8/site-packages/airflow/example_dags/example_branch_python_dop_operator_3.py
[2022-11-05T15:33:23.030+1300] {logging_mixin.py:120} INFO - [2022-11-05T15:33:23.030+1300] {dag.py:2585} INFO - Sync 1 DAGs
[2022-11-05T15:33:23.045+1300] {logging_mixin.py:120} INFO - [2022-11-05T15:33:23.045+1300] {dag.py:3336} INFO - Setting next_dagrun for example_branch_dop_operator_v3 to 2022-11-05T02:32:00+00:00, run_after=2022-11-05T02:33:00+00:00
[2022-11-05T15:33:23.059+1300] {processor.py:176} INFO - Processing /Users/hirenpatel/Documents/airflow_tutoral/py_env/lib/python3.8/site-packages/airflow/example_dags/example_branch_python_dop_operator_3.py took 0.476 seconds
[2022-11-05T15:51:58.496+1300] {processor.py:154} INFO - Started process (PID=97665) to work on /Users/hirenpatel/Documents/airflow_tutoral/py_env/lib/python3.8/site-packages/airflow/example_dags/example_branch_python_dop_operator_3.py
[2022-11-05T15:51:58.500+1300] {processor.py:756} INFO - Processing file /Users/hirenpatel/Documents/airflow_tutoral/py_env/lib/python3.8/site-packages/airflow/example_dags/example_branch_python_dop_operator_3.py for tasks to queue
[2022-11-05T15:51:58.500+1300] {logging_mixin.py:120} INFO - [2022-11-05T15:51:58.500+1300] {dagbag.py:537} INFO - Filling up the DagBag from /Users/hirenpatel/Documents/airflow_tutoral/py_env/lib/python3.8/site-packages/airflow/example_dags/example_branch_python_dop_operator_3.py
[2022-11-05T15:51:58.541+1300] {processor.py:766} INFO - DAG(s) dict_keys(['example_branch_dop_operator_v3']) retrieved from /Users/hirenpatel/Documents/airflow_tutoral/py_env/lib/python3.8/site-packages/airflow/example_dags/example_branch_python_dop_operator_3.py
[2022-11-05T15:51:58.653+1300] {logging_mixin.py:120} INFO - [2022-11-05T15:51:58.652+1300] {dag.py:2585} INFO - Sync 1 DAGs
[2022-11-05T15:51:58.667+1300] {logging_mixin.py:120} INFO - [2022-11-05T15:51:58.667+1300] {dag.py:3336} INFO - Setting next_dagrun for example_branch_dop_operator_v3 to 2022-11-05T02:50:00+00:00, run_after=2022-11-05T02:51:00+00:00
[2022-11-05T15:51:58.681+1300] {processor.py:176} INFO - Processing /Users/hirenpatel/Documents/airflow_tutoral/py_env/lib/python3.8/site-packages/airflow/example_dags/example_branch_python_dop_operator_3.py took 0.185 seconds
[2022-11-05T15:57:44.108+1300] {processor.py:154} INFO - Started process (PID=97923) to work on /Users/hirenpatel/Documents/airflow_tutoral/py_env/lib/python3.8/site-packages/airflow/example_dags/example_branch_python_dop_operator_3.py
[2022-11-05T15:57:44.112+1300] {processor.py:756} INFO - Processing file /Users/hirenpatel/Documents/airflow_tutoral/py_env/lib/python3.8/site-packages/airflow/example_dags/example_branch_python_dop_operator_3.py for tasks to queue
[2022-11-05T15:57:44.113+1300] {logging_mixin.py:120} INFO - [2022-11-05T15:57:44.112+1300] {dagbag.py:537} INFO - Filling up the DagBag from /Users/hirenpatel/Documents/airflow_tutoral/py_env/lib/python3.8/site-packages/airflow/example_dags/example_branch_python_dop_operator_3.py
[2022-11-05T15:57:44.154+1300] {processor.py:766} INFO - DAG(s) dict_keys(['example_branch_dop_operator_v3']) retrieved from /Users/hirenpatel/Documents/airflow_tutoral/py_env/lib/python3.8/site-packages/airflow/example_dags/example_branch_python_dop_operator_3.py
[2022-11-05T15:57:44.260+1300] {logging_mixin.py:120} INFO - [2022-11-05T15:57:44.260+1300] {dag.py:2585} INFO - Sync 1 DAGs
[2022-11-05T15:57:44.273+1300] {logging_mixin.py:120} INFO - [2022-11-05T15:57:44.273+1300] {dag.py:3336} INFO - Setting next_dagrun for example_branch_dop_operator_v3 to 2022-11-05T02:56:00+00:00, run_after=2022-11-05T02:57:00+00:00
[2022-11-05T15:57:44.287+1300] {processor.py:176} INFO - Processing /Users/hirenpatel/Documents/airflow_tutoral/py_env/lib/python3.8/site-packages/airflow/example_dags/example_branch_python_dop_operator_3.py took 0.179 seconds
[2022-11-05T16:09:18.248+1300] {processor.py:154} INFO - Started process (PID=98183) to work on /Users/hirenpatel/Documents/airflow_tutoral/py_env/lib/python3.8/site-packages/airflow/example_dags/example_branch_python_dop_operator_3.py
[2022-11-05T16:09:18.252+1300] {processor.py:756} INFO - Processing file /Users/hirenpatel/Documents/airflow_tutoral/py_env/lib/python3.8/site-packages/airflow/example_dags/example_branch_python_dop_operator_3.py for tasks to queue
[2022-11-05T16:09:18.253+1300] {logging_mixin.py:120} INFO - [2022-11-05T16:09:18.253+1300] {dagbag.py:537} INFO - Filling up the DagBag from /Users/hirenpatel/Documents/airflow_tutoral/py_env/lib/python3.8/site-packages/airflow/example_dags/example_branch_python_dop_operator_3.py
[2022-11-05T16:09:18.294+1300] {processor.py:766} INFO - DAG(s) dict_keys(['example_branch_dop_operator_v3']) retrieved from /Users/hirenpatel/Documents/airflow_tutoral/py_env/lib/python3.8/site-packages/airflow/example_dags/example_branch_python_dop_operator_3.py
[2022-11-05T16:09:18.402+1300] {logging_mixin.py:120} INFO - [2022-11-05T16:09:18.402+1300] {dag.py:2585} INFO - Sync 1 DAGs
[2022-11-05T16:09:18.415+1300] {logging_mixin.py:120} INFO - [2022-11-05T16:09:18.415+1300] {dag.py:3336} INFO - Setting next_dagrun for example_branch_dop_operator_v3 to 2022-11-05T03:08:00+00:00, run_after=2022-11-05T03:09:00+00:00
[2022-11-05T16:09:18.428+1300] {processor.py:176} INFO - Processing /Users/hirenpatel/Documents/airflow_tutoral/py_env/lib/python3.8/site-packages/airflow/example_dags/example_branch_python_dop_operator_3.py took 0.180 seconds
[2022-11-05T17:19:41.422+1300] {processor.py:154} INFO - Started process (PID=98586) to work on /Users/hirenpatel/Documents/airflow_tutoral/py_env/lib/python3.8/site-packages/airflow/example_dags/example_branch_python_dop_operator_3.py
[2022-11-05T17:19:41.427+1300] {processor.py:756} INFO - Processing file /Users/hirenpatel/Documents/airflow_tutoral/py_env/lib/python3.8/site-packages/airflow/example_dags/example_branch_python_dop_operator_3.py for tasks to queue
[2022-11-05T17:19:41.427+1300] {logging_mixin.py:120} INFO - [2022-11-05T17:19:41.427+1300] {dagbag.py:537} INFO - Filling up the DagBag from /Users/hirenpatel/Documents/airflow_tutoral/py_env/lib/python3.8/site-packages/airflow/example_dags/example_branch_python_dop_operator_3.py
[2022-11-05T17:19:41.517+1300] {processor.py:766} INFO - DAG(s) dict_keys(['example_branch_dop_operator_v3']) retrieved from /Users/hirenpatel/Documents/airflow_tutoral/py_env/lib/python3.8/site-packages/airflow/example_dags/example_branch_python_dop_operator_3.py
[2022-11-05T17:19:41.768+1300] {logging_mixin.py:120} INFO - [2022-11-05T17:19:41.767+1300] {dag.py:2585} INFO - Sync 1 DAGs
[2022-11-05T17:19:41.792+1300] {logging_mixin.py:120} INFO - [2022-11-05T17:19:41.792+1300] {dag.py:3336} INFO - Setting next_dagrun for example_branch_dop_operator_v3 to 2022-11-05T04:18:00+00:00, run_after=2022-11-05T04:19:00+00:00
[2022-11-05T17:19:41.858+1300] {processor.py:176} INFO - Processing /Users/hirenpatel/Documents/airflow_tutoral/py_env/lib/python3.8/site-packages/airflow/example_dags/example_branch_python_dop_operator_3.py took 0.437 seconds
[2022-11-05T17:33:44.595+1300] {processor.py:154} INFO - Started process (PID=98802) to work on /Users/hirenpatel/Documents/airflow_tutoral/py_env/lib/python3.8/site-packages/airflow/example_dags/example_branch_python_dop_operator_3.py
[2022-11-05T17:33:44.598+1300] {processor.py:756} INFO - Processing file /Users/hirenpatel/Documents/airflow_tutoral/py_env/lib/python3.8/site-packages/airflow/example_dags/example_branch_python_dop_operator_3.py for tasks to queue
[2022-11-05T17:33:44.599+1300] {logging_mixin.py:120} INFO - [2022-11-05T17:33:44.599+1300] {dagbag.py:537} INFO - Filling up the DagBag from /Users/hirenpatel/Documents/airflow_tutoral/py_env/lib/python3.8/site-packages/airflow/example_dags/example_branch_python_dop_operator_3.py
[2022-11-05T17:33:44.640+1300] {processor.py:766} INFO - DAG(s) dict_keys(['example_branch_dop_operator_v3']) retrieved from /Users/hirenpatel/Documents/airflow_tutoral/py_env/lib/python3.8/site-packages/airflow/example_dags/example_branch_python_dop_operator_3.py
[2022-11-05T17:33:44.749+1300] {logging_mixin.py:120} INFO - [2022-11-05T17:33:44.749+1300] {dag.py:2585} INFO - Sync 1 DAGs
[2022-11-05T17:33:44.762+1300] {logging_mixin.py:120} INFO - [2022-11-05T17:33:44.762+1300] {dag.py:3336} INFO - Setting next_dagrun for example_branch_dop_operator_v3 to 2022-11-05T04:32:00+00:00, run_after=2022-11-05T04:33:00+00:00
[2022-11-05T17:33:44.775+1300] {processor.py:176} INFO - Processing /Users/hirenpatel/Documents/airflow_tutoral/py_env/lib/python3.8/site-packages/airflow/example_dags/example_branch_python_dop_operator_3.py took 0.181 seconds
[2022-11-05T17:56:55.903+1300] {processor.py:154} INFO - Started process (PID=99018) to work on /Users/hirenpatel/Documents/airflow_tutoral/py_env/lib/python3.8/site-packages/airflow/example_dags/example_branch_python_dop_operator_3.py
[2022-11-05T17:56:55.907+1300] {processor.py:756} INFO - Processing file /Users/hirenpatel/Documents/airflow_tutoral/py_env/lib/python3.8/site-packages/airflow/example_dags/example_branch_python_dop_operator_3.py for tasks to queue
[2022-11-05T17:56:55.907+1300] {logging_mixin.py:120} INFO - [2022-11-05T17:56:55.907+1300] {dagbag.py:537} INFO - Filling up the DagBag from /Users/hirenpatel/Documents/airflow_tutoral/py_env/lib/python3.8/site-packages/airflow/example_dags/example_branch_python_dop_operator_3.py
[2022-11-05T17:56:55.949+1300] {processor.py:766} INFO - DAG(s) dict_keys(['example_branch_dop_operator_v3']) retrieved from /Users/hirenpatel/Documents/airflow_tutoral/py_env/lib/python3.8/site-packages/airflow/example_dags/example_branch_python_dop_operator_3.py
[2022-11-05T17:56:56.058+1300] {logging_mixin.py:120} INFO - [2022-11-05T17:56:56.058+1300] {dag.py:2585} INFO - Sync 1 DAGs
[2022-11-05T17:56:56.071+1300] {logging_mixin.py:120} INFO - [2022-11-05T17:56:56.071+1300] {dag.py:3336} INFO - Setting next_dagrun for example_branch_dop_operator_v3 to 2022-11-05T04:55:00+00:00, run_after=2022-11-05T04:56:00+00:00
[2022-11-05T17:56:56.098+1300] {processor.py:176} INFO - Processing /Users/hirenpatel/Documents/airflow_tutoral/py_env/lib/python3.8/site-packages/airflow/example_dags/example_branch_python_dop_operator_3.py took 0.195 seconds
[2022-11-05T18:01:50.198+1300] {processor.py:154} INFO - Started process (PID=99262) to work on /Users/hirenpatel/Documents/airflow_tutoral/py_env/lib/python3.8/site-packages/airflow/example_dags/example_branch_python_dop_operator_3.py
[2022-11-05T18:01:50.202+1300] {processor.py:756} INFO - Processing file /Users/hirenpatel/Documents/airflow_tutoral/py_env/lib/python3.8/site-packages/airflow/example_dags/example_branch_python_dop_operator_3.py for tasks to queue
[2022-11-05T18:01:50.202+1300] {logging_mixin.py:120} INFO - [2022-11-05T18:01:50.202+1300] {dagbag.py:537} INFO - Filling up the DagBag from /Users/hirenpatel/Documents/airflow_tutoral/py_env/lib/python3.8/site-packages/airflow/example_dags/example_branch_python_dop_operator_3.py
[2022-11-05T18:01:50.243+1300] {processor.py:766} INFO - DAG(s) dict_keys(['example_branch_dop_operator_v3']) retrieved from /Users/hirenpatel/Documents/airflow_tutoral/py_env/lib/python3.8/site-packages/airflow/example_dags/example_branch_python_dop_operator_3.py
[2022-11-05T18:01:50.364+1300] {logging_mixin.py:120} INFO - [2022-11-05T18:01:50.364+1300] {dag.py:2585} INFO - Sync 1 DAGs
[2022-11-05T18:01:50.379+1300] {logging_mixin.py:120} INFO - [2022-11-05T18:01:50.379+1300] {dag.py:3336} INFO - Setting next_dagrun for example_branch_dop_operator_v3 to 2022-11-05T05:00:00+00:00, run_after=2022-11-05T05:01:00+00:00
[2022-11-05T18:01:50.394+1300] {processor.py:176} INFO - Processing /Users/hirenpatel/Documents/airflow_tutoral/py_env/lib/python3.8/site-packages/airflow/example_dags/example_branch_python_dop_operator_3.py took 0.197 seconds
[2022-11-05T18:13:00.813+1300] {processor.py:154} INFO - Started process (PID=479) to work on /Users/hirenpatel/Documents/airflow_tutoral/py_env/lib/python3.8/site-packages/airflow/example_dags/example_branch_python_dop_operator_3.py
[2022-11-05T18:13:00.818+1300] {processor.py:756} INFO - Processing file /Users/hirenpatel/Documents/airflow_tutoral/py_env/lib/python3.8/site-packages/airflow/example_dags/example_branch_python_dop_operator_3.py for tasks to queue
[2022-11-05T18:13:00.818+1300] {logging_mixin.py:120} INFO - [2022-11-05T18:13:00.818+1300] {dagbag.py:537} INFO - Filling up the DagBag from /Users/hirenpatel/Documents/airflow_tutoral/py_env/lib/python3.8/site-packages/airflow/example_dags/example_branch_python_dop_operator_3.py
[2022-11-05T18:13:00.862+1300] {processor.py:766} INFO - DAG(s) dict_keys(['example_branch_dop_operator_v3']) retrieved from /Users/hirenpatel/Documents/airflow_tutoral/py_env/lib/python3.8/site-packages/airflow/example_dags/example_branch_python_dop_operator_3.py
[2022-11-05T18:13:00.974+1300] {logging_mixin.py:120} INFO - [2022-11-05T18:13:00.974+1300] {dag.py:2585} INFO - Sync 1 DAGs
[2022-11-05T18:13:00.988+1300] {logging_mixin.py:120} INFO - [2022-11-05T18:13:00.987+1300] {dag.py:3336} INFO - Setting next_dagrun for example_branch_dop_operator_v3 to 2022-11-05T05:12:00+00:00, run_after=2022-11-05T05:13:00+00:00
[2022-11-05T18:13:01.001+1300] {processor.py:176} INFO - Processing /Users/hirenpatel/Documents/airflow_tutoral/py_env/lib/python3.8/site-packages/airflow/example_dags/example_branch_python_dop_operator_3.py took 0.188 seconds
[2022-11-05T18:16:14.376+1300] {processor.py:154} INFO - Started process (PID=752) to work on /Users/hirenpatel/Documents/airflow_tutoral/py_env/lib/python3.8/site-packages/airflow/example_dags/example_branch_python_dop_operator_3.py
[2022-11-05T18:16:14.380+1300] {processor.py:756} INFO - Processing file /Users/hirenpatel/Documents/airflow_tutoral/py_env/lib/python3.8/site-packages/airflow/example_dags/example_branch_python_dop_operator_3.py for tasks to queue
[2022-11-05T18:16:14.380+1300] {logging_mixin.py:120} INFO - [2022-11-05T18:16:14.380+1300] {dagbag.py:537} INFO - Filling up the DagBag from /Users/hirenpatel/Documents/airflow_tutoral/py_env/lib/python3.8/site-packages/airflow/example_dags/example_branch_python_dop_operator_3.py
[2022-11-05T18:16:14.421+1300] {processor.py:766} INFO - DAG(s) dict_keys(['example_branch_dop_operator_v3']) retrieved from /Users/hirenpatel/Documents/airflow_tutoral/py_env/lib/python3.8/site-packages/airflow/example_dags/example_branch_python_dop_operator_3.py
[2022-11-05T18:16:14.527+1300] {logging_mixin.py:120} INFO - [2022-11-05T18:16:14.527+1300] {dag.py:2585} INFO - Sync 1 DAGs
[2022-11-05T18:16:14.544+1300] {logging_mixin.py:120} INFO - [2022-11-05T18:16:14.544+1300] {dag.py:3336} INFO - Setting next_dagrun for example_branch_dop_operator_v3 to 2022-11-05T05:15:00+00:00, run_after=2022-11-05T05:16:00+00:00
[2022-11-05T18:16:14.612+1300] {processor.py:176} INFO - Processing /Users/hirenpatel/Documents/airflow_tutoral/py_env/lib/python3.8/site-packages/airflow/example_dags/example_branch_python_dop_operator_3.py took 0.237 seconds
[2022-11-05T18:19:01.709+1300] {processor.py:154} INFO - Started process (PID=1017) to work on /Users/hirenpatel/Documents/airflow_tutoral/py_env/lib/python3.8/site-packages/airflow/example_dags/example_branch_python_dop_operator_3.py
[2022-11-05T18:19:01.713+1300] {processor.py:756} INFO - Processing file /Users/hirenpatel/Documents/airflow_tutoral/py_env/lib/python3.8/site-packages/airflow/example_dags/example_branch_python_dop_operator_3.py for tasks to queue
[2022-11-05T18:19:01.714+1300] {logging_mixin.py:120} INFO - [2022-11-05T18:19:01.714+1300] {dagbag.py:537} INFO - Filling up the DagBag from /Users/hirenpatel/Documents/airflow_tutoral/py_env/lib/python3.8/site-packages/airflow/example_dags/example_branch_python_dop_operator_3.py
[2022-11-05T18:19:01.757+1300] {processor.py:766} INFO - DAG(s) dict_keys(['example_branch_dop_operator_v3']) retrieved from /Users/hirenpatel/Documents/airflow_tutoral/py_env/lib/python3.8/site-packages/airflow/example_dags/example_branch_python_dop_operator_3.py
[2022-11-05T18:19:01.867+1300] {logging_mixin.py:120} INFO - [2022-11-05T18:19:01.866+1300] {dag.py:2585} INFO - Sync 1 DAGs
[2022-11-05T18:19:01.880+1300] {logging_mixin.py:120} INFO - [2022-11-05T18:19:01.880+1300] {dag.py:3336} INFO - Setting next_dagrun for example_branch_dop_operator_v3 to 2022-11-05T05:18:00+00:00, run_after=2022-11-05T05:19:00+00:00
[2022-11-05T18:19:01.894+1300] {processor.py:176} INFO - Processing /Users/hirenpatel/Documents/airflow_tutoral/py_env/lib/python3.8/site-packages/airflow/example_dags/example_branch_python_dop_operator_3.py took 0.185 seconds
[2022-11-05T18:40:52.255+1300] {processor.py:154} INFO - Started process (PID=1330) to work on /Users/hirenpatel/Documents/airflow_tutoral/py_env/lib/python3.8/site-packages/airflow/example_dags/example_branch_python_dop_operator_3.py
[2022-11-05T18:40:52.259+1300] {processor.py:756} INFO - Processing file /Users/hirenpatel/Documents/airflow_tutoral/py_env/lib/python3.8/site-packages/airflow/example_dags/example_branch_python_dop_operator_3.py for tasks to queue
[2022-11-05T18:40:52.259+1300] {logging_mixin.py:120} INFO - [2022-11-05T18:40:52.259+1300] {dagbag.py:537} INFO - Filling up the DagBag from /Users/hirenpatel/Documents/airflow_tutoral/py_env/lib/python3.8/site-packages/airflow/example_dags/example_branch_python_dop_operator_3.py
[2022-11-05T18:40:52.301+1300] {processor.py:766} INFO - DAG(s) dict_keys(['example_branch_dop_operator_v3']) retrieved from /Users/hirenpatel/Documents/airflow_tutoral/py_env/lib/python3.8/site-packages/airflow/example_dags/example_branch_python_dop_operator_3.py
[2022-11-05T18:40:52.410+1300] {logging_mixin.py:120} INFO - [2022-11-05T18:40:52.410+1300] {dag.py:2585} INFO - Sync 1 DAGs
[2022-11-05T18:40:52.428+1300] {logging_mixin.py:120} INFO - [2022-11-05T18:40:52.428+1300] {dag.py:3336} INFO - Setting next_dagrun for example_branch_dop_operator_v3 to 2022-11-05T05:39:00+00:00, run_after=2022-11-05T05:40:00+00:00
[2022-11-05T18:40:52.444+1300] {processor.py:176} INFO - Processing /Users/hirenpatel/Documents/airflow_tutoral/py_env/lib/python3.8/site-packages/airflow/example_dags/example_branch_python_dop_operator_3.py took 0.189 seconds
[2022-11-05T18:51:40.299+1300] {processor.py:154} INFO - Started process (PID=1543) to work on /Users/hirenpatel/Documents/airflow_tutoral/py_env/lib/python3.8/site-packages/airflow/example_dags/example_branch_python_dop_operator_3.py
[2022-11-05T18:51:40.303+1300] {processor.py:756} INFO - Processing file /Users/hirenpatel/Documents/airflow_tutoral/py_env/lib/python3.8/site-packages/airflow/example_dags/example_branch_python_dop_operator_3.py for tasks to queue
[2022-11-05T18:51:40.303+1300] {logging_mixin.py:120} INFO - [2022-11-05T18:51:40.303+1300] {dagbag.py:537} INFO - Filling up the DagBag from /Users/hirenpatel/Documents/airflow_tutoral/py_env/lib/python3.8/site-packages/airflow/example_dags/example_branch_python_dop_operator_3.py
[2022-11-05T18:51:40.351+1300] {processor.py:766} INFO - DAG(s) dict_keys(['example_branch_dop_operator_v3']) retrieved from /Users/hirenpatel/Documents/airflow_tutoral/py_env/lib/python3.8/site-packages/airflow/example_dags/example_branch_python_dop_operator_3.py
[2022-11-05T18:51:40.459+1300] {logging_mixin.py:120} INFO - [2022-11-05T18:51:40.459+1300] {dag.py:2585} INFO - Sync 1 DAGs
[2022-11-05T18:51:40.472+1300] {logging_mixin.py:120} INFO - [2022-11-05T18:51:40.472+1300] {dag.py:3336} INFO - Setting next_dagrun for example_branch_dop_operator_v3 to 2022-11-05T05:50:00+00:00, run_after=2022-11-05T05:51:00+00:00
[2022-11-05T18:51:40.485+1300] {processor.py:176} INFO - Processing /Users/hirenpatel/Documents/airflow_tutoral/py_env/lib/python3.8/site-packages/airflow/example_dags/example_branch_python_dop_operator_3.py took 0.187 seconds
[2022-11-05T18:55:03.003+1300] {processor.py:154} INFO - Started process (PID=1788) to work on /Users/hirenpatel/Documents/airflow_tutoral/py_env/lib/python3.8/site-packages/airflow/example_dags/example_branch_python_dop_operator_3.py
[2022-11-05T18:55:03.007+1300] {processor.py:756} INFO - Processing file /Users/hirenpatel/Documents/airflow_tutoral/py_env/lib/python3.8/site-packages/airflow/example_dags/example_branch_python_dop_operator_3.py for tasks to queue
[2022-11-05T18:55:03.007+1300] {logging_mixin.py:120} INFO - [2022-11-05T18:55:03.007+1300] {dagbag.py:537} INFO - Filling up the DagBag from /Users/hirenpatel/Documents/airflow_tutoral/py_env/lib/python3.8/site-packages/airflow/example_dags/example_branch_python_dop_operator_3.py
[2022-11-05T18:55:03.049+1300] {processor.py:766} INFO - DAG(s) dict_keys(['example_branch_dop_operator_v3']) retrieved from /Users/hirenpatel/Documents/airflow_tutoral/py_env/lib/python3.8/site-packages/airflow/example_dags/example_branch_python_dop_operator_3.py
[2022-11-05T18:55:03.160+1300] {logging_mixin.py:120} INFO - [2022-11-05T18:55:03.160+1300] {dag.py:2585} INFO - Sync 1 DAGs
[2022-11-05T18:55:03.174+1300] {logging_mixin.py:120} INFO - [2022-11-05T18:55:03.174+1300] {dag.py:3336} INFO - Setting next_dagrun for example_branch_dop_operator_v3 to 2022-11-05T05:54:00+00:00, run_after=2022-11-05T05:55:00+00:00
[2022-11-05T18:55:03.188+1300] {processor.py:176} INFO - Processing /Users/hirenpatel/Documents/airflow_tutoral/py_env/lib/python3.8/site-packages/airflow/example_dags/example_branch_python_dop_operator_3.py took 0.186 seconds
[2022-11-05T18:56:44.686+1300] {processor.py:154} INFO - Started process (PID=1938) to work on /Users/hirenpatel/Documents/airflow_tutoral/py_env/lib/python3.8/site-packages/airflow/example_dags/example_branch_python_dop_operator_3.py
[2022-11-05T18:56:44.690+1300] {processor.py:756} INFO - Processing file /Users/hirenpatel/Documents/airflow_tutoral/py_env/lib/python3.8/site-packages/airflow/example_dags/example_branch_python_dop_operator_3.py for tasks to queue
[2022-11-05T18:56:44.691+1300] {logging_mixin.py:120} INFO - [2022-11-05T18:56:44.691+1300] {dagbag.py:537} INFO - Filling up the DagBag from /Users/hirenpatel/Documents/airflow_tutoral/py_env/lib/python3.8/site-packages/airflow/example_dags/example_branch_python_dop_operator_3.py
[2022-11-05T18:56:44.727+1300] {processor.py:766} INFO - DAG(s) dict_keys(['example_branch_dop_operator_v3']) retrieved from /Users/hirenpatel/Documents/airflow_tutoral/py_env/lib/python3.8/site-packages/airflow/example_dags/example_branch_python_dop_operator_3.py
[2022-11-05T18:56:44.828+1300] {logging_mixin.py:120} INFO - [2022-11-05T18:56:44.827+1300] {dag.py:2585} INFO - Sync 1 DAGs
[2022-11-05T18:56:44.841+1300] {logging_mixin.py:120} INFO - [2022-11-05T18:56:44.840+1300] {dag.py:3336} INFO - Setting next_dagrun for example_branch_dop_operator_v3 to 2022-11-05T05:55:00+00:00, run_after=2022-11-05T05:56:00+00:00
[2022-11-05T18:56:44.853+1300] {processor.py:176} INFO - Processing /Users/hirenpatel/Documents/airflow_tutoral/py_env/lib/python3.8/site-packages/airflow/example_dags/example_branch_python_dop_operator_3.py took 0.167 seconds
[2022-11-05T19:02:26.482+1300] {processor.py:154} INFO - Started process (PID=2200) to work on /Users/hirenpatel/Documents/airflow_tutoral/py_env/lib/python3.8/site-packages/airflow/example_dags/example_branch_python_dop_operator_3.py
[2022-11-05T19:02:26.485+1300] {processor.py:756} INFO - Processing file /Users/hirenpatel/Documents/airflow_tutoral/py_env/lib/python3.8/site-packages/airflow/example_dags/example_branch_python_dop_operator_3.py for tasks to queue
[2022-11-05T19:02:26.486+1300] {logging_mixin.py:120} INFO - [2022-11-05T19:02:26.486+1300] {dagbag.py:537} INFO - Filling up the DagBag from /Users/hirenpatel/Documents/airflow_tutoral/py_env/lib/python3.8/site-packages/airflow/example_dags/example_branch_python_dop_operator_3.py
[2022-11-05T19:02:26.532+1300] {processor.py:766} INFO - DAG(s) dict_keys(['example_branch_dop_operator_v3']) retrieved from /Users/hirenpatel/Documents/airflow_tutoral/py_env/lib/python3.8/site-packages/airflow/example_dags/example_branch_python_dop_operator_3.py
[2022-11-05T19:02:26.663+1300] {logging_mixin.py:120} INFO - [2022-11-05T19:02:26.663+1300] {dag.py:2585} INFO - Sync 1 DAGs
[2022-11-05T19:02:26.677+1300] {logging_mixin.py:120} INFO - [2022-11-05T19:02:26.677+1300] {dag.py:3336} INFO - Setting next_dagrun for example_branch_dop_operator_v3 to 2022-11-05T06:01:00+00:00, run_after=2022-11-05T06:02:00+00:00
[2022-11-05T19:02:26.690+1300] {processor.py:176} INFO - Processing /Users/hirenpatel/Documents/airflow_tutoral/py_env/lib/python3.8/site-packages/airflow/example_dags/example_branch_python_dop_operator_3.py took 0.208 seconds
[2022-11-05T19:05:25.575+1300] {processor.py:154} INFO - Started process (PID=2366) to work on /Users/hirenpatel/Documents/airflow_tutoral/py_env/lib/python3.8/site-packages/airflow/example_dags/example_branch_python_dop_operator_3.py
[2022-11-05T19:05:25.579+1300] {processor.py:756} INFO - Processing file /Users/hirenpatel/Documents/airflow_tutoral/py_env/lib/python3.8/site-packages/airflow/example_dags/example_branch_python_dop_operator_3.py for tasks to queue
[2022-11-05T19:05:25.579+1300] {logging_mixin.py:120} INFO - [2022-11-05T19:05:25.579+1300] {dagbag.py:537} INFO - Filling up the DagBag from /Users/hirenpatel/Documents/airflow_tutoral/py_env/lib/python3.8/site-packages/airflow/example_dags/example_branch_python_dop_operator_3.py
[2022-11-05T19:05:25.620+1300] {processor.py:766} INFO - DAG(s) dict_keys(['example_branch_dop_operator_v3']) retrieved from /Users/hirenpatel/Documents/airflow_tutoral/py_env/lib/python3.8/site-packages/airflow/example_dags/example_branch_python_dop_operator_3.py
[2022-11-05T19:05:25.731+1300] {logging_mixin.py:120} INFO - [2022-11-05T19:05:25.730+1300] {dag.py:2585} INFO - Sync 1 DAGs
[2022-11-05T19:05:25.745+1300] {logging_mixin.py:120} INFO - [2022-11-05T19:05:25.745+1300] {dag.py:3336} INFO - Setting next_dagrun for example_branch_dop_operator_v3 to 2022-11-05T06:04:00+00:00, run_after=2022-11-05T06:05:00+00:00
[2022-11-05T19:05:25.760+1300] {processor.py:176} INFO - Processing /Users/hirenpatel/Documents/airflow_tutoral/py_env/lib/python3.8/site-packages/airflow/example_dags/example_branch_python_dop_operator_3.py took 0.185 seconds
[2022-11-05T19:15:01.613+1300] {processor.py:154} INFO - Started process (PID=2637) to work on /Users/hirenpatel/Documents/airflow_tutoral/py_env/lib/python3.8/site-packages/airflow/example_dags/example_branch_python_dop_operator_3.py
[2022-11-05T19:15:01.620+1300] {processor.py:756} INFO - Processing file /Users/hirenpatel/Documents/airflow_tutoral/py_env/lib/python3.8/site-packages/airflow/example_dags/example_branch_python_dop_operator_3.py for tasks to queue
[2022-11-05T19:15:01.620+1300] {logging_mixin.py:120} INFO - [2022-11-05T19:15:01.620+1300] {dagbag.py:537} INFO - Filling up the DagBag from /Users/hirenpatel/Documents/airflow_tutoral/py_env/lib/python3.8/site-packages/airflow/example_dags/example_branch_python_dop_operator_3.py
[2022-11-05T19:15:01.662+1300] {processor.py:766} INFO - DAG(s) dict_keys(['example_branch_dop_operator_v3']) retrieved from /Users/hirenpatel/Documents/airflow_tutoral/py_env/lib/python3.8/site-packages/airflow/example_dags/example_branch_python_dop_operator_3.py
[2022-11-05T19:15:01.777+1300] {logging_mixin.py:120} INFO - [2022-11-05T19:15:01.777+1300] {dag.py:2585} INFO - Sync 1 DAGs
[2022-11-05T19:15:01.792+1300] {logging_mixin.py:120} INFO - [2022-11-05T19:15:01.792+1300] {dag.py:3336} INFO - Setting next_dagrun for example_branch_dop_operator_v3 to 2022-11-05T06:14:00+00:00, run_after=2022-11-05T06:15:00+00:00
[2022-11-05T19:15:01.807+1300] {processor.py:176} INFO - Processing /Users/hirenpatel/Documents/airflow_tutoral/py_env/lib/python3.8/site-packages/airflow/example_dags/example_branch_python_dop_operator_3.py took 0.194 seconds
[2022-11-05T19:21:24.597+1300] {processor.py:154} INFO - Started process (PID=2854) to work on /Users/hirenpatel/Documents/airflow_tutoral/py_env/lib/python3.8/site-packages/airflow/example_dags/example_branch_python_dop_operator_3.py
[2022-11-05T19:21:24.601+1300] {processor.py:756} INFO - Processing file /Users/hirenpatel/Documents/airflow_tutoral/py_env/lib/python3.8/site-packages/airflow/example_dags/example_branch_python_dop_operator_3.py for tasks to queue
[2022-11-05T19:21:24.602+1300] {logging_mixin.py:120} INFO - [2022-11-05T19:21:24.601+1300] {dagbag.py:537} INFO - Filling up the DagBag from /Users/hirenpatel/Documents/airflow_tutoral/py_env/lib/python3.8/site-packages/airflow/example_dags/example_branch_python_dop_operator_3.py
[2022-11-05T19:21:24.643+1300] {processor.py:766} INFO - DAG(s) dict_keys(['example_branch_dop_operator_v3']) retrieved from /Users/hirenpatel/Documents/airflow_tutoral/py_env/lib/python3.8/site-packages/airflow/example_dags/example_branch_python_dop_operator_3.py
[2022-11-05T19:21:24.755+1300] {logging_mixin.py:120} INFO - [2022-11-05T19:21:24.755+1300] {dag.py:2585} INFO - Sync 1 DAGs
[2022-11-05T19:21:24.769+1300] {logging_mixin.py:120} INFO - [2022-11-05T19:21:24.768+1300] {dag.py:3336} INFO - Setting next_dagrun for example_branch_dop_operator_v3 to 2022-11-05T06:20:00+00:00, run_after=2022-11-05T06:21:00+00:00
[2022-11-05T19:21:24.783+1300] {processor.py:176} INFO - Processing /Users/hirenpatel/Documents/airflow_tutoral/py_env/lib/python3.8/site-packages/airflow/example_dags/example_branch_python_dop_operator_3.py took 0.186 seconds
[2022-11-05T19:28:08.013+1300] {processor.py:154} INFO - Started process (PID=3059) to work on /Users/hirenpatel/Documents/airflow_tutoral/py_env/lib/python3.8/site-packages/airflow/example_dags/example_branch_python_dop_operator_3.py
[2022-11-05T19:28:08.017+1300] {processor.py:756} INFO - Processing file /Users/hirenpatel/Documents/airflow_tutoral/py_env/lib/python3.8/site-packages/airflow/example_dags/example_branch_python_dop_operator_3.py for tasks to queue
[2022-11-05T19:28:08.018+1300] {logging_mixin.py:120} INFO - [2022-11-05T19:28:08.018+1300] {dagbag.py:537} INFO - Filling up the DagBag from /Users/hirenpatel/Documents/airflow_tutoral/py_env/lib/python3.8/site-packages/airflow/example_dags/example_branch_python_dop_operator_3.py
[2022-11-05T19:28:08.060+1300] {processor.py:766} INFO - DAG(s) dict_keys(['example_branch_dop_operator_v3']) retrieved from /Users/hirenpatel/Documents/airflow_tutoral/py_env/lib/python3.8/site-packages/airflow/example_dags/example_branch_python_dop_operator_3.py
[2022-11-05T19:28:13.043+1300] {logging_mixin.py:120} INFO - [2022-11-05T19:28:13.043+1300] {dag.py:2585} INFO - Sync 1 DAGs
[2022-11-05T19:28:13.063+1300] {logging_mixin.py:120} INFO - [2022-11-05T19:28:13.063+1300] {dag.py:3336} INFO - Setting next_dagrun for example_branch_dop_operator_v3 to 2022-11-05T06:27:00+00:00, run_after=2022-11-05T06:28:00+00:00
[2022-11-05T19:28:13.148+1300] {processor.py:176} INFO - Processing /Users/hirenpatel/Documents/airflow_tutoral/py_env/lib/python3.8/site-packages/airflow/example_dags/example_branch_python_dop_operator_3.py took 0.502 seconds
[2022-11-05T19:55:22.796+1300] {processor.py:154} INFO - Started process (PID=3408) to work on /Users/hirenpatel/Documents/airflow_tutoral/py_env/lib/python3.8/site-packages/airflow/example_dags/example_branch_python_dop_operator_3.py
[2022-11-05T19:55:22.800+1300] {processor.py:756} INFO - Processing file /Users/hirenpatel/Documents/airflow_tutoral/py_env/lib/python3.8/site-packages/airflow/example_dags/example_branch_python_dop_operator_3.py for tasks to queue
[2022-11-05T19:55:22.800+1300] {logging_mixin.py:120} INFO - [2022-11-05T19:55:22.800+1300] {dagbag.py:537} INFO - Filling up the DagBag from /Users/hirenpatel/Documents/airflow_tutoral/py_env/lib/python3.8/site-packages/airflow/example_dags/example_branch_python_dop_operator_3.py
[2022-11-05T19:55:22.842+1300] {processor.py:766} INFO - DAG(s) dict_keys(['example_branch_dop_operator_v3']) retrieved from /Users/hirenpatel/Documents/airflow_tutoral/py_env/lib/python3.8/site-packages/airflow/example_dags/example_branch_python_dop_operator_3.py
[2022-11-05T19:55:22.954+1300] {logging_mixin.py:120} INFO - [2022-11-05T19:55:22.954+1300] {dag.py:2585} INFO - Sync 1 DAGs
[2022-11-05T19:55:22.968+1300] {logging_mixin.py:120} INFO - [2022-11-05T19:55:22.968+1300] {dag.py:3336} INFO - Setting next_dagrun for example_branch_dop_operator_v3 to 2022-11-05T06:54:00+00:00, run_after=2022-11-05T06:55:00+00:00
[2022-11-05T19:55:22.982+1300] {processor.py:176} INFO - Processing /Users/hirenpatel/Documents/airflow_tutoral/py_env/lib/python3.8/site-packages/airflow/example_dags/example_branch_python_dop_operator_3.py took 0.186 seconds
[2022-11-05T19:58:50.056+1300] {processor.py:154} INFO - Started process (PID=3630) to work on /Users/hirenpatel/Documents/airflow_tutoral/py_env/lib/python3.8/site-packages/airflow/example_dags/example_branch_python_dop_operator_3.py
[2022-11-05T19:58:50.060+1300] {processor.py:756} INFO - Processing file /Users/hirenpatel/Documents/airflow_tutoral/py_env/lib/python3.8/site-packages/airflow/example_dags/example_branch_python_dop_operator_3.py for tasks to queue
[2022-11-05T19:58:50.060+1300] {logging_mixin.py:120} INFO - [2022-11-05T19:58:50.060+1300] {dagbag.py:537} INFO - Filling up the DagBag from /Users/hirenpatel/Documents/airflow_tutoral/py_env/lib/python3.8/site-packages/airflow/example_dags/example_branch_python_dop_operator_3.py
[2022-11-05T19:58:50.103+1300] {processor.py:766} INFO - DAG(s) dict_keys(['example_branch_dop_operator_v3']) retrieved from /Users/hirenpatel/Documents/airflow_tutoral/py_env/lib/python3.8/site-packages/airflow/example_dags/example_branch_python_dop_operator_3.py
[2022-11-05T19:58:50.214+1300] {logging_mixin.py:120} INFO - [2022-11-05T19:58:50.214+1300] {dag.py:2585} INFO - Sync 1 DAGs
[2022-11-05T19:58:50.229+1300] {logging_mixin.py:120} INFO - [2022-11-05T19:58:50.229+1300] {dag.py:3336} INFO - Setting next_dagrun for example_branch_dop_operator_v3 to 2022-11-05T06:57:00+00:00, run_after=2022-11-05T06:58:00+00:00
[2022-11-05T19:58:50.242+1300] {processor.py:176} INFO - Processing /Users/hirenpatel/Documents/airflow_tutoral/py_env/lib/python3.8/site-packages/airflow/example_dags/example_branch_python_dop_operator_3.py took 0.187 seconds
[2022-11-05T20:18:13.264+1300] {processor.py:154} INFO - Started process (PID=3934) to work on /Users/hirenpatel/Documents/airflow_tutoral/py_env/lib/python3.8/site-packages/airflow/example_dags/example_branch_python_dop_operator_3.py
[2022-11-05T20:18:13.268+1300] {processor.py:756} INFO - Processing file /Users/hirenpatel/Documents/airflow_tutoral/py_env/lib/python3.8/site-packages/airflow/example_dags/example_branch_python_dop_operator_3.py for tasks to queue
[2022-11-05T20:18:13.269+1300] {logging_mixin.py:120} INFO - [2022-11-05T20:18:13.269+1300] {dagbag.py:537} INFO - Filling up the DagBag from /Users/hirenpatel/Documents/airflow_tutoral/py_env/lib/python3.8/site-packages/airflow/example_dags/example_branch_python_dop_operator_3.py
[2022-11-05T20:18:13.315+1300] {processor.py:766} INFO - DAG(s) dict_keys(['example_branch_dop_operator_v3']) retrieved from /Users/hirenpatel/Documents/airflow_tutoral/py_env/lib/python3.8/site-packages/airflow/example_dags/example_branch_python_dop_operator_3.py
[2022-11-05T20:18:13.467+1300] {logging_mixin.py:120} INFO - [2022-11-05T20:18:13.466+1300] {dag.py:2585} INFO - Sync 1 DAGs
[2022-11-05T20:18:13.481+1300] {logging_mixin.py:120} INFO - [2022-11-05T20:18:13.481+1300] {dag.py:3336} INFO - Setting next_dagrun for example_branch_dop_operator_v3 to 2022-11-05T07:17:00+00:00, run_after=2022-11-05T07:18:00+00:00
[2022-11-05T20:18:13.494+1300] {processor.py:176} INFO - Processing /Users/hirenpatel/Documents/airflow_tutoral/py_env/lib/python3.8/site-packages/airflow/example_dags/example_branch_python_dop_operator_3.py took 0.230 seconds
[2022-11-05T20:45:21.771+1300] {processor.py:154} INFO - Started process (PID=4270) to work on /Users/hirenpatel/Documents/airflow_tutoral/py_env/lib/python3.8/site-packages/airflow/example_dags/example_branch_python_dop_operator_3.py
[2022-11-05T20:45:21.775+1300] {processor.py:756} INFO - Processing file /Users/hirenpatel/Documents/airflow_tutoral/py_env/lib/python3.8/site-packages/airflow/example_dags/example_branch_python_dop_operator_3.py for tasks to queue
[2022-11-05T20:45:21.775+1300] {logging_mixin.py:120} INFO - [2022-11-05T20:45:21.775+1300] {dagbag.py:537} INFO - Filling up the DagBag from /Users/hirenpatel/Documents/airflow_tutoral/py_env/lib/python3.8/site-packages/airflow/example_dags/example_branch_python_dop_operator_3.py
[2022-11-05T20:45:21.818+1300] {processor.py:766} INFO - DAG(s) dict_keys(['example_branch_dop_operator_v3']) retrieved from /Users/hirenpatel/Documents/airflow_tutoral/py_env/lib/python3.8/site-packages/airflow/example_dags/example_branch_python_dop_operator_3.py
[2022-11-05T20:45:21.929+1300] {logging_mixin.py:120} INFO - [2022-11-05T20:45:21.929+1300] {dag.py:2585} INFO - Sync 1 DAGs
[2022-11-05T20:45:21.943+1300] {logging_mixin.py:120} INFO - [2022-11-05T20:45:21.943+1300] {dag.py:3336} INFO - Setting next_dagrun for example_branch_dop_operator_v3 to 2022-11-05T07:44:00+00:00, run_after=2022-11-05T07:45:00+00:00
[2022-11-05T20:45:21.955+1300] {processor.py:176} INFO - Processing /Users/hirenpatel/Documents/airflow_tutoral/py_env/lib/python3.8/site-packages/airflow/example_dags/example_branch_python_dop_operator_3.py took 0.185 seconds
[2022-11-05T21:02:39.814+1300] {processor.py:154} INFO - Started process (PID=4453) to work on /Users/hirenpatel/Documents/airflow_tutoral/py_env/lib/python3.8/site-packages/airflow/example_dags/example_branch_python_dop_operator_3.py
[2022-11-05T21:02:39.818+1300] {processor.py:756} INFO - Processing file /Users/hirenpatel/Documents/airflow_tutoral/py_env/lib/python3.8/site-packages/airflow/example_dags/example_branch_python_dop_operator_3.py for tasks to queue
[2022-11-05T21:02:39.818+1300] {logging_mixin.py:120} INFO - [2022-11-05T21:02:39.818+1300] {dagbag.py:537} INFO - Filling up the DagBag from /Users/hirenpatel/Documents/airflow_tutoral/py_env/lib/python3.8/site-packages/airflow/example_dags/example_branch_python_dop_operator_3.py
[2022-11-05T21:02:39.859+1300] {processor.py:766} INFO - DAG(s) dict_keys(['example_branch_dop_operator_v3']) retrieved from /Users/hirenpatel/Documents/airflow_tutoral/py_env/lib/python3.8/site-packages/airflow/example_dags/example_branch_python_dop_operator_3.py
[2022-11-05T21:02:39.965+1300] {logging_mixin.py:120} INFO - [2022-11-05T21:02:39.965+1300] {dag.py:2585} INFO - Sync 1 DAGs
[2022-11-05T21:02:39.979+1300] {logging_mixin.py:120} INFO - [2022-11-05T21:02:39.979+1300] {dag.py:3336} INFO - Setting next_dagrun for example_branch_dop_operator_v3 to 2022-11-05T08:01:00+00:00, run_after=2022-11-05T08:02:00+00:00
[2022-11-05T21:02:39.993+1300] {processor.py:176} INFO - Processing /Users/hirenpatel/Documents/airflow_tutoral/py_env/lib/python3.8/site-packages/airflow/example_dags/example_branch_python_dop_operator_3.py took 0.179 seconds
[2022-11-05T21:43:28.127+1300] {processor.py:154} INFO - Started process (PID=4673) to work on /Users/hirenpatel/Documents/airflow_tutoral/py_env/lib/python3.8/site-packages/airflow/example_dags/example_branch_python_dop_operator_3.py
[2022-11-05T21:43:28.135+1300] {processor.py:756} INFO - Processing file /Users/hirenpatel/Documents/airflow_tutoral/py_env/lib/python3.8/site-packages/airflow/example_dags/example_branch_python_dop_operator_3.py for tasks to queue
[2022-11-05T21:43:28.135+1300] {logging_mixin.py:120} INFO - [2022-11-05T21:43:28.135+1300] {dagbag.py:537} INFO - Filling up the DagBag from /Users/hirenpatel/Documents/airflow_tutoral/py_env/lib/python3.8/site-packages/airflow/example_dags/example_branch_python_dop_operator_3.py
[2022-11-05T21:43:28.234+1300] {processor.py:766} INFO - DAG(s) dict_keys(['example_branch_dop_operator_v3']) retrieved from /Users/hirenpatel/Documents/airflow_tutoral/py_env/lib/python3.8/site-packages/airflow/example_dags/example_branch_python_dop_operator_3.py
[2022-11-05T21:43:28.381+1300] {logging_mixin.py:120} INFO - [2022-11-05T21:43:28.381+1300] {dag.py:2585} INFO - Sync 1 DAGs
[2022-11-05T21:43:28.397+1300] {logging_mixin.py:120} INFO - [2022-11-05T21:43:28.397+1300] {dag.py:3336} INFO - Setting next_dagrun for example_branch_dop_operator_v3 to 2022-11-05T08:42:00+00:00, run_after=2022-11-05T08:43:00+00:00
[2022-11-05T21:43:28.413+1300] {processor.py:176} INFO - Processing /Users/hirenpatel/Documents/airflow_tutoral/py_env/lib/python3.8/site-packages/airflow/example_dags/example_branch_python_dop_operator_3.py took 0.288 seconds
[2022-11-05T22:45:53.863+1300] {processor.py:154} INFO - Started process (PID=4927) to work on /Users/hirenpatel/Documents/airflow_tutoral/py_env/lib/python3.8/site-packages/airflow/example_dags/example_branch_python_dop_operator_3.py
[2022-11-05T22:45:53.870+1300] {processor.py:756} INFO - Processing file /Users/hirenpatel/Documents/airflow_tutoral/py_env/lib/python3.8/site-packages/airflow/example_dags/example_branch_python_dop_operator_3.py for tasks to queue
[2022-11-05T22:45:53.870+1300] {logging_mixin.py:120} INFO - [2022-11-05T22:45:53.870+1300] {dagbag.py:537} INFO - Filling up the DagBag from /Users/hirenpatel/Documents/airflow_tutoral/py_env/lib/python3.8/site-packages/airflow/example_dags/example_branch_python_dop_operator_3.py
[2022-11-05T22:45:53.913+1300] {processor.py:766} INFO - DAG(s) dict_keys(['example_branch_dop_operator_v3']) retrieved from /Users/hirenpatel/Documents/airflow_tutoral/py_env/lib/python3.8/site-packages/airflow/example_dags/example_branch_python_dop_operator_3.py
[2022-11-05T22:45:54.019+1300] {logging_mixin.py:120} INFO - [2022-11-05T22:45:54.018+1300] {dag.py:2585} INFO - Sync 1 DAGs
[2022-11-05T22:45:54.032+1300] {logging_mixin.py:120} INFO - [2022-11-05T22:45:54.032+1300] {dag.py:3336} INFO - Setting next_dagrun for example_branch_dop_operator_v3 to 2022-11-05T09:44:00+00:00, run_after=2022-11-05T09:45:00+00:00
[2022-11-05T22:45:54.046+1300] {processor.py:176} INFO - Processing /Users/hirenpatel/Documents/airflow_tutoral/py_env/lib/python3.8/site-packages/airflow/example_dags/example_branch_python_dop_operator_3.py took 0.183 seconds
[2022-11-05T23:14:35.724+1300] {processor.py:154} INFO - Started process (PID=5251) to work on /Users/hirenpatel/Documents/airflow_tutoral/py_env/lib/python3.8/site-packages/airflow/example_dags/example_branch_python_dop_operator_3.py
[2022-11-05T23:14:35.729+1300] {processor.py:756} INFO - Processing file /Users/hirenpatel/Documents/airflow_tutoral/py_env/lib/python3.8/site-packages/airflow/example_dags/example_branch_python_dop_operator_3.py for tasks to queue
[2022-11-05T23:14:35.729+1300] {logging_mixin.py:120} INFO - [2022-11-05T23:14:35.729+1300] {dagbag.py:537} INFO - Filling up the DagBag from /Users/hirenpatel/Documents/airflow_tutoral/py_env/lib/python3.8/site-packages/airflow/example_dags/example_branch_python_dop_operator_3.py
[2022-11-05T23:14:35.767+1300] {processor.py:766} INFO - DAG(s) dict_keys(['example_branch_dop_operator_v3']) retrieved from /Users/hirenpatel/Documents/airflow_tutoral/py_env/lib/python3.8/site-packages/airflow/example_dags/example_branch_python_dop_operator_3.py
[2022-11-05T23:14:35.872+1300] {logging_mixin.py:120} INFO - [2022-11-05T23:14:35.872+1300] {dag.py:2585} INFO - Sync 1 DAGs
[2022-11-05T23:14:35.885+1300] {logging_mixin.py:120} INFO - [2022-11-05T23:14:35.885+1300] {dag.py:3336} INFO - Setting next_dagrun for example_branch_dop_operator_v3 to 2022-11-05T10:13:00+00:00, run_after=2022-11-05T10:14:00+00:00
[2022-11-05T23:14:35.898+1300] {processor.py:176} INFO - Processing /Users/hirenpatel/Documents/airflow_tutoral/py_env/lib/python3.8/site-packages/airflow/example_dags/example_branch_python_dop_operator_3.py took 0.174 seconds
[2022-11-05T23:41:08.246+1300] {processor.py:154} INFO - Started process (PID=5561) to work on /Users/hirenpatel/Documents/airflow_tutoral/py_env/lib/python3.8/site-packages/airflow/example_dags/example_branch_python_dop_operator_3.py
[2022-11-05T23:41:08.250+1300] {processor.py:756} INFO - Processing file /Users/hirenpatel/Documents/airflow_tutoral/py_env/lib/python3.8/site-packages/airflow/example_dags/example_branch_python_dop_operator_3.py for tasks to queue
[2022-11-05T23:41:08.251+1300] {logging_mixin.py:120} INFO - [2022-11-05T23:41:08.250+1300] {dagbag.py:537} INFO - Filling up the DagBag from /Users/hirenpatel/Documents/airflow_tutoral/py_env/lib/python3.8/site-packages/airflow/example_dags/example_branch_python_dop_operator_3.py
[2022-11-05T23:41:08.291+1300] {processor.py:766} INFO - DAG(s) dict_keys(['example_branch_dop_operator_v3']) retrieved from /Users/hirenpatel/Documents/airflow_tutoral/py_env/lib/python3.8/site-packages/airflow/example_dags/example_branch_python_dop_operator_3.py
[2022-11-05T23:41:08.403+1300] {logging_mixin.py:120} INFO - [2022-11-05T23:41:08.403+1300] {dag.py:2585} INFO - Sync 1 DAGs
[2022-11-05T23:41:08.416+1300] {logging_mixin.py:120} INFO - [2022-11-05T23:41:08.416+1300] {dag.py:3336} INFO - Setting next_dagrun for example_branch_dop_operator_v3 to 2022-11-05T10:40:00+00:00, run_after=2022-11-05T10:41:00+00:00
[2022-11-05T23:41:08.430+1300] {processor.py:176} INFO - Processing /Users/hirenpatel/Documents/airflow_tutoral/py_env/lib/python3.8/site-packages/airflow/example_dags/example_branch_python_dop_operator_3.py took 0.184 seconds
[2022-11-06T00:46:29.310+1300] {processor.py:154} INFO - Started process (PID=5847) to work on /Users/hirenpatel/Documents/airflow_tutoral/py_env/lib/python3.8/site-packages/airflow/example_dags/example_branch_python_dop_operator_3.py
[2022-11-06T00:46:29.314+1300] {processor.py:756} INFO - Processing file /Users/hirenpatel/Documents/airflow_tutoral/py_env/lib/python3.8/site-packages/airflow/example_dags/example_branch_python_dop_operator_3.py for tasks to queue
[2022-11-06T00:46:29.314+1300] {logging_mixin.py:120} INFO - [2022-11-06T00:46:29.314+1300] {dagbag.py:537} INFO - Filling up the DagBag from /Users/hirenpatel/Documents/airflow_tutoral/py_env/lib/python3.8/site-packages/airflow/example_dags/example_branch_python_dop_operator_3.py
[2022-11-06T00:46:29.363+1300] {processor.py:766} INFO - DAG(s) dict_keys(['example_branch_dop_operator_v3']) retrieved from /Users/hirenpatel/Documents/airflow_tutoral/py_env/lib/python3.8/site-packages/airflow/example_dags/example_branch_python_dop_operator_3.py
[2022-11-06T00:46:29.499+1300] {logging_mixin.py:120} INFO - [2022-11-06T00:46:29.499+1300] {dag.py:2585} INFO - Sync 1 DAGs
[2022-11-06T00:46:29.516+1300] {logging_mixin.py:120} INFO - [2022-11-06T00:46:29.516+1300] {dag.py:3336} INFO - Setting next_dagrun for example_branch_dop_operator_v3 to 2022-11-05T11:45:00+00:00, run_after=2022-11-05T11:46:00+00:00
[2022-11-06T00:46:29.533+1300] {processor.py:176} INFO - Processing /Users/hirenpatel/Documents/airflow_tutoral/py_env/lib/python3.8/site-packages/airflow/example_dags/example_branch_python_dop_operator_3.py took 0.224 seconds
[2022-11-06T01:17:47.196+1300] {processor.py:154} INFO - Started process (PID=6047) to work on /Users/hirenpatel/Documents/airflow_tutoral/py_env/lib/python3.8/site-packages/airflow/example_dags/example_branch_python_dop_operator_3.py
[2022-11-06T01:17:47.200+1300] {processor.py:756} INFO - Processing file /Users/hirenpatel/Documents/airflow_tutoral/py_env/lib/python3.8/site-packages/airflow/example_dags/example_branch_python_dop_operator_3.py for tasks to queue
[2022-11-06T01:17:47.200+1300] {logging_mixin.py:120} INFO - [2022-11-06T01:17:47.200+1300] {dagbag.py:537} INFO - Filling up the DagBag from /Users/hirenpatel/Documents/airflow_tutoral/py_env/lib/python3.8/site-packages/airflow/example_dags/example_branch_python_dop_operator_3.py
[2022-11-06T01:17:47.244+1300] {processor.py:766} INFO - DAG(s) dict_keys(['example_branch_dop_operator_v3']) retrieved from /Users/hirenpatel/Documents/airflow_tutoral/py_env/lib/python3.8/site-packages/airflow/example_dags/example_branch_python_dop_operator_3.py
[2022-11-06T01:17:47.355+1300] {logging_mixin.py:120} INFO - [2022-11-06T01:17:47.355+1300] {dag.py:2585} INFO - Sync 1 DAGs
[2022-11-06T01:17:47.369+1300] {logging_mixin.py:120} INFO - [2022-11-06T01:17:47.368+1300] {dag.py:3336} INFO - Setting next_dagrun for example_branch_dop_operator_v3 to 2022-11-05T12:16:00+00:00, run_after=2022-11-05T12:17:00+00:00
[2022-11-06T01:17:47.383+1300] {processor.py:176} INFO - Processing /Users/hirenpatel/Documents/airflow_tutoral/py_env/lib/python3.8/site-packages/airflow/example_dags/example_branch_python_dop_operator_3.py took 0.188 seconds
[2022-11-06T03:10:39.707+1300] {processor.py:154} INFO - Started process (PID=6304) to work on /Users/hirenpatel/Documents/airflow_tutoral/py_env/lib/python3.8/site-packages/airflow/example_dags/example_branch_python_dop_operator_3.py
[2022-11-06T03:10:39.718+1300] {processor.py:756} INFO - Processing file /Users/hirenpatel/Documents/airflow_tutoral/py_env/lib/python3.8/site-packages/airflow/example_dags/example_branch_python_dop_operator_3.py for tasks to queue
[2022-11-06T03:10:39.718+1300] {logging_mixin.py:120} INFO - [2022-11-06T03:10:39.718+1300] {dagbag.py:537} INFO - Filling up the DagBag from /Users/hirenpatel/Documents/airflow_tutoral/py_env/lib/python3.8/site-packages/airflow/example_dags/example_branch_python_dop_operator_3.py
[2022-11-06T03:10:39.784+1300] {processor.py:766} INFO - DAG(s) dict_keys(['example_branch_dop_operator_v3']) retrieved from /Users/hirenpatel/Documents/airflow_tutoral/py_env/lib/python3.8/site-packages/airflow/example_dags/example_branch_python_dop_operator_3.py
[2022-11-06T03:10:39.900+1300] {logging_mixin.py:120} INFO - [2022-11-06T03:10:39.900+1300] {dag.py:2585} INFO - Sync 1 DAGs
[2022-11-06T03:10:39.914+1300] {logging_mixin.py:120} INFO - [2022-11-06T03:10:39.914+1300] {dag.py:3336} INFO - Setting next_dagrun for example_branch_dop_operator_v3 to 2022-11-05T14:09:00+00:00, run_after=2022-11-05T14:10:00+00:00
[2022-11-06T03:10:39.931+1300] {processor.py:176} INFO - Processing /Users/hirenpatel/Documents/airflow_tutoral/py_env/lib/python3.8/site-packages/airflow/example_dags/example_branch_python_dop_operator_3.py took 0.224 seconds
[2022-11-06T05:04:59.834+1300] {processor.py:154} INFO - Started process (PID=6629) to work on /Users/hirenpatel/Documents/airflow_tutoral/py_env/lib/python3.8/site-packages/airflow/example_dags/example_branch_python_dop_operator_3.py
[2022-11-06T05:04:59.838+1300] {processor.py:756} INFO - Processing file /Users/hirenpatel/Documents/airflow_tutoral/py_env/lib/python3.8/site-packages/airflow/example_dags/example_branch_python_dop_operator_3.py for tasks to queue
[2022-11-06T05:04:59.839+1300] {logging_mixin.py:120} INFO - [2022-11-06T05:04:59.839+1300] {dagbag.py:537} INFO - Filling up the DagBag from /Users/hirenpatel/Documents/airflow_tutoral/py_env/lib/python3.8/site-packages/airflow/example_dags/example_branch_python_dop_operator_3.py
[2022-11-06T05:04:59.881+1300] {processor.py:766} INFO - DAG(s) dict_keys(['example_branch_dop_operator_v3']) retrieved from /Users/hirenpatel/Documents/airflow_tutoral/py_env/lib/python3.8/site-packages/airflow/example_dags/example_branch_python_dop_operator_3.py
[2022-11-06T05:04:59.996+1300] {logging_mixin.py:120} INFO - [2022-11-06T05:04:59.996+1300] {dag.py:2585} INFO - Sync 1 DAGs
[2022-11-06T05:05:00.009+1300] {logging_mixin.py:120} INFO - [2022-11-06T05:05:00.009+1300] {dag.py:3336} INFO - Setting next_dagrun for example_branch_dop_operator_v3 to 2022-11-05T16:04:00+00:00, run_after=2022-11-05T16:05:00+00:00
[2022-11-06T05:05:00.028+1300] {processor.py:176} INFO - Processing /Users/hirenpatel/Documents/airflow_tutoral/py_env/lib/python3.8/site-packages/airflow/example_dags/example_branch_python_dop_operator_3.py took 0.194 seconds
[2022-11-06T06:23:37.630+1300] {processor.py:154} INFO - Started process (PID=6882) to work on /Users/hirenpatel/Documents/airflow_tutoral/py_env/lib/python3.8/site-packages/airflow/example_dags/example_branch_python_dop_operator_3.py
[2022-11-06T06:23:37.634+1300] {processor.py:756} INFO - Processing file /Users/hirenpatel/Documents/airflow_tutoral/py_env/lib/python3.8/site-packages/airflow/example_dags/example_branch_python_dop_operator_3.py for tasks to queue
[2022-11-06T06:23:37.634+1300] {logging_mixin.py:120} INFO - [2022-11-06T06:23:37.634+1300] {dagbag.py:537} INFO - Filling up the DagBag from /Users/hirenpatel/Documents/airflow_tutoral/py_env/lib/python3.8/site-packages/airflow/example_dags/example_branch_python_dop_operator_3.py
[2022-11-06T06:23:37.677+1300] {processor.py:766} INFO - DAG(s) dict_keys(['example_branch_dop_operator_v3']) retrieved from /Users/hirenpatel/Documents/airflow_tutoral/py_env/lib/python3.8/site-packages/airflow/example_dags/example_branch_python_dop_operator_3.py
[2022-11-06T06:23:37.785+1300] {logging_mixin.py:120} INFO - [2022-11-06T06:23:37.785+1300] {dag.py:2585} INFO - Sync 1 DAGs
[2022-11-06T06:23:37.798+1300] {logging_mixin.py:120} INFO - [2022-11-06T06:23:37.798+1300] {dag.py:3336} INFO - Setting next_dagrun for example_branch_dop_operator_v3 to 2022-11-05T17:22:00+00:00, run_after=2022-11-05T17:23:00+00:00
[2022-11-06T06:23:37.812+1300] {processor.py:176} INFO - Processing /Users/hirenpatel/Documents/airflow_tutoral/py_env/lib/python3.8/site-packages/airflow/example_dags/example_branch_python_dop_operator_3.py took 0.182 seconds
[2022-11-06T08:16:05.750+1300] {processor.py:154} INFO - Started process (PID=7164) to work on /Users/hirenpatel/Documents/airflow_tutoral/py_env/lib/python3.8/site-packages/airflow/example_dags/example_branch_python_dop_operator_3.py
[2022-11-06T08:16:05.754+1300] {processor.py:756} INFO - Processing file /Users/hirenpatel/Documents/airflow_tutoral/py_env/lib/python3.8/site-packages/airflow/example_dags/example_branch_python_dop_operator_3.py for tasks to queue
[2022-11-06T08:16:05.754+1300] {logging_mixin.py:120} INFO - [2022-11-06T08:16:05.754+1300] {dagbag.py:537} INFO - Filling up the DagBag from /Users/hirenpatel/Documents/airflow_tutoral/py_env/lib/python3.8/site-packages/airflow/example_dags/example_branch_python_dop_operator_3.py
[2022-11-06T08:16:05.805+1300] {processor.py:766} INFO - DAG(s) dict_keys(['example_branch_dop_operator_v3']) retrieved from /Users/hirenpatel/Documents/airflow_tutoral/py_env/lib/python3.8/site-packages/airflow/example_dags/example_branch_python_dop_operator_3.py
[2022-11-06T08:16:05.921+1300] {logging_mixin.py:120} INFO - [2022-11-06T08:16:05.921+1300] {dag.py:2585} INFO - Sync 1 DAGs
[2022-11-06T08:16:05.936+1300] {logging_mixin.py:120} INFO - [2022-11-06T08:16:05.936+1300] {dag.py:3336} INFO - Setting next_dagrun for example_branch_dop_operator_v3 to 2022-11-05T19:15:00+00:00, run_after=2022-11-05T19:16:00+00:00
[2022-11-06T08:16:05.952+1300] {processor.py:176} INFO - Processing /Users/hirenpatel/Documents/airflow_tutoral/py_env/lib/python3.8/site-packages/airflow/example_dags/example_branch_python_dop_operator_3.py took 0.203 seconds
[2022-11-06T08:33:01.258+1300] {processor.py:154} INFO - Started process (PID=7366) to work on /Users/hirenpatel/Documents/airflow_tutoral/py_env/lib/python3.8/site-packages/airflow/example_dags/example_branch_python_dop_operator_3.py
[2022-11-06T08:33:01.262+1300] {processor.py:756} INFO - Processing file /Users/hirenpatel/Documents/airflow_tutoral/py_env/lib/python3.8/site-packages/airflow/example_dags/example_branch_python_dop_operator_3.py for tasks to queue
[2022-11-06T08:33:01.262+1300] {logging_mixin.py:120} INFO - [2022-11-06T08:33:01.262+1300] {dagbag.py:537} INFO - Filling up the DagBag from /Users/hirenpatel/Documents/airflow_tutoral/py_env/lib/python3.8/site-packages/airflow/example_dags/example_branch_python_dop_operator_3.py
[2022-11-06T08:33:01.302+1300] {processor.py:766} INFO - DAG(s) dict_keys(['example_branch_dop_operator_v3']) retrieved from /Users/hirenpatel/Documents/airflow_tutoral/py_env/lib/python3.8/site-packages/airflow/example_dags/example_branch_python_dop_operator_3.py
[2022-11-06T08:33:01.414+1300] {logging_mixin.py:120} INFO - [2022-11-06T08:33:01.414+1300] {dag.py:2585} INFO - Sync 1 DAGs
[2022-11-06T08:33:01.428+1300] {logging_mixin.py:120} INFO - [2022-11-06T08:33:01.428+1300] {dag.py:3336} INFO - Setting next_dagrun for example_branch_dop_operator_v3 to 2022-11-05T19:32:00+00:00, run_after=2022-11-05T19:33:00+00:00
[2022-11-06T08:33:01.441+1300] {processor.py:176} INFO - Processing /Users/hirenpatel/Documents/airflow_tutoral/py_env/lib/python3.8/site-packages/airflow/example_dags/example_branch_python_dop_operator_3.py took 0.183 seconds
[2022-11-06T09:44:43.326+1300] {processor.py:154} INFO - Started process (PID=7604) to work on /Users/hirenpatel/Documents/airflow_tutoral/py_env/lib/python3.8/site-packages/airflow/example_dags/example_branch_python_dop_operator_3.py
[2022-11-06T09:44:43.329+1300] {processor.py:756} INFO - Processing file /Users/hirenpatel/Documents/airflow_tutoral/py_env/lib/python3.8/site-packages/airflow/example_dags/example_branch_python_dop_operator_3.py for tasks to queue
[2022-11-06T09:44:43.330+1300] {logging_mixin.py:120} INFO - [2022-11-06T09:44:43.330+1300] {dagbag.py:537} INFO - Filling up the DagBag from /Users/hirenpatel/Documents/airflow_tutoral/py_env/lib/python3.8/site-packages/airflow/example_dags/example_branch_python_dop_operator_3.py
[2022-11-06T09:44:43.372+1300] {processor.py:766} INFO - DAG(s) dict_keys(['example_branch_dop_operator_v3']) retrieved from /Users/hirenpatel/Documents/airflow_tutoral/py_env/lib/python3.8/site-packages/airflow/example_dags/example_branch_python_dop_operator_3.py
[2022-11-06T09:44:43.486+1300] {logging_mixin.py:120} INFO - [2022-11-06T09:44:43.486+1300] {dag.py:2585} INFO - Sync 1 DAGs
[2022-11-06T09:44:43.500+1300] {logging_mixin.py:120} INFO - [2022-11-06T09:44:43.500+1300] {dag.py:3336} INFO - Setting next_dagrun for example_branch_dop_operator_v3 to 2022-11-05T20:43:00+00:00, run_after=2022-11-05T20:44:00+00:00
[2022-11-06T09:44:43.518+1300] {processor.py:176} INFO - Processing /Users/hirenpatel/Documents/airflow_tutoral/py_env/lib/python3.8/site-packages/airflow/example_dags/example_branch_python_dop_operator_3.py took 0.193 seconds
[2022-11-06T10:12:39.136+1300] {processor.py:154} INFO - Started process (PID=7984) to work on /Users/hirenpatel/Documents/airflow_tutoral/py_env/lib/python3.8/site-packages/airflow/example_dags/example_branch_python_dop_operator_3.py
[2022-11-06T10:12:39.142+1300] {processor.py:756} INFO - Processing file /Users/hirenpatel/Documents/airflow_tutoral/py_env/lib/python3.8/site-packages/airflow/example_dags/example_branch_python_dop_operator_3.py for tasks to queue
[2022-11-06T10:12:39.142+1300] {logging_mixin.py:120} INFO - [2022-11-06T10:12:39.142+1300] {dagbag.py:537} INFO - Filling up the DagBag from /Users/hirenpatel/Documents/airflow_tutoral/py_env/lib/python3.8/site-packages/airflow/example_dags/example_branch_python_dop_operator_3.py
[2022-11-06T10:12:39.193+1300] {processor.py:766} INFO - DAG(s) dict_keys(['example_branch_dop_operator_v3']) retrieved from /Users/hirenpatel/Documents/airflow_tutoral/py_env/lib/python3.8/site-packages/airflow/example_dags/example_branch_python_dop_operator_3.py
[2022-11-06T10:12:39.333+1300] {logging_mixin.py:120} INFO - [2022-11-06T10:12:39.333+1300] {dag.py:2585} INFO - Sync 1 DAGs
[2022-11-06T10:12:39.351+1300] {logging_mixin.py:120} INFO - [2022-11-06T10:12:39.351+1300] {dag.py:3336} INFO - Setting next_dagrun for example_branch_dop_operator_v3 to 2022-11-05T21:11:00+00:00, run_after=2022-11-05T21:12:00+00:00
[2022-11-06T10:12:39.368+1300] {processor.py:176} INFO - Processing /Users/hirenpatel/Documents/airflow_tutoral/py_env/lib/python3.8/site-packages/airflow/example_dags/example_branch_python_dop_operator_3.py took 0.233 seconds
[2022-11-06T10:42:40.754+1300] {processor.py:154} INFO - Started process (PID=8199) to work on /Users/hirenpatel/Documents/airflow_tutoral/py_env/lib/python3.8/site-packages/airflow/example_dags/example_branch_python_dop_operator_3.py
[2022-11-06T10:42:40.759+1300] {processor.py:756} INFO - Processing file /Users/hirenpatel/Documents/airflow_tutoral/py_env/lib/python3.8/site-packages/airflow/example_dags/example_branch_python_dop_operator_3.py for tasks to queue
[2022-11-06T10:42:40.759+1300] {logging_mixin.py:120} INFO - [2022-11-06T10:42:40.759+1300] {dagbag.py:537} INFO - Filling up the DagBag from /Users/hirenpatel/Documents/airflow_tutoral/py_env/lib/python3.8/site-packages/airflow/example_dags/example_branch_python_dop_operator_3.py
[2022-11-06T10:42:40.801+1300] {processor.py:766} INFO - DAG(s) dict_keys(['example_branch_dop_operator_v3']) retrieved from /Users/hirenpatel/Documents/airflow_tutoral/py_env/lib/python3.8/site-packages/airflow/example_dags/example_branch_python_dop_operator_3.py
[2022-11-06T10:42:40.910+1300] {logging_mixin.py:120} INFO - [2022-11-06T10:42:40.910+1300] {dag.py:2585} INFO - Sync 1 DAGs
[2022-11-06T10:42:40.925+1300] {logging_mixin.py:120} INFO - [2022-11-06T10:42:40.925+1300] {dag.py:3336} INFO - Setting next_dagrun for example_branch_dop_operator_v3 to 2022-11-05T21:41:00+00:00, run_after=2022-11-05T21:42:00+00:00
[2022-11-06T10:42:40.939+1300] {processor.py:176} INFO - Processing /Users/hirenpatel/Documents/airflow_tutoral/py_env/lib/python3.8/site-packages/airflow/example_dags/example_branch_python_dop_operator_3.py took 0.185 seconds
[2022-11-06T11:29:18.255+1300] {processor.py:154} INFO - Started process (PID=8525) to work on /Users/hirenpatel/Documents/airflow_tutoral/py_env/lib/python3.8/site-packages/airflow/example_dags/example_branch_python_dop_operator_3.py
[2022-11-06T11:29:18.266+1300] {processor.py:756} INFO - Processing file /Users/hirenpatel/Documents/airflow_tutoral/py_env/lib/python3.8/site-packages/airflow/example_dags/example_branch_python_dop_operator_3.py for tasks to queue
[2022-11-06T11:29:18.267+1300] {logging_mixin.py:120} INFO - [2022-11-06T11:29:18.267+1300] {dagbag.py:537} INFO - Filling up the DagBag from /Users/hirenpatel/Documents/airflow_tutoral/py_env/lib/python3.8/site-packages/airflow/example_dags/example_branch_python_dop_operator_3.py
[2022-11-06T11:29:18.377+1300] {processor.py:766} INFO - DAG(s) dict_keys(['example_branch_dop_operator_v3']) retrieved from /Users/hirenpatel/Documents/airflow_tutoral/py_env/lib/python3.8/site-packages/airflow/example_dags/example_branch_python_dop_operator_3.py
[2022-11-06T11:29:18.665+1300] {logging_mixin.py:120} INFO - [2022-11-06T11:29:18.665+1300] {dag.py:2585} INFO - Sync 1 DAGs
[2022-11-06T11:29:18.698+1300] {logging_mixin.py:120} INFO - [2022-11-06T11:29:18.698+1300] {dag.py:3336} INFO - Setting next_dagrun for example_branch_dop_operator_v3 to 2022-11-05T22:28:00+00:00, run_after=2022-11-05T22:29:00+00:00
[2022-11-06T11:29:18.731+1300] {processor.py:176} INFO - Processing /Users/hirenpatel/Documents/airflow_tutoral/py_env/lib/python3.8/site-packages/airflow/example_dags/example_branch_python_dop_operator_3.py took 0.478 seconds
