[2022-11-05T13:12:58.114+1300] {processor.py:154} INFO - Started process (PID=93762) to work on /Users/hirenpatel/Documents/airflow_tutoral/py_env/lib/python3.8/site-packages/airflow/example_dags/example_kubernetes_executor.py
[2022-11-05T13:12:58.118+1300] {processor.py:756} INFO - Processing file /Users/hirenpatel/Documents/airflow_tutoral/py_env/lib/python3.8/site-packages/airflow/example_dags/example_kubernetes_executor.py for tasks to queue
[2022-11-05T13:12:58.118+1300] {logging_mixin.py:120} INFO - [2022-11-05T13:12:58.118+1300] {dagbag.py:537} INFO - Filling up the DagBag from /Users/hirenpatel/Documents/airflow_tutoral/py_env/lib/python3.8/site-packages/airflow/example_dags/example_kubernetes_executor.py
[2022-11-05T13:12:58.154+1300] {logging_mixin.py:120} INFO - [2022-11-05T13:12:58.153+1300] {example_kubernetes_executor.py:41} WARNING - The example_kubernetes_executor example DAG requires the kubernetes provider. Please install it with: pip install apache-airflow[cncf.kubernetes]
[2022-11-05T13:12:58.154+1300] {processor.py:768} WARNING - No viable dags retrieved from /Users/hirenpatel/Documents/airflow_tutoral/py_env/lib/python3.8/site-packages/airflow/example_dags/example_kubernetes_executor.py
[2022-11-05T13:12:58.236+1300] {processor.py:176} INFO - Processing /Users/hirenpatel/Documents/airflow_tutoral/py_env/lib/python3.8/site-packages/airflow/example_dags/example_kubernetes_executor.py took 0.123 seconds
[2022-11-05T13:15:56.553+1300] {processor.py:154} INFO - Started process (PID=94056) to work on /Users/hirenpatel/Documents/airflow_tutoral/py_env/lib/python3.8/site-packages/airflow/example_dags/example_kubernetes_executor.py
[2022-11-05T13:15:56.557+1300] {processor.py:756} INFO - Processing file /Users/hirenpatel/Documents/airflow_tutoral/py_env/lib/python3.8/site-packages/airflow/example_dags/example_kubernetes_executor.py for tasks to queue
[2022-11-05T13:15:56.557+1300] {logging_mixin.py:120} INFO - [2022-11-05T13:15:56.557+1300] {dagbag.py:537} INFO - Filling up the DagBag from /Users/hirenpatel/Documents/airflow_tutoral/py_env/lib/python3.8/site-packages/airflow/example_dags/example_kubernetes_executor.py
[2022-11-05T13:15:56.592+1300] {logging_mixin.py:120} INFO - [2022-11-05T13:15:56.592+1300] {example_kubernetes_executor.py:41} WARNING - The example_kubernetes_executor example DAG requires the kubernetes provider. Please install it with: pip install apache-airflow[cncf.kubernetes]
[2022-11-05T13:15:56.592+1300] {processor.py:768} WARNING - No viable dags retrieved from /Users/hirenpatel/Documents/airflow_tutoral/py_env/lib/python3.8/site-packages/airflow/example_dags/example_kubernetes_executor.py
[2022-11-05T13:15:56.665+1300] {processor.py:176} INFO - Processing /Users/hirenpatel/Documents/airflow_tutoral/py_env/lib/python3.8/site-packages/airflow/example_dags/example_kubernetes_executor.py took 0.113 seconds
[2022-11-05T13:19:17.704+1300] {processor.py:154} INFO - Started process (PID=94223) to work on /Users/hirenpatel/Documents/airflow_tutoral/py_env/lib/python3.8/site-packages/airflow/example_dags/example_kubernetes_executor.py
[2022-11-05T13:19:17.708+1300] {processor.py:756} INFO - Processing file /Users/hirenpatel/Documents/airflow_tutoral/py_env/lib/python3.8/site-packages/airflow/example_dags/example_kubernetes_executor.py for tasks to queue
[2022-11-05T13:19:17.708+1300] {logging_mixin.py:120} INFO - [2022-11-05T13:19:17.708+1300] {dagbag.py:537} INFO - Filling up the DagBag from /Users/hirenpatel/Documents/airflow_tutoral/py_env/lib/python3.8/site-packages/airflow/example_dags/example_kubernetes_executor.py
[2022-11-05T13:19:17.741+1300] {logging_mixin.py:120} INFO - [2022-11-05T13:19:17.741+1300] {example_kubernetes_executor.py:41} WARNING - The example_kubernetes_executor example DAG requires the kubernetes provider. Please install it with: pip install apache-airflow[cncf.kubernetes]
[2022-11-05T13:19:17.742+1300] {processor.py:768} WARNING - No viable dags retrieved from /Users/hirenpatel/Documents/airflow_tutoral/py_env/lib/python3.8/site-packages/airflow/example_dags/example_kubernetes_executor.py
[2022-11-05T13:19:17.817+1300] {processor.py:176} INFO - Processing /Users/hirenpatel/Documents/airflow_tutoral/py_env/lib/python3.8/site-packages/airflow/example_dags/example_kubernetes_executor.py took 0.113 seconds
[2022-11-05T13:22:07.277+1300] {processor.py:154} INFO - Started process (PID=94380) to work on /Users/hirenpatel/Documents/airflow_tutoral/py_env/lib/python3.8/site-packages/airflow/example_dags/example_kubernetes_executor.py
[2022-11-05T13:22:07.281+1300] {processor.py:756} INFO - Processing file /Users/hirenpatel/Documents/airflow_tutoral/py_env/lib/python3.8/site-packages/airflow/example_dags/example_kubernetes_executor.py for tasks to queue
[2022-11-05T13:22:07.282+1300] {logging_mixin.py:120} INFO - [2022-11-05T13:22:07.281+1300] {dagbag.py:537} INFO - Filling up the DagBag from /Users/hirenpatel/Documents/airflow_tutoral/py_env/lib/python3.8/site-packages/airflow/example_dags/example_kubernetes_executor.py
[2022-11-05T13:22:07.318+1300] {logging_mixin.py:120} INFO - [2022-11-05T13:22:07.318+1300] {example_kubernetes_executor.py:41} WARNING - The example_kubernetes_executor example DAG requires the kubernetes provider. Please install it with: pip install apache-airflow[cncf.kubernetes]
[2022-11-05T13:22:07.318+1300] {processor.py:768} WARNING - No viable dags retrieved from /Users/hirenpatel/Documents/airflow_tutoral/py_env/lib/python3.8/site-packages/airflow/example_dags/example_kubernetes_executor.py
[2022-11-05T13:22:07.394+1300] {processor.py:176} INFO - Processing /Users/hirenpatel/Documents/airflow_tutoral/py_env/lib/python3.8/site-packages/airflow/example_dags/example_kubernetes_executor.py took 0.117 seconds
[2022-11-05T13:25:16.884+1300] {processor.py:154} INFO - Started process (PID=94611) to work on /Users/hirenpatel/Documents/airflow_tutoral/py_env/lib/python3.8/site-packages/airflow/example_dags/example_kubernetes_executor.py
[2022-11-05T13:25:16.888+1300] {processor.py:756} INFO - Processing file /Users/hirenpatel/Documents/airflow_tutoral/py_env/lib/python3.8/site-packages/airflow/example_dags/example_kubernetes_executor.py for tasks to queue
[2022-11-05T13:25:16.888+1300] {logging_mixin.py:120} INFO - [2022-11-05T13:25:16.888+1300] {dagbag.py:537} INFO - Filling up the DagBag from /Users/hirenpatel/Documents/airflow_tutoral/py_env/lib/python3.8/site-packages/airflow/example_dags/example_kubernetes_executor.py
[2022-11-05T13:25:16.920+1300] {logging_mixin.py:120} INFO - [2022-11-05T13:25:16.920+1300] {example_kubernetes_executor.py:41} WARNING - The example_kubernetes_executor example DAG requires the kubernetes provider. Please install it with: pip install apache-airflow[cncf.kubernetes]
[2022-11-05T13:25:16.920+1300] {processor.py:768} WARNING - No viable dags retrieved from /Users/hirenpatel/Documents/airflow_tutoral/py_env/lib/python3.8/site-packages/airflow/example_dags/example_kubernetes_executor.py
[2022-11-05T13:25:16.996+1300] {processor.py:176} INFO - Processing /Users/hirenpatel/Documents/airflow_tutoral/py_env/lib/python3.8/site-packages/airflow/example_dags/example_kubernetes_executor.py took 0.112 seconds
[2022-11-05T13:42:43.028+1300] {processor.py:154} INFO - Started process (PID=94853) to work on /Users/hirenpatel/Documents/airflow_tutoral/py_env/lib/python3.8/site-packages/airflow/example_dags/example_kubernetes_executor.py
[2022-11-05T13:42:43.032+1300] {processor.py:756} INFO - Processing file /Users/hirenpatel/Documents/airflow_tutoral/py_env/lib/python3.8/site-packages/airflow/example_dags/example_kubernetes_executor.py for tasks to queue
[2022-11-05T13:42:43.032+1300] {logging_mixin.py:120} INFO - [2022-11-05T13:42:43.032+1300] {dagbag.py:537} INFO - Filling up the DagBag from /Users/hirenpatel/Documents/airflow_tutoral/py_env/lib/python3.8/site-packages/airflow/example_dags/example_kubernetes_executor.py
[2022-11-05T13:42:43.065+1300] {logging_mixin.py:120} INFO - [2022-11-05T13:42:43.065+1300] {example_kubernetes_executor.py:41} WARNING - The example_kubernetes_executor example DAG requires the kubernetes provider. Please install it with: pip install apache-airflow[cncf.kubernetes]
[2022-11-05T13:42:43.065+1300] {processor.py:768} WARNING - No viable dags retrieved from /Users/hirenpatel/Documents/airflow_tutoral/py_env/lib/python3.8/site-packages/airflow/example_dags/example_kubernetes_executor.py
[2022-11-05T13:42:43.138+1300] {processor.py:176} INFO - Processing /Users/hirenpatel/Documents/airflow_tutoral/py_env/lib/python3.8/site-packages/airflow/example_dags/example_kubernetes_executor.py took 0.110 seconds
[2022-11-05T13:55:42.175+1300] {processor.py:154} INFO - Started process (PID=94999) to work on /Users/hirenpatel/Documents/airflow_tutoral/py_env/lib/python3.8/site-packages/airflow/example_dags/example_kubernetes_executor.py
[2022-11-05T13:55:42.179+1300] {processor.py:756} INFO - Processing file /Users/hirenpatel/Documents/airflow_tutoral/py_env/lib/python3.8/site-packages/airflow/example_dags/example_kubernetes_executor.py for tasks to queue
[2022-11-05T13:55:42.179+1300] {logging_mixin.py:120} INFO - [2022-11-05T13:55:42.179+1300] {dagbag.py:537} INFO - Filling up the DagBag from /Users/hirenpatel/Documents/airflow_tutoral/py_env/lib/python3.8/site-packages/airflow/example_dags/example_kubernetes_executor.py
[2022-11-05T13:55:42.209+1300] {logging_mixin.py:120} INFO - [2022-11-05T13:55:42.209+1300] {example_kubernetes_executor.py:41} WARNING - The example_kubernetes_executor example DAG requires the kubernetes provider. Please install it with: pip install apache-airflow[cncf.kubernetes]
[2022-11-05T13:55:42.209+1300] {processor.py:768} WARNING - No viable dags retrieved from /Users/hirenpatel/Documents/airflow_tutoral/py_env/lib/python3.8/site-packages/airflow/example_dags/example_kubernetes_executor.py
[2022-11-05T13:55:42.279+1300] {processor.py:176} INFO - Processing /Users/hirenpatel/Documents/airflow_tutoral/py_env/lib/python3.8/site-packages/airflow/example_dags/example_kubernetes_executor.py took 0.105 seconds
[2022-11-05T14:12:51.378+1300] {processor.py:154} INFO - Started process (PID=95334) to work on /Users/hirenpatel/Documents/airflow_tutoral/py_env/lib/python3.8/site-packages/airflow/example_dags/example_kubernetes_executor.py
[2022-11-05T14:12:51.382+1300] {processor.py:756} INFO - Processing file /Users/hirenpatel/Documents/airflow_tutoral/py_env/lib/python3.8/site-packages/airflow/example_dags/example_kubernetes_executor.py for tasks to queue
[2022-11-05T14:12:51.382+1300] {logging_mixin.py:120} INFO - [2022-11-05T14:12:51.382+1300] {dagbag.py:537} INFO - Filling up the DagBag from /Users/hirenpatel/Documents/airflow_tutoral/py_env/lib/python3.8/site-packages/airflow/example_dags/example_kubernetes_executor.py
[2022-11-05T14:12:51.415+1300] {logging_mixin.py:120} INFO - [2022-11-05T14:12:51.415+1300] {example_kubernetes_executor.py:41} WARNING - The example_kubernetes_executor example DAG requires the kubernetes provider. Please install it with: pip install apache-airflow[cncf.kubernetes]
[2022-11-05T14:12:51.415+1300] {processor.py:768} WARNING - No viable dags retrieved from /Users/hirenpatel/Documents/airflow_tutoral/py_env/lib/python3.8/site-packages/airflow/example_dags/example_kubernetes_executor.py
[2022-11-05T14:12:51.488+1300] {processor.py:176} INFO - Processing /Users/hirenpatel/Documents/airflow_tutoral/py_env/lib/python3.8/site-packages/airflow/example_dags/example_kubernetes_executor.py took 0.111 seconds
[2022-11-05T14:15:23.622+1300] {processor.py:154} INFO - Started process (PID=95500) to work on /Users/hirenpatel/Documents/airflow_tutoral/py_env/lib/python3.8/site-packages/airflow/example_dags/example_kubernetes_executor.py
[2022-11-05T14:15:23.626+1300] {processor.py:756} INFO - Processing file /Users/hirenpatel/Documents/airflow_tutoral/py_env/lib/python3.8/site-packages/airflow/example_dags/example_kubernetes_executor.py for tasks to queue
[2022-11-05T14:15:23.627+1300] {logging_mixin.py:120} INFO - [2022-11-05T14:15:23.627+1300] {dagbag.py:537} INFO - Filling up the DagBag from /Users/hirenpatel/Documents/airflow_tutoral/py_env/lib/python3.8/site-packages/airflow/example_dags/example_kubernetes_executor.py
[2022-11-05T14:15:23.675+1300] {logging_mixin.py:120} INFO - [2022-11-05T14:15:23.675+1300] {example_kubernetes_executor.py:41} WARNING - The example_kubernetes_executor example DAG requires the kubernetes provider. Please install it with: pip install apache-airflow[cncf.kubernetes]
[2022-11-05T14:15:23.675+1300] {processor.py:768} WARNING - No viable dags retrieved from /Users/hirenpatel/Documents/airflow_tutoral/py_env/lib/python3.8/site-packages/airflow/example_dags/example_kubernetes_executor.py
[2022-11-05T14:15:23.753+1300] {processor.py:176} INFO - Processing /Users/hirenpatel/Documents/airflow_tutoral/py_env/lib/python3.8/site-packages/airflow/example_dags/example_kubernetes_executor.py took 0.132 seconds
[2022-11-05T14:32:44.581+1300] {processor.py:154} INFO - Started process (PID=95861) to work on /Users/hirenpatel/Documents/airflow_tutoral/py_env/lib/python3.8/site-packages/airflow/example_dags/example_kubernetes_executor.py
[2022-11-05T14:32:44.585+1300] {processor.py:756} INFO - Processing file /Users/hirenpatel/Documents/airflow_tutoral/py_env/lib/python3.8/site-packages/airflow/example_dags/example_kubernetes_executor.py for tasks to queue
[2022-11-05T14:32:44.585+1300] {logging_mixin.py:120} INFO - [2022-11-05T14:32:44.585+1300] {dagbag.py:537} INFO - Filling up the DagBag from /Users/hirenpatel/Documents/airflow_tutoral/py_env/lib/python3.8/site-packages/airflow/example_dags/example_kubernetes_executor.py
[2022-11-05T14:32:44.617+1300] {logging_mixin.py:120} INFO - [2022-11-05T14:32:44.617+1300] {example_kubernetes_executor.py:41} WARNING - The example_kubernetes_executor example DAG requires the kubernetes provider. Please install it with: pip install apache-airflow[cncf.kubernetes]
[2022-11-05T14:32:44.617+1300] {processor.py:768} WARNING - No viable dags retrieved from /Users/hirenpatel/Documents/airflow_tutoral/py_env/lib/python3.8/site-packages/airflow/example_dags/example_kubernetes_executor.py
[2022-11-05T14:32:44.690+1300] {processor.py:176} INFO - Processing /Users/hirenpatel/Documents/airflow_tutoral/py_env/lib/python3.8/site-packages/airflow/example_dags/example_kubernetes_executor.py took 0.110 seconds
[2022-11-05T14:36:26.841+1300] {processor.py:154} INFO - Started process (PID=96091) to work on /Users/hirenpatel/Documents/airflow_tutoral/py_env/lib/python3.8/site-packages/airflow/example_dags/example_kubernetes_executor.py
[2022-11-05T14:36:26.846+1300] {processor.py:756} INFO - Processing file /Users/hirenpatel/Documents/airflow_tutoral/py_env/lib/python3.8/site-packages/airflow/example_dags/example_kubernetes_executor.py for tasks to queue
[2022-11-05T14:36:26.846+1300] {logging_mixin.py:120} INFO - [2022-11-05T14:36:26.846+1300] {dagbag.py:537} INFO - Filling up the DagBag from /Users/hirenpatel/Documents/airflow_tutoral/py_env/lib/python3.8/site-packages/airflow/example_dags/example_kubernetes_executor.py
[2022-11-05T14:36:26.877+1300] {logging_mixin.py:120} INFO - [2022-11-05T14:36:26.877+1300] {example_kubernetes_executor.py:41} WARNING - The example_kubernetes_executor example DAG requires the kubernetes provider. Please install it with: pip install apache-airflow[cncf.kubernetes]
[2022-11-05T14:36:26.877+1300] {processor.py:768} WARNING - No viable dags retrieved from /Users/hirenpatel/Documents/airflow_tutoral/py_env/lib/python3.8/site-packages/airflow/example_dags/example_kubernetes_executor.py
[2022-11-05T14:36:26.951+1300] {processor.py:176} INFO - Processing /Users/hirenpatel/Documents/airflow_tutoral/py_env/lib/python3.8/site-packages/airflow/example_dags/example_kubernetes_executor.py took 0.110 seconds
[2022-11-05T14:42:49.122+1300] {processor.py:154} INFO - Started process (PID=96260) to work on /Users/hirenpatel/Documents/airflow_tutoral/py_env/lib/python3.8/site-packages/airflow/example_dags/example_kubernetes_executor.py
[2022-11-05T14:42:49.126+1300] {processor.py:756} INFO - Processing file /Users/hirenpatel/Documents/airflow_tutoral/py_env/lib/python3.8/site-packages/airflow/example_dags/example_kubernetes_executor.py for tasks to queue
[2022-11-05T14:42:49.126+1300] {logging_mixin.py:120} INFO - [2022-11-05T14:42:49.126+1300] {dagbag.py:537} INFO - Filling up the DagBag from /Users/hirenpatel/Documents/airflow_tutoral/py_env/lib/python3.8/site-packages/airflow/example_dags/example_kubernetes_executor.py
[2022-11-05T14:42:49.159+1300] {logging_mixin.py:120} INFO - [2022-11-05T14:42:49.158+1300] {example_kubernetes_executor.py:41} WARNING - The example_kubernetes_executor example DAG requires the kubernetes provider. Please install it with: pip install apache-airflow[cncf.kubernetes]
[2022-11-05T14:42:49.159+1300] {processor.py:768} WARNING - No viable dags retrieved from /Users/hirenpatel/Documents/airflow_tutoral/py_env/lib/python3.8/site-packages/airflow/example_dags/example_kubernetes_executor.py
[2022-11-05T14:42:49.233+1300] {processor.py:176} INFO - Processing /Users/hirenpatel/Documents/airflow_tutoral/py_env/lib/python3.8/site-packages/airflow/example_dags/example_kubernetes_executor.py took 0.112 seconds
[2022-11-05T14:47:51.632+1300] {processor.py:154} INFO - Started process (PID=96427) to work on /Users/hirenpatel/Documents/airflow_tutoral/py_env/lib/python3.8/site-packages/airflow/example_dags/example_kubernetes_executor.py
[2022-11-05T14:47:51.636+1300] {processor.py:756} INFO - Processing file /Users/hirenpatel/Documents/airflow_tutoral/py_env/lib/python3.8/site-packages/airflow/example_dags/example_kubernetes_executor.py for tasks to queue
[2022-11-05T14:47:51.636+1300] {logging_mixin.py:120} INFO - [2022-11-05T14:47:51.636+1300] {dagbag.py:537} INFO - Filling up the DagBag from /Users/hirenpatel/Documents/airflow_tutoral/py_env/lib/python3.8/site-packages/airflow/example_dags/example_kubernetes_executor.py
[2022-11-05T14:47:51.673+1300] {logging_mixin.py:120} INFO - [2022-11-05T14:47:51.673+1300] {example_kubernetes_executor.py:41} WARNING - The example_kubernetes_executor example DAG requires the kubernetes provider. Please install it with: pip install apache-airflow[cncf.kubernetes]
[2022-11-05T14:47:51.676+1300] {processor.py:768} WARNING - No viable dags retrieved from /Users/hirenpatel/Documents/airflow_tutoral/py_env/lib/python3.8/site-packages/airflow/example_dags/example_kubernetes_executor.py
[2022-11-05T14:47:51.749+1300] {processor.py:176} INFO - Processing /Users/hirenpatel/Documents/airflow_tutoral/py_env/lib/python3.8/site-packages/airflow/example_dags/example_kubernetes_executor.py took 0.117 seconds
[2022-11-05T14:55:50.846+1300] {processor.py:154} INFO - Started process (PID=96711) to work on /Users/hirenpatel/Documents/airflow_tutoral/py_env/lib/python3.8/site-packages/airflow/example_dags/example_kubernetes_executor.py
[2022-11-05T14:55:50.849+1300] {processor.py:756} INFO - Processing file /Users/hirenpatel/Documents/airflow_tutoral/py_env/lib/python3.8/site-packages/airflow/example_dags/example_kubernetes_executor.py for tasks to queue
[2022-11-05T14:55:50.849+1300] {logging_mixin.py:120} INFO - [2022-11-05T14:55:50.849+1300] {dagbag.py:537} INFO - Filling up the DagBag from /Users/hirenpatel/Documents/airflow_tutoral/py_env/lib/python3.8/site-packages/airflow/example_dags/example_kubernetes_executor.py
[2022-11-05T14:55:50.878+1300] {logging_mixin.py:120} INFO - [2022-11-05T14:55:50.878+1300] {example_kubernetes_executor.py:41} WARNING - The example_kubernetes_executor example DAG requires the kubernetes provider. Please install it with: pip install apache-airflow[cncf.kubernetes]
[2022-11-05T14:55:50.878+1300] {processor.py:768} WARNING - No viable dags retrieved from /Users/hirenpatel/Documents/airflow_tutoral/py_env/lib/python3.8/site-packages/airflow/example_dags/example_kubernetes_executor.py
[2022-11-05T14:55:50.948+1300] {processor.py:176} INFO - Processing /Users/hirenpatel/Documents/airflow_tutoral/py_env/lib/python3.8/site-packages/airflow/example_dags/example_kubernetes_executor.py took 0.102 seconds
[2022-11-05T15:13:42.234+1300] {processor.py:154} INFO - Started process (PID=96921) to work on /Users/hirenpatel/Documents/airflow_tutoral/py_env/lib/python3.8/site-packages/airflow/example_dags/example_kubernetes_executor.py
[2022-11-05T15:13:42.238+1300] {processor.py:756} INFO - Processing file /Users/hirenpatel/Documents/airflow_tutoral/py_env/lib/python3.8/site-packages/airflow/example_dags/example_kubernetes_executor.py for tasks to queue
[2022-11-05T15:13:42.238+1300] {logging_mixin.py:120} INFO - [2022-11-05T15:13:42.238+1300] {dagbag.py:537} INFO - Filling up the DagBag from /Users/hirenpatel/Documents/airflow_tutoral/py_env/lib/python3.8/site-packages/airflow/example_dags/example_kubernetes_executor.py
[2022-11-05T15:13:42.270+1300] {logging_mixin.py:120} INFO - [2022-11-05T15:13:42.270+1300] {example_kubernetes_executor.py:41} WARNING - The example_kubernetes_executor example DAG requires the kubernetes provider. Please install it with: pip install apache-airflow[cncf.kubernetes]
[2022-11-05T15:13:42.270+1300] {processor.py:768} WARNING - No viable dags retrieved from /Users/hirenpatel/Documents/airflow_tutoral/py_env/lib/python3.8/site-packages/airflow/example_dags/example_kubernetes_executor.py
[2022-11-05T15:13:42.352+1300] {processor.py:176} INFO - Processing /Users/hirenpatel/Documents/airflow_tutoral/py_env/lib/python3.8/site-packages/airflow/example_dags/example_kubernetes_executor.py took 0.119 seconds
[2022-11-05T15:16:39.167+1300] {processor.py:154} INFO - Started process (PID=97083) to work on /Users/hirenpatel/Documents/airflow_tutoral/py_env/lib/python3.8/site-packages/airflow/example_dags/example_kubernetes_executor.py
[2022-11-05T15:16:39.170+1300] {processor.py:756} INFO - Processing file /Users/hirenpatel/Documents/airflow_tutoral/py_env/lib/python3.8/site-packages/airflow/example_dags/example_kubernetes_executor.py for tasks to queue
[2022-11-05T15:16:39.171+1300] {logging_mixin.py:120} INFO - [2022-11-05T15:16:39.170+1300] {dagbag.py:537} INFO - Filling up the DagBag from /Users/hirenpatel/Documents/airflow_tutoral/py_env/lib/python3.8/site-packages/airflow/example_dags/example_kubernetes_executor.py
[2022-11-05T15:16:39.201+1300] {logging_mixin.py:120} INFO - [2022-11-05T15:16:39.201+1300] {example_kubernetes_executor.py:41} WARNING - The example_kubernetes_executor example DAG requires the kubernetes provider. Please install it with: pip install apache-airflow[cncf.kubernetes]
[2022-11-05T15:16:39.201+1300] {processor.py:768} WARNING - No viable dags retrieved from /Users/hirenpatel/Documents/airflow_tutoral/py_env/lib/python3.8/site-packages/airflow/example_dags/example_kubernetes_executor.py
[2022-11-05T15:16:39.272+1300] {processor.py:176} INFO - Processing /Users/hirenpatel/Documents/airflow_tutoral/py_env/lib/python3.8/site-packages/airflow/example_dags/example_kubernetes_executor.py took 0.105 seconds
[2022-11-05T15:32:49.182+1300] {processor.py:154} INFO - Started process (PID=97299) to work on /Users/hirenpatel/Documents/airflow_tutoral/py_env/lib/python3.8/site-packages/airflow/example_dags/example_kubernetes_executor.py
[2022-11-05T15:32:49.186+1300] {processor.py:756} INFO - Processing file /Users/hirenpatel/Documents/airflow_tutoral/py_env/lib/python3.8/site-packages/airflow/example_dags/example_kubernetes_executor.py for tasks to queue
[2022-11-05T15:32:49.187+1300] {logging_mixin.py:120} INFO - [2022-11-05T15:32:49.187+1300] {dagbag.py:537} INFO - Filling up the DagBag from /Users/hirenpatel/Documents/airflow_tutoral/py_env/lib/python3.8/site-packages/airflow/example_dags/example_kubernetes_executor.py
[2022-11-05T15:32:49.233+1300] {logging_mixin.py:120} INFO - [2022-11-05T15:32:49.233+1300] {example_kubernetes_executor.py:41} WARNING - The example_kubernetes_executor example DAG requires the kubernetes provider. Please install it with: pip install apache-airflow[cncf.kubernetes]
[2022-11-05T15:32:49.234+1300] {processor.py:768} WARNING - No viable dags retrieved from /Users/hirenpatel/Documents/airflow_tutoral/py_env/lib/python3.8/site-packages/airflow/example_dags/example_kubernetes_executor.py
[2022-11-05T15:32:49.328+1300] {processor.py:176} INFO - Processing /Users/hirenpatel/Documents/airflow_tutoral/py_env/lib/python3.8/site-packages/airflow/example_dags/example_kubernetes_executor.py took 0.147 seconds
[2022-11-05T15:34:50.455+1300] {processor.py:154} INFO - Started process (PID=97436) to work on /Users/hirenpatel/Documents/airflow_tutoral/py_env/lib/python3.8/site-packages/airflow/example_dags/example_kubernetes_executor.py
[2022-11-05T15:34:50.459+1300] {processor.py:756} INFO - Processing file /Users/hirenpatel/Documents/airflow_tutoral/py_env/lib/python3.8/site-packages/airflow/example_dags/example_kubernetes_executor.py for tasks to queue
[2022-11-05T15:34:50.459+1300] {logging_mixin.py:120} INFO - [2022-11-05T15:34:50.459+1300] {dagbag.py:537} INFO - Filling up the DagBag from /Users/hirenpatel/Documents/airflow_tutoral/py_env/lib/python3.8/site-packages/airflow/example_dags/example_kubernetes_executor.py
[2022-11-05T15:34:50.491+1300] {logging_mixin.py:120} INFO - [2022-11-05T15:34:50.491+1300] {example_kubernetes_executor.py:41} WARNING - The example_kubernetes_executor example DAG requires the kubernetes provider. Please install it with: pip install apache-airflow[cncf.kubernetes]
[2022-11-05T15:34:50.491+1300] {processor.py:768} WARNING - No viable dags retrieved from /Users/hirenpatel/Documents/airflow_tutoral/py_env/lib/python3.8/site-packages/airflow/example_dags/example_kubernetes_executor.py
[2022-11-05T15:34:50.567+1300] {processor.py:176} INFO - Processing /Users/hirenpatel/Documents/airflow_tutoral/py_env/lib/python3.8/site-packages/airflow/example_dags/example_kubernetes_executor.py took 0.113 seconds
[2022-11-05T15:51:21.475+1300] {processor.py:154} INFO - Started process (PID=97638) to work on /Users/hirenpatel/Documents/airflow_tutoral/py_env/lib/python3.8/site-packages/airflow/example_dags/example_kubernetes_executor.py
[2022-11-05T15:51:21.479+1300] {processor.py:756} INFO - Processing file /Users/hirenpatel/Documents/airflow_tutoral/py_env/lib/python3.8/site-packages/airflow/example_dags/example_kubernetes_executor.py for tasks to queue
[2022-11-05T15:51:21.479+1300] {logging_mixin.py:120} INFO - [2022-11-05T15:51:21.479+1300] {dagbag.py:537} INFO - Filling up the DagBag from /Users/hirenpatel/Documents/airflow_tutoral/py_env/lib/python3.8/site-packages/airflow/example_dags/example_kubernetes_executor.py
[2022-11-05T15:51:21.512+1300] {logging_mixin.py:120} INFO - [2022-11-05T15:51:21.512+1300] {example_kubernetes_executor.py:41} WARNING - The example_kubernetes_executor example DAG requires the kubernetes provider. Please install it with: pip install apache-airflow[cncf.kubernetes]
[2022-11-05T15:51:21.512+1300] {processor.py:768} WARNING - No viable dags retrieved from /Users/hirenpatel/Documents/airflow_tutoral/py_env/lib/python3.8/site-packages/airflow/example_dags/example_kubernetes_executor.py
[2022-11-05T15:51:21.592+1300] {processor.py:176} INFO - Processing /Users/hirenpatel/Documents/airflow_tutoral/py_env/lib/python3.8/site-packages/airflow/example_dags/example_kubernetes_executor.py took 0.117 seconds
[2022-11-05T15:56:07.060+1300] {processor.py:154} INFO - Started process (PID=97809) to work on /Users/hirenpatel/Documents/airflow_tutoral/py_env/lib/python3.8/site-packages/airflow/example_dags/example_kubernetes_executor.py
[2022-11-05T15:56:07.064+1300] {processor.py:756} INFO - Processing file /Users/hirenpatel/Documents/airflow_tutoral/py_env/lib/python3.8/site-packages/airflow/example_dags/example_kubernetes_executor.py for tasks to queue
[2022-11-05T15:56:07.064+1300] {logging_mixin.py:120} INFO - [2022-11-05T15:56:07.064+1300] {dagbag.py:537} INFO - Filling up the DagBag from /Users/hirenpatel/Documents/airflow_tutoral/py_env/lib/python3.8/site-packages/airflow/example_dags/example_kubernetes_executor.py
[2022-11-05T15:56:07.097+1300] {logging_mixin.py:120} INFO - [2022-11-05T15:56:07.097+1300] {example_kubernetes_executor.py:41} WARNING - The example_kubernetes_executor example DAG requires the kubernetes provider. Please install it with: pip install apache-airflow[cncf.kubernetes]
[2022-11-05T15:56:07.097+1300] {processor.py:768} WARNING - No viable dags retrieved from /Users/hirenpatel/Documents/airflow_tutoral/py_env/lib/python3.8/site-packages/airflow/example_dags/example_kubernetes_executor.py
[2022-11-05T15:56:07.174+1300] {processor.py:176} INFO - Processing /Users/hirenpatel/Documents/airflow_tutoral/py_env/lib/python3.8/site-packages/airflow/example_dags/example_kubernetes_executor.py took 0.114 seconds
[2022-11-05T16:07:41.670+1300] {processor.py:154} INFO - Started process (PID=98079) to work on /Users/hirenpatel/Documents/airflow_tutoral/py_env/lib/python3.8/site-packages/airflow/example_dags/example_kubernetes_executor.py
[2022-11-05T16:07:41.674+1300] {processor.py:756} INFO - Processing file /Users/hirenpatel/Documents/airflow_tutoral/py_env/lib/python3.8/site-packages/airflow/example_dags/example_kubernetes_executor.py for tasks to queue
[2022-11-05T16:07:41.675+1300] {logging_mixin.py:120} INFO - [2022-11-05T16:07:41.675+1300] {dagbag.py:537} INFO - Filling up the DagBag from /Users/hirenpatel/Documents/airflow_tutoral/py_env/lib/python3.8/site-packages/airflow/example_dags/example_kubernetes_executor.py
[2022-11-05T16:07:41.707+1300] {logging_mixin.py:120} INFO - [2022-11-05T16:07:41.707+1300] {example_kubernetes_executor.py:41} WARNING - The example_kubernetes_executor example DAG requires the kubernetes provider. Please install it with: pip install apache-airflow[cncf.kubernetes]
[2022-11-05T16:07:41.707+1300] {processor.py:768} WARNING - No viable dags retrieved from /Users/hirenpatel/Documents/airflow_tutoral/py_env/lib/python3.8/site-packages/airflow/example_dags/example_kubernetes_executor.py
[2022-11-05T16:07:41.797+1300] {processor.py:176} INFO - Processing /Users/hirenpatel/Documents/airflow_tutoral/py_env/lib/python3.8/site-packages/airflow/example_dags/example_kubernetes_executor.py took 0.127 seconds
[2022-11-05T16:21:13.288+1300] {processor.py:154} INFO - Started process (PID=98341) to work on /Users/hirenpatel/Documents/airflow_tutoral/py_env/lib/python3.8/site-packages/airflow/example_dags/example_kubernetes_executor.py
[2022-11-05T16:21:13.292+1300] {processor.py:756} INFO - Processing file /Users/hirenpatel/Documents/airflow_tutoral/py_env/lib/python3.8/site-packages/airflow/example_dags/example_kubernetes_executor.py for tasks to queue
[2022-11-05T16:21:13.293+1300] {logging_mixin.py:120} INFO - [2022-11-05T16:21:13.292+1300] {dagbag.py:537} INFO - Filling up the DagBag from /Users/hirenpatel/Documents/airflow_tutoral/py_env/lib/python3.8/site-packages/airflow/example_dags/example_kubernetes_executor.py
[2022-11-05T16:21:13.323+1300] {logging_mixin.py:120} INFO - [2022-11-05T16:21:13.323+1300] {example_kubernetes_executor.py:41} WARNING - The example_kubernetes_executor example DAG requires the kubernetes provider. Please install it with: pip install apache-airflow[cncf.kubernetes]
[2022-11-05T16:21:13.323+1300] {processor.py:768} WARNING - No viable dags retrieved from /Users/hirenpatel/Documents/airflow_tutoral/py_env/lib/python3.8/site-packages/airflow/example_dags/example_kubernetes_executor.py
[2022-11-05T16:21:13.403+1300] {processor.py:176} INFO - Processing /Users/hirenpatel/Documents/airflow_tutoral/py_env/lib/python3.8/site-packages/airflow/example_dags/example_kubernetes_executor.py took 0.115 seconds
[2022-11-05T17:03:07.670+1300] {processor.py:154} INFO - Started process (PID=98552) to work on /Users/hirenpatel/Documents/airflow_tutoral/py_env/lib/python3.8/site-packages/airflow/example_dags/example_kubernetes_executor.py
[2022-11-05T17:03:07.674+1300] {processor.py:756} INFO - Processing file /Users/hirenpatel/Documents/airflow_tutoral/py_env/lib/python3.8/site-packages/airflow/example_dags/example_kubernetes_executor.py for tasks to queue
[2022-11-05T17:03:07.674+1300] {logging_mixin.py:120} INFO - [2022-11-05T17:03:07.674+1300] {dagbag.py:537} INFO - Filling up the DagBag from /Users/hirenpatel/Documents/airflow_tutoral/py_env/lib/python3.8/site-packages/airflow/example_dags/example_kubernetes_executor.py
[2022-11-05T17:03:07.709+1300] {logging_mixin.py:120} INFO - [2022-11-05T17:03:07.709+1300] {example_kubernetes_executor.py:41} WARNING - The example_kubernetes_executor example DAG requires the kubernetes provider. Please install it with: pip install apache-airflow[cncf.kubernetes]
[2022-11-05T17:03:07.710+1300] {processor.py:768} WARNING - No viable dags retrieved from /Users/hirenpatel/Documents/airflow_tutoral/py_env/lib/python3.8/site-packages/airflow/example_dags/example_kubernetes_executor.py
[2022-11-05T17:03:07.797+1300] {processor.py:176} INFO - Processing /Users/hirenpatel/Documents/airflow_tutoral/py_env/lib/python3.8/site-packages/airflow/example_dags/example_kubernetes_executor.py took 0.128 seconds
[2022-11-05T17:33:18.927+1300] {processor.py:154} INFO - Started process (PID=98774) to work on /Users/hirenpatel/Documents/airflow_tutoral/py_env/lib/python3.8/site-packages/airflow/example_dags/example_kubernetes_executor.py
[2022-11-05T17:33:18.931+1300] {processor.py:756} INFO - Processing file /Users/hirenpatel/Documents/airflow_tutoral/py_env/lib/python3.8/site-packages/airflow/example_dags/example_kubernetes_executor.py for tasks to queue
[2022-11-05T17:33:18.931+1300] {logging_mixin.py:120} INFO - [2022-11-05T17:33:18.931+1300] {dagbag.py:537} INFO - Filling up the DagBag from /Users/hirenpatel/Documents/airflow_tutoral/py_env/lib/python3.8/site-packages/airflow/example_dags/example_kubernetes_executor.py
[2022-11-05T17:33:18.975+1300] {logging_mixin.py:120} INFO - [2022-11-05T17:33:18.974+1300] {example_kubernetes_executor.py:41} WARNING - The example_kubernetes_executor example DAG requires the kubernetes provider. Please install it with: pip install apache-airflow[cncf.kubernetes]
[2022-11-05T17:33:18.975+1300] {processor.py:768} WARNING - No viable dags retrieved from /Users/hirenpatel/Documents/airflow_tutoral/py_env/lib/python3.8/site-packages/airflow/example_dags/example_kubernetes_executor.py
[2022-11-05T17:33:19.114+1300] {processor.py:176} INFO - Processing /Users/hirenpatel/Documents/airflow_tutoral/py_env/lib/python3.8/site-packages/airflow/example_dags/example_kubernetes_executor.py took 0.187 seconds
[2022-11-05T17:56:45.423+1300] {processor.py:154} INFO - Started process (PID=98998) to work on /Users/hirenpatel/Documents/airflow_tutoral/py_env/lib/python3.8/site-packages/airflow/example_dags/example_kubernetes_executor.py
[2022-11-05T17:56:45.427+1300] {processor.py:756} INFO - Processing file /Users/hirenpatel/Documents/airflow_tutoral/py_env/lib/python3.8/site-packages/airflow/example_dags/example_kubernetes_executor.py for tasks to queue
[2022-11-05T17:56:45.428+1300] {logging_mixin.py:120} INFO - [2022-11-05T17:56:45.428+1300] {dagbag.py:537} INFO - Filling up the DagBag from /Users/hirenpatel/Documents/airflow_tutoral/py_env/lib/python3.8/site-packages/airflow/example_dags/example_kubernetes_executor.py
[2022-11-05T17:56:45.461+1300] {logging_mixin.py:120} INFO - [2022-11-05T17:56:45.461+1300] {example_kubernetes_executor.py:41} WARNING - The example_kubernetes_executor example DAG requires the kubernetes provider. Please install it with: pip install apache-airflow[cncf.kubernetes]
[2022-11-05T17:56:45.461+1300] {processor.py:768} WARNING - No viable dags retrieved from /Users/hirenpatel/Documents/airflow_tutoral/py_env/lib/python3.8/site-packages/airflow/example_dags/example_kubernetes_executor.py
[2022-11-05T17:56:45.534+1300] {processor.py:176} INFO - Processing /Users/hirenpatel/Documents/airflow_tutoral/py_env/lib/python3.8/site-packages/airflow/example_dags/example_kubernetes_executor.py took 0.111 seconds
[2022-11-05T18:01:19.688+1300] {processor.py:154} INFO - Started process (PID=99241) to work on /Users/hirenpatel/Documents/airflow_tutoral/py_env/lib/python3.8/site-packages/airflow/example_dags/example_kubernetes_executor.py
[2022-11-05T18:01:19.692+1300] {processor.py:756} INFO - Processing file /Users/hirenpatel/Documents/airflow_tutoral/py_env/lib/python3.8/site-packages/airflow/example_dags/example_kubernetes_executor.py for tasks to queue
[2022-11-05T18:01:19.692+1300] {logging_mixin.py:120} INFO - [2022-11-05T18:01:19.692+1300] {dagbag.py:537} INFO - Filling up the DagBag from /Users/hirenpatel/Documents/airflow_tutoral/py_env/lib/python3.8/site-packages/airflow/example_dags/example_kubernetes_executor.py
[2022-11-05T18:01:19.727+1300] {logging_mixin.py:120} INFO - [2022-11-05T18:01:19.727+1300] {example_kubernetes_executor.py:41} WARNING - The example_kubernetes_executor example DAG requires the kubernetes provider. Please install it with: pip install apache-airflow[cncf.kubernetes]
[2022-11-05T18:01:19.727+1300] {processor.py:768} WARNING - No viable dags retrieved from /Users/hirenpatel/Documents/airflow_tutoral/py_env/lib/python3.8/site-packages/airflow/example_dags/example_kubernetes_executor.py
[2022-11-05T18:01:19.805+1300] {processor.py:176} INFO - Processing /Users/hirenpatel/Documents/airflow_tutoral/py_env/lib/python3.8/site-packages/airflow/example_dags/example_kubernetes_executor.py took 0.117 seconds
[2022-11-05T18:10:46.977+1300] {processor.py:154} INFO - Started process (PID=99425) to work on /Users/hirenpatel/Documents/airflow_tutoral/py_env/lib/python3.8/site-packages/airflow/example_dags/example_kubernetes_executor.py
[2022-11-05T18:10:46.981+1300] {processor.py:756} INFO - Processing file /Users/hirenpatel/Documents/airflow_tutoral/py_env/lib/python3.8/site-packages/airflow/example_dags/example_kubernetes_executor.py for tasks to queue
[2022-11-05T18:10:46.981+1300] {logging_mixin.py:120} INFO - [2022-11-05T18:10:46.981+1300] {dagbag.py:537} INFO - Filling up the DagBag from /Users/hirenpatel/Documents/airflow_tutoral/py_env/lib/python3.8/site-packages/airflow/example_dags/example_kubernetes_executor.py
[2022-11-05T18:10:47.014+1300] {logging_mixin.py:120} INFO - [2022-11-05T18:10:47.014+1300] {example_kubernetes_executor.py:41} WARNING - The example_kubernetes_executor example DAG requires the kubernetes provider. Please install it with: pip install apache-airflow[cncf.kubernetes]
[2022-11-05T18:10:47.014+1300] {processor.py:768} WARNING - No viable dags retrieved from /Users/hirenpatel/Documents/airflow_tutoral/py_env/lib/python3.8/site-packages/airflow/example_dags/example_kubernetes_executor.py
[2022-11-05T18:10:47.090+1300] {processor.py:176} INFO - Processing /Users/hirenpatel/Documents/airflow_tutoral/py_env/lib/python3.8/site-packages/airflow/example_dags/example_kubernetes_executor.py took 0.113 seconds
[2022-11-05T18:12:52.448+1300] {processor.py:154} INFO - Started process (PID=464) to work on /Users/hirenpatel/Documents/airflow_tutoral/py_env/lib/python3.8/site-packages/airflow/example_dags/example_kubernetes_executor.py
[2022-11-05T18:12:52.451+1300] {processor.py:756} INFO - Processing file /Users/hirenpatel/Documents/airflow_tutoral/py_env/lib/python3.8/site-packages/airflow/example_dags/example_kubernetes_executor.py for tasks to queue
[2022-11-05T18:12:52.451+1300] {logging_mixin.py:120} INFO - [2022-11-05T18:12:52.451+1300] {dagbag.py:537} INFO - Filling up the DagBag from /Users/hirenpatel/Documents/airflow_tutoral/py_env/lib/python3.8/site-packages/airflow/example_dags/example_kubernetes_executor.py
[2022-11-05T18:12:52.483+1300] {logging_mixin.py:120} INFO - [2022-11-05T18:12:52.483+1300] {example_kubernetes_executor.py:41} WARNING - The example_kubernetes_executor example DAG requires the kubernetes provider. Please install it with: pip install apache-airflow[cncf.kubernetes]
[2022-11-05T18:12:52.483+1300] {processor.py:768} WARNING - No viable dags retrieved from /Users/hirenpatel/Documents/airflow_tutoral/py_env/lib/python3.8/site-packages/airflow/example_dags/example_kubernetes_executor.py
[2022-11-05T18:12:52.555+1300] {processor.py:176} INFO - Processing /Users/hirenpatel/Documents/airflow_tutoral/py_env/lib/python3.8/site-packages/airflow/example_dags/example_kubernetes_executor.py took 0.107 seconds
[2022-11-05T18:15:05.273+1300] {processor.py:154} INFO - Started process (PID=732) to work on /Users/hirenpatel/Documents/airflow_tutoral/py_env/lib/python3.8/site-packages/airflow/example_dags/example_kubernetes_executor.py
[2022-11-05T18:15:05.277+1300] {processor.py:756} INFO - Processing file /Users/hirenpatel/Documents/airflow_tutoral/py_env/lib/python3.8/site-packages/airflow/example_dags/example_kubernetes_executor.py for tasks to queue
[2022-11-05T18:15:05.277+1300] {logging_mixin.py:120} INFO - [2022-11-05T18:15:05.277+1300] {dagbag.py:537} INFO - Filling up the DagBag from /Users/hirenpatel/Documents/airflow_tutoral/py_env/lib/python3.8/site-packages/airflow/example_dags/example_kubernetes_executor.py
[2022-11-05T18:15:05.312+1300] {logging_mixin.py:120} INFO - [2022-11-05T18:15:05.312+1300] {example_kubernetes_executor.py:41} WARNING - The example_kubernetes_executor example DAG requires the kubernetes provider. Please install it with: pip install apache-airflow[cncf.kubernetes]
[2022-11-05T18:15:05.312+1300] {processor.py:768} WARNING - No viable dags retrieved from /Users/hirenpatel/Documents/airflow_tutoral/py_env/lib/python3.8/site-packages/airflow/example_dags/example_kubernetes_executor.py
[2022-11-05T18:15:05.398+1300] {processor.py:176} INFO - Processing /Users/hirenpatel/Documents/airflow_tutoral/py_env/lib/python3.8/site-packages/airflow/example_dags/example_kubernetes_executor.py took 0.125 seconds
[2022-11-05T18:18:05.555+1300] {processor.py:154} INFO - Started process (PID=900) to work on /Users/hirenpatel/Documents/airflow_tutoral/py_env/lib/python3.8/site-packages/airflow/example_dags/example_kubernetes_executor.py
[2022-11-05T18:18:05.558+1300] {processor.py:756} INFO - Processing file /Users/hirenpatel/Documents/airflow_tutoral/py_env/lib/python3.8/site-packages/airflow/example_dags/example_kubernetes_executor.py for tasks to queue
[2022-11-05T18:18:05.559+1300] {logging_mixin.py:120} INFO - [2022-11-05T18:18:05.559+1300] {dagbag.py:537} INFO - Filling up the DagBag from /Users/hirenpatel/Documents/airflow_tutoral/py_env/lib/python3.8/site-packages/airflow/example_dags/example_kubernetes_executor.py
[2022-11-05T18:18:05.589+1300] {logging_mixin.py:120} INFO - [2022-11-05T18:18:05.589+1300] {example_kubernetes_executor.py:41} WARNING - The example_kubernetes_executor example DAG requires the kubernetes provider. Please install it with: pip install apache-airflow[cncf.kubernetes]
[2022-11-05T18:18:05.589+1300] {processor.py:768} WARNING - No viable dags retrieved from /Users/hirenpatel/Documents/airflow_tutoral/py_env/lib/python3.8/site-packages/airflow/example_dags/example_kubernetes_executor.py
[2022-11-05T18:18:05.664+1300] {processor.py:176} INFO - Processing /Users/hirenpatel/Documents/airflow_tutoral/py_env/lib/python3.8/site-packages/airflow/example_dags/example_kubernetes_executor.py took 0.110 seconds
[2022-11-05T18:28:08.007+1300] {processor.py:154} INFO - Started process (PID=1160) to work on /Users/hirenpatel/Documents/airflow_tutoral/py_env/lib/python3.8/site-packages/airflow/example_dags/example_kubernetes_executor.py
[2022-11-05T18:28:08.011+1300] {processor.py:756} INFO - Processing file /Users/hirenpatel/Documents/airflow_tutoral/py_env/lib/python3.8/site-packages/airflow/example_dags/example_kubernetes_executor.py for tasks to queue
[2022-11-05T18:28:08.011+1300] {logging_mixin.py:120} INFO - [2022-11-05T18:28:08.011+1300] {dagbag.py:537} INFO - Filling up the DagBag from /Users/hirenpatel/Documents/airflow_tutoral/py_env/lib/python3.8/site-packages/airflow/example_dags/example_kubernetes_executor.py
[2022-11-05T18:28:08.044+1300] {logging_mixin.py:120} INFO - [2022-11-05T18:28:08.044+1300] {example_kubernetes_executor.py:41} WARNING - The example_kubernetes_executor example DAG requires the kubernetes provider. Please install it with: pip install apache-airflow[cncf.kubernetes]
[2022-11-05T18:28:08.044+1300] {processor.py:768} WARNING - No viable dags retrieved from /Users/hirenpatel/Documents/airflow_tutoral/py_env/lib/python3.8/site-packages/airflow/example_dags/example_kubernetes_executor.py
[2022-11-05T18:28:08.118+1300] {processor.py:176} INFO - Processing /Users/hirenpatel/Documents/airflow_tutoral/py_env/lib/python3.8/site-packages/airflow/example_dags/example_kubernetes_executor.py took 0.112 seconds
[2022-11-05T18:40:42.334+1300] {processor.py:154} INFO - Started process (PID=1311) to work on /Users/hirenpatel/Documents/airflow_tutoral/py_env/lib/python3.8/site-packages/airflow/example_dags/example_kubernetes_executor.py
[2022-11-05T18:40:42.338+1300] {processor.py:756} INFO - Processing file /Users/hirenpatel/Documents/airflow_tutoral/py_env/lib/python3.8/site-packages/airflow/example_dags/example_kubernetes_executor.py for tasks to queue
[2022-11-05T18:40:42.338+1300] {logging_mixin.py:120} INFO - [2022-11-05T18:40:42.338+1300] {dagbag.py:537} INFO - Filling up the DagBag from /Users/hirenpatel/Documents/airflow_tutoral/py_env/lib/python3.8/site-packages/airflow/example_dags/example_kubernetes_executor.py
[2022-11-05T18:40:42.411+1300] {logging_mixin.py:120} INFO - [2022-11-05T18:40:42.411+1300] {example_kubernetes_executor.py:41} WARNING - The example_kubernetes_executor example DAG requires the kubernetes provider. Please install it with: pip install apache-airflow[cncf.kubernetes]
[2022-11-05T18:40:42.412+1300] {processor.py:768} WARNING - No viable dags retrieved from /Users/hirenpatel/Documents/airflow_tutoral/py_env/lib/python3.8/site-packages/airflow/example_dags/example_kubernetes_executor.py
[2022-11-05T18:40:42.484+1300] {processor.py:176} INFO - Processing /Users/hirenpatel/Documents/airflow_tutoral/py_env/lib/python3.8/site-packages/airflow/example_dags/example_kubernetes_executor.py took 0.150 seconds
[2022-11-05T18:51:24.552+1300] {processor.py:154} INFO - Started process (PID=1509) to work on /Users/hirenpatel/Documents/airflow_tutoral/py_env/lib/python3.8/site-packages/airflow/example_dags/example_kubernetes_executor.py
[2022-11-05T18:51:24.556+1300] {processor.py:756} INFO - Processing file /Users/hirenpatel/Documents/airflow_tutoral/py_env/lib/python3.8/site-packages/airflow/example_dags/example_kubernetes_executor.py for tasks to queue
[2022-11-05T18:51:24.556+1300] {logging_mixin.py:120} INFO - [2022-11-05T18:51:24.556+1300] {dagbag.py:537} INFO - Filling up the DagBag from /Users/hirenpatel/Documents/airflow_tutoral/py_env/lib/python3.8/site-packages/airflow/example_dags/example_kubernetes_executor.py
[2022-11-05T18:51:24.652+1300] {logging_mixin.py:120} INFO - [2022-11-05T18:51:24.652+1300] {example_kubernetes_executor.py:41} WARNING - The example_kubernetes_executor example DAG requires the kubernetes provider. Please install it with: pip install apache-airflow[cncf.kubernetes]
[2022-11-05T18:51:24.652+1300] {processor.py:768} WARNING - No viable dags retrieved from /Users/hirenpatel/Documents/airflow_tutoral/py_env/lib/python3.8/site-packages/airflow/example_dags/example_kubernetes_executor.py
[2022-11-05T18:51:24.738+1300] {processor.py:176} INFO - Processing /Users/hirenpatel/Documents/airflow_tutoral/py_env/lib/python3.8/site-packages/airflow/example_dags/example_kubernetes_executor.py took 0.186 seconds
[2022-11-05T18:54:50.182+1300] {processor.py:154} INFO - Started process (PID=1769) to work on /Users/hirenpatel/Documents/airflow_tutoral/py_env/lib/python3.8/site-packages/airflow/example_dags/example_kubernetes_executor.py
[2022-11-05T18:54:50.186+1300] {processor.py:756} INFO - Processing file /Users/hirenpatel/Documents/airflow_tutoral/py_env/lib/python3.8/site-packages/airflow/example_dags/example_kubernetes_executor.py for tasks to queue
[2022-11-05T18:54:50.186+1300] {logging_mixin.py:120} INFO - [2022-11-05T18:54:50.186+1300] {dagbag.py:537} INFO - Filling up the DagBag from /Users/hirenpatel/Documents/airflow_tutoral/py_env/lib/python3.8/site-packages/airflow/example_dags/example_kubernetes_executor.py
[2022-11-05T18:54:50.220+1300] {logging_mixin.py:120} INFO - [2022-11-05T18:54:50.220+1300] {example_kubernetes_executor.py:41} WARNING - The example_kubernetes_executor example DAG requires the kubernetes provider. Please install it with: pip install apache-airflow[cncf.kubernetes]
[2022-11-05T18:54:50.220+1300] {processor.py:768} WARNING - No viable dags retrieved from /Users/hirenpatel/Documents/airflow_tutoral/py_env/lib/python3.8/site-packages/airflow/example_dags/example_kubernetes_executor.py
[2022-11-05T18:54:50.293+1300] {processor.py:176} INFO - Processing /Users/hirenpatel/Documents/airflow_tutoral/py_env/lib/python3.8/site-packages/airflow/example_dags/example_kubernetes_executor.py took 0.112 seconds
[2022-11-05T18:56:27.479+1300] {processor.py:154} INFO - Started process (PID=1915) to work on /Users/hirenpatel/Documents/airflow_tutoral/py_env/lib/python3.8/site-packages/airflow/example_dags/example_kubernetes_executor.py
[2022-11-05T18:56:27.483+1300] {processor.py:756} INFO - Processing file /Users/hirenpatel/Documents/airflow_tutoral/py_env/lib/python3.8/site-packages/airflow/example_dags/example_kubernetes_executor.py for tasks to queue
[2022-11-05T18:56:27.483+1300] {logging_mixin.py:120} INFO - [2022-11-05T18:56:27.483+1300] {dagbag.py:537} INFO - Filling up the DagBag from /Users/hirenpatel/Documents/airflow_tutoral/py_env/lib/python3.8/site-packages/airflow/example_dags/example_kubernetes_executor.py
[2022-11-05T18:56:27.515+1300] {logging_mixin.py:120} INFO - [2022-11-05T18:56:27.515+1300] {example_kubernetes_executor.py:41} WARNING - The example_kubernetes_executor example DAG requires the kubernetes provider. Please install it with: pip install apache-airflow[cncf.kubernetes]
[2022-11-05T18:56:27.515+1300] {processor.py:768} WARNING - No viable dags retrieved from /Users/hirenpatel/Documents/airflow_tutoral/py_env/lib/python3.8/site-packages/airflow/example_dags/example_kubernetes_executor.py
[2022-11-05T18:56:27.589+1300] {processor.py:176} INFO - Processing /Users/hirenpatel/Documents/airflow_tutoral/py_env/lib/python3.8/site-packages/airflow/example_dags/example_kubernetes_executor.py took 0.110 seconds
[2022-11-05T19:02:10.521+1300] {processor.py:154} INFO - Started process (PID=2175) to work on /Users/hirenpatel/Documents/airflow_tutoral/py_env/lib/python3.8/site-packages/airflow/example_dags/example_kubernetes_executor.py
[2022-11-05T19:02:10.525+1300] {processor.py:756} INFO - Processing file /Users/hirenpatel/Documents/airflow_tutoral/py_env/lib/python3.8/site-packages/airflow/example_dags/example_kubernetes_executor.py for tasks to queue
[2022-11-05T19:02:10.525+1300] {logging_mixin.py:120} INFO - [2022-11-05T19:02:10.525+1300] {dagbag.py:537} INFO - Filling up the DagBag from /Users/hirenpatel/Documents/airflow_tutoral/py_env/lib/python3.8/site-packages/airflow/example_dags/example_kubernetes_executor.py
[2022-11-05T19:02:10.556+1300] {logging_mixin.py:120} INFO - [2022-11-05T19:02:10.556+1300] {example_kubernetes_executor.py:41} WARNING - The example_kubernetes_executor example DAG requires the kubernetes provider. Please install it with: pip install apache-airflow[cncf.kubernetes]
[2022-11-05T19:02:10.556+1300] {processor.py:768} WARNING - No viable dags retrieved from /Users/hirenpatel/Documents/airflow_tutoral/py_env/lib/python3.8/site-packages/airflow/example_dags/example_kubernetes_executor.py
[2022-11-05T19:02:10.626+1300] {processor.py:176} INFO - Processing /Users/hirenpatel/Documents/airflow_tutoral/py_env/lib/python3.8/site-packages/airflow/example_dags/example_kubernetes_executor.py took 0.105 seconds
[2022-11-05T19:05:10.012+1300] {processor.py:154} INFO - Started process (PID=2338) to work on /Users/hirenpatel/Documents/airflow_tutoral/py_env/lib/python3.8/site-packages/airflow/example_dags/example_kubernetes_executor.py
[2022-11-05T19:05:10.016+1300] {processor.py:756} INFO - Processing file /Users/hirenpatel/Documents/airflow_tutoral/py_env/lib/python3.8/site-packages/airflow/example_dags/example_kubernetes_executor.py for tasks to queue
[2022-11-05T19:05:10.016+1300] {logging_mixin.py:120} INFO - [2022-11-05T19:05:10.016+1300] {dagbag.py:537} INFO - Filling up the DagBag from /Users/hirenpatel/Documents/airflow_tutoral/py_env/lib/python3.8/site-packages/airflow/example_dags/example_kubernetes_executor.py
[2022-11-05T19:05:10.047+1300] {logging_mixin.py:120} INFO - [2022-11-05T19:05:10.047+1300] {example_kubernetes_executor.py:41} WARNING - The example_kubernetes_executor example DAG requires the kubernetes provider. Please install it with: pip install apache-airflow[cncf.kubernetes]
[2022-11-05T19:05:10.047+1300] {processor.py:768} WARNING - No viable dags retrieved from /Users/hirenpatel/Documents/airflow_tutoral/py_env/lib/python3.8/site-packages/airflow/example_dags/example_kubernetes_executor.py
[2022-11-05T19:05:10.120+1300] {processor.py:176} INFO - Processing /Users/hirenpatel/Documents/airflow_tutoral/py_env/lib/python3.8/site-packages/airflow/example_dags/example_kubernetes_executor.py took 0.109 seconds
[2022-11-05T19:14:52.606+1300] {processor.py:154} INFO - Started process (PID=2620) to work on /Users/hirenpatel/Documents/airflow_tutoral/py_env/lib/python3.8/site-packages/airflow/example_dags/example_kubernetes_executor.py
[2022-11-05T19:14:52.611+1300] {processor.py:756} INFO - Processing file /Users/hirenpatel/Documents/airflow_tutoral/py_env/lib/python3.8/site-packages/airflow/example_dags/example_kubernetes_executor.py for tasks to queue
[2022-11-05T19:14:52.611+1300] {logging_mixin.py:120} INFO - [2022-11-05T19:14:52.611+1300] {dagbag.py:537} INFO - Filling up the DagBag from /Users/hirenpatel/Documents/airflow_tutoral/py_env/lib/python3.8/site-packages/airflow/example_dags/example_kubernetes_executor.py
[2022-11-05T19:14:52.644+1300] {logging_mixin.py:120} INFO - [2022-11-05T19:14:52.644+1300] {example_kubernetes_executor.py:41} WARNING - The example_kubernetes_executor example DAG requires the kubernetes provider. Please install it with: pip install apache-airflow[cncf.kubernetes]
[2022-11-05T19:14:52.644+1300] {processor.py:768} WARNING - No viable dags retrieved from /Users/hirenpatel/Documents/airflow_tutoral/py_env/lib/python3.8/site-packages/airflow/example_dags/example_kubernetes_executor.py
[2022-11-05T19:14:52.717+1300] {processor.py:176} INFO - Processing /Users/hirenpatel/Documents/airflow_tutoral/py_env/lib/python3.8/site-packages/airflow/example_dags/example_kubernetes_executor.py took 0.111 seconds
[2022-11-05T19:21:08.720+1300] {processor.py:154} INFO - Started process (PID=2832) to work on /Users/hirenpatel/Documents/airflow_tutoral/py_env/lib/python3.8/site-packages/airflow/example_dags/example_kubernetes_executor.py
[2022-11-05T19:21:08.725+1300] {processor.py:756} INFO - Processing file /Users/hirenpatel/Documents/airflow_tutoral/py_env/lib/python3.8/site-packages/airflow/example_dags/example_kubernetes_executor.py for tasks to queue
[2022-11-05T19:21:08.725+1300] {logging_mixin.py:120} INFO - [2022-11-05T19:21:08.725+1300] {dagbag.py:537} INFO - Filling up the DagBag from /Users/hirenpatel/Documents/airflow_tutoral/py_env/lib/python3.8/site-packages/airflow/example_dags/example_kubernetes_executor.py
[2022-11-05T19:21:08.758+1300] {logging_mixin.py:120} INFO - [2022-11-05T19:21:08.758+1300] {example_kubernetes_executor.py:41} WARNING - The example_kubernetes_executor example DAG requires the kubernetes provider. Please install it with: pip install apache-airflow[cncf.kubernetes]
[2022-11-05T19:21:08.758+1300] {processor.py:768} WARNING - No viable dags retrieved from /Users/hirenpatel/Documents/airflow_tutoral/py_env/lib/python3.8/site-packages/airflow/example_dags/example_kubernetes_executor.py
[2022-11-05T19:21:08.834+1300] {processor.py:176} INFO - Processing /Users/hirenpatel/Documents/airflow_tutoral/py_env/lib/python3.8/site-packages/airflow/example_dags/example_kubernetes_executor.py took 0.114 seconds
[2022-11-05T19:27:51.273+1300] {processor.py:154} INFO - Started process (PID=3036) to work on /Users/hirenpatel/Documents/airflow_tutoral/py_env/lib/python3.8/site-packages/airflow/example_dags/example_kubernetes_executor.py
[2022-11-05T19:27:51.278+1300] {processor.py:756} INFO - Processing file /Users/hirenpatel/Documents/airflow_tutoral/py_env/lib/python3.8/site-packages/airflow/example_dags/example_kubernetes_executor.py for tasks to queue
[2022-11-05T19:27:51.278+1300] {logging_mixin.py:120} INFO - [2022-11-05T19:27:51.278+1300] {dagbag.py:537} INFO - Filling up the DagBag from /Users/hirenpatel/Documents/airflow_tutoral/py_env/lib/python3.8/site-packages/airflow/example_dags/example_kubernetes_executor.py
[2022-11-05T19:27:51.313+1300] {logging_mixin.py:120} INFO - [2022-11-05T19:27:51.312+1300] {example_kubernetes_executor.py:41} WARNING - The example_kubernetes_executor example DAG requires the kubernetes provider. Please install it with: pip install apache-airflow[cncf.kubernetes]
[2022-11-05T19:27:51.313+1300] {processor.py:768} WARNING - No viable dags retrieved from /Users/hirenpatel/Documents/airflow_tutoral/py_env/lib/python3.8/site-packages/airflow/example_dags/example_kubernetes_executor.py
[2022-11-05T19:27:51.396+1300] {processor.py:176} INFO - Processing /Users/hirenpatel/Documents/airflow_tutoral/py_env/lib/python3.8/site-packages/airflow/example_dags/example_kubernetes_executor.py took 0.123 seconds
[2022-11-05T19:55:10.191+1300] {processor.py:154} INFO - Started process (PID=3382) to work on /Users/hirenpatel/Documents/airflow_tutoral/py_env/lib/python3.8/site-packages/airflow/example_dags/example_kubernetes_executor.py
[2022-11-05T19:55:10.195+1300] {processor.py:756} INFO - Processing file /Users/hirenpatel/Documents/airflow_tutoral/py_env/lib/python3.8/site-packages/airflow/example_dags/example_kubernetes_executor.py for tasks to queue
[2022-11-05T19:55:10.195+1300] {logging_mixin.py:120} INFO - [2022-11-05T19:55:10.195+1300] {dagbag.py:537} INFO - Filling up the DagBag from /Users/hirenpatel/Documents/airflow_tutoral/py_env/lib/python3.8/site-packages/airflow/example_dags/example_kubernetes_executor.py
[2022-11-05T19:55:10.228+1300] {logging_mixin.py:120} INFO - [2022-11-05T19:55:10.228+1300] {example_kubernetes_executor.py:41} WARNING - The example_kubernetes_executor example DAG requires the kubernetes provider. Please install it with: pip install apache-airflow[cncf.kubernetes]
[2022-11-05T19:55:10.228+1300] {processor.py:768} WARNING - No viable dags retrieved from /Users/hirenpatel/Documents/airflow_tutoral/py_env/lib/python3.8/site-packages/airflow/example_dags/example_kubernetes_executor.py
[2022-11-05T19:55:10.306+1300] {processor.py:176} INFO - Processing /Users/hirenpatel/Documents/airflow_tutoral/py_env/lib/python3.8/site-packages/airflow/example_dags/example_kubernetes_executor.py took 0.115 seconds
[2022-11-05T19:56:45.809+1300] {processor.py:154} INFO - Started process (PID=3541) to work on /Users/hirenpatel/Documents/airflow_tutoral/py_env/lib/python3.8/site-packages/airflow/example_dags/example_kubernetes_executor.py
[2022-11-05T19:56:45.814+1300] {processor.py:756} INFO - Processing file /Users/hirenpatel/Documents/airflow_tutoral/py_env/lib/python3.8/site-packages/airflow/example_dags/example_kubernetes_executor.py for tasks to queue
[2022-11-05T19:56:45.814+1300] {logging_mixin.py:120} INFO - [2022-11-05T19:56:45.814+1300] {dagbag.py:537} INFO - Filling up the DagBag from /Users/hirenpatel/Documents/airflow_tutoral/py_env/lib/python3.8/site-packages/airflow/example_dags/example_kubernetes_executor.py
[2022-11-05T19:56:45.848+1300] {logging_mixin.py:120} INFO - [2022-11-05T19:56:45.848+1300] {example_kubernetes_executor.py:41} WARNING - The example_kubernetes_executor example DAG requires the kubernetes provider. Please install it with: pip install apache-airflow[cncf.kubernetes]
[2022-11-05T19:56:45.849+1300] {processor.py:768} WARNING - No viable dags retrieved from /Users/hirenpatel/Documents/airflow_tutoral/py_env/lib/python3.8/site-packages/airflow/example_dags/example_kubernetes_executor.py
[2022-11-05T19:56:45.922+1300] {processor.py:176} INFO - Processing /Users/hirenpatel/Documents/airflow_tutoral/py_env/lib/python3.8/site-packages/airflow/example_dags/example_kubernetes_executor.py took 0.114 seconds
[2022-11-05T20:06:51.315+1300] {processor.py:154} INFO - Started process (PID=3782) to work on /Users/hirenpatel/Documents/airflow_tutoral/py_env/lib/python3.8/site-packages/airflow/example_dags/example_kubernetes_executor.py
[2022-11-05T20:06:51.319+1300] {processor.py:756} INFO - Processing file /Users/hirenpatel/Documents/airflow_tutoral/py_env/lib/python3.8/site-packages/airflow/example_dags/example_kubernetes_executor.py for tasks to queue
[2022-11-05T20:06:51.320+1300] {logging_mixin.py:120} INFO - [2022-11-05T20:06:51.320+1300] {dagbag.py:537} INFO - Filling up the DagBag from /Users/hirenpatel/Documents/airflow_tutoral/py_env/lib/python3.8/site-packages/airflow/example_dags/example_kubernetes_executor.py
[2022-11-05T20:06:51.354+1300] {logging_mixin.py:120} INFO - [2022-11-05T20:06:51.354+1300] {example_kubernetes_executor.py:41} WARNING - The example_kubernetes_executor example DAG requires the kubernetes provider. Please install it with: pip install apache-airflow[cncf.kubernetes]
[2022-11-05T20:06:51.355+1300] {processor.py:768} WARNING - No viable dags retrieved from /Users/hirenpatel/Documents/airflow_tutoral/py_env/lib/python3.8/site-packages/airflow/example_dags/example_kubernetes_executor.py
[2022-11-05T20:06:51.431+1300] {processor.py:176} INFO - Processing /Users/hirenpatel/Documents/airflow_tutoral/py_env/lib/python3.8/site-packages/airflow/example_dags/example_kubernetes_executor.py took 0.116 seconds
[2022-11-05T20:19:51.621+1300] {processor.py:154} INFO - Started process (PID=4061) to work on /Users/hirenpatel/Documents/airflow_tutoral/py_env/lib/python3.8/site-packages/airflow/example_dags/example_kubernetes_executor.py
[2022-11-05T20:19:51.625+1300] {processor.py:756} INFO - Processing file /Users/hirenpatel/Documents/airflow_tutoral/py_env/lib/python3.8/site-packages/airflow/example_dags/example_kubernetes_executor.py for tasks to queue
[2022-11-05T20:19:51.625+1300] {logging_mixin.py:120} INFO - [2022-11-05T20:19:51.625+1300] {dagbag.py:537} INFO - Filling up the DagBag from /Users/hirenpatel/Documents/airflow_tutoral/py_env/lib/python3.8/site-packages/airflow/example_dags/example_kubernetes_executor.py
[2022-11-05T20:19:51.656+1300] {logging_mixin.py:120} INFO - [2022-11-05T20:19:51.656+1300] {example_kubernetes_executor.py:41} WARNING - The example_kubernetes_executor example DAG requires the kubernetes provider. Please install it with: pip install apache-airflow[cncf.kubernetes]
[2022-11-05T20:19:51.656+1300] {processor.py:768} WARNING - No viable dags retrieved from /Users/hirenpatel/Documents/airflow_tutoral/py_env/lib/python3.8/site-packages/airflow/example_dags/example_kubernetes_executor.py
[2022-11-05T20:19:51.731+1300] {processor.py:176} INFO - Processing /Users/hirenpatel/Documents/airflow_tutoral/py_env/lib/python3.8/site-packages/airflow/example_dags/example_kubernetes_executor.py took 0.110 seconds
[2022-11-05T20:45:08.337+1300] {processor.py:154} INFO - Started process (PID=4232) to work on /Users/hirenpatel/Documents/airflow_tutoral/py_env/lib/python3.8/site-packages/airflow/example_dags/example_kubernetes_executor.py
[2022-11-05T20:45:08.345+1300] {processor.py:756} INFO - Processing file /Users/hirenpatel/Documents/airflow_tutoral/py_env/lib/python3.8/site-packages/airflow/example_dags/example_kubernetes_executor.py for tasks to queue
[2022-11-05T20:45:08.345+1300] {logging_mixin.py:120} INFO - [2022-11-05T20:45:08.345+1300] {dagbag.py:537} INFO - Filling up the DagBag from /Users/hirenpatel/Documents/airflow_tutoral/py_env/lib/python3.8/site-packages/airflow/example_dags/example_kubernetes_executor.py
[2022-11-05T20:45:08.413+1300] {logging_mixin.py:120} INFO - [2022-11-05T20:45:08.413+1300] {example_kubernetes_executor.py:41} WARNING - The example_kubernetes_executor example DAG requires the kubernetes provider. Please install it with: pip install apache-airflow[cncf.kubernetes]
[2022-11-05T20:45:08.414+1300] {processor.py:768} WARNING - No viable dags retrieved from /Users/hirenpatel/Documents/airflow_tutoral/py_env/lib/python3.8/site-packages/airflow/example_dags/example_kubernetes_executor.py
[2022-11-05T20:45:08.510+1300] {processor.py:176} INFO - Processing /Users/hirenpatel/Documents/airflow_tutoral/py_env/lib/python3.8/site-packages/airflow/example_dags/example_kubernetes_executor.py took 0.173 seconds
[2022-11-05T21:02:12.929+1300] {processor.py:154} INFO - Started process (PID=4431) to work on /Users/hirenpatel/Documents/airflow_tutoral/py_env/lib/python3.8/site-packages/airflow/example_dags/example_kubernetes_executor.py
[2022-11-05T21:02:12.933+1300] {processor.py:756} INFO - Processing file /Users/hirenpatel/Documents/airflow_tutoral/py_env/lib/python3.8/site-packages/airflow/example_dags/example_kubernetes_executor.py for tasks to queue
[2022-11-05T21:02:12.934+1300] {logging_mixin.py:120} INFO - [2022-11-05T21:02:12.933+1300] {dagbag.py:537} INFO - Filling up the DagBag from /Users/hirenpatel/Documents/airflow_tutoral/py_env/lib/python3.8/site-packages/airflow/example_dags/example_kubernetes_executor.py
[2022-11-05T21:02:12.965+1300] {logging_mixin.py:120} INFO - [2022-11-05T21:02:12.965+1300] {example_kubernetes_executor.py:41} WARNING - The example_kubernetes_executor example DAG requires the kubernetes provider. Please install it with: pip install apache-airflow[cncf.kubernetes]
[2022-11-05T21:02:12.965+1300] {processor.py:768} WARNING - No viable dags retrieved from /Users/hirenpatel/Documents/airflow_tutoral/py_env/lib/python3.8/site-packages/airflow/example_dags/example_kubernetes_executor.py
[2022-11-05T21:02:13.040+1300] {processor.py:176} INFO - Processing /Users/hirenpatel/Documents/airflow_tutoral/py_env/lib/python3.8/site-packages/airflow/example_dags/example_kubernetes_executor.py took 0.112 seconds
[2022-11-05T21:27:00.234+1300] {processor.py:154} INFO - Started process (PID=4647) to work on /Users/hirenpatel/Documents/airflow_tutoral/py_env/lib/python3.8/site-packages/airflow/example_dags/example_kubernetes_executor.py
[2022-11-05T21:27:00.238+1300] {processor.py:756} INFO - Processing file /Users/hirenpatel/Documents/airflow_tutoral/py_env/lib/python3.8/site-packages/airflow/example_dags/example_kubernetes_executor.py for tasks to queue
[2022-11-05T21:27:00.238+1300] {logging_mixin.py:120} INFO - [2022-11-05T21:27:00.238+1300] {dagbag.py:537} INFO - Filling up the DagBag from /Users/hirenpatel/Documents/airflow_tutoral/py_env/lib/python3.8/site-packages/airflow/example_dags/example_kubernetes_executor.py
[2022-11-05T21:27:00.270+1300] {logging_mixin.py:120} INFO - [2022-11-05T21:27:00.270+1300] {example_kubernetes_executor.py:41} WARNING - The example_kubernetes_executor example DAG requires the kubernetes provider. Please install it with: pip install apache-airflow[cncf.kubernetes]
[2022-11-05T21:27:00.270+1300] {processor.py:768} WARNING - No viable dags retrieved from /Users/hirenpatel/Documents/airflow_tutoral/py_env/lib/python3.8/site-packages/airflow/example_dags/example_kubernetes_executor.py
[2022-11-05T21:27:00.347+1300] {processor.py:176} INFO - Processing /Users/hirenpatel/Documents/airflow_tutoral/py_env/lib/python3.8/site-packages/airflow/example_dags/example_kubernetes_executor.py took 0.114 seconds
[2022-11-05T22:43:33.240+1300] {processor.py:154} INFO - Started process (PID=4893) to work on /Users/hirenpatel/Documents/airflow_tutoral/py_env/lib/python3.8/site-packages/airflow/example_dags/example_kubernetes_executor.py
[2022-11-05T22:43:33.246+1300] {processor.py:756} INFO - Processing file /Users/hirenpatel/Documents/airflow_tutoral/py_env/lib/python3.8/site-packages/airflow/example_dags/example_kubernetes_executor.py for tasks to queue
[2022-11-05T22:43:33.246+1300] {logging_mixin.py:120} INFO - [2022-11-05T22:43:33.246+1300] {dagbag.py:537} INFO - Filling up the DagBag from /Users/hirenpatel/Documents/airflow_tutoral/py_env/lib/python3.8/site-packages/airflow/example_dags/example_kubernetes_executor.py
[2022-11-05T22:43:33.283+1300] {logging_mixin.py:120} INFO - [2022-11-05T22:43:33.283+1300] {example_kubernetes_executor.py:41} WARNING - The example_kubernetes_executor example DAG requires the kubernetes provider. Please install it with: pip install apache-airflow[cncf.kubernetes]
[2022-11-05T22:43:33.283+1300] {processor.py:768} WARNING - No viable dags retrieved from /Users/hirenpatel/Documents/airflow_tutoral/py_env/lib/python3.8/site-packages/airflow/example_dags/example_kubernetes_executor.py
[2022-11-05T22:43:33.356+1300] {processor.py:176} INFO - Processing /Users/hirenpatel/Documents/airflow_tutoral/py_env/lib/python3.8/site-packages/airflow/example_dags/example_kubernetes_executor.py took 0.116 seconds
[2022-11-05T23:09:38.061+1300] {processor.py:154} INFO - Started process (PID=5114) to work on /Users/hirenpatel/Documents/airflow_tutoral/py_env/lib/python3.8/site-packages/airflow/example_dags/example_kubernetes_executor.py
[2022-11-05T23:09:38.065+1300] {processor.py:756} INFO - Processing file /Users/hirenpatel/Documents/airflow_tutoral/py_env/lib/python3.8/site-packages/airflow/example_dags/example_kubernetes_executor.py for tasks to queue
[2022-11-05T23:09:38.066+1300] {logging_mixin.py:120} INFO - [2022-11-05T23:09:38.066+1300] {dagbag.py:537} INFO - Filling up the DagBag from /Users/hirenpatel/Documents/airflow_tutoral/py_env/lib/python3.8/site-packages/airflow/example_dags/example_kubernetes_executor.py
[2022-11-05T23:09:38.097+1300] {logging_mixin.py:120} INFO - [2022-11-05T23:09:38.097+1300] {example_kubernetes_executor.py:41} WARNING - The example_kubernetes_executor example DAG requires the kubernetes provider. Please install it with: pip install apache-airflow[cncf.kubernetes]
[2022-11-05T23:09:38.097+1300] {processor.py:768} WARNING - No viable dags retrieved from /Users/hirenpatel/Documents/airflow_tutoral/py_env/lib/python3.8/site-packages/airflow/example_dags/example_kubernetes_executor.py
[2022-11-05T23:09:38.176+1300] {processor.py:176} INFO - Processing /Users/hirenpatel/Documents/airflow_tutoral/py_env/lib/python3.8/site-packages/airflow/example_dags/example_kubernetes_executor.py took 0.116 seconds
[2022-11-05T23:31:58.097+1300] {processor.py:154} INFO - Started process (PID=5405) to work on /Users/hirenpatel/Documents/airflow_tutoral/py_env/lib/python3.8/site-packages/airflow/example_dags/example_kubernetes_executor.py
[2022-11-05T23:31:58.101+1300] {processor.py:756} INFO - Processing file /Users/hirenpatel/Documents/airflow_tutoral/py_env/lib/python3.8/site-packages/airflow/example_dags/example_kubernetes_executor.py for tasks to queue
[2022-11-05T23:31:58.101+1300] {logging_mixin.py:120} INFO - [2022-11-05T23:31:58.101+1300] {dagbag.py:537} INFO - Filling up the DagBag from /Users/hirenpatel/Documents/airflow_tutoral/py_env/lib/python3.8/site-packages/airflow/example_dags/example_kubernetes_executor.py
[2022-11-05T23:31:58.134+1300] {logging_mixin.py:120} INFO - [2022-11-05T23:31:58.134+1300] {example_kubernetes_executor.py:41} WARNING - The example_kubernetes_executor example DAG requires the kubernetes provider. Please install it with: pip install apache-airflow[cncf.kubernetes]
[2022-11-05T23:31:58.134+1300] {processor.py:768} WARNING - No viable dags retrieved from /Users/hirenpatel/Documents/airflow_tutoral/py_env/lib/python3.8/site-packages/airflow/example_dags/example_kubernetes_executor.py
[2022-11-05T23:31:58.207+1300] {processor.py:176} INFO - Processing /Users/hirenpatel/Documents/airflow_tutoral/py_env/lib/python3.8/site-packages/airflow/example_dags/example_kubernetes_executor.py took 0.110 seconds
[2022-11-06T00:27:56.620+1300] {processor.py:154} INFO - Started process (PID=5784) to work on /Users/hirenpatel/Documents/airflow_tutoral/py_env/lib/python3.8/site-packages/airflow/example_dags/example_kubernetes_executor.py
[2022-11-06T00:27:56.625+1300] {processor.py:756} INFO - Processing file /Users/hirenpatel/Documents/airflow_tutoral/py_env/lib/python3.8/site-packages/airflow/example_dags/example_kubernetes_executor.py for tasks to queue
[2022-11-06T00:27:56.625+1300] {logging_mixin.py:120} INFO - [2022-11-06T00:27:56.625+1300] {dagbag.py:537} INFO - Filling up the DagBag from /Users/hirenpatel/Documents/airflow_tutoral/py_env/lib/python3.8/site-packages/airflow/example_dags/example_kubernetes_executor.py
[2022-11-06T00:27:56.660+1300] {logging_mixin.py:120} INFO - [2022-11-06T00:27:56.660+1300] {example_kubernetes_executor.py:41} WARNING - The example_kubernetes_executor example DAG requires the kubernetes provider. Please install it with: pip install apache-airflow[cncf.kubernetes]
[2022-11-06T00:27:56.660+1300] {processor.py:768} WARNING - No viable dags retrieved from /Users/hirenpatel/Documents/airflow_tutoral/py_env/lib/python3.8/site-packages/airflow/example_dags/example_kubernetes_executor.py
[2022-11-06T00:27:56.741+1300] {processor.py:176} INFO - Processing /Users/hirenpatel/Documents/airflow_tutoral/py_env/lib/python3.8/site-packages/airflow/example_dags/example_kubernetes_executor.py took 0.121 seconds
[2022-11-06T01:17:35.513+1300] {processor.py:154} INFO - Started process (PID=6020) to work on /Users/hirenpatel/Documents/airflow_tutoral/py_env/lib/python3.8/site-packages/airflow/example_dags/example_kubernetes_executor.py
[2022-11-06T01:17:35.517+1300] {processor.py:756} INFO - Processing file /Users/hirenpatel/Documents/airflow_tutoral/py_env/lib/python3.8/site-packages/airflow/example_dags/example_kubernetes_executor.py for tasks to queue
[2022-11-06T01:17:35.517+1300] {logging_mixin.py:120} INFO - [2022-11-06T01:17:35.517+1300] {dagbag.py:537} INFO - Filling up the DagBag from /Users/hirenpatel/Documents/airflow_tutoral/py_env/lib/python3.8/site-packages/airflow/example_dags/example_kubernetes_executor.py
[2022-11-06T01:17:35.549+1300] {logging_mixin.py:120} INFO - [2022-11-06T01:17:35.549+1300] {example_kubernetes_executor.py:41} WARNING - The example_kubernetes_executor example DAG requires the kubernetes provider. Please install it with: pip install apache-airflow[cncf.kubernetes]
[2022-11-06T01:17:35.549+1300] {processor.py:768} WARNING - No viable dags retrieved from /Users/hirenpatel/Documents/airflow_tutoral/py_env/lib/python3.8/site-packages/airflow/example_dags/example_kubernetes_executor.py
[2022-11-06T01:17:35.626+1300] {processor.py:176} INFO - Processing /Users/hirenpatel/Documents/airflow_tutoral/py_env/lib/python3.8/site-packages/airflow/example_dags/example_kubernetes_executor.py took 0.113 seconds
[2022-11-06T02:37:16.370+1300] {processor.py:154} INFO - Started process (PID=6252) to work on /Users/hirenpatel/Documents/airflow_tutoral/py_env/lib/python3.8/site-packages/airflow/example_dags/example_kubernetes_executor.py
[2022-11-06T02:37:16.375+1300] {processor.py:756} INFO - Processing file /Users/hirenpatel/Documents/airflow_tutoral/py_env/lib/python3.8/site-packages/airflow/example_dags/example_kubernetes_executor.py for tasks to queue
[2022-11-06T02:37:16.375+1300] {logging_mixin.py:120} INFO - [2022-11-06T02:37:16.375+1300] {dagbag.py:537} INFO - Filling up the DagBag from /Users/hirenpatel/Documents/airflow_tutoral/py_env/lib/python3.8/site-packages/airflow/example_dags/example_kubernetes_executor.py
[2022-11-06T02:37:16.409+1300] {logging_mixin.py:120} INFO - [2022-11-06T02:37:16.409+1300] {example_kubernetes_executor.py:41} WARNING - The example_kubernetes_executor example DAG requires the kubernetes provider. Please install it with: pip install apache-airflow[cncf.kubernetes]
[2022-11-06T02:37:16.409+1300] {processor.py:768} WARNING - No viable dags retrieved from /Users/hirenpatel/Documents/airflow_tutoral/py_env/lib/python3.8/site-packages/airflow/example_dags/example_kubernetes_executor.py
[2022-11-06T02:37:16.506+1300] {processor.py:176} INFO - Processing /Users/hirenpatel/Documents/airflow_tutoral/py_env/lib/python3.8/site-packages/airflow/example_dags/example_kubernetes_executor.py took 0.136 seconds
[2022-11-06T05:04:18.542+1300] {processor.py:154} INFO - Started process (PID=6584) to work on /Users/hirenpatel/Documents/airflow_tutoral/py_env/lib/python3.8/site-packages/airflow/example_dags/example_kubernetes_executor.py
[2022-11-06T05:04:18.554+1300] {processor.py:756} INFO - Processing file /Users/hirenpatel/Documents/airflow_tutoral/py_env/lib/python3.8/site-packages/airflow/example_dags/example_kubernetes_executor.py for tasks to queue
[2022-11-06T05:04:18.554+1300] {logging_mixin.py:120} INFO - [2022-11-06T05:04:18.554+1300] {dagbag.py:537} INFO - Filling up the DagBag from /Users/hirenpatel/Documents/airflow_tutoral/py_env/lib/python3.8/site-packages/airflow/example_dags/example_kubernetes_executor.py
[2022-11-06T05:04:18.624+1300] {logging_mixin.py:120} INFO - [2022-11-06T05:04:18.624+1300] {example_kubernetes_executor.py:41} WARNING - The example_kubernetes_executor example DAG requires the kubernetes provider. Please install it with: pip install apache-airflow[cncf.kubernetes]
[2022-11-06T05:04:18.624+1300] {processor.py:768} WARNING - No viable dags retrieved from /Users/hirenpatel/Documents/airflow_tutoral/py_env/lib/python3.8/site-packages/airflow/example_dags/example_kubernetes_executor.py
[2022-11-06T05:04:18.804+1300] {processor.py:176} INFO - Processing /Users/hirenpatel/Documents/airflow_tutoral/py_env/lib/python3.8/site-packages/airflow/example_dags/example_kubernetes_executor.py took 0.264 seconds
[2022-11-06T06:23:22.390+1300] {processor.py:154} INFO - Started process (PID=6861) to work on /Users/hirenpatel/Documents/airflow_tutoral/py_env/lib/python3.8/site-packages/airflow/example_dags/example_kubernetes_executor.py
[2022-11-06T06:23:22.394+1300] {processor.py:756} INFO - Processing file /Users/hirenpatel/Documents/airflow_tutoral/py_env/lib/python3.8/site-packages/airflow/example_dags/example_kubernetes_executor.py for tasks to queue
[2022-11-06T06:23:22.394+1300] {logging_mixin.py:120} INFO - [2022-11-06T06:23:22.394+1300] {dagbag.py:537} INFO - Filling up the DagBag from /Users/hirenpatel/Documents/airflow_tutoral/py_env/lib/python3.8/site-packages/airflow/example_dags/example_kubernetes_executor.py
[2022-11-06T06:23:22.425+1300] {logging_mixin.py:120} INFO - [2022-11-06T06:23:22.425+1300] {example_kubernetes_executor.py:41} WARNING - The example_kubernetes_executor example DAG requires the kubernetes provider. Please install it with: pip install apache-airflow[cncf.kubernetes]
[2022-11-06T06:23:22.425+1300] {processor.py:768} WARNING - No viable dags retrieved from /Users/hirenpatel/Documents/airflow_tutoral/py_env/lib/python3.8/site-packages/airflow/example_dags/example_kubernetes_executor.py
[2022-11-06T06:23:22.503+1300] {processor.py:176} INFO - Processing /Users/hirenpatel/Documents/airflow_tutoral/py_env/lib/python3.8/site-packages/airflow/example_dags/example_kubernetes_executor.py took 0.114 seconds
[2022-11-06T08:01:01.502+1300] {processor.py:154} INFO - Started process (PID=7127) to work on /Users/hirenpatel/Documents/airflow_tutoral/py_env/lib/python3.8/site-packages/airflow/example_dags/example_kubernetes_executor.py
[2022-11-06T08:01:01.506+1300] {processor.py:756} INFO - Processing file /Users/hirenpatel/Documents/airflow_tutoral/py_env/lib/python3.8/site-packages/airflow/example_dags/example_kubernetes_executor.py for tasks to queue
[2022-11-06T08:01:01.507+1300] {logging_mixin.py:120} INFO - [2022-11-06T08:01:01.507+1300] {dagbag.py:537} INFO - Filling up the DagBag from /Users/hirenpatel/Documents/airflow_tutoral/py_env/lib/python3.8/site-packages/airflow/example_dags/example_kubernetes_executor.py
[2022-11-06T08:01:01.541+1300] {logging_mixin.py:120} INFO - [2022-11-06T08:01:01.541+1300] {example_kubernetes_executor.py:41} WARNING - The example_kubernetes_executor example DAG requires the kubernetes provider. Please install it with: pip install apache-airflow[cncf.kubernetes]
[2022-11-06T08:01:01.541+1300] {processor.py:768} WARNING - No viable dags retrieved from /Users/hirenpatel/Documents/airflow_tutoral/py_env/lib/python3.8/site-packages/airflow/example_dags/example_kubernetes_executor.py
[2022-11-06T08:01:01.647+1300] {processor.py:176} INFO - Processing /Users/hirenpatel/Documents/airflow_tutoral/py_env/lib/python3.8/site-packages/airflow/example_dags/example_kubernetes_executor.py took 0.145 seconds
[2022-11-06T08:32:16.829+1300] {processor.py:154} INFO - Started process (PID=7340) to work on /Users/hirenpatel/Documents/airflow_tutoral/py_env/lib/python3.8/site-packages/airflow/example_dags/example_kubernetes_executor.py
[2022-11-06T08:32:16.833+1300] {processor.py:756} INFO - Processing file /Users/hirenpatel/Documents/airflow_tutoral/py_env/lib/python3.8/site-packages/airflow/example_dags/example_kubernetes_executor.py for tasks to queue
[2022-11-06T08:32:16.833+1300] {logging_mixin.py:120} INFO - [2022-11-06T08:32:16.833+1300] {dagbag.py:537} INFO - Filling up the DagBag from /Users/hirenpatel/Documents/airflow_tutoral/py_env/lib/python3.8/site-packages/airflow/example_dags/example_kubernetes_executor.py
[2022-11-06T08:32:16.865+1300] {logging_mixin.py:120} INFO - [2022-11-06T08:32:16.864+1300] {example_kubernetes_executor.py:41} WARNING - The example_kubernetes_executor example DAG requires the kubernetes provider. Please install it with: pip install apache-airflow[cncf.kubernetes]
[2022-11-06T08:32:16.865+1300] {processor.py:768} WARNING - No viable dags retrieved from /Users/hirenpatel/Documents/airflow_tutoral/py_env/lib/python3.8/site-packages/airflow/example_dags/example_kubernetes_executor.py
[2022-11-06T08:32:16.943+1300] {processor.py:176} INFO - Processing /Users/hirenpatel/Documents/airflow_tutoral/py_env/lib/python3.8/site-packages/airflow/example_dags/example_kubernetes_executor.py took 0.115 seconds
[2022-11-06T09:44:34.293+1300] {processor.py:154} INFO - Started process (PID=7577) to work on /Users/hirenpatel/Documents/airflow_tutoral/py_env/lib/python3.8/site-packages/airflow/example_dags/example_kubernetes_executor.py
[2022-11-06T09:44:34.297+1300] {processor.py:756} INFO - Processing file /Users/hirenpatel/Documents/airflow_tutoral/py_env/lib/python3.8/site-packages/airflow/example_dags/example_kubernetes_executor.py for tasks to queue
[2022-11-06T09:44:34.297+1300] {logging_mixin.py:120} INFO - [2022-11-06T09:44:34.297+1300] {dagbag.py:537} INFO - Filling up the DagBag from /Users/hirenpatel/Documents/airflow_tutoral/py_env/lib/python3.8/site-packages/airflow/example_dags/example_kubernetes_executor.py
[2022-11-06T09:44:34.338+1300] {logging_mixin.py:120} INFO - [2022-11-06T09:44:34.338+1300] {example_kubernetes_executor.py:41} WARNING - The example_kubernetes_executor example DAG requires the kubernetes provider. Please install it with: pip install apache-airflow[cncf.kubernetes]
[2022-11-06T09:44:34.339+1300] {processor.py:768} WARNING - No viable dags retrieved from /Users/hirenpatel/Documents/airflow_tutoral/py_env/lib/python3.8/site-packages/airflow/example_dags/example_kubernetes_executor.py
[2022-11-06T09:44:34.438+1300] {processor.py:176} INFO - Processing /Users/hirenpatel/Documents/airflow_tutoral/py_env/lib/python3.8/site-packages/airflow/example_dags/example_kubernetes_executor.py took 0.146 seconds
[2022-11-06T10:12:26.686+1300] {processor.py:154} INFO - Started process (PID=7952) to work on /Users/hirenpatel/Documents/airflow_tutoral/py_env/lib/python3.8/site-packages/airflow/example_dags/example_kubernetes_executor.py
[2022-11-06T10:12:26.699+1300] {processor.py:756} INFO - Processing file /Users/hirenpatel/Documents/airflow_tutoral/py_env/lib/python3.8/site-packages/airflow/example_dags/example_kubernetes_executor.py for tasks to queue
[2022-11-06T10:12:26.700+1300] {logging_mixin.py:120} INFO - [2022-11-06T10:12:26.700+1300] {dagbag.py:537} INFO - Filling up the DagBag from /Users/hirenpatel/Documents/airflow_tutoral/py_env/lib/python3.8/site-packages/airflow/example_dags/example_kubernetes_executor.py
[2022-11-06T10:12:26.807+1300] {logging_mixin.py:120} INFO - [2022-11-06T10:12:26.806+1300] {example_kubernetes_executor.py:41} WARNING - The example_kubernetes_executor example DAG requires the kubernetes provider. Please install it with: pip install apache-airflow[cncf.kubernetes]
[2022-11-06T10:12:26.807+1300] {processor.py:768} WARNING - No viable dags retrieved from /Users/hirenpatel/Documents/airflow_tutoral/py_env/lib/python3.8/site-packages/airflow/example_dags/example_kubernetes_executor.py
[2022-11-06T10:12:27.085+1300] {processor.py:176} INFO - Processing /Users/hirenpatel/Documents/airflow_tutoral/py_env/lib/python3.8/site-packages/airflow/example_dags/example_kubernetes_executor.py took 0.401 seconds
[2022-11-06T10:42:26.228+1300] {processor.py:154} INFO - Started process (PID=8178) to work on /Users/hirenpatel/Documents/airflow_tutoral/py_env/lib/python3.8/site-packages/airflow/example_dags/example_kubernetes_executor.py
[2022-11-06T10:42:26.233+1300] {processor.py:756} INFO - Processing file /Users/hirenpatel/Documents/airflow_tutoral/py_env/lib/python3.8/site-packages/airflow/example_dags/example_kubernetes_executor.py for tasks to queue
[2022-11-06T10:42:26.233+1300] {logging_mixin.py:120} INFO - [2022-11-06T10:42:26.233+1300] {dagbag.py:537} INFO - Filling up the DagBag from /Users/hirenpatel/Documents/airflow_tutoral/py_env/lib/python3.8/site-packages/airflow/example_dags/example_kubernetes_executor.py
[2022-11-06T10:42:26.268+1300] {logging_mixin.py:120} INFO - [2022-11-06T10:42:26.268+1300] {example_kubernetes_executor.py:41} WARNING - The example_kubernetes_executor example DAG requires the kubernetes provider. Please install it with: pip install apache-airflow[cncf.kubernetes]
[2022-11-06T10:42:26.268+1300] {processor.py:768} WARNING - No viable dags retrieved from /Users/hirenpatel/Documents/airflow_tutoral/py_env/lib/python3.8/site-packages/airflow/example_dags/example_kubernetes_executor.py
[2022-11-06T10:42:26.354+1300] {processor.py:176} INFO - Processing /Users/hirenpatel/Documents/airflow_tutoral/py_env/lib/python3.8/site-packages/airflow/example_dags/example_kubernetes_executor.py took 0.126 seconds
[2022-11-06T11:09:32.885+1300] {processor.py:154} INFO - Started process (PID=8480) to work on /Users/hirenpatel/Documents/airflow_tutoral/py_env/lib/python3.8/site-packages/airflow/example_dags/example_kubernetes_executor.py
[2022-11-06T11:09:32.889+1300] {processor.py:756} INFO - Processing file /Users/hirenpatel/Documents/airflow_tutoral/py_env/lib/python3.8/site-packages/airflow/example_dags/example_kubernetes_executor.py for tasks to queue
[2022-11-06T11:09:32.889+1300] {logging_mixin.py:120} INFO - [2022-11-06T11:09:32.889+1300] {dagbag.py:537} INFO - Filling up the DagBag from /Users/hirenpatel/Documents/airflow_tutoral/py_env/lib/python3.8/site-packages/airflow/example_dags/example_kubernetes_executor.py
[2022-11-06T11:09:32.921+1300] {logging_mixin.py:120} INFO - [2022-11-06T11:09:32.921+1300] {example_kubernetes_executor.py:41} WARNING - The example_kubernetes_executor example DAG requires the kubernetes provider. Please install it with: pip install apache-airflow[cncf.kubernetes]
[2022-11-06T11:09:32.922+1300] {processor.py:768} WARNING - No viable dags retrieved from /Users/hirenpatel/Documents/airflow_tutoral/py_env/lib/python3.8/site-packages/airflow/example_dags/example_kubernetes_executor.py
[2022-11-06T11:09:32.996+1300] {processor.py:176} INFO - Processing /Users/hirenpatel/Documents/airflow_tutoral/py_env/lib/python3.8/site-packages/airflow/example_dags/example_kubernetes_executor.py took 0.111 seconds
[2022-11-06T12:02:09.760+1300] {processor.py:154} INFO - Started process (PID=8720) to work on /Users/hirenpatel/Documents/airflow_tutoral/py_env/lib/python3.8/site-packages/airflow/example_dags/example_kubernetes_executor.py
[2022-11-06T12:02:09.766+1300] {processor.py:756} INFO - Processing file /Users/hirenpatel/Documents/airflow_tutoral/py_env/lib/python3.8/site-packages/airflow/example_dags/example_kubernetes_executor.py for tasks to queue
[2022-11-06T12:02:09.766+1300] {logging_mixin.py:120} INFO - [2022-11-06T12:02:09.766+1300] {dagbag.py:537} INFO - Filling up the DagBag from /Users/hirenpatel/Documents/airflow_tutoral/py_env/lib/python3.8/site-packages/airflow/example_dags/example_kubernetes_executor.py
[2022-11-06T12:02:09.819+1300] {logging_mixin.py:120} INFO - [2022-11-06T12:02:09.818+1300] {example_kubernetes_executor.py:41} WARNING - The example_kubernetes_executor example DAG requires the kubernetes provider. Please install it with: pip install apache-airflow[cncf.kubernetes]
[2022-11-06T12:02:09.819+1300] {processor.py:768} WARNING - No viable dags retrieved from /Users/hirenpatel/Documents/airflow_tutoral/py_env/lib/python3.8/site-packages/airflow/example_dags/example_kubernetes_executor.py
[2022-11-06T12:02:09.951+1300] {processor.py:176} INFO - Processing /Users/hirenpatel/Documents/airflow_tutoral/py_env/lib/python3.8/site-packages/airflow/example_dags/example_kubernetes_executor.py took 0.191 seconds
