[2022-12-01T10:05:01.816+1300] {taskinstance.py:1165} INFO - Dependencies all met for <TaskInstance: load_kpi_view_dag.check_for_csv scheduled__2022-11-30T20:00:00+00:00 [queued]>
[2022-12-01T10:05:01.827+1300] {taskinstance.py:1165} INFO - Dependencies all met for <TaskInstance: load_kpi_view_dag.check_for_csv scheduled__2022-11-30T20:00:00+00:00 [queued]>
[2022-12-01T10:05:01.827+1300] {taskinstance.py:1362} INFO - 
--------------------------------------------------------------------------------
[2022-12-01T10:05:01.827+1300] {taskinstance.py:1363} INFO - Starting attempt 1 of 1
[2022-12-01T10:05:01.827+1300] {taskinstance.py:1364} INFO - 
--------------------------------------------------------------------------------
[2022-12-01T10:05:01.837+1300] {taskinstance.py:1383} INFO - Executing <Task(ShortCircuitOperator): check_for_csv> on 2022-11-30 20:00:00+00:00
[2022-12-01T10:05:01.844+1300] {standard_task_runner.py:55} INFO - Started process 83012 to run task
[2022-12-01T10:05:01.847+1300] {standard_task_runner.py:82} INFO - Running: ['airflow', 'tasks', 'run', 'load_kpi_view_dag', 'check_for_csv', 'scheduled__2022-11-30T20:00:00+00:00', '--job-id', '181', '--raw', '--subdir', 'DAGS_FOLDER/load_kpi_view.py', '--cfg-path', '/var/folders/xc/5xlsywvn2n5d0_ty56lp12y80000gp/T/tmpygpa5lpn']
[2022-12-01T10:05:01.849+1300] {standard_task_runner.py:83} INFO - Job 181: Subtask check_for_csv
[2022-12-01T10:05:02.029+1300] {task_command.py:376} INFO - Running <TaskInstance: load_kpi_view_dag.check_for_csv scheduled__2022-11-30T20:00:00+00:00 [running]> on host macbook-pro.hq.optimalbi.site
[2022-12-01T10:05:02.115+1300] {taskinstance.py:1590} INFO - Exporting the following env vars:
AIRFLOW_CTX_DAG_OWNER=airflow
AIRFLOW_CTX_DAG_ID=load_kpi_view_dag
AIRFLOW_CTX_TASK_ID=check_for_csv
AIRFLOW_CTX_EXECUTION_DATE=2022-11-30T20:00:00+00:00
AIRFLOW_CTX_TRY_NUMBER=1
AIRFLOW_CTX_DAG_RUN_ID=scheduled__2022-11-30T20:00:00+00:00
[2022-12-01T10:05:02.116+1300] {python.py:177} INFO - Done. Returned value was: True
[2022-12-01T10:05:02.116+1300] {python.py:263} INFO - Condition result is True
[2022-12-01T10:05:02.116+1300] {python.py:266} INFO - Proceeding with downstream tasks...
[2022-12-01T10:05:02.145+1300] {taskinstance.py:1401} INFO - Marking task as SUCCESS. dag_id=load_kpi_view_dag, task_id=check_for_csv, execution_date=20221130T200000, start_date=20221130T210501, end_date=20221130T210502
[2022-12-01T10:05:02.176+1300] {local_task_job.py:164} INFO - Task exited with return code 0
[2022-12-01T10:05:02.263+1300] {local_task_job.py:273} INFO - 1 downstream tasks scheduled from follow-on schedule check
